[ 2017-09-10T15:43:23+08:00 ] 106.11.227.11 /
INFO: [ app_init ] --START--
INFO: Run Behavior\BuildLiteBehavior [ RunTime:0.000000s ]
INFO: [ app_init ] --END-- [ RunTime:0.000000s ]
INFO: [ app_begin ] --START--
INFO: Run Behavior\ReadHtmlCacheBehavior [ RunTime:0.000000s ]
INFO: [ app_begin ] --END-- [ RunTime:0.000000s ]
INFO: [ app_end ] --START--
INFO: Run Behavior\ShowPageTraceBehavior [ RunTime:0.000000s ]
INFO: [ app_end ] --END-- [ RunTime:0.000000s ]

[ 2017-09-10T17:07:43+08:00 ] 110.80.65.240 /
INFO: [ app_init ] --START--
INFO: Run Behavior\BuildLiteBehavior [ RunTime:0.000000s ]
INFO: [ app_init ] --END-- [ RunTime:0.015617s ]
INFO: [ app_begin ] --START--
INFO: Run Behavior\ReadHtmlCacheBehavior [ RunTime:0.000000s ]
INFO: [ app_begin ] --END-- [ RunTime:0.000000s ]
INFO: [ app_end ] --START--
INFO: Run Behavior\ShowPageTraceBehavior [ RunTime:0.000000s ]
INFO: [ app_end ] --END-- [ RunTime:0.000000s ]

[ 2017-09-10T17:08:07+08:00 ] 110.80.65.240 /
INFO: [ app_init ] --START--
INFO: Run Behavior\BuildLiteBehavior [ RunTime:0.000000s ]
INFO: [ app_init ] --END-- [ RunTime:0.000000s ]
INFO: [ app_begin ] --START--
INFO: Run Behavior\ReadHtmlCacheBehavior [ RunTime:0.015617s ]
INFO: [ app_begin ] --END-- [ RunTime:0.015617s ]
INFO: [ app_end ] --START--
INFO: Run Behavior\ShowPageTraceBehavior [ RunTime:0.000000s ]
INFO: [ app_end ] --END-- [ RunTime:0.000000s ]

[ 2017-09-10T17:08:09+08:00 ] 110.80.65.240 /index.php/home/index/get_unionid?code=0713eRPm0gQabq1UVOPm0s6LPm03eRPL&state=dakang
INFO: [ app_init ] --START--
INFO: Run Behavior\BuildLiteBehavior [ RunTime:0.000000s ]
INFO: [ app_init ] --END-- [ RunTime:0.000000s ]
INFO: [ app_begin ] --START--
INFO: Run Behavior\ReadHtmlCacheBehavior [ RunTime:0.000000s ]
INFO: [ app_begin ] --END-- [ RunTime:0.000000s ]
SQL: SHOW COLUMNS FROM `consumer` [ RunTime:0.0156s ]
SQL: SELECT * FROM `consumer` WHERE ( openid='oPL7sv0mj7FOyKHCpPlAwETB9L14' ) LIMIT 1   [ RunTime:0.0000s ]
SQL: INSERT INTO `consumer` (`wxname`,`picture_url`,`openid`,`sex`,`new_vip`) VALUES ('富贵','http://wx.qlogo.cn/mmopen/vi_32/Q0j4TwGTfTKZ0Zcsva3Pl6WmJ1IdqJ7ichY5BJn8EibmZahScD8AbaZnTYO5TZ35M4zTpHq9DC8J74vjVJV5GeXw/0','oPL7sv0mj7FOyKHCpPlAwETB9L14','1','1') [ RunTime:0.0000s ]
INFO: [ app_end ] --START--
INFO: Run Behavior\ShowPageTraceBehavior [ RunTime:0.000000s ]
INFO: [ app_end ] --END-- [ RunTime:0.000000s ]

[ 2017-09-10T17:08:16+08:00 ] 110.80.65.240 /index.php/home/index/get_unionid?code=0713eRPm0gQabq1UVOPm0s6LPm03eRPL&state=dakang
INFO: [ app_init ] --START--
INFO: Run Behavior\BuildLiteBehavior [ RunTime:0.000000s ]
INFO: [ app_init ] --END-- [ RunTime:0.000000s ]
INFO: [ app_begin ] --START--
INFO: Run Behavior\ReadHtmlCacheBehavior [ RunTime:0.000000s ]
INFO: [ app_begin ] --END-- [ RunTime:0.000000s ]
NOTIC: [8] Undefined property: stdClass::$openid C:\xampp\htdocs\crpjs\Application\Home\Controller\IndexController.class.php 第 43 行.
NOTIC: [8] Undefined property: stdClass::$access_token C:\xampp\htdocs\crpjs\Application\Home\Controller\IndexController.class.php 第 47 行.
NOTIC: [8] Undefined property: stdClass::$nickname C:\xampp\htdocs\crpjs\Application\Home\Controller\IndexController.class.php 第 54 行.
NOTIC: [8] Undefined property: stdClass::$headimgurl C:\xampp\htdocs\crpjs\Application\Home\Controller\IndexController.class.php 第 55 行.
NOTIC: [8] Undefined property: stdClass::$openid C:\xampp\htdocs\crpjs\Application\Home\Controller\IndexController.class.php 第 56 行.
NOTIC: [8] Undefined property: stdClass::$sex C:\xampp\htdocs\crpjs\Application\Home\Controller\IndexController.class.php 第 57 行.
NOTIC: [8] Undefined property: stdClass::$language C:\xampp\htdocs\crpjs\Application\Home\Controller\IndexController.class.php 第 58 行.
NOTIC: [8] Undefined property: stdClass::$city C:\xampp\htdocs\crpjs\Application\Home\Controller\IndexController.class.php 第 59 行.
NOTIC: [8] Undefined property: stdClass::$province C:\xampp\htdocs\crpjs\Application\Home\Controller\IndexController.class.php 第 60 行.
NOTIC: [8] Undefined property: stdClass::$country C:\xampp\htdocs\crpjs\Application\Home\Controller\IndexController.class.php 第 61 行.

[ 2017-09-10T17:08:16+08:00 ] 110.80.65.240 /index.php/Home/index/index.html
INFO: [ app_init ] --START--
INFO: Run Behavior\BuildLiteBehavior [ RunTime:0.000000s ]
INFO: [ app_init ] --END-- [ RunTime:0.000000s ]
INFO: [ app_begin ] --START--
INFO: Run Behavior\ReadHtmlCacheBehavior [ RunTime:0.000000s ]
INFO: [ app_begin ] --END-- [ RunTime:0.000000s ]
INFO: [ app_end ] --START--
INFO: Run Behavior\ShowPageTraceBehavior [ RunTime:0.000000s ]
INFO: [ app_end ] --END-- [ RunTime:0.000000s ]

[ 2017-09-10T17:08:17+08:00 ] 117.185.27.115 /index.php/home/index/get_unionid
INFO: [ app_init ] --START--
INFO: Run Behavior\BuildLiteBehavior [ RunTime:0.000000s ]
INFO: [ app_init ] --END-- [ RunTime:0.000000s ]
INFO: [ app_begin ] --START--
INFO: Run Behavior\ReadHtmlCacheBehavior [ RunTime:0.000000s ]
INFO: [ app_begin ] --END-- [ RunTime:0.000000s ]
NOTIC: [8] Undefined index: code C:\xampp\htdocs\crpjs\Application\Home\Controller\IndexController.class.php 第 39 行.
NOTIC: [8] Undefined index: state C:\xampp\htdocs\crpjs\Application\Home\Controller\IndexController.class.php 第 40 行.
NOTIC: [8] Undefined property: stdClass::$openid C:\xampp\htdocs\crpjs\Application\Home\Controller\IndexController.class.php 第 43 行.
NOTIC: [8] Undefined property: stdClass::$access_token C:\xampp\htdocs\crpjs\Application\Home\Controller\IndexController.class.php 第 47 行.
NOTIC: [8] Undefined property: stdClass::$nickname C:\xampp\htdocs\crpjs\Application\Home\Controller\IndexController.class.php 第 54 行.
NOTIC: [8] Undefined property: stdClass::$headimgurl C:\xampp\htdocs\crpjs\Application\Home\Controller\IndexController.class.php 第 55 行.
NOTIC: [8] Undefined property: stdClass::$openid C:\xampp\htdocs\crpjs\Application\Home\Controller\IndexController.class.php 第 56 行.
NOTIC: [8] Undefined property: stdClass::$sex C:\xampp\htdocs\crpjs\Application\Home\Controller\IndexController.class.php 第 57 行.
NOTIC: [8] Undefined property: stdClass::$language C:\xampp\htdocs\crpjs\Application\Home\Controller\IndexController.class.php 第 58 行.
NOTIC: [8] Undefined property: stdClass::$city C:\xampp\htdocs\crpjs\Application\Home\Controller\IndexController.class.php 第 59 行.
NOTIC: [8] Undefined property: stdClass::$province C:\xampp\htdocs\crpjs\Application\Home\Controller\IndexController.class.php 第 60 行.
NOTIC: [8] Undefined property: stdClass::$country C:\xampp\htdocs\crpjs\Application\Home\Controller\IndexController.class.php 第 61 行.

[ 2017-09-10T17:08:17+08:00 ] 117.185.27.115 /index.php/Home/index/index.html
INFO: [ app_init ] --START--
INFO: Run Behavior\BuildLiteBehavior [ RunTime:0.000000s ]
INFO: [ app_init ] --END-- [ RunTime:0.000000s ]
INFO: [ app_begin ] --START--
INFO: Run Behavior\ReadHtmlCacheBehavior [ RunTime:0.000000s ]
INFO: [ app_begin ] --END-- [ RunTime:0.000000s ]
INFO: [ app_end ] --START--
INFO: Run Behavior\ShowPageTraceBehavior [ RunTime:0.000000s ]
INFO: [ app_end ] --END-- [ RunTime:0.000000s ]

[ 2017-09-10T17:08:19+08:00 ] 110.80.65.240 /index.php/home/index/get_unionid?code=071KlRav1qLKdd0d3Sev1MJZav1KlRaj&state=dakang
INFO: [ app_init ] --START--
INFO: Run Behavior\BuildLiteBehavior [ RunTime:0.000000s ]
INFO: [ app_init ] --END-- [ RunTime:0.000000s ]
INFO: [ app_begin ] --START--
INFO: Run Behavior\ReadHtmlCacheBehavior [ RunTime:0.000000s ]
INFO: [ app_begin ] --END-- [ RunTime:0.000000s ]
SQL: SHOW COLUMNS FROM `consumer` [ RunTime:0.0000s ]
SQL: SELECT * FROM `consumer` WHERE ( openid='oPL7sv0mj7FOyKHCpPlAwETB9L14' ) LIMIT 1   [ RunTime:0.0000s ]

[ 2017-09-10T17:08:19+08:00 ] 110.80.65.240 /index.php/Home/index/main.html
INFO: [ app_init ] --START--
INFO: Run Behavior\BuildLiteBehavior [ RunTime:0.000000s ]
INFO: [ app_init ] --END-- [ RunTime:0.000000s ]
INFO: [ app_begin ] --START--
INFO: Run Behavior\ReadHtmlCacheBehavior [ RunTime:0.000000s ]
INFO: [ app_begin ] --END-- [ RunTime:0.000000s ]
SQL: SHOW COLUMNS FROM `banner` [ RunTime:0.0156s ]
SQL: SELECT * FROM `banner`  [ RunTime:0.0000s ]
SQL: SHOW COLUMNS FROM `goods` [ RunTime:0.0000s ]
SQL: SELECT * FROM `goods`  [ RunTime:0.0000s ]
INFO: [ view_parse ] --START--
INFO: [ template_filter ] --START--
INFO: Run Behavior\ContentReplaceBehavior [ RunTime:0.000000s ]
INFO: [ template_filter ] --END-- [ RunTime:0.000000s ]
INFO: Run Behavior\ParseTemplateBehavior [ RunTime:0.015616s ]
INFO: [ view_parse ] --END-- [ RunTime:0.015616s ]
INFO: [ view_filter ] --START--
INFO: Run Behavior\WriteHtmlCacheBehavior [ RunTime:0.000000s ]
INFO: [ view_filter ] --END-- [ RunTime:0.000000s ]
INFO: [ app_end ] --START--
INFO: Run Behavior\ShowPageTraceBehavior [ RunTime:0.000000s ]
INFO: [ app_end ] --END-- [ RunTime:0.000000s ]

