[ 2017-12-03T00:16:29+08:00 ] 140.205.225.196 /
INFO: [ app_init ] --START--
INFO: Run Behavior\BuildLiteBehavior [ RunTime:0.000018s ]
INFO: [ app_init ] --END-- [ RunTime:0.001321s ]
INFO: [ app_begin ] --START--
INFO: Run Behavior\ReadHtmlCacheBehavior [ RunTime:0.001515s ]
INFO: [ app_begin ] --END-- [ RunTime:0.001574s ]
INFO: [ app_end ] --START--
INFO: Run Behavior\ShowPageTraceBehavior [ RunTime:0.002132s ]
INFO: [ app_end ] --END-- [ RunTime:0.002192s ]

[ 2017-12-03T00:29:08+08:00 ] 140.205.225.196 /index.php
INFO: [ app_init ] --START--
INFO: Run Behavior\BuildLiteBehavior [ RunTime:0.000014s ]
INFO: [ app_init ] --END-- [ RunTime:0.000363s ]
INFO: [ app_begin ] --START--
INFO: Run Behavior\ReadHtmlCacheBehavior [ RunTime:0.000503s ]
INFO: [ app_begin ] --END-- [ RunTime:0.000543s ]
INFO: [ app_end ] --START--
INFO: Run Behavior\ShowPageTraceBehavior [ RunTime:0.000513s ]
INFO: [ app_end ] --END-- [ RunTime:0.000570s ]

[ 2017-12-03T00:37:14+08:00 ] 140.205.225.196 /
INFO: [ app_init ] --START--
INFO: Run Behavior\BuildLiteBehavior [ RunTime:0.000014s ]
INFO: [ app_init ] --END-- [ RunTime:0.000335s ]
INFO: [ app_begin ] --START--
INFO: Run Behavior\ReadHtmlCacheBehavior [ RunTime:0.000500s ]
INFO: [ app_begin ] --END-- [ RunTime:0.000537s ]
INFO: [ app_end ] --START--
INFO: Run Behavior\ShowPageTraceBehavior [ RunTime:0.000792s ]
INFO: [ app_end ] --END-- [ RunTime:0.000832s ]

[ 2017-12-03T00:40:20+08:00 ] 140.205.225.196 /
INFO: [ app_init ] --START--
INFO: Run Behavior\BuildLiteBehavior [ RunTime:0.000015s ]
INFO: [ app_init ] --END-- [ RunTime:0.000348s ]
INFO: [ app_begin ] --START--
INFO: Run Behavior\ReadHtmlCacheBehavior [ RunTime:0.000508s ]
INFO: [ app_begin ] --END-- [ RunTime:0.000546s ]
INFO: [ app_end ] --START--
INFO: Run Behavior\ShowPageTraceBehavior [ RunTime:0.000552s ]
INFO: [ app_end ] --END-- [ RunTime:0.000639s ]

[ 2017-12-03T00:41:43+08:00 ] 140.205.225.196 /
INFO: [ app_init ] --START--
INFO: Run Behavior\BuildLiteBehavior [ RunTime:0.000014s ]
INFO: [ app_init ] --END-- [ RunTime:0.000320s ]
INFO: [ app_begin ] --START--
INFO: Run Behavior\ReadHtmlCacheBehavior [ RunTime:0.000404s ]
INFO: [ app_begin ] --END-- [ RunTime:0.000450s ]
INFO: [ app_end ] --START--
INFO: Run Behavior\ShowPageTraceBehavior [ RunTime:0.000476s ]
INFO: [ app_end ] --END-- [ RunTime:0.000519s ]

[ 2017-12-03T01:03:28+08:00 ] 140.205.225.196 /
INFO: [ app_init ] --START--
INFO: Run Behavior\BuildLiteBehavior [ RunTime:0.000018s ]
INFO: [ app_init ] --END-- [ RunTime:0.001205s ]
INFO: [ app_begin ] --START--
INFO: Run Behavior\ReadHtmlCacheBehavior [ RunTime:0.000710s ]
INFO: [ app_begin ] --END-- [ RunTime:0.000749s ]
INFO: [ app_end ] --START--
INFO: Run Behavior\ShowPageTraceBehavior [ RunTime:0.000690s ]
INFO: [ app_end ] --END-- [ RunTime:0.000739s ]

[ 2017-12-03T01:37:17+08:00 ] 140.205.225.196 /
INFO: [ app_init ] --START--
INFO: Run Behavior\BuildLiteBehavior [ RunTime:0.000016s ]
INFO: [ app_init ] --END-- [ RunTime:0.000384s ]
INFO: [ app_begin ] --START--
INFO: Run Behavior\ReadHtmlCacheBehavior [ RunTime:0.000551s ]
INFO: [ app_begin ] --END-- [ RunTime:0.000594s ]
INFO: [ app_end ] --START--
INFO: Run Behavior\ShowPageTraceBehavior [ RunTime:0.000600s ]
INFO: [ app_end ] --END-- [ RunTime:0.000645s ]

[ 2017-12-03T01:46:59+08:00 ] 140.205.225.196 /
INFO: [ app_init ] --START--
INFO: Run Behavior\BuildLiteBehavior [ RunTime:0.000014s ]
INFO: [ app_init ] --END-- [ RunTime:0.000348s ]
INFO: [ app_begin ] --START--
INFO: Run Behavior\ReadHtmlCacheBehavior [ RunTime:0.000507s ]
INFO: [ app_begin ] --END-- [ RunTime:0.000544s ]
INFO: [ app_end ] --START--
INFO: Run Behavior\ShowPageTraceBehavior [ RunTime:0.000495s ]
INFO: [ app_end ] --END-- [ RunTime:0.000536s ]

[ 2017-12-03T01:53:34+08:00 ] 140.205.225.196 /
INFO: [ app_init ] --START--
INFO: Run Behavior\BuildLiteBehavior [ RunTime:0.000013s ]
INFO: [ app_init ] --END-- [ RunTime:0.000340s ]
INFO: [ app_begin ] --START--
INFO: Run Behavior\ReadHtmlCacheBehavior [ RunTime:0.000498s ]
INFO: [ app_begin ] --END-- [ RunTime:0.000536s ]
INFO: [ app_end ] --START--
INFO: Run Behavior\ShowPageTraceBehavior [ RunTime:0.000520s ]
INFO: [ app_end ] --END-- [ RunTime:0.000563s ]

[ 2017-12-03T03:20:51+08:00 ] 123.151.42.61 http://www.baidu.com/
INFO: [ app_init ] --START--
INFO: Run Behavior\BuildLiteBehavior [ RunTime:0.000017s ]
INFO: [ app_init ] --END-- [ RunTime:0.001286s ]
INFO: [ app_begin ] --START--
INFO: Run Behavior\ReadHtmlCacheBehavior [ RunTime:0.001658s ]
INFO: [ app_begin ] --END-- [ RunTime:0.001706s ]
INFO: [ app_end ] --START--
INFO: Run Behavior\ShowPageTraceBehavior [ RunTime:0.002153s ]
INFO: [ app_end ] --END-- [ RunTime:0.002219s ]

[ 2017-12-03T04:45:30+08:00 ] 51.15.93.62 /
INFO: [ app_init ] --START--
INFO: Run Behavior\BuildLiteBehavior [ RunTime:0.000024s ]
INFO: [ app_init ] --END-- [ RunTime:0.000428s ]
INFO: [ app_begin ] --START--
INFO: Run Behavior\ReadHtmlCacheBehavior [ RunTime:0.000581s ]
INFO: [ app_begin ] --END-- [ RunTime:0.000645s ]
INFO: [ app_end ] --START--
INFO: Run Behavior\ShowPageTraceBehavior [ RunTime:0.000570s ]
INFO: [ app_end ] --END-- [ RunTime:0.000622s ]

[ 2017-12-03T05:15:47+08:00 ] 47.94.52.159 /
INFO: [ app_init ] --START--
INFO: Run Behavior\BuildLiteBehavior [ RunTime:0.000014s ]
INFO: [ app_init ] --END-- [ RunTime:0.000062s ]
INFO: [ app_begin ] --START--
INFO: Run Behavior\ReadHtmlCacheBehavior [ RunTime:0.000612s ]
INFO: [ app_begin ] --END-- [ RunTime:0.000652s ]
INFO: [ app_end ] --START--
INFO: Run Behavior\ShowPageTraceBehavior [ RunTime:0.000505s ]
INFO: [ app_end ] --END-- [ RunTime:0.000546s ]

[ 2017-12-03T05:29:05+08:00 ] 47.52.210.94 /
INFO: [ app_init ] --START--
INFO: Run Behavior\BuildLiteBehavior [ RunTime:0.000010s ]
INFO: [ app_init ] --END-- [ RunTime:0.000047s ]
INFO: [ app_begin ] --START--
INFO: Run Behavior\ReadHtmlCacheBehavior [ RunTime:0.000512s ]
INFO: [ app_begin ] --END-- [ RunTime:0.000557s ]
INFO: [ app_end ] --START--
INFO: Run Behavior\ShowPageTraceBehavior [ RunTime:0.000504s ]
INFO: [ app_end ] --END-- [ RunTime:0.000545s ]

[ 2017-12-03T06:24:16+08:00 ] 119.23.174.205 /
INFO: [ app_init ] --START--
INFO: Run Behavior\BuildLiteBehavior [ RunTime:0.000010s ]
INFO: [ app_init ] --END-- [ RunTime:0.000049s ]
INFO: [ app_begin ] --START--
INFO: Run Behavior\ReadHtmlCacheBehavior [ RunTime:0.000513s ]
INFO: [ app_begin ] --END-- [ RunTime:0.000553s ]
INFO: [ app_end ] --START--
INFO: Run Behavior\ShowPageTraceBehavior [ RunTime:0.000532s ]
INFO: [ app_end ] --END-- [ RunTime:0.000573s ]

[ 2017-12-03T08:07:41+08:00 ] 169.54.233.116 /
INFO: [ app_init ] --START--
INFO: Run Behavior\BuildLiteBehavior [ RunTime:0.000014s ]
INFO: [ app_init ] --END-- [ RunTime:0.000067s ]
INFO: [ app_begin ] --START--
INFO: Run Behavior\ReadHtmlCacheBehavior [ RunTime:0.016231s ]
INFO: [ app_begin ] --END-- [ RunTime:0.016278s ]
INFO: [ app_end ] --START--
INFO: Run Behavior\ShowPageTraceBehavior [ RunTime:0.010359s ]
INFO: [ app_end ] --END-- [ RunTime:0.010427s ]

[ 2017-12-03T08:39:25+08:00 ] 51.15.93.62 /
INFO: [ app_init ] --START--
INFO: Run Behavior\BuildLiteBehavior [ RunTime:0.000015s ]
INFO: [ app_init ] --END-- [ RunTime:0.000357s ]
INFO: [ app_begin ] --START--
INFO: Run Behavior\ReadHtmlCacheBehavior [ RunTime:0.000511s ]
INFO: [ app_begin ] --END-- [ RunTime:0.000552s ]
INFO: [ app_end ] --START--
INFO: Run Behavior\ShowPageTraceBehavior [ RunTime:0.000528s ]
INFO: [ app_end ] --END-- [ RunTime:0.000569s ]

[ 2017-12-03T10:16:26+08:00 ] 47.93.112.232 /
INFO: [ app_init ] --START--
INFO: Run Behavior\BuildLiteBehavior [ RunTime:0.000020s ]
INFO: [ app_init ] --END-- [ RunTime:0.013805s ]
INFO: [ app_begin ] --START--
INFO: Run Behavior\ReadHtmlCacheBehavior [ RunTime:0.016598s ]
INFO: [ app_begin ] --END-- [ RunTime:0.016654s ]
INFO: [ app_end ] --START--
INFO: Run Behavior\ShowPageTraceBehavior [ RunTime:0.010153s ]
INFO: [ app_end ] --END-- [ RunTime:0.010217s ]

[ 2017-12-03T10:21:41+08:00 ] 165.227.222.130 /
INFO: [ app_init ] --START--
INFO: Run Behavior\BuildLiteBehavior [ RunTime:0.000015s ]
INFO: [ app_init ] --END-- [ RunTime:0.000351s ]
INFO: [ app_begin ] --START--
INFO: Run Behavior\ReadHtmlCacheBehavior [ RunTime:0.000550s ]
INFO: [ app_begin ] --END-- [ RunTime:0.000590s ]
INFO: [ app_end ] --START--
INFO: Run Behavior\ShowPageTraceBehavior [ RunTime:0.000520s ]
INFO: [ app_end ] --END-- [ RunTime:0.000563s ]

[ 2017-12-03T12:22:41+08:00 ] 47.95.28.143 /
INFO: [ app_init ] --START--
INFO: Run Behavior\BuildLiteBehavior [ RunTime:0.000014s ]
INFO: [ app_init ] --END-- [ RunTime:0.000067s ]
INFO: [ app_begin ] --START--
INFO: Run Behavior\ReadHtmlCacheBehavior [ RunTime:0.017751s ]
INFO: [ app_begin ] --END-- [ RunTime:0.017815s ]
INFO: [ app_end ] --START--
INFO: Run Behavior\ShowPageTraceBehavior [ RunTime:0.009920s ]
INFO: [ app_end ] --END-- [ RunTime:0.009987s ]

[ 2017-12-03T14:52:31+08:00 ] 51.15.93.62 /
INFO: [ app_init ] --START--
INFO: Run Behavior\BuildLiteBehavior [ RunTime:0.000019s ]
INFO: [ app_init ] --END-- [ RunTime:0.002413s ]
INFO: [ app_begin ] --START--
INFO: Run Behavior\ReadHtmlCacheBehavior [ RunTime:0.001751s ]
INFO: [ app_begin ] --END-- [ RunTime:0.001802s ]
INFO: [ app_end ] --START--
INFO: Run Behavior\ShowPageTraceBehavior [ RunTime:0.001876s ]
INFO: [ app_end ] --END-- [ RunTime:0.001940s ]

[ 2017-12-03T15:13:49+08:00 ] 60.1.121.184 /
INFO: [ app_init ] --START--
INFO: Run Behavior\BuildLiteBehavior [ RunTime:0.000015s ]
INFO: [ app_init ] --END-- [ RunTime:0.000353s ]
INFO: [ app_begin ] --START--
INFO: Run Behavior\ReadHtmlCacheBehavior [ RunTime:0.000628s ]
INFO: [ app_begin ] --END-- [ RunTime:0.000668s ]
INFO: [ app_end ] --START--
INFO: Run Behavior\ShowPageTraceBehavior [ RunTime:0.000539s ]
INFO: [ app_end ] --END-- [ RunTime:0.000590s ]

[ 2017-12-03T16:08:44+08:00 ] 183.3.255.32 /
INFO: [ app_init ] --START--
INFO: Run Behavior\BuildLiteBehavior [ RunTime:0.000018s ]
INFO: [ app_init ] --END-- [ RunTime:0.001265s ]
INFO: [ app_begin ] --START--
INFO: Run Behavior\ReadHtmlCacheBehavior [ RunTime:0.001452s ]
INFO: [ app_begin ] --END-- [ RunTime:0.001497s ]
INFO: [ app_end ] --START--
INFO: Run Behavior\ShowPageTraceBehavior [ RunTime:0.002248s ]
INFO: [ app_end ] --END-- [ RunTime:0.002314s ]

[ 2017-12-03T16:08:46+08:00 ] 183.3.255.32 /index.php/home/index/get_unionid?code=081BDtOy0SuTOf1hjhMy0fzfOy0BDtOk&state=dakang
INFO: [ app_init ] --START--
INFO: Run Behavior\BuildLiteBehavior [ RunTime:0.000015s ]
INFO: [ app_init ] --END-- [ RunTime:0.000326s ]
INFO: [ app_begin ] --START--
INFO: Run Behavior\ReadHtmlCacheBehavior [ RunTime:0.000412s ]
INFO: [ app_begin ] --END-- [ RunTime:0.000450s ]
SQL: SHOW COLUMNS FROM `consumer` [ RunTime:0.0128s ]
SQL: SELECT * FROM `consumer` WHERE ( openid='oPL7sv3FXZDaicsAqySTqe-6an98' ) LIMIT 1   [ RunTime:0.0004s ]

[ 2017-12-03T16:08:47+08:00 ] 183.3.255.32 /index.php/Home/index/main.html
INFO: [ app_init ] --START--
INFO: Run Behavior\BuildLiteBehavior [ RunTime:0.000014s ]
INFO: [ app_init ] --END-- [ RunTime:0.000308s ]
INFO: [ app_begin ] --START--
INFO: Run Behavior\ReadHtmlCacheBehavior [ RunTime:0.000399s ]
INFO: [ app_begin ] --END-- [ RunTime:0.000436s ]
SQL: SHOW COLUMNS FROM `banner` [ RunTime:0.0084s ]
SQL: SELECT * FROM `banner`  [ RunTime:0.0004s ]
SQL: SHOW COLUMNS FROM `goods` [ RunTime:0.0104s ]
SQL: SELECT * FROM `goods`  [ RunTime:0.0003s ]
SQL: SHOW COLUMNS FROM `coupon` [ RunTime:0.0094s ]
SQL: SELECT * FROM `coupon` WHERE ( status = "N" AND stage = 1 ) LIMIT 1   [ RunTime:0.0004s ]
INFO: [ view_parse ] --START--
INFO: [ template_filter ] --START--
INFO: Run Behavior\ContentReplaceBehavior [ RunTime:0.000085s ]
INFO: [ template_filter ] --END-- [ RunTime:0.000141s ]
INFO: Run Behavior\ParseTemplateBehavior [ RunTime:0.142563s ]
INFO: [ view_parse ] --END-- [ RunTime:0.142624s ]
INFO: [ view_filter ] --START--
INFO: Run Behavior\WriteHtmlCacheBehavior [ RunTime:0.010796s ]
INFO: [ view_filter ] --END-- [ RunTime:0.010839s ]
INFO: [ app_end ] --START--
INFO: Run Behavior\ShowPageTraceBehavior [ RunTime:0.000498s ]
INFO: [ app_end ] --END-- [ RunTime:0.000537s ]

[ 2017-12-03T16:08:47+08:00 ] 183.3.255.32 /index.php/Home/Index/ajax_price?product=15
INFO: [ app_init ] --START--
INFO: Run Behavior\BuildLiteBehavior [ RunTime:0.000016s ]
INFO: [ app_init ] --END-- [ RunTime:0.000322s ]
INFO: [ app_begin ] --START--
INFO: Run Behavior\ReadHtmlCacheBehavior [ RunTime:0.000398s ]
INFO: [ app_begin ] --END-- [ RunTime:0.000431s ]
SQL: SHOW COLUMNS FROM `g_price` [ RunTime:0.0109s ]
SQL: SELECT * FROM `g_price` WHERE ( g_id=15 )  [ RunTime:0.0004s ]
INFO: [ app_end ] --START--
INFO: Run Behavior\ShowPageTraceBehavior [ RunTime:0.000682s ]
INFO: [ app_end ] --END-- [ RunTime:0.000723s ]

[ 2017-12-03T16:08:50+08:00 ] 183.3.255.32 /index.php/Home/Index/ajax_price?product=14
INFO: [ app_init ] --START--
INFO: Run Behavior\BuildLiteBehavior [ RunTime:0.000016s ]
INFO: [ app_init ] --END-- [ RunTime:0.000344s ]
INFO: [ app_begin ] --START--
INFO: Run Behavior\ReadHtmlCacheBehavior [ RunTime:0.000435s ]
INFO: [ app_begin ] --END-- [ RunTime:0.000473s ]
SQL: SHOW COLUMNS FROM `g_price` [ RunTime:0.0141s ]
SQL: SELECT * FROM `g_price` WHERE ( g_id=14 )  [ RunTime:0.0003s ]
INFO: [ app_end ] --START--
INFO: Run Behavior\ShowPageTraceBehavior [ RunTime:0.000771s ]
INFO: [ app_end ] --END-- [ RunTime:0.000824s ]

[ 2017-12-03T16:08:51+08:00 ] 183.3.255.32 /index.php/Home/Index/ajax_price?product=24
INFO: [ app_init ] --START--
INFO: Run Behavior\BuildLiteBehavior [ RunTime:0.000021s ]
INFO: [ app_init ] --END-- [ RunTime:0.000435s ]
INFO: [ app_begin ] --START--
INFO: Run Behavior\ReadHtmlCacheBehavior [ RunTime:0.000550s ]
INFO: [ app_begin ] --END-- [ RunTime:0.000596s ]
SQL: SHOW COLUMNS FROM `g_price` [ RunTime:0.0145s ]
SQL: SELECT * FROM `g_price` WHERE ( g_id=24 )  [ RunTime:0.0004s ]
INFO: [ app_end ] --START--
INFO: Run Behavior\ShowPageTraceBehavior [ RunTime:0.000822s ]
INFO: [ app_end ] --END-- [ RunTime:0.000871s ]

[ 2017-12-03T16:08:54+08:00 ] 120.204.17.67 /
INFO: [ app_init ] --START--
INFO: Run Behavior\BuildLiteBehavior [ RunTime:0.000015s ]
INFO: [ app_init ] --END-- [ RunTime:0.000329s ]
INFO: [ app_begin ] --START--
INFO: Run Behavior\ReadHtmlCacheBehavior [ RunTime:0.000420s ]
INFO: [ app_begin ] --END-- [ RunTime:0.000459s ]
INFO: [ app_end ] --START--
INFO: Run Behavior\ShowPageTraceBehavior [ RunTime:0.000511s ]
INFO: [ app_end ] --END-- [ RunTime:0.000591s ]

[ 2017-12-03T16:08:55+08:00 ] 183.3.255.32 /
INFO: [ app_init ] --START--
INFO: Run Behavior\BuildLiteBehavior [ RunTime:0.000021s ]
INFO: [ app_init ] --END-- [ RunTime:0.000368s ]
INFO: [ app_begin ] --START--
INFO: Run Behavior\ReadHtmlCacheBehavior [ RunTime:0.000513s ]
INFO: [ app_begin ] --END-- [ RunTime:0.000554s ]
INFO: [ app_end ] --START--
INFO: Run Behavior\ShowPageTraceBehavior [ RunTime:0.000522s ]
INFO: [ app_end ] --END-- [ RunTime:0.000565s ]

[ 2017-12-03T16:08:56+08:00 ] 183.3.255.32 /index.php/home/index/get_unionid?code=08178bvF0A2JPj2CWWsF0QGbvF078bvZ&state=dakang
INFO: [ app_init ] --START--
INFO: Run Behavior\BuildLiteBehavior [ RunTime:0.000013s ]
INFO: [ app_init ] --END-- [ RunTime:0.000299s ]
INFO: [ app_begin ] --START--
INFO: Run Behavior\ReadHtmlCacheBehavior [ RunTime:0.000397s ]
INFO: [ app_begin ] --END-- [ RunTime:0.000435s ]
SQL: SHOW COLUMNS FROM `consumer` [ RunTime:0.0216s ]
SQL: SELECT * FROM `consumer` WHERE ( openid='oPL7sv3FXZDaicsAqySTqe-6an98' ) LIMIT 1   [ RunTime:0.0004s ]

[ 2017-12-03T16:08:56+08:00 ] 120.204.17.68 /index.php/Home/index/main.html
INFO: [ app_init ] --START--
INFO: Run Behavior\BuildLiteBehavior [ RunTime:0.000014s ]
INFO: [ app_init ] --END-- [ RunTime:0.000340s ]
INFO: [ app_begin ] --START--
INFO: Run Behavior\ReadHtmlCacheBehavior [ RunTime:0.000500s ]
INFO: [ app_begin ] --END-- [ RunTime:0.000538s ]
SQL: SHOW COLUMNS FROM `banner` [ RunTime:0.0120s ]
SQL: SELECT * FROM `banner`  [ RunTime:0.0003s ]
SQL: SHOW COLUMNS FROM `goods` [ RunTime:0.0084s ]
SQL: SELECT * FROM `goods`  [ RunTime:0.0003s ]
SQL: SHOW COLUMNS FROM `coupon` [ RunTime:0.0081s ]
SQL: SELECT * FROM `coupon` WHERE ( status = "N" AND stage = 1 ) LIMIT 1   [ RunTime:0.0003s ]
INFO: [ view_parse ] --START--
INFO: [ template_filter ] --START--
INFO: Run Behavior\ContentReplaceBehavior [ RunTime:0.000080s ]
INFO: [ template_filter ] --END-- [ RunTime:0.000116s ]
INFO: Run Behavior\ParseTemplateBehavior [ RunTime:0.047871s ]
INFO: [ view_parse ] --END-- [ RunTime:0.047925s ]
INFO: [ view_filter ] --START--
INFO: Run Behavior\WriteHtmlCacheBehavior [ RunTime:0.000385s ]
INFO: [ view_filter ] --END-- [ RunTime:0.000417s ]
INFO: [ app_end ] --START--
INFO: Run Behavior\ShowPageTraceBehavior [ RunTime:0.000546s ]
INFO: [ app_end ] --END-- [ RunTime:0.000584s ]

[ 2017-12-03T16:08:56+08:00 ] 183.3.255.32 /index.php/Home/index/main.html
INFO: [ app_init ] --START--
INFO: Run Behavior\BuildLiteBehavior [ RunTime:0.000013s ]
INFO: [ app_init ] --END-- [ RunTime:0.000298s ]
INFO: [ app_begin ] --START--
INFO: Run Behavior\ReadHtmlCacheBehavior [ RunTime:0.000391s ]
INFO: [ app_begin ] --END-- [ RunTime:0.000427s ]
SQL: SHOW COLUMNS FROM `banner` [ RunTime:0.0052s ]
SQL: SELECT * FROM `banner`  [ RunTime:0.0003s ]
SQL: SHOW COLUMNS FROM `goods` [ RunTime:0.0046s ]
SQL: SELECT * FROM `goods`  [ RunTime:0.0003s ]
SQL: SHOW COLUMNS FROM `coupon` [ RunTime:0.0057s ]
SQL: SELECT * FROM `coupon` WHERE ( status = "N" AND stage = 1 ) LIMIT 1   [ RunTime:0.0003s ]
INFO: [ view_parse ] --START--
INFO: [ template_filter ] --START--
INFO: Run Behavior\ContentReplaceBehavior [ RunTime:0.000079s ]
INFO: [ template_filter ] --END-- [ RunTime:0.000116s ]
INFO: Run Behavior\ParseTemplateBehavior [ RunTime:0.048263s ]
INFO: [ view_parse ] --END-- [ RunTime:0.048323s ]
INFO: [ view_filter ] --START--
INFO: Run Behavior\WriteHtmlCacheBehavior [ RunTime:0.000377s ]
INFO: [ view_filter ] --END-- [ RunTime:0.000409s ]
INFO: [ app_end ] --START--
INFO: Run Behavior\ShowPageTraceBehavior [ RunTime:0.000458s ]
INFO: [ app_end ] --END-- [ RunTime:0.000494s ]

[ 2017-12-03T16:08:56+08:00 ] 183.3.255.32 /index.php/Home/Index/ajax_price?product=15
INFO: [ app_init ] --START--
INFO: Run Behavior\BuildLiteBehavior [ RunTime:0.000024s ]
INFO: [ app_init ] --END-- [ RunTime:0.000329s ]
INFO: [ app_begin ] --START--
INFO: Run Behavior\ReadHtmlCacheBehavior [ RunTime:0.000409s ]
INFO: [ app_begin ] --END-- [ RunTime:0.000443s ]
SQL: SHOW COLUMNS FROM `g_price` [ RunTime:0.0142s ]
SQL: SELECT * FROM `g_price` WHERE ( g_id=15 )  [ RunTime:0.0003s ]
INFO: [ app_end ] --START--
INFO: Run Behavior\ShowPageTraceBehavior [ RunTime:0.000638s ]
INFO: [ app_end ] --END-- [ RunTime:0.000674s ]

[ 2017-12-03T16:09:07+08:00 ] 183.3.255.32 /index.php/Home/Index/ajax_price?product=14
INFO: [ app_init ] --START--
INFO: Run Behavior\BuildLiteBehavior [ RunTime:0.000013s ]
INFO: [ app_init ] --END-- [ RunTime:0.000307s ]
INFO: [ app_begin ] --START--
INFO: Run Behavior\ReadHtmlCacheBehavior [ RunTime:0.000398s ]
INFO: [ app_begin ] --END-- [ RunTime:0.000432s ]
SQL: SHOW COLUMNS FROM `g_price` [ RunTime:0.0118s ]
SQL: SELECT * FROM `g_price` WHERE ( g_id=14 )  [ RunTime:0.0003s ]
INFO: [ app_end ] --START--
INFO: Run Behavior\ShowPageTraceBehavior [ RunTime:0.000589s ]
INFO: [ app_end ] --END-- [ RunTime:0.000623s ]

[ 2017-12-03T16:09:13+08:00 ] 183.3.255.32 /index.php/Home/Index/ajax_price?product=24
INFO: [ app_init ] --START--
INFO: Run Behavior\BuildLiteBehavior [ RunTime:0.000013s ]
INFO: [ app_init ] --END-- [ RunTime:0.000364s ]
INFO: [ app_begin ] --START--
INFO: Run Behavior\ReadHtmlCacheBehavior [ RunTime:0.000445s ]
INFO: [ app_begin ] --END-- [ RunTime:0.000481s ]
SQL: SHOW COLUMNS FROM `g_price` [ RunTime:0.0118s ]
SQL: SELECT * FROM `g_price` WHERE ( g_id=24 )  [ RunTime:0.0003s ]
INFO: [ app_end ] --START--
INFO: Run Behavior\ShowPageTraceBehavior [ RunTime:0.000483s ]
INFO: [ app_end ] --END-- [ RunTime:0.000517s ]

[ 2017-12-03T16:15:48+08:00 ] 101.226.33.203 /
INFO: [ app_init ] --START--
INFO: Run Behavior\BuildLiteBehavior [ RunTime:0.000014s ]
INFO: [ app_init ] --END-- [ RunTime:0.000340s ]
INFO: [ app_begin ] --START--
INFO: Run Behavior\ReadHtmlCacheBehavior [ RunTime:0.000542s ]
INFO: [ app_begin ] --END-- [ RunTime:0.000581s ]
INFO: [ app_end ] --START--
INFO: Run Behavior\ShowPageTraceBehavior [ RunTime:0.000519s ]
INFO: [ app_end ] --END-- [ RunTime:0.000560s ]

[ 2017-12-03T17:15:14+08:00 ] 223.104.6.40 /
INFO: [ app_init ] --START--
INFO: Run Behavior\BuildLiteBehavior [ RunTime:0.000017s ]
INFO: [ app_init ] --END-- [ RunTime:0.001509s ]
INFO: [ app_begin ] --START--
INFO: Run Behavior\ReadHtmlCacheBehavior [ RunTime:0.001440s ]
INFO: [ app_begin ] --END-- [ RunTime:0.001488s ]
INFO: [ app_end ] --START--
INFO: Run Behavior\ShowPageTraceBehavior [ RunTime:0.001760s ]
INFO: [ app_end ] --END-- [ RunTime:0.001817s ]

[ 2017-12-03T17:15:14+08:00 ] 223.104.6.40 /index.php/home/index/get_unionid?code=001AZwuP0mhFEb2FTlvP0r59uP0AZwuI&state=dakang
INFO: [ app_init ] --START--
INFO: Run Behavior\BuildLiteBehavior [ RunTime:0.000014s ]
INFO: [ app_init ] --END-- [ RunTime:0.000319s ]
INFO: [ app_begin ] --START--
INFO: Run Behavior\ReadHtmlCacheBehavior [ RunTime:0.000400s ]
INFO: [ app_begin ] --END-- [ RunTime:0.000436s ]
SQL: SHOW COLUMNS FROM `consumer` [ RunTime:0.0108s ]
SQL: SELECT * FROM `consumer` WHERE ( openid='oPL7sv1KrDWedabuNVkNSB2Ct2ZE' ) LIMIT 1   [ RunTime:0.0003s ]

[ 2017-12-03T17:15:15+08:00 ] 223.104.6.40 /index.php/Home/index/main.html
INFO: [ app_init ] --START--
INFO: Run Behavior\BuildLiteBehavior [ RunTime:0.000014s ]
INFO: [ app_init ] --END-- [ RunTime:0.000300s ]
INFO: [ app_begin ] --START--
INFO: Run Behavior\ReadHtmlCacheBehavior [ RunTime:0.000393s ]
INFO: [ app_begin ] --END-- [ RunTime:0.000430s ]
SQL: SHOW COLUMNS FROM `banner` [ RunTime:0.0113s ]
SQL: SELECT * FROM `banner`  [ RunTime:0.0002s ]
SQL: SHOW COLUMNS FROM `goods` [ RunTime:0.0075s ]
SQL: SELECT * FROM `goods`  [ RunTime:0.0003s ]
SQL: SHOW COLUMNS FROM `coupon` [ RunTime:0.0078s ]
SQL: SELECT * FROM `coupon` WHERE ( status = "N" AND stage = 1 ) LIMIT 1   [ RunTime:0.0003s ]
INFO: [ view_parse ] --START--
INFO: [ template_filter ] --START--
INFO: Run Behavior\ContentReplaceBehavior [ RunTime:0.000103s ]
INFO: [ template_filter ] --END-- [ RunTime:0.000159s ]
INFO: Run Behavior\ParseTemplateBehavior [ RunTime:0.138830s ]
INFO: [ view_parse ] --END-- [ RunTime:0.138883s ]
INFO: [ view_filter ] --START--
INFO: Run Behavior\WriteHtmlCacheBehavior [ RunTime:0.001544s ]
INFO: [ view_filter ] --END-- [ RunTime:0.001579s ]
INFO: [ app_end ] --START--
INFO: Run Behavior\ShowPageTraceBehavior [ RunTime:0.000551s ]
INFO: [ app_end ] --END-- [ RunTime:0.000588s ]

[ 2017-12-03T17:15:19+08:00 ] 223.104.6.40 /index.php/Home/Index/ajax_price?product=15
INFO: [ app_init ] --START--
INFO: Run Behavior\BuildLiteBehavior [ RunTime:0.000014s ]
INFO: [ app_init ] --END-- [ RunTime:0.000349s ]
INFO: [ app_begin ] --START--
INFO: Run Behavior\ReadHtmlCacheBehavior [ RunTime:0.000529s ]
INFO: [ app_begin ] --END-- [ RunTime:0.000565s ]
SQL: SHOW COLUMNS FROM `g_price` [ RunTime:0.0125s ]
SQL: SELECT * FROM `g_price` WHERE ( g_id=15 )  [ RunTime:0.0003s ]
INFO: [ app_end ] --START--
INFO: Run Behavior\ShowPageTraceBehavior [ RunTime:0.000613s ]
INFO: [ app_end ] --END-- [ RunTime:0.000650s ]

[ 2017-12-03T17:15:21+08:00 ] 223.104.6.40 /index.php/home/index/product_det/g_id/15.html
INFO: [ app_init ] --START--
INFO: Run Behavior\BuildLiteBehavior [ RunTime:0.000016s ]
INFO: [ app_init ] --END-- [ RunTime:0.000312s ]
INFO: [ app_begin ] --START--
INFO: Run Behavior\ReadHtmlCacheBehavior [ RunTime:0.000393s ]
INFO: [ app_begin ] --END-- [ RunTime:0.000431s ]

[ 2017-12-03T17:15:22+08:00 ] 223.104.6.40 /index.php/Home/index/product_details.html
INFO: [ app_init ] --START--
INFO: Run Behavior\BuildLiteBehavior [ RunTime:0.000016s ]
INFO: [ app_init ] --END-- [ RunTime:0.000382s ]
INFO: [ app_begin ] --START--
INFO: Run Behavior\ReadHtmlCacheBehavior [ RunTime:0.000496s ]
INFO: [ app_begin ] --END-- [ RunTime:0.000541s ]
SQL: SHOW COLUMNS FROM `consumer` [ RunTime:0.0156s ]
SQL: SELECT * FROM `consumer` WHERE ( openid='oPL7sv1KrDWedabuNVkNSB2Ct2ZE' ) LIMIT 1   [ RunTime:0.0004s ]
SQL: SHOW COLUMNS FROM `goods` [ RunTime:0.0090s ]
SQL: SELECT * FROM `goods` WHERE ( id=15 ) LIMIT 1   [ RunTime:0.0003s ]
SQL: SHOW COLUMNS FROM `order` [ RunTime:0.0089s ]
SQL: SELECT `id` FROM `order` WHERE ( goods_id = 15 )  [ RunTime:0.0003s ]
SQL: SHOW COLUMNS FROM `g_price` [ RunTime:0.0079s ]
SQL: SELECT * FROM `g_price` WHERE ( g_id=15 )  [ RunTime:0.0003s ]
SQL: SHOW COLUMNS FROM `coupon` [ RunTime:0.0097s ]
SQL: SELECT * FROM `coupon` WHERE ( status = "N" AND stage = 1 ) LIMIT 1   [ RunTime:0.0003s ]
INFO: [ view_parse ] --START--
INFO: [ template_filter ] --START--
INFO: Run Behavior\ContentReplaceBehavior [ RunTime:0.000072s ]
INFO: [ template_filter ] --END-- [ RunTime:0.000130s ]
INFO: Run Behavior\ParseTemplateBehavior [ RunTime:0.062462s ]
INFO: [ view_parse ] --END-- [ RunTime:0.062520s ]
INFO: [ view_filter ] --START--
INFO: Run Behavior\WriteHtmlCacheBehavior [ RunTime:0.000274s ]
INFO: [ view_filter ] --END-- [ RunTime:0.000305s ]
INFO: [ app_end ] --START--
INFO: Run Behavior\ShowPageTraceBehavior [ RunTime:0.000459s ]
INFO: [ app_end ] --END-- [ RunTime:0.000493s ]

[ 2017-12-03T17:15:27+08:00 ] 101.226.33.226 /index.php/home/index/get_unionid
INFO: [ app_init ] --START--
INFO: Run Behavior\BuildLiteBehavior [ RunTime:0.000015s ]
INFO: [ app_init ] --END-- [ RunTime:0.000354s ]
INFO: [ app_begin ] --START--
INFO: Run Behavior\ReadHtmlCacheBehavior [ RunTime:0.000572s ]
INFO: [ app_begin ] --END-- [ RunTime:0.000611s ]
NOTIC: [8] Undefined index: code C:\xampp\htdocs\jianshen\Application\Home\Controller\IndexController.class.php 第 48 行.
NOTIC: [8] Undefined index: state C:\xampp\htdocs\jianshen\Application\Home\Controller\IndexController.class.php 第 49 行.
NOTIC: [8] Undefined property: stdClass::$openid C:\xampp\htdocs\jianshen\Application\Home\Controller\IndexController.class.php 第 52 行.
NOTIC: [8] Undefined property: stdClass::$access_token C:\xampp\htdocs\jianshen\Application\Home\Controller\IndexController.class.php 第 53 行.
NOTIC: [8] Undefined property: stdClass::$nickname C:\xampp\htdocs\jianshen\Application\Home\Controller\IndexController.class.php 第 56 行.
NOTIC: [8] Undefined property: stdClass::$headimgurl C:\xampp\htdocs\jianshen\Application\Home\Controller\IndexController.class.php 第 57 行.
NOTIC: [8] Undefined property: stdClass::$openid C:\xampp\htdocs\jianshen\Application\Home\Controller\IndexController.class.php 第 58 行.
NOTIC: [8] Undefined property: stdClass::$sex C:\xampp\htdocs\jianshen\Application\Home\Controller\IndexController.class.php 第 59 行.
NOTIC: [8] Undefined property: stdClass::$language C:\xampp\htdocs\jianshen\Application\Home\Controller\IndexController.class.php 第 60 行.
NOTIC: [8] Undefined property: stdClass::$city C:\xampp\htdocs\jianshen\Application\Home\Controller\IndexController.class.php 第 61 行.
NOTIC: [8] Undefined property: stdClass::$province C:\xampp\htdocs\jianshen\Application\Home\Controller\IndexController.class.php 第 62 行.
NOTIC: [8] Undefined property: stdClass::$country C:\xampp\htdocs\jianshen\Application\Home\Controller\IndexController.class.php 第 63 行.

[ 2017-12-03T17:15:27+08:00 ] 101.226.33.226 /index.php/Home/index/index.html
INFO: [ app_init ] --START--
INFO: Run Behavior\BuildLiteBehavior [ RunTime:0.000014s ]
INFO: [ app_init ] --END-- [ RunTime:0.000310s ]
INFO: [ app_begin ] --START--
INFO: Run Behavior\ReadHtmlCacheBehavior [ RunTime:0.000411s ]
INFO: [ app_begin ] --END-- [ RunTime:0.000454s ]
INFO: [ app_end ] --START--
INFO: Run Behavior\ShowPageTraceBehavior [ RunTime:0.000525s ]
INFO: [ app_end ] --END-- [ RunTime:0.000567s ]

[ 2017-12-03T17:15:31+08:00 ] 120.204.17.68 /index.php/Home/index/product_details.html
INFO: [ app_init ] --START--
INFO: Run Behavior\BuildLiteBehavior [ RunTime:0.000014s ]
INFO: [ app_init ] --END-- [ RunTime:0.000317s ]
INFO: [ app_begin ] --START--
INFO: Run Behavior\ReadHtmlCacheBehavior [ RunTime:0.000405s ]
INFO: [ app_begin ] --END-- [ RunTime:0.000441s ]
NOTIC: [8] Undefined index: code C:\xampp\htdocs\jianshen\Application\Home\Controller\IndexController.class.php 第 256 行.
NOTIC: [8] Undefined index: state C:\xampp\htdocs\jianshen\Application\Home\Controller\IndexController.class.php 第 257 行.
SQL: SHOW COLUMNS FROM `consumer` [ RunTime:0.0136s ]
SQL: SELECT * FROM `consumer` WHERE ( openid='' ) LIMIT 1   [ RunTime:0.0005s ]
SQL: SHOW COLUMNS FROM `goods` [ RunTime:0.0095s ]
ERR: 1064:You have an error in your SQL syntax; check the manual that corresponds to your MariaDB server version for the right syntax to use near ') LIMIT 1' at line 1
 [ SQL语句 ] : SELECT * FROM `goods` WHERE ( id= ) LIMIT 1  
ERR: 1064:You have an error in your SQL syntax; check the manual that corresponds to your MariaDB server version for the right syntax to use near ') LIMIT 1' at line 1
 [ SQL语句 ] : SELECT * FROM `goods` WHERE ( id= ) LIMIT 1  

[ 2017-12-03T17:15:32+08:00 ] 101.226.33.220 /index.php/home/index/product_det/g_id/15.html
INFO: [ app_init ] --START--
INFO: Run Behavior\BuildLiteBehavior [ RunTime:0.000016s ]
INFO: [ app_init ] --END-- [ RunTime:0.000371s ]
INFO: [ app_begin ] --START--
INFO: Run Behavior\ReadHtmlCacheBehavior [ RunTime:0.000524s ]
INFO: [ app_begin ] --END-- [ RunTime:0.000565s ]

[ 2017-12-03T17:15:32+08:00 ] 101.226.33.220 /index.php/Home/index/main.html
INFO: [ app_init ] --START--
INFO: Run Behavior\BuildLiteBehavior [ RunTime:0.000022s ]
INFO: [ app_init ] --END-- [ RunTime:0.000442s ]
INFO: [ app_begin ] --START--
INFO: Run Behavior\ReadHtmlCacheBehavior [ RunTime:0.000572s ]
INFO: [ app_begin ] --END-- [ RunTime:0.000625s ]
SQL: SHOW COLUMNS FROM `banner` [ RunTime:0.0130s ]
SQL: SELECT * FROM `banner`  [ RunTime:0.0003s ]
SQL: SHOW COLUMNS FROM `goods` [ RunTime:0.0092s ]
SQL: SELECT * FROM `goods`  [ RunTime:0.0004s ]
SQL: SHOW COLUMNS FROM `coupon` [ RunTime:0.0093s ]
SQL: SELECT * FROM `coupon` WHERE ( status = "N" AND stage = 1 ) LIMIT 1   [ RunTime:0.0004s ]
INFO: [ view_parse ] --START--
INFO: [ template_filter ] --START--
INFO: Run Behavior\ContentReplaceBehavior [ RunTime:0.000084s ]
INFO: [ template_filter ] --END-- [ RunTime:0.000126s ]
INFO: Run Behavior\ParseTemplateBehavior [ RunTime:0.051816s ]
INFO: [ view_parse ] --END-- [ RunTime:0.051871s ]
INFO: [ view_filter ] --START--
INFO: Run Behavior\WriteHtmlCacheBehavior [ RunTime:0.000427s ]
INFO: [ view_filter ] --END-- [ RunTime:0.000459s ]
INFO: [ app_end ] --START--
INFO: Run Behavior\ShowPageTraceBehavior [ RunTime:0.000596s ]
INFO: [ app_end ] --END-- [ RunTime:0.000633s ]

[ 2017-12-03T17:16:39+08:00 ] 223.104.6.40 /
INFO: [ app_init ] --START--
INFO: Run Behavior\BuildLiteBehavior [ RunTime:0.000016s ]
INFO: [ app_init ] --END-- [ RunTime:0.000348s ]
INFO: [ app_begin ] --START--
INFO: Run Behavior\ReadHtmlCacheBehavior [ RunTime:0.000610s ]
INFO: [ app_begin ] --END-- [ RunTime:0.000647s ]
INFO: [ app_end ] --START--
INFO: Run Behavior\ShowPageTraceBehavior [ RunTime:0.000521s ]
INFO: [ app_end ] --END-- [ RunTime:0.000571s ]

[ 2017-12-03T17:16:39+08:00 ] 223.104.6.40 /index.php/home/index/get_unionid?code=081oGiUK11p9z60dg2VK1dx2UK1oGiUG&state=dakang
INFO: [ app_init ] --START--
INFO: Run Behavior\BuildLiteBehavior [ RunTime:0.000014s ]
INFO: [ app_init ] --END-- [ RunTime:0.000317s ]
INFO: [ app_begin ] --START--
INFO: Run Behavior\ReadHtmlCacheBehavior [ RunTime:0.000410s ]
INFO: [ app_begin ] --END-- [ RunTime:0.000448s ]
SQL: SHOW COLUMNS FROM `consumer` [ RunTime:0.0114s ]
SQL: SELECT * FROM `consumer` WHERE ( openid='oPL7sv1KrDWedabuNVkNSB2Ct2ZE' ) LIMIT 1   [ RunTime:0.0004s ]

[ 2017-12-03T17:16:40+08:00 ] 223.104.6.40 /index.php/Home/index/main.html
INFO: [ app_init ] --START--
INFO: Run Behavior\BuildLiteBehavior [ RunTime:0.000014s ]
INFO: [ app_init ] --END-- [ RunTime:0.000315s ]
INFO: [ app_begin ] --START--
INFO: Run Behavior\ReadHtmlCacheBehavior [ RunTime:0.000398s ]
INFO: [ app_begin ] --END-- [ RunTime:0.000435s ]
SQL: SHOW COLUMNS FROM `banner` [ RunTime:0.0117s ]
SQL: SELECT * FROM `banner`  [ RunTime:0.0003s ]
SQL: SHOW COLUMNS FROM `goods` [ RunTime:0.0084s ]
SQL: SELECT * FROM `goods`  [ RunTime:0.0003s ]
SQL: SHOW COLUMNS FROM `coupon` [ RunTime:0.0077s ]
SQL: SELECT * FROM `coupon` WHERE ( status = "N" AND stage = 1 ) LIMIT 1   [ RunTime:0.0003s ]
INFO: [ view_parse ] --START--
INFO: [ template_filter ] --START--
INFO: Run Behavior\ContentReplaceBehavior [ RunTime:0.000078s ]
INFO: [ template_filter ] --END-- [ RunTime:0.000116s ]
INFO: Run Behavior\ParseTemplateBehavior [ RunTime:0.048494s ]
INFO: [ view_parse ] --END-- [ RunTime:0.048551s ]
INFO: [ view_filter ] --START--
INFO: Run Behavior\WriteHtmlCacheBehavior [ RunTime:0.000404s ]
INFO: [ view_filter ] --END-- [ RunTime:0.000436s ]
INFO: [ app_end ] --START--
INFO: Run Behavior\ShowPageTraceBehavior [ RunTime:0.000467s ]
INFO: [ app_end ] --END-- [ RunTime:0.000504s ]

[ 2017-12-03T17:16:40+08:00 ] 223.104.6.40 /index.php/Home/Index/ajax_price?product=15
INFO: [ app_init ] --START--
INFO: Run Behavior\BuildLiteBehavior [ RunTime:0.000013s ]
INFO: [ app_init ] --END-- [ RunTime:0.000301s ]
INFO: [ app_begin ] --START--
INFO: Run Behavior\ReadHtmlCacheBehavior [ RunTime:0.000421s ]
INFO: [ app_begin ] --END-- [ RunTime:0.000456s ]
SQL: SHOW COLUMNS FROM `g_price` [ RunTime:0.0092s ]
SQL: SELECT * FROM `g_price` WHERE ( g_id=15 )  [ RunTime:0.0003s ]
INFO: [ app_end ] --START--
INFO: Run Behavior\ShowPageTraceBehavior [ RunTime:0.000504s ]
INFO: [ app_end ] --END-- [ RunTime:0.000544s ]

[ 2017-12-03T17:16:41+08:00 ] 223.104.6.40 /index.php/home/index/product_det/g_id/15.html
INFO: [ app_init ] --START--
INFO: Run Behavior\BuildLiteBehavior [ RunTime:0.000016s ]
INFO: [ app_init ] --END-- [ RunTime:0.000350s ]
INFO: [ app_begin ] --START--
INFO: Run Behavior\ReadHtmlCacheBehavior [ RunTime:0.000406s ]
INFO: [ app_begin ] --END-- [ RunTime:0.000445s ]

[ 2017-12-03T17:16:41+08:00 ] 223.104.6.40 /index.php/Home/index/product_details.html
INFO: [ app_init ] --START--
INFO: Run Behavior\BuildLiteBehavior [ RunTime:0.000014s ]
INFO: [ app_init ] --END-- [ RunTime:0.000323s ]
INFO: [ app_begin ] --START--
INFO: Run Behavior\ReadHtmlCacheBehavior [ RunTime:0.000416s ]
INFO: [ app_begin ] --END-- [ RunTime:0.000452s ]
SQL: SHOW COLUMNS FROM `consumer` [ RunTime:0.0207s ]
SQL: SELECT * FROM `consumer` WHERE ( openid='oPL7sv1KrDWedabuNVkNSB2Ct2ZE' ) LIMIT 1   [ RunTime:0.0007s ]
SQL: SHOW COLUMNS FROM `goods` [ RunTime:0.0143s ]
SQL: SELECT * FROM `goods` WHERE ( id=15 ) LIMIT 1   [ RunTime:0.0006s ]
SQL: SHOW COLUMNS FROM `order` [ RunTime:0.0115s ]
SQL: SELECT `id` FROM `order` WHERE ( goods_id = 15 )  [ RunTime:0.0004s ]
SQL: SHOW COLUMNS FROM `g_price` [ RunTime:0.0095s ]
SQL: SELECT * FROM `g_price` WHERE ( g_id=15 )  [ RunTime:0.0003s ]
SQL: SHOW COLUMNS FROM `coupon` [ RunTime:0.0080s ]
SQL: SELECT * FROM `coupon` WHERE ( status = "N" AND stage = 1 ) LIMIT 1   [ RunTime:0.0004s ]
INFO: [ view_parse ] --START--
INFO: [ template_filter ] --START--
INFO: Run Behavior\ContentReplaceBehavior [ RunTime:0.000056s ]
INFO: [ template_filter ] --END-- [ RunTime:0.000093s ]
INFO: Run Behavior\ParseTemplateBehavior [ RunTime:0.006088s ]
INFO: [ view_parse ] --END-- [ RunTime:0.006126s ]
INFO: [ view_filter ] --START--
INFO: Run Behavior\WriteHtmlCacheBehavior [ RunTime:0.000238s ]
INFO: [ view_filter ] --END-- [ RunTime:0.000269s ]
INFO: [ app_end ] --START--
INFO: Run Behavior\ShowPageTraceBehavior [ RunTime:0.000425s ]
INFO: [ app_end ] --END-- [ RunTime:0.000459s ]

[ 2017-12-03T17:16:58+08:00 ] 101.226.233.141 /index.php/home/index/share_login/share_openid/oPL7sv1KrDWedabuNVkNSB2Ct2ZE.html
INFO: [ app_init ] --START--
INFO: Run Behavior\BuildLiteBehavior [ RunTime:0.000014s ]
INFO: [ app_init ] --END-- [ RunTime:0.000312s ]
INFO: [ app_begin ] --START--
INFO: Run Behavior\ReadHtmlCacheBehavior [ RunTime:0.000397s ]
INFO: [ app_begin ] --END-- [ RunTime:0.000435s ]
INFO: [ app_end ] --START--
INFO: Run Behavior\ShowPageTraceBehavior [ RunTime:0.000424s ]
INFO: [ app_end ] --END-- [ RunTime:0.000465s ]

[ 2017-12-03T17:17:19+08:00 ] 223.104.6.40 /index.php/home/index/share_login/share_openid/oPL7sv1KrDWedabuNVkNSB2Ct2ZE.html?from=singlemessage&isappinstalled=0
INFO: [ app_init ] --START--
INFO: Run Behavior\BuildLiteBehavior [ RunTime:0.000014s ]
INFO: [ app_init ] --END-- [ RunTime:0.000310s ]
INFO: [ app_begin ] --START--
INFO: Run Behavior\ReadHtmlCacheBehavior [ RunTime:0.000396s ]
INFO: [ app_begin ] --END-- [ RunTime:0.000432s ]
INFO: [ app_end ] --START--
INFO: Run Behavior\ShowPageTraceBehavior [ RunTime:0.000429s ]
INFO: [ app_end ] --END-- [ RunTime:0.000469s ]

[ 2017-12-03T17:17:21+08:00 ] 223.104.6.40 /index.php/home/index/share?code=0218McoK1Z0t360QIhnK1PzvoK18Mcof&state=dakang
INFO: [ app_init ] --START--
INFO: Run Behavior\BuildLiteBehavior [ RunTime:0.000017s ]
INFO: [ app_init ] --END-- [ RunTime:0.000330s ]
INFO: [ app_begin ] --START--
INFO: Run Behavior\ReadHtmlCacheBehavior [ RunTime:0.000405s ]
INFO: [ app_begin ] --END-- [ RunTime:0.000450s ]
SQL: SHOW COLUMNS FROM `consumer` [ RunTime:0.0116s ]
SQL: SELECT * FROM `consumer` WHERE ( openid='oPL7sv1KrDWedabuNVkNSB2Ct2ZE' ) LIMIT 1   [ RunTime:0.0003s ]
SQL: SHOW COLUMNS FROM `coupon` [ RunTime:0.0081s ]
SQL: SELECT * FROM `coupon` WHERE ( status = "N" AND stage = 1 ) LIMIT 1   [ RunTime:0.0003s ]
SQL: SHOW COLUMNS FROM `user_coupon` [ RunTime:0.0069s ]
SQL: SELECT * FROM `user_coupon` LEFT JOIN consumer ON consumer.openid = user_coupon.user_openid  WHERE ( user_coupon.share_openid = "oPL7sv1KrDWedabuNVkNSB2Ct2ZE" AND user_coupon.coupon_id = 12 )  [ RunTime:0.0005s ]
NOTIC: [8] Undefined variable: data C:\xampp\htdocs\jianshen\Application\Home\Controller\IndexController.class.php 第 500 行.
NOTIC: [8] Undefined variable: data C:\xampp\htdocs\jianshen\Application\Home\Controller\IndexController.class.php 第 503 行.
SQL: SELECT * FROM `user_coupon` WHERE ( user_openid ='oPL7sv1KrDWedabuNVkNSB2Ct2ZE' AND share_openid ='oPL7sv1KrDWedabuNVkNSB2Ct2ZE' AND coupon_id = 12 ) LIMIT 1   [ RunTime:0.0002s ]
INFO: [ view_parse ] --START--
INFO: [ template_filter ] --START--
INFO: Run Behavior\ContentReplaceBehavior [ RunTime:0.000046s ]
INFO: [ template_filter ] --END-- [ RunTime:0.000097s ]
INFO: Run Behavior\ParseTemplateBehavior [ RunTime:0.056573s ]
INFO: [ view_parse ] --END-- [ RunTime:0.056627s ]
INFO: [ view_filter ] --START--
INFO: Run Behavior\WriteHtmlCacheBehavior [ RunTime:0.000273s ]
INFO: [ view_filter ] --END-- [ RunTime:0.000304s ]
INFO: [ app_end ] --START--
INFO: Run Behavior\ShowPageTraceBehavior [ RunTime:0.000480s ]
INFO: [ app_end ] --END-- [ RunTime:0.000514s ]

[ 2017-12-03T17:17:28+08:00 ] 223.104.6.40 /index.php/home/index/share_login/share_openid/oPL7sv1KrDWedabuNVkNSB2Ct2ZE.html?from=singlemessage&isappinstalled=0
INFO: [ app_init ] --START--
INFO: Run Behavior\BuildLiteBehavior [ RunTime:0.000014s ]
INFO: [ app_init ] --END-- [ RunTime:0.000313s ]
INFO: [ app_begin ] --START--
INFO: Run Behavior\ReadHtmlCacheBehavior [ RunTime:0.000403s ]
INFO: [ app_begin ] --END-- [ RunTime:0.000439s ]
INFO: [ app_end ] --START--
INFO: Run Behavior\ShowPageTraceBehavior [ RunTime:0.000429s ]
INFO: [ app_end ] --END-- [ RunTime:0.000470s ]

[ 2017-12-03T17:17:29+08:00 ] 183.192.201.97 /index.php/home/index/share_login/share_openid/oPL7sv1KrDWedabuNVkNSB2Ct2ZE.html?from=singlemessage&isappinstalled=0
INFO: [ app_init ] --START--
INFO: Run Behavior\BuildLiteBehavior [ RunTime:0.000015s ]
INFO: [ app_init ] --END-- [ RunTime:0.000368s ]
INFO: [ app_begin ] --START--
INFO: Run Behavior\ReadHtmlCacheBehavior [ RunTime:0.000434s ]
INFO: [ app_begin ] --END-- [ RunTime:0.000473s ]
INFO: [ app_end ] --START--
INFO: Run Behavior\ShowPageTraceBehavior [ RunTime:0.000498s ]
INFO: [ app_end ] --END-- [ RunTime:0.000547s ]

[ 2017-12-03T17:17:29+08:00 ] 120.204.17.71 /index.php/home/index/share
INFO: [ app_init ] --START--
INFO: Run Behavior\BuildLiteBehavior [ RunTime:0.000015s ]
INFO: [ app_init ] --END-- [ RunTime:0.000360s ]
INFO: [ app_begin ] --START--
INFO: Run Behavior\ReadHtmlCacheBehavior [ RunTime:0.000510s ]
INFO: [ app_begin ] --END-- [ RunTime:0.000549s ]
NOTIC: [8] Undefined index: code C:\xampp\htdocs\jianshen\Application\Home\Controller\IndexController.class.php 第 456 行.
NOTIC: [8] Undefined index: state C:\xampp\htdocs\jianshen\Application\Home\Controller\IndexController.class.php 第 457 行.
NOTIC: [8] Undefined property: stdClass::$openid C:\xampp\htdocs\jianshen\Application\Home\Controller\IndexController.class.php 第 460 行.
NOTIC: [8] Undefined property: stdClass::$access_token C:\xampp\htdocs\jianshen\Application\Home\Controller\IndexController.class.php 第 461 行.
SQL: SHOW COLUMNS FROM `consumer` [ RunTime:0.0127s ]
SQL: SELECT * FROM `consumer` WHERE ( openid='' ) LIMIT 1   [ RunTime:0.0004s ]
NOTIC: [8] Undefined property: stdClass::$nickname C:\xampp\htdocs\jianshen\Application\Home\Controller\IndexController.class.php 第 467 行.
NOTIC: [8] Undefined property: stdClass::$headimgurl C:\xampp\htdocs\jianshen\Application\Home\Controller\IndexController.class.php 第 468 行.
NOTIC: [8] Undefined property: stdClass::$openid C:\xampp\htdocs\jianshen\Application\Home\Controller\IndexController.class.php 第 469 行.
NOTIC: [8] Undefined property: stdClass::$sex C:\xampp\htdocs\jianshen\Application\Home\Controller\IndexController.class.php 第 470 行.
NOTIC: [8] Undefined property: stdClass::$language C:\xampp\htdocs\jianshen\Application\Home\Controller\IndexController.class.php 第 471 行.
NOTIC: [8] Undefined property: stdClass::$city C:\xampp\htdocs\jianshen\Application\Home\Controller\IndexController.class.php 第 472 行.
NOTIC: [8] Undefined property: stdClass::$province C:\xampp\htdocs\jianshen\Application\Home\Controller\IndexController.class.php 第 473 行.
NOTIC: [8] Undefined property: stdClass::$country C:\xampp\htdocs\jianshen\Application\Home\Controller\IndexController.class.php 第 474 行.
ERR: 1048:Column 'wxname' cannot be null
 [ SQL语句 ] : INSERT INTO `consumer` (`wxname`,`picture_url`,`openid`,`sex`,`new_vip`) VALUES (NULL,NULL,NULL,NULL,'1')
ERR: 1048:Column 'wxname' cannot be null
 [ SQL语句 ] : INSERT INTO `consumer` (`wxname`,`picture_url`,`openid`,`sex`,`new_vip`) VALUES (NULL,NULL,NULL,NULL,'1')

[ 2017-12-03T17:17:48+08:00 ] 58.23.63.239 /index.php/home/index/share_login/share_openid/oPL7sv1KrDWedabuNVkNSB2Ct2ZE.html?from=singlemessage&isappinstalled=0
INFO: [ app_init ] --START--
INFO: Run Behavior\BuildLiteBehavior [ RunTime:0.000014s ]
INFO: [ app_init ] --END-- [ RunTime:0.000303s ]
INFO: [ app_begin ] --START--
INFO: Run Behavior\ReadHtmlCacheBehavior [ RunTime:0.000391s ]
INFO: [ app_begin ] --END-- [ RunTime:0.000429s ]
INFO: [ app_end ] --START--
INFO: Run Behavior\ShowPageTraceBehavior [ RunTime:0.000539s ]
INFO: [ app_end ] --END-- [ RunTime:0.000578s ]

[ 2017-12-03T17:17:53+08:00 ] 58.23.63.239 /index.php/home/index/share?code=011FGJBX1da7TT0wHuCX1iWzBX1FGJBe&state=dakang
INFO: [ app_init ] --START--
INFO: Run Behavior\BuildLiteBehavior [ RunTime:0.000013s ]
INFO: [ app_init ] --END-- [ RunTime:0.000312s ]
INFO: [ app_begin ] --START--
INFO: Run Behavior\ReadHtmlCacheBehavior [ RunTime:0.000411s ]
INFO: [ app_begin ] --END-- [ RunTime:0.000448s ]
SQL: SHOW COLUMNS FROM `consumer` [ RunTime:0.0136s ]
SQL: SELECT * FROM `consumer` WHERE ( openid='oPL7svzvoZ8Grf9wo3BxDcj0AyyU' ) LIMIT 1   [ RunTime:0.0005s ]
SQL: INSERT INTO `consumer` (`wxname`,`picture_url`,`openid`,`sex`,`new_vip`) VALUES ('空城空心空世界@','http://wx.qlogo.cn/mmopen/vi_32/Q0j4TwGTfTKO1CnhE6JptjDST0F5kicKvTaRUkLicaSuQ4dhjrYibKp8VibDvfm7XPhnWg8Q4q4ib6uGY06g2Im5YGA/0','oPL7svzvoZ8Grf9wo3BxDcj0AyyU','2','1') [ RunTime:0.0032s ]

[ 2017-12-03T17:17:53+08:00 ] 58.23.63.239 /index.php/Home/Index/bind_phone.html
INFO: [ app_init ] --START--
INFO: Run Behavior\BuildLiteBehavior [ RunTime:0.000020s ]
INFO: [ app_init ] --END-- [ RunTime:0.000308s ]
INFO: [ app_begin ] --START--
INFO: Run Behavior\ReadHtmlCacheBehavior [ RunTime:0.000385s ]
INFO: [ app_begin ] --END-- [ RunTime:0.000429s ]
SQL: SHOW COLUMNS FROM `consumer` [ RunTime:0.0058s ]
SQL: SELECT `tel` FROM `consumer` WHERE ( openid = "" ) LIMIT 1   [ RunTime:0.0004s ]
INFO: [ view_parse ] --START--
INFO: [ template_filter ] --START--
INFO: Run Behavior\ContentReplaceBehavior [ RunTime:0.000047s ]
INFO: [ template_filter ] --END-- [ RunTime:0.000095s ]
INFO: Run Behavior\ParseTemplateBehavior [ RunTime:0.051027s ]
INFO: [ view_parse ] --END-- [ RunTime:0.051084s ]
INFO: [ view_filter ] --START--
INFO: Run Behavior\WriteHtmlCacheBehavior [ RunTime:0.000416s ]
INFO: [ view_filter ] --END-- [ RunTime:0.000449s ]
INFO: [ app_end ] --START--
INFO: Run Behavior\ShowPageTraceBehavior [ RunTime:0.000476s ]
INFO: [ app_end ] --END-- [ RunTime:0.000510s ]

[ 2017-12-03T17:18:02+08:00 ] 223.104.6.40 /
INFO: [ app_init ] --START--
INFO: Run Behavior\BuildLiteBehavior [ RunTime:0.000023s ]
INFO: [ app_init ] --END-- [ RunTime:0.000355s ]
INFO: [ app_begin ] --START--
INFO: Run Behavior\ReadHtmlCacheBehavior [ RunTime:0.000444s ]
INFO: [ app_begin ] --END-- [ RunTime:0.000482s ]
INFO: [ app_end ] --START--
INFO: Run Behavior\ShowPageTraceBehavior [ RunTime:0.000459s ]
INFO: [ app_end ] --END-- [ RunTime:0.000500s ]

[ 2017-12-03T17:18:03+08:00 ] 223.104.6.40 /index.php/home/index/get_unionid?code=0612q11k0wODJn1W5x3k0o6T0k02q11S&state=dakang
INFO: [ app_init ] --START--
INFO: Run Behavior\BuildLiteBehavior [ RunTime:0.000013s ]
INFO: [ app_init ] --END-- [ RunTime:0.000308s ]
INFO: [ app_begin ] --START--
INFO: Run Behavior\ReadHtmlCacheBehavior [ RunTime:0.000400s ]
INFO: [ app_begin ] --END-- [ RunTime:0.000436s ]
SQL: SHOW COLUMNS FROM `consumer` [ RunTime:0.0130s ]
SQL: SELECT * FROM `consumer` WHERE ( openid='oPL7sv1KrDWedabuNVkNSB2Ct2ZE' ) LIMIT 1   [ RunTime:0.0004s ]

[ 2017-12-03T17:18:03+08:00 ] 223.104.6.40 /index.php/Home/index/main.html
INFO: [ app_init ] --START--
INFO: Run Behavior\BuildLiteBehavior [ RunTime:0.000014s ]
INFO: [ app_init ] --END-- [ RunTime:0.000323s ]
INFO: [ app_begin ] --START--
INFO: Run Behavior\ReadHtmlCacheBehavior [ RunTime:0.000400s ]
INFO: [ app_begin ] --END-- [ RunTime:0.000437s ]
SQL: SHOW COLUMNS FROM `banner` [ RunTime:0.0090s ]
SQL: SELECT * FROM `banner`  [ RunTime:0.0002s ]
SQL: SHOW COLUMNS FROM `goods` [ RunTime:0.0076s ]
SQL: SELECT * FROM `goods`  [ RunTime:0.0003s ]
SQL: SHOW COLUMNS FROM `coupon` [ RunTime:0.0073s ]
SQL: SELECT * FROM `coupon` WHERE ( status = "N" AND stage = 1 ) LIMIT 1   [ RunTime:0.0003s ]
INFO: [ view_parse ] --START--
INFO: [ template_filter ] --START--
INFO: Run Behavior\ContentReplaceBehavior [ RunTime:0.000078s ]
INFO: [ template_filter ] --END-- [ RunTime:0.000113s ]
INFO: Run Behavior\ParseTemplateBehavior [ RunTime:0.047268s ]
INFO: [ view_parse ] --END-- [ RunTime:0.047319s ]
INFO: [ view_filter ] --START--
INFO: Run Behavior\WriteHtmlCacheBehavior [ RunTime:0.000273s ]
INFO: [ view_filter ] --END-- [ RunTime:0.000303s ]
INFO: [ app_end ] --START--
INFO: Run Behavior\ShowPageTraceBehavior [ RunTime:0.000522s ]
INFO: [ app_end ] --END-- [ RunTime:0.000558s ]

[ 2017-12-03T17:18:03+08:00 ] 120.204.17.71 /index.php/Home/Index/bind_phone.html
INFO: [ app_init ] --START--
INFO: Run Behavior\BuildLiteBehavior [ RunTime:0.000015s ]
INFO: [ app_init ] --END-- [ RunTime:0.000387s ]
INFO: [ app_begin ] --START--
INFO: Run Behavior\ReadHtmlCacheBehavior [ RunTime:0.000506s ]
INFO: [ app_begin ] --END-- [ RunTime:0.000546s ]
SQL: SHOW COLUMNS FROM `consumer` [ RunTime:0.0079s ]
SQL: SELECT `tel` FROM `consumer` WHERE ( openid = "" ) LIMIT 1   [ RunTime:0.0004s ]
INFO: [ view_parse ] --START--
INFO: [ template_filter ] --START--
INFO: Run Behavior\ContentReplaceBehavior [ RunTime:0.000057s ]
INFO: [ template_filter ] --END-- [ RunTime:0.000113s ]
INFO: Run Behavior\ParseTemplateBehavior [ RunTime:0.008098s ]
INFO: [ view_parse ] --END-- [ RunTime:0.008148s ]
INFO: [ view_filter ] --START--
INFO: Run Behavior\WriteHtmlCacheBehavior [ RunTime:0.000332s ]
INFO: [ view_filter ] --END-- [ RunTime:0.000362s ]
INFO: [ app_end ] --START--
INFO: Run Behavior\ShowPageTraceBehavior [ RunTime:0.000557s ]
INFO: [ app_end ] --END-- [ RunTime:0.000591s ]

[ 2017-12-03T17:18:03+08:00 ] 223.104.6.40 /index.php/Home/Index/ajax_price?product=15
INFO: [ app_init ] --START--
INFO: Run Behavior\BuildLiteBehavior [ RunTime:0.000014s ]
INFO: [ app_init ] --END-- [ RunTime:0.000339s ]
INFO: [ app_begin ] --START--
INFO: Run Behavior\ReadHtmlCacheBehavior [ RunTime:0.000437s ]
INFO: [ app_begin ] --END-- [ RunTime:0.000470s ]
SQL: SHOW COLUMNS FROM `g_price` [ RunTime:0.0092s ]
SQL: SELECT * FROM `g_price` WHERE ( g_id=15 )  [ RunTime:0.0003s ]
INFO: [ app_end ] --START--
INFO: Run Behavior\ShowPageTraceBehavior [ RunTime:0.000487s ]
INFO: [ app_end ] --END-- [ RunTime:0.000523s ]

[ 2017-12-03T17:21:29+08:00 ] 223.104.6.40 /
INFO: [ app_init ] --START--
INFO: Run Behavior\BuildLiteBehavior [ RunTime:0.000015s ]
INFO: [ app_init ] --END-- [ RunTime:0.000358s ]
INFO: [ app_begin ] --START--
INFO: Run Behavior\ReadHtmlCacheBehavior [ RunTime:0.000524s ]
INFO: [ app_begin ] --END-- [ RunTime:0.000562s ]
INFO: [ app_end ] --START--
INFO: Run Behavior\ShowPageTraceBehavior [ RunTime:0.000544s ]
INFO: [ app_end ] --END-- [ RunTime:0.000585s ]

[ 2017-12-03T17:21:29+08:00 ] 223.104.6.40 /index.php/home/index/get_unionid?code=081Wpb3h0hqqGy1CAp2h0aWh3h0Wpb3m&state=dakang
INFO: [ app_init ] --START--
INFO: Run Behavior\BuildLiteBehavior [ RunTime:0.000015s ]
INFO: [ app_init ] --END-- [ RunTime:0.000333s ]
INFO: [ app_begin ] --START--
INFO: Run Behavior\ReadHtmlCacheBehavior [ RunTime:0.000482s ]
INFO: [ app_begin ] --END-- [ RunTime:0.000519s ]
SQL: SHOW COLUMNS FROM `consumer` [ RunTime:0.0185s ]
SQL: SELECT * FROM `consumer` WHERE ( openid='oPL7sv1KrDWedabuNVkNSB2Ct2ZE' ) LIMIT 1   [ RunTime:0.0005s ]

[ 2017-12-03T17:21:30+08:00 ] 223.104.6.40 /index.php/Home/index/main.html
INFO: [ app_init ] --START--
INFO: Run Behavior\BuildLiteBehavior [ RunTime:0.000014s ]
INFO: [ app_init ] --END-- [ RunTime:0.000317s ]
INFO: [ app_begin ] --START--
INFO: Run Behavior\ReadHtmlCacheBehavior [ RunTime:0.000445s ]
INFO: [ app_begin ] --END-- [ RunTime:0.000485s ]
SQL: SHOW COLUMNS FROM `banner` [ RunTime:0.0140s ]
SQL: SELECT * FROM `banner`  [ RunTime:0.0003s ]
SQL: SHOW COLUMNS FROM `goods` [ RunTime:0.0100s ]
SQL: SELECT * FROM `goods`  [ RunTime:0.0004s ]
SQL: SHOW COLUMNS FROM `coupon` [ RunTime:0.0095s ]
SQL: SELECT * FROM `coupon` WHERE ( status = "N" AND stage = 1 ) LIMIT 1   [ RunTime:0.0004s ]
INFO: [ view_parse ] --START--
INFO: [ template_filter ] --START--
INFO: Run Behavior\ContentReplaceBehavior [ RunTime:0.000083s ]
INFO: [ template_filter ] --END-- [ RunTime:0.000125s ]
INFO: Run Behavior\ParseTemplateBehavior [ RunTime:0.052113s ]
INFO: [ view_parse ] --END-- [ RunTime:0.052171s ]
INFO: [ view_filter ] --START--
INFO: Run Behavior\WriteHtmlCacheBehavior [ RunTime:0.000396s ]
INFO: [ view_filter ] --END-- [ RunTime:0.000429s ]
INFO: [ app_end ] --START--
INFO: Run Behavior\ShowPageTraceBehavior [ RunTime:0.000459s ]
INFO: [ app_end ] --END-- [ RunTime:0.000497s ]

[ 2017-12-03T17:21:30+08:00 ] 223.104.6.40 /index.php/Home/Index/ajax_price?product=15
INFO: [ app_init ] --START--
INFO: Run Behavior\BuildLiteBehavior [ RunTime:0.000016s ]
INFO: [ app_init ] --END-- [ RunTime:0.000326s ]
INFO: [ app_begin ] --START--
INFO: Run Behavior\ReadHtmlCacheBehavior [ RunTime:0.000411s ]
INFO: [ app_begin ] --END-- [ RunTime:0.000445s ]
SQL: SHOW COLUMNS FROM `g_price` [ RunTime:0.0095s ]
SQL: SELECT * FROM `g_price` WHERE ( g_id=15 )  [ RunTime:0.0004s ]
INFO: [ app_end ] --START--
INFO: Run Behavior\ShowPageTraceBehavior [ RunTime:0.000874s ]
INFO: [ app_end ] --END-- [ RunTime:0.000932s ]

[ 2017-12-03T17:21:31+08:00 ] 223.104.6.40 /index.php/home/index/product_det/g_id/15.html
INFO: [ app_init ] --START--
INFO: Run Behavior\BuildLiteBehavior [ RunTime:0.000016s ]
INFO: [ app_init ] --END-- [ RunTime:0.000336s ]
INFO: [ app_begin ] --START--
INFO: Run Behavior\ReadHtmlCacheBehavior [ RunTime:0.000400s ]
INFO: [ app_begin ] --END-- [ RunTime:0.000438s ]

[ 2017-12-03T17:21:31+08:00 ] 223.104.6.40 /index.php/Home/index/product_details.html
INFO: [ app_init ] --START--
INFO: Run Behavior\BuildLiteBehavior [ RunTime:0.000016s ]
INFO: [ app_init ] --END-- [ RunTime:0.000367s ]
INFO: [ app_begin ] --START--
INFO: Run Behavior\ReadHtmlCacheBehavior [ RunTime:0.000428s ]
INFO: [ app_begin ] --END-- [ RunTime:0.000467s ]
SQL: SHOW COLUMNS FROM `consumer` [ RunTime:0.0168s ]
SQL: SELECT * FROM `consumer` WHERE ( openid='oPL7sv1KrDWedabuNVkNSB2Ct2ZE' ) LIMIT 1   [ RunTime:0.0004s ]
SQL: SHOW COLUMNS FROM `goods` [ RunTime:0.0092s ]
SQL: SELECT * FROM `goods` WHERE ( id=15 ) LIMIT 1   [ RunTime:0.0004s ]
SQL: SHOW COLUMNS FROM `order` [ RunTime:0.0096s ]
SQL: SELECT `id` FROM `order` WHERE ( goods_id = 15 )  [ RunTime:0.0004s ]
SQL: SHOW COLUMNS FROM `g_price` [ RunTime:0.0090s ]
SQL: SELECT * FROM `g_price` WHERE ( g_id=15 )  [ RunTime:0.0004s ]
SQL: SHOW COLUMNS FROM `coupon` [ RunTime:0.0096s ]
SQL: SELECT * FROM `coupon` WHERE ( status = "N" AND stage = 1 ) LIMIT 1   [ RunTime:0.0003s ]
INFO: [ view_parse ] --START--
INFO: [ template_filter ] --START--
INFO: Run Behavior\ContentReplaceBehavior [ RunTime:0.000060s ]
INFO: [ template_filter ] --END-- [ RunTime:0.000106s ]
INFO: Run Behavior\ParseTemplateBehavior [ RunTime:0.006249s ]
INFO: [ view_parse ] --END-- [ RunTime:0.006290s ]
INFO: [ view_filter ] --START--
INFO: Run Behavior\WriteHtmlCacheBehavior [ RunTime:0.000245s ]
INFO: [ view_filter ] --END-- [ RunTime:0.000275s ]
INFO: [ app_end ] --START--
INFO: Run Behavior\ShowPageTraceBehavior [ RunTime:0.000437s ]
INFO: [ app_end ] --END-- [ RunTime:0.000493s ]

[ 2017-12-03T17:22:25+08:00 ] 101.226.33.238 /index.php/Home/index/product_details.html
INFO: [ app_init ] --START--
INFO: Run Behavior\BuildLiteBehavior [ RunTime:0.000016s ]
INFO: [ app_init ] --END-- [ RunTime:0.000356s ]
INFO: [ app_begin ] --START--
INFO: Run Behavior\ReadHtmlCacheBehavior [ RunTime:0.000438s ]
INFO: [ app_begin ] --END-- [ RunTime:0.000480s ]
NOTIC: [8] Undefined index: code C:\xampp\htdocs\jianshen\Application\Home\Controller\IndexController.class.php 第 256 行.
NOTIC: [8] Undefined index: state C:\xampp\htdocs\jianshen\Application\Home\Controller\IndexController.class.php 第 257 行.
SQL: SHOW COLUMNS FROM `consumer` [ RunTime:0.0168s ]
SQL: SELECT * FROM `consumer` WHERE ( openid='' ) LIMIT 1   [ RunTime:0.0006s ]
SQL: SHOW COLUMNS FROM `goods` [ RunTime:0.0096s ]
ERR: 1064:You have an error in your SQL syntax; check the manual that corresponds to your MariaDB server version for the right syntax to use near ') LIMIT 1' at line 1
 [ SQL语句 ] : SELECT * FROM `goods` WHERE ( id= ) LIMIT 1  
ERR: 1064:You have an error in your SQL syntax; check the manual that corresponds to your MariaDB server version for the right syntax to use near ') LIMIT 1' at line 1
 [ SQL语句 ] : SELECT * FROM `goods` WHERE ( id= ) LIMIT 1  

[ 2017-12-03T17:24:19+08:00 ] 101.226.33.204 /index.php/home/index/share_login/share_openid/oPL7sv1KrDWedabuNVkNSB2Ct2ZE.html?from=singlemessage&isappinstalled=0
INFO: [ app_init ] --START--
INFO: Run Behavior\BuildLiteBehavior [ RunTime:0.000014s ]
INFO: [ app_init ] --END-- [ RunTime:0.000352s ]
INFO: [ app_begin ] --START--
INFO: Run Behavior\ReadHtmlCacheBehavior [ RunTime:0.000502s ]
INFO: [ app_begin ] --END-- [ RunTime:0.000549s ]
INFO: [ app_end ] --START--
INFO: Run Behavior\ShowPageTraceBehavior [ RunTime:0.000524s ]
INFO: [ app_end ] --END-- [ RunTime:0.000565s ]

[ 2017-12-03T17:30:21+08:00 ] 165.227.222.130 /
INFO: [ app_init ] --START--
INFO: Run Behavior\BuildLiteBehavior [ RunTime:0.000019s ]
INFO: [ app_init ] --END-- [ RunTime:0.000372s ]
INFO: [ app_begin ] --START--
INFO: Run Behavior\ReadHtmlCacheBehavior [ RunTime:0.000502s ]
INFO: [ app_begin ] --END-- [ RunTime:0.000541s ]
INFO: [ app_end ] --START--
INFO: Run Behavior\ShowPageTraceBehavior [ RunTime:0.000500s ]
INFO: [ app_end ] --END-- [ RunTime:0.000540s ]

[ 2017-12-03T19:07:28+08:00 ] 104.131.135.16 /
INFO: [ app_init ] --START--
INFO: Run Behavior\BuildLiteBehavior [ RunTime:0.000019s ]
INFO: [ app_init ] --END-- [ RunTime:0.001290s ]
INFO: [ app_begin ] --START--
INFO: Run Behavior\ReadHtmlCacheBehavior [ RunTime:0.001684s ]
INFO: [ app_begin ] --END-- [ RunTime:0.001729s ]
INFO: [ app_end ] --START--
INFO: Run Behavior\ShowPageTraceBehavior [ RunTime:0.002134s ]
INFO: [ app_end ] --END-- [ RunTime:0.002199s ]

[ 2017-12-03T19:48:21+08:00 ] 183.136.190.62 /
INFO: [ app_init ] --START--
INFO: Run Behavior\BuildLiteBehavior [ RunTime:0.000014s ]
INFO: [ app_init ] --END-- [ RunTime:0.000505s ]
INFO: [ app_begin ] --START--
INFO: Run Behavior\ReadHtmlCacheBehavior [ RunTime:0.000719s ]
INFO: [ app_begin ] --END-- [ RunTime:0.000759s ]
INFO: [ app_end ] --START--
INFO: Run Behavior\ShowPageTraceBehavior [ RunTime:0.000739s ]
INFO: [ app_end ] --END-- [ RunTime:0.000783s ]

[ 2017-12-03T21:04:56+08:00 ] 223.12.233.165 /
INFO: [ app_init ] --START--
INFO: Run Behavior\BuildLiteBehavior [ RunTime:0.000017s ]
INFO: [ app_init ] --END-- [ RunTime:0.001600s ]
INFO: [ app_begin ] --START--
INFO: Run Behavior\ReadHtmlCacheBehavior [ RunTime:0.001886s ]
INFO: [ app_begin ] --END-- [ RunTime:0.001928s ]
INFO: [ app_end ] --START--
INFO: Run Behavior\ShowPageTraceBehavior [ RunTime:0.001633s ]
INFO: [ app_end ] --END-- [ RunTime:0.001684s ]

[ 2017-12-03T21:51:16+08:00 ] 139.162.108.53 /
INFO: [ app_init ] --START--
INFO: Run Behavior\BuildLiteBehavior [ RunTime:0.000017s ]
INFO: [ app_init ] --END-- [ RunTime:0.001217s ]
INFO: [ app_begin ] --START--
INFO: Run Behavior\ReadHtmlCacheBehavior [ RunTime:0.001454s ]
INFO: [ app_begin ] --END-- [ RunTime:0.001495s ]
INFO: [ app_end ] --START--
INFO: Run Behavior\ShowPageTraceBehavior [ RunTime:0.001796s ]
INFO: [ app_end ] --END-- [ RunTime:0.001853s ]

