[ 2017-12-02T01:41:05+08:00 ] 120.78.231.236 /
INFO: [ app_init ] --START--
INFO: Run Behavior\BuildLiteBehavior [ RunTime:0.000014s ]
INFO: [ app_init ] --END-- [ RunTime:0.000063s ]
INFO: [ app_begin ] --START--
INFO: Run Behavior\ReadHtmlCacheBehavior [ RunTime:0.001737s ]
INFO: [ app_begin ] --END-- [ RunTime:0.001779s ]
INFO: [ app_end ] --START--
INFO: Run Behavior\ShowPageTraceBehavior [ RunTime:0.002168s ]
INFO: [ app_end ] --END-- [ RunTime:0.002234s ]

[ 2017-12-02T01:51:56+08:00 ] 164.132.91.1 /
INFO: [ app_init ] --START--
INFO: Run Behavior\BuildLiteBehavior [ RunTime:0.000016s ]
INFO: [ app_init ] --END-- [ RunTime:0.000361s ]
INFO: [ app_begin ] --START--
INFO: Run Behavior\ReadHtmlCacheBehavior [ RunTime:0.000572s ]
INFO: [ app_begin ] --END-- [ RunTime:0.000619s ]
INFO: [ app_end ] --START--
INFO: Run Behavior\ShowPageTraceBehavior [ RunTime:0.000514s ]
INFO: [ app_end ] --END-- [ RunTime:0.000558s ]

[ 2017-12-02T05:15:43+08:00 ] 139.162.114.70 /
INFO: [ app_init ] --START--
INFO: Run Behavior\BuildLiteBehavior [ RunTime:0.000020s ]
INFO: [ app_init ] --END-- [ RunTime:0.012331s ]
INFO: [ app_begin ] --START--
INFO: Run Behavior\ReadHtmlCacheBehavior [ RunTime:0.016097s ]
INFO: [ app_begin ] --END-- [ RunTime:0.016147s ]
INFO: [ app_end ] --START--
INFO: Run Behavior\ShowPageTraceBehavior [ RunTime:0.009066s ]
INFO: [ app_end ] --END-- [ RunTime:0.009124s ]

[ 2017-12-02T05:59:39+08:00 ] 116.62.209.27 /
INFO: [ app_init ] --START--
INFO: Run Behavior\BuildLiteBehavior [ RunTime:0.000015s ]
INFO: [ app_init ] --END-- [ RunTime:0.000364s ]
INFO: [ app_begin ] --START--
INFO: Run Behavior\ReadHtmlCacheBehavior [ RunTime:0.000654s ]
INFO: [ app_begin ] --END-- [ RunTime:0.000691s ]
INFO: [ app_end ] --START--
INFO: Run Behavior\ShowPageTraceBehavior [ RunTime:0.000547s ]
INFO: [ app_end ] --END-- [ RunTime:0.000586s ]

[ 2017-12-02T06:11:23+08:00 ] 218.94.29.59 /
INFO: [ app_init ] --START--
INFO: Run Behavior\BuildLiteBehavior [ RunTime:0.000024s ]
INFO: [ app_init ] --END-- [ RunTime:0.000368s ]
INFO: [ app_begin ] --START--
INFO: Run Behavior\ReadHtmlCacheBehavior [ RunTime:0.000534s ]
INFO: [ app_begin ] --END-- [ RunTime:0.000574s ]
INFO: [ app_end ] --START--
INFO: Run Behavior\ShowPageTraceBehavior [ RunTime:0.000526s ]
INFO: [ app_end ] --END-- [ RunTime:0.000576s ]

[ 2017-12-02T06:22:01+08:00 ] 101.4.110.154 /
INFO: [ app_init ] --START--
INFO: Run Behavior\BuildLiteBehavior [ RunTime:0.000016s ]
INFO: [ app_init ] --END-- [ RunTime:0.000372s ]
INFO: [ app_begin ] --START--
INFO: Run Behavior\ReadHtmlCacheBehavior [ RunTime:0.000556s ]
INFO: [ app_begin ] --END-- [ RunTime:0.000596s ]
INFO: [ app_end ] --START--
INFO: Run Behavior\ShowPageTraceBehavior [ RunTime:0.000574s ]
INFO: [ app_end ] --END-- [ RunTime:0.000618s ]

[ 2017-12-02T06:22:02+08:00 ] 101.4.110.154 /
INFO: [ app_init ] --START--
INFO: Run Behavior\BuildLiteBehavior [ RunTime:0.000016s ]
INFO: [ app_init ] --END-- [ RunTime:0.000411s ]
INFO: [ app_begin ] --START--
INFO: Run Behavior\ReadHtmlCacheBehavior [ RunTime:0.000514s ]
INFO: [ app_begin ] --END-- [ RunTime:0.000552s ]
INFO: [ app_end ] --START--
INFO: Run Behavior\ShowPageTraceBehavior [ RunTime:0.000527s ]
INFO: [ app_end ] --END-- [ RunTime:0.000571s ]

[ 2017-12-02T06:41:46+08:00 ] 116.62.209.27 /
INFO: [ app_init ] --START--
INFO: Run Behavior\BuildLiteBehavior [ RunTime:0.000015s ]
INFO: [ app_init ] --END-- [ RunTime:0.000342s ]
INFO: [ app_begin ] --START--
INFO: Run Behavior\ReadHtmlCacheBehavior [ RunTime:0.000547s ]
INFO: [ app_begin ] --END-- [ RunTime:0.000586s ]
INFO: [ app_end ] --START--
INFO: Run Behavior\ShowPageTraceBehavior [ RunTime:0.000543s ]
INFO: [ app_end ] --END-- [ RunTime:0.000586s ]

[ 2017-12-02T06:52:20+08:00 ] 47.95.28.143 /
INFO: [ app_init ] --START--
INFO: Run Behavior\BuildLiteBehavior [ RunTime:0.000012s ]
INFO: [ app_init ] --END-- [ RunTime:0.000060s ]
INFO: [ app_begin ] --START--
INFO: Run Behavior\ReadHtmlCacheBehavior [ RunTime:0.000503s ]
INFO: [ app_begin ] --END-- [ RunTime:0.000541s ]
INFO: [ app_end ] --START--
INFO: Run Behavior\ShowPageTraceBehavior [ RunTime:0.000642s ]
INFO: [ app_end ] --END-- [ RunTime:0.000683s ]

[ 2017-12-02T08:01:18+08:00 ] 172.104.108.109 /
INFO: [ app_init ] --START--
INFO: Run Behavior\BuildLiteBehavior [ RunTime:0.000022s ]
INFO: [ app_init ] --END-- [ RunTime:0.001342s ]
INFO: [ app_begin ] --START--
INFO: Run Behavior\ReadHtmlCacheBehavior [ RunTime:0.002052s ]
INFO: [ app_begin ] --END-- [ RunTime:0.002104s ]
INFO: [ app_end ] --START--
INFO: Run Behavior\ShowPageTraceBehavior [ RunTime:0.001737s ]
INFO: [ app_end ] --END-- [ RunTime:0.001796s ]

[ 2017-12-02T08:08:06+08:00 ] 163.177.13.2 /
INFO: [ app_init ] --START--
INFO: Run Behavior\BuildLiteBehavior [ RunTime:0.000016s ]
INFO: [ app_init ] --END-- [ RunTime:0.000340s ]
INFO: [ app_begin ] --START--
INFO: Run Behavior\ReadHtmlCacheBehavior [ RunTime:0.000500s ]
INFO: [ app_begin ] --END-- [ RunTime:0.000538s ]
INFO: [ app_end ] --START--
INFO: Run Behavior\ShowPageTraceBehavior [ RunTime:0.000569s ]
INFO: [ app_end ] --END-- [ RunTime:0.000608s ]

[ 2017-12-02T11:02:26+08:00 ] 61.151.178.169 /index.php/home/index/all_orders
INFO: [ app_init ] --START--
INFO: Run Behavior\BuildLiteBehavior [ RunTime:0.000026s ]
INFO: [ app_init ] --END-- [ RunTime:0.012853s ]
INFO: [ app_begin ] --START--
INFO: Run Behavior\ReadHtmlCacheBehavior [ RunTime:0.017338s ]
INFO: [ app_begin ] --END-- [ RunTime:0.017393s ]
SQL: SHOW COLUMNS FROM `order` [ RunTime:0.0133s ]
SQL: SHOW COLUMNS FROM `consumer` [ RunTime:0.0075s ]
SQL: SELECT * FROM `consumer` WHERE ( openid='oPL7sv-AMDdXMIWd3J3TNVTo5O_c' ) LIMIT 1   [ RunTime:0.0003s ]
SQL: SELECT * FROM `order` WHERE ( user='oPL7sv-AMDdXMIWd3J3TNVTo5O_c' AND paied = 1 AND (state = 0 OR state = 1 OR (pay_for = 0 AND state = 2)) ) ORDER BY or_time desc  [ RunTime:0.0003s ]
SQL: SHOW COLUMNS FROM `goods` [ RunTime:0.0099s ]
SQL: SHOW COLUMNS FROM `g_price` [ RunTime:0.0068s ]
INFO: [ view_parse ] --START--
INFO: [ template_filter ] --START--
INFO: Run Behavior\ContentReplaceBehavior [ RunTime:0.000117s ]
INFO: [ template_filter ] --END-- [ RunTime:0.000174s ]
INFO: Run Behavior\ParseTemplateBehavior [ RunTime:0.121910s ]
INFO: [ view_parse ] --END-- [ RunTime:0.121966s ]
INFO: [ view_filter ] --START--
INFO: Run Behavior\WriteHtmlCacheBehavior [ RunTime:0.010553s ]
INFO: [ view_filter ] --END-- [ RunTime:0.010603s ]
INFO: [ app_end ] --START--
INFO: Run Behavior\ShowPageTraceBehavior [ RunTime:0.008752s ]
INFO: [ app_end ] --END-- [ RunTime:0.008790s ]

[ 2017-12-02T11:02:29+08:00 ] 61.151.178.169 /index.php/Home/Index/ajax_orders?product=2
INFO: [ app_init ] --START--
INFO: Run Behavior\BuildLiteBehavior [ RunTime:0.000014s ]
INFO: [ app_init ] --END-- [ RunTime:0.000334s ]
INFO: [ app_begin ] --START--
INFO: Run Behavior\ReadHtmlCacheBehavior [ RunTime:0.000410s ]
INFO: [ app_begin ] --END-- [ RunTime:0.000444s ]
SQL: SHOW COLUMNS FROM `order` [ RunTime:0.0120s ]
SQL: SHOW COLUMNS FROM `goods` [ RunTime:0.0076s ]
SQL: SHOW COLUMNS FROM `g_price` [ RunTime:0.0086s ]
SQL: SELECT * FROM `order` WHERE ( user='oPL7sv-AMDdXMIWd3J3TNVTo5O_c' ) ORDER BY or_time desc  [ RunTime:0.0004s ]
INFO: [ app_end ] --START--
INFO: Run Behavior\ShowPageTraceBehavior [ RunTime:0.000576s ]
INFO: [ app_end ] --END-- [ RunTime:0.000612s ]

[ 2017-12-02T11:02:29+08:00 ] 223.167.152.124 /
INFO: [ app_init ] --START--
INFO: Run Behavior\BuildLiteBehavior [ RunTime:0.000014s ]
INFO: [ app_init ] --END-- [ RunTime:0.000350s ]
INFO: [ app_begin ] --START--
INFO: Run Behavior\ReadHtmlCacheBehavior [ RunTime:0.000513s ]
INFO: [ app_begin ] --END-- [ RunTime:0.000552s ]
INFO: [ app_end ] --START--
INFO: Run Behavior\ShowPageTraceBehavior [ RunTime:0.000510s ]
INFO: [ app_end ] --END-- [ RunTime:0.000552s ]

[ 2017-12-02T11:02:35+08:00 ] 61.151.178.169 /index.php/Home/index/personal_center.html
INFO: [ app_init ] --START--
INFO: Run Behavior\BuildLiteBehavior [ RunTime:0.000014s ]
INFO: [ app_init ] --END-- [ RunTime:0.000301s ]
INFO: [ app_begin ] --START--
INFO: Run Behavior\ReadHtmlCacheBehavior [ RunTime:0.000392s ]
INFO: [ app_begin ] --END-- [ RunTime:0.000428s ]
SQL: SHOW COLUMNS FROM `consumer` [ RunTime:0.0128s ]
SQL: SELECT * FROM `consumer` WHERE ( openid='oPL7sv-AMDdXMIWd3J3TNVTo5O_c' ) LIMIT 1   [ RunTime:0.0003s ]
SQL: SELECT * FROM `consumer` WHERE ( openid='oPL7sv-AMDdXMIWd3J3TNVTo5O_c' ) LIMIT 1   [ RunTime:0.0002s ]
INFO: [ view_parse ] --START--
INFO: [ template_filter ] --START--
INFO: Run Behavior\ContentReplaceBehavior [ RunTime:0.000063s ]
INFO: [ template_filter ] --END-- [ RunTime:0.000105s ]
INFO: Run Behavior\ParseTemplateBehavior [ RunTime:0.048129s ]
INFO: [ view_parse ] --END-- [ RunTime:0.048195s ]
INFO: [ view_filter ] --START--
INFO: Run Behavior\WriteHtmlCacheBehavior [ RunTime:0.000269s ]
INFO: [ view_filter ] --END-- [ RunTime:0.000300s ]
INFO: [ app_end ] --START--
INFO: Run Behavior\ShowPageTraceBehavior [ RunTime:0.000464s ]
INFO: [ app_end ] --END-- [ RunTime:0.000498s ]

[ 2017-12-02T11:02:38+08:00 ] 61.151.178.169 /index.php/Home/index/personal_center.html
INFO: [ app_init ] --START--
INFO: Run Behavior\BuildLiteBehavior [ RunTime:0.000021s ]
INFO: [ app_init ] --END-- [ RunTime:0.000333s ]
INFO: [ app_begin ] --START--
INFO: Run Behavior\ReadHtmlCacheBehavior [ RunTime:0.000422s ]
INFO: [ app_begin ] --END-- [ RunTime:0.000460s ]
SQL: SHOW COLUMNS FROM `consumer` [ RunTime:0.0135s ]
SQL: SELECT * FROM `consumer` WHERE ( openid='oPL7sv-AMDdXMIWd3J3TNVTo5O_c' ) LIMIT 1   [ RunTime:0.0004s ]
SQL: SELECT * FROM `consumer` WHERE ( openid='oPL7sv-AMDdXMIWd3J3TNVTo5O_c' ) LIMIT 1   [ RunTime:0.0009s ]
INFO: [ view_parse ] --START--
INFO: [ template_filter ] --START--
INFO: Run Behavior\ContentReplaceBehavior [ RunTime:0.000054s ]
INFO: [ template_filter ] --END-- [ RunTime:0.000092s ]
INFO: Run Behavior\ParseTemplateBehavior [ RunTime:0.006048s ]
INFO: [ view_parse ] --END-- [ RunTime:0.006090s ]
INFO: [ view_filter ] --START--
INFO: Run Behavior\WriteHtmlCacheBehavior [ RunTime:0.000267s ]
INFO: [ view_filter ] --END-- [ RunTime:0.000299s ]
INFO: [ app_end ] --START--
INFO: Run Behavior\ShowPageTraceBehavior [ RunTime:0.000445s ]
INFO: [ app_end ] --END-- [ RunTime:0.000480s ]

[ 2017-12-02T11:02:40+08:00 ] 61.151.178.169 /index.php/home/index/balance.html
INFO: [ app_init ] --START--
INFO: Run Behavior\BuildLiteBehavior [ RunTime:0.000019s ]
INFO: [ app_init ] --END-- [ RunTime:0.000397s ]
INFO: [ app_begin ] --START--
INFO: Run Behavior\ReadHtmlCacheBehavior [ RunTime:0.000526s ]
INFO: [ app_begin ] --END-- [ RunTime:0.000576s ]
SQL: SHOW COLUMNS FROM `consumer` [ RunTime:0.0136s ]
SQL: SELECT * FROM `consumer` WHERE ( consumer.openid = "oPL7sv-AMDdXMIWd3J3TNVTo5O_c" ) LIMIT 1   [ RunTime:0.0004s ]
INFO: [ view_parse ] --START--
INFO: [ template_filter ] --START--
INFO: Run Behavior\ContentReplaceBehavior [ RunTime:0.000060s ]
INFO: [ template_filter ] --END-- [ RunTime:0.000128s ]
INFO: Run Behavior\ParseTemplateBehavior [ RunTime:0.034933s ]
INFO: [ view_parse ] --END-- [ RunTime:0.034999s ]
INFO: [ view_filter ] --START--
INFO: Run Behavior\WriteHtmlCacheBehavior [ RunTime:0.000296s ]
INFO: [ view_filter ] --END-- [ RunTime:0.000328s ]
INFO: [ app_end ] --START--
INFO: Run Behavior\ShowPageTraceBehavior [ RunTime:0.000510s ]
INFO: [ app_end ] --END-- [ RunTime:0.000550s ]

[ 2017-12-02T11:02:43+08:00 ] 61.151.178.169 /index.php/home/index/all_orders.html
INFO: [ app_init ] --START--
INFO: Run Behavior\BuildLiteBehavior [ RunTime:0.000015s ]
INFO: [ app_init ] --END-- [ RunTime:0.000354s ]
INFO: [ app_begin ] --START--
INFO: Run Behavior\ReadHtmlCacheBehavior [ RunTime:0.000448s ]
INFO: [ app_begin ] --END-- [ RunTime:0.000486s ]
SQL: SHOW COLUMNS FROM `order` [ RunTime:0.0145s ]
SQL: SHOW COLUMNS FROM `consumer` [ RunTime:0.0113s ]
SQL: SELECT * FROM `consumer` WHERE ( openid='oPL7sv-AMDdXMIWd3J3TNVTo5O_c' ) LIMIT 1   [ RunTime:0.0004s ]
SQL: SELECT * FROM `order` WHERE ( user='oPL7sv-AMDdXMIWd3J3TNVTo5O_c' AND paied = 1 AND (state = 0 OR state = 1 OR (pay_for = 0 AND state = 2)) ) ORDER BY or_time desc  [ RunTime:0.0004s ]
SQL: SHOW COLUMNS FROM `goods` [ RunTime:0.0108s ]
SQL: SHOW COLUMNS FROM `g_price` [ RunTime:0.0114s ]
INFO: [ view_parse ] --START--
INFO: [ template_filter ] --START--
INFO: Run Behavior\ContentReplaceBehavior [ RunTime:0.000055s ]
INFO: [ template_filter ] --END-- [ RunTime:0.000097s ]
INFO: Run Behavior\ParseTemplateBehavior [ RunTime:0.005998s ]
INFO: [ view_parse ] --END-- [ RunTime:0.006041s ]
INFO: [ view_filter ] --START--
INFO: Run Behavior\WriteHtmlCacheBehavior [ RunTime:0.000266s ]
INFO: [ view_filter ] --END-- [ RunTime:0.000298s ]
INFO: [ app_end ] --START--
INFO: Run Behavior\ShowPageTraceBehavior [ RunTime:0.000446s ]
INFO: [ app_end ] --END-- [ RunTime:0.000480s ]

[ 2017-12-02T11:02:44+08:00 ] 120.204.17.70 /index.php/Home/index/personal_center.html
INFO: [ app_init ] --START--
INFO: Run Behavior\BuildLiteBehavior [ RunTime:0.000023s ]
INFO: [ app_init ] --END-- [ RunTime:0.000498s ]
INFO: [ app_begin ] --START--
INFO: Run Behavior\ReadHtmlCacheBehavior [ RunTime:0.000680s ]
INFO: [ app_begin ] --END-- [ RunTime:0.000734s ]
NOTIC: [8] Undefined index: code C:\xampp\htdocs\jianshen\Application\Home\Controller\IndexController.class.php 第 402 行.
NOTIC: [8] Undefined index: state C:\xampp\htdocs\jianshen\Application\Home\Controller\IndexController.class.php 第 403 行.
SQL: SHOW COLUMNS FROM `consumer` [ RunTime:0.0139s ]
SQL: SELECT * FROM `consumer` WHERE ( openid='' ) LIMIT 1   [ RunTime:0.0004s ]
SQL: SELECT * FROM `consumer` WHERE ( openid='' ) LIMIT 1   [ RunTime:0.0003s ]
INFO: [ view_parse ] --START--
INFO: [ template_filter ] --START--
INFO: Run Behavior\ContentReplaceBehavior [ RunTime:0.000070s ]
INFO: [ template_filter ] --END-- [ RunTime:0.000128s ]
INFO: Run Behavior\ParseTemplateBehavior [ RunTime:0.007267s ]
INFO: [ view_parse ] --END-- [ RunTime:0.007313s ]
INFO: [ view_filter ] --START--
INFO: Run Behavior\WriteHtmlCacheBehavior [ RunTime:0.000432s ]
INFO: [ view_filter ] --END-- [ RunTime:0.000478s ]
INFO: [ app_end ] --START--
INFO: Run Behavior\ShowPageTraceBehavior [ RunTime:0.000734s ]
INFO: [ app_end ] --END-- [ RunTime:0.000786s ]

[ 2017-12-02T11:02:53+08:00 ] 120.204.17.71 /index.php/home/index/all_orders.html
INFO: [ app_init ] --START--
INFO: Run Behavior\BuildLiteBehavior [ RunTime:0.000014s ]
INFO: [ app_init ] --END-- [ RunTime:0.000330s ]
INFO: [ app_begin ] --START--
INFO: Run Behavior\ReadHtmlCacheBehavior [ RunTime:0.000441s ]
INFO: [ app_begin ] --END-- [ RunTime:0.000487s ]
SQL: SHOW COLUMNS FROM `order` [ RunTime:0.0124s ]
NOTIC: [8] Undefined index: code C:\xampp\htdocs\jianshen\Application\Home\Controller\IndexController.class.php 第 953 行.
NOTIC: [8] Undefined index: state C:\xampp\htdocs\jianshen\Application\Home\Controller\IndexController.class.php 第 954 行.
SQL: SHOW COLUMNS FROM `consumer` [ RunTime:0.0078s ]
SQL: SELECT * FROM `consumer` WHERE ( openid='' ) LIMIT 1   [ RunTime:0.0004s ]
SQL: SELECT * FROM `order` WHERE ( user='' AND paied = 1 AND (state = 0 OR state = 1 OR (pay_for = 0 AND state = 2)) ) ORDER BY or_time desc  [ RunTime:0.0004s ]
SQL: SHOW COLUMNS FROM `goods` [ RunTime:0.0082s ]
SQL: SHOW COLUMNS FROM `g_price` [ RunTime:0.0079s ]
INFO: [ view_parse ] --START--
INFO: [ template_filter ] --START--
INFO: Run Behavior\ContentReplaceBehavior [ RunTime:0.000058s ]
INFO: [ template_filter ] --END-- [ RunTime:0.000095s ]
INFO: Run Behavior\ParseTemplateBehavior [ RunTime:0.005458s ]
INFO: [ view_parse ] --END-- [ RunTime:0.005498s ]
INFO: [ view_filter ] --START--
INFO: Run Behavior\WriteHtmlCacheBehavior [ RunTime:0.000242s ]
INFO: [ view_filter ] --END-- [ RunTime:0.000271s ]
INFO: [ app_end ] --START--
INFO: Run Behavior\ShowPageTraceBehavior [ RunTime:0.000461s ]
INFO: [ app_end ] --END-- [ RunTime:0.000495s ]

[ 2017-12-02T12:23:24+08:00 ] 140.207.54.75 /index.php/Home/Wxjs/notify
INFO: [ app_init ] --START--
INFO: Run Behavior\BuildLiteBehavior [ RunTime:0.000023s ]
INFO: [ app_init ] --END-- [ RunTime:0.012911s ]
INFO: [ app_begin ] --START--
INFO: Run Behavior\ReadHtmlCacheBehavior [ RunTime:0.001486s ]
INFO: [ app_begin ] --END-- [ RunTime:0.001535s ]
NOTIC: [8] Undefined index: HTTP_RAW_POST_DATA C:\xampp\htdocs\jianshen\Application\Home\Controller\WxjsController.class.php 第 234 行.
NOTIC: [2] Invalid argument supplied for foreach() C:\xampp\htdocs\jianshen\ThinkPHP\Library\Vendor\WxPayPubHelper\WxPayPubHelper.php 第 99 行.
NOTIC: [2] ksort() expects parameter 1 to be array, null given C:\xampp\htdocs\jianshen\ThinkPHP\Library\Vendor\WxPayPubHelper\WxPayPubHelper.php 第 104 行.
NOTIC: [2] ksort() expects parameter 1 to be array, null given C:\xampp\htdocs\jianshen\ThinkPHP\Library\Vendor\WxPayPubHelper\WxPayPubHelper.php 第 75 行.
NOTIC: [2] Invalid argument supplied for foreach() C:\xampp\htdocs\jianshen\ThinkPHP\Library\Vendor\WxPayPubHelper\WxPayPubHelper.php 第 76 行.
NOTIC: [8] Undefined variable: reqPar C:\xampp\htdocs\jianshen\ThinkPHP\Library\Vendor\WxPayPubHelper\WxPayPubHelper.php 第 90 行.
ERR: Call to undefined function Home\Controller\log_result()

[ 2017-12-02T12:53:25+08:00 ] 140.207.54.76 /index.php/Home/Wxjs/notify
INFO: [ app_init ] --START--
INFO: Run Behavior\BuildLiteBehavior [ RunTime:0.000014s ]
INFO: [ app_init ] --END-- [ RunTime:0.000347s ]
INFO: [ app_begin ] --START--
INFO: Run Behavior\ReadHtmlCacheBehavior [ RunTime:0.000493s ]
INFO: [ app_begin ] --END-- [ RunTime:0.000540s ]
NOTIC: [8] Undefined index: HTTP_RAW_POST_DATA C:\xampp\htdocs\jianshen\Application\Home\Controller\WxjsController.class.php 第 234 行.
NOTIC: [2] Invalid argument supplied for foreach() C:\xampp\htdocs\jianshen\ThinkPHP\Library\Vendor\WxPayPubHelper\WxPayPubHelper.php 第 99 行.
NOTIC: [2] ksort() expects parameter 1 to be array, null given C:\xampp\htdocs\jianshen\ThinkPHP\Library\Vendor\WxPayPubHelper\WxPayPubHelper.php 第 104 行.
NOTIC: [2] ksort() expects parameter 1 to be array, null given C:\xampp\htdocs\jianshen\ThinkPHP\Library\Vendor\WxPayPubHelper\WxPayPubHelper.php 第 75 行.
NOTIC: [2] Invalid argument supplied for foreach() C:\xampp\htdocs\jianshen\ThinkPHP\Library\Vendor\WxPayPubHelper\WxPayPubHelper.php 第 76 行.
NOTIC: [8] Undefined variable: reqPar C:\xampp\htdocs\jianshen\ThinkPHP\Library\Vendor\WxPayPubHelper\WxPayPubHelper.php 第 90 行.
ERR: Call to undefined function Home\Controller\log_result()

[ 2017-12-02T13:53:29+08:00 ] 140.207.54.75 /index.php/Home/Wxjs/notify
INFO: [ app_init ] --START--
INFO: Run Behavior\BuildLiteBehavior [ RunTime:0.000017s ]
INFO: [ app_init ] --END-- [ RunTime:0.001707s ]
INFO: [ app_begin ] --START--
INFO: Run Behavior\ReadHtmlCacheBehavior [ RunTime:0.001388s ]
INFO: [ app_begin ] --END-- [ RunTime:0.001429s ]
NOTIC: [8] Undefined index: HTTP_RAW_POST_DATA C:\xampp\htdocs\jianshen\Application\Home\Controller\WxjsController.class.php 第 234 行.
NOTIC: [2] Invalid argument supplied for foreach() C:\xampp\htdocs\jianshen\ThinkPHP\Library\Vendor\WxPayPubHelper\WxPayPubHelper.php 第 99 行.
NOTIC: [2] ksort() expects parameter 1 to be array, null given C:\xampp\htdocs\jianshen\ThinkPHP\Library\Vendor\WxPayPubHelper\WxPayPubHelper.php 第 104 行.
NOTIC: [2] ksort() expects parameter 1 to be array, null given C:\xampp\htdocs\jianshen\ThinkPHP\Library\Vendor\WxPayPubHelper\WxPayPubHelper.php 第 75 行.
NOTIC: [2] Invalid argument supplied for foreach() C:\xampp\htdocs\jianshen\ThinkPHP\Library\Vendor\WxPayPubHelper\WxPayPubHelper.php 第 76 行.
NOTIC: [8] Undefined variable: reqPar C:\xampp\htdocs\jianshen\ThinkPHP\Library\Vendor\WxPayPubHelper\WxPayPubHelper.php 第 90 行.
ERR: Call to undefined function Home\Controller\log_result()

[ 2017-12-02T19:23:49+08:00 ] 47.100.64.9 /
INFO: [ app_init ] --START--
INFO: Run Behavior\BuildLiteBehavior [ RunTime:0.000015s ]
INFO: [ app_init ] --END-- [ RunTime:0.000067s ]
INFO: [ app_begin ] --START--
INFO: Run Behavior\ReadHtmlCacheBehavior [ RunTime:0.001721s ]
INFO: [ app_begin ] --END-- [ RunTime:0.001767s ]
INFO: [ app_end ] --START--
INFO: Run Behavior\ShowPageTraceBehavior [ RunTime:0.001601s ]
INFO: [ app_end ] --END-- [ RunTime:0.001655s ]

[ 2017-12-02T19:35:34+08:00 ] 183.136.190.62 /
INFO: [ app_init ] --START--
INFO: Run Behavior\BuildLiteBehavior [ RunTime:0.000014s ]
INFO: [ app_init ] --END-- [ RunTime:0.000359s ]
INFO: [ app_begin ] --START--
INFO: Run Behavior\ReadHtmlCacheBehavior [ RunTime:0.000781s ]
INFO: [ app_begin ] --END-- [ RunTime:0.000837s ]
INFO: [ app_end ] --START--
INFO: Run Behavior\ShowPageTraceBehavior [ RunTime:0.000514s ]
INFO: [ app_end ] --END-- [ RunTime:0.000555s ]

[ 2017-12-02T20:59:41+08:00 ] 122.114.35.33 /
INFO: [ app_init ] --START--
INFO: Run Behavior\BuildLiteBehavior [ RunTime:0.000026s ]
INFO: [ app_init ] --END-- [ RunTime:0.001680s ]
INFO: [ app_begin ] --START--
INFO: Run Behavior\ReadHtmlCacheBehavior [ RunTime:0.001999s ]
INFO: [ app_begin ] --END-- [ RunTime:0.002059s ]
INFO: [ app_end ] --START--
INFO: Run Behavior\ShowPageTraceBehavior [ RunTime:0.002072s ]
INFO: [ app_end ] --END-- [ RunTime:0.002151s ]

[ 2017-12-02T21:16:31+08:00 ] 123.181.104.233 http://gslb.dcdn.ptqy.gitv.tv:80/
INFO: [ app_init ] --START--
INFO: Run Behavior\BuildLiteBehavior [ RunTime:0.000019s ]
INFO: [ app_init ] --END-- [ RunTime:0.000527s ]
INFO: [ app_begin ] --START--
INFO: Run Behavior\ReadHtmlCacheBehavior [ RunTime:0.000745s ]
INFO: [ app_begin ] --END-- [ RunTime:0.000785s ]
INFO: [ app_end ] --START--
INFO: Run Behavior\ShowPageTraceBehavior [ RunTime:0.000734s ]
INFO: [ app_end ] --END-- [ RunTime:0.000828s ]

[ 2017-12-02T22:51:39+08:00 ] 212.129.9.202 /
INFO: [ app_init ] --START--
INFO: Run Behavior\BuildLiteBehavior [ RunTime:0.000015s ]
INFO: [ app_init ] --END-- [ RunTime:0.000071s ]
INFO: [ app_begin ] --START--
INFO: Run Behavior\ReadHtmlCacheBehavior [ RunTime:0.001648s ]
INFO: [ app_begin ] --END-- [ RunTime:0.001687s ]
INFO: [ app_end ] --START--
INFO: Run Behavior\ShowPageTraceBehavior [ RunTime:0.001698s ]
INFO: [ app_end ] --END-- [ RunTime:0.001763s ]

