[ 2017-11-05T07:37:28+08:00 ] 58.23.10.47 /index.php/Home/index/main.html
INFO: [ app_init ] --START--
INFO: Run Behavior\BuildLiteBehavior [ RunTime:0.000030s ]
INFO: [ app_init ] --END-- [ RunTime:0.016077s ]
INFO: [ app_begin ] --START--
INFO: Run Behavior\ReadHtmlCacheBehavior [ RunTime:0.023570s ]
INFO: [ app_begin ] --END-- [ RunTime:0.023649s ]
SQL: SHOW COLUMNS FROM `banner` [ RunTime:0.0180s ]
SQL: SELECT * FROM `banner`  [ RunTime:0.0006s ]
SQL: SHOW COLUMNS FROM `goods` [ RunTime:0.0087s ]
SQL: SELECT * FROM `goods`  [ RunTime:0.0005s ]
SQL: SHOW COLUMNS FROM `coupon` [ RunTime:0.0097s ]
SQL: SELECT * FROM `coupon` WHERE ( status = "N" ) LIMIT 1   [ RunTime:0.0166s ]
INFO: [ view_parse ] --START--
INFO: [ template_filter ] --START--
INFO: Run Behavior\ContentReplaceBehavior [ RunTime:0.000085s ]
INFO: [ template_filter ] --END-- [ RunTime:0.000135s ]
INFO: Run Behavior\ParseTemplateBehavior [ RunTime:0.168748s ]
INFO: [ view_parse ] --END-- [ RunTime:0.168812s ]
INFO: [ view_filter ] --START--
INFO: Run Behavior\WriteHtmlCacheBehavior [ RunTime:0.014183s ]
INFO: [ view_filter ] --END-- [ RunTime:0.014258s ]
INFO: [ app_end ] --START--
INFO: Run Behavior\ShowPageTraceBehavior [ RunTime:0.009191s ]
INFO: [ app_end ] --END-- [ RunTime:0.009245s ]

[ 2017-11-05T07:37:29+08:00 ] 183.36.112.205 /index.php/Home/Index/ajax_price?product=15
INFO: [ app_init ] --START--
INFO: Run Behavior\BuildLiteBehavior [ RunTime:0.000017s ]
INFO: [ app_init ] --END-- [ RunTime:0.000417s ]
INFO: [ app_begin ] --START--
INFO: Run Behavior\ReadHtmlCacheBehavior [ RunTime:0.000566s ]
INFO: [ app_begin ] --END-- [ RunTime:0.000604s ]
SQL: SHOW COLUMNS FROM `g_price` [ RunTime:0.0147s ]
SQL: SELECT * FROM `g_price` WHERE ( g_id=15 )  [ RunTime:0.0005s ]
INFO: [ app_end ] --START--
INFO: Run Behavior\ShowPageTraceBehavior [ RunTime:0.003383s ]
INFO: [ app_end ] --END-- [ RunTime:0.003424s ]

[ 2017-11-05T07:37:36+08:00 ] 121.51.14.20 /
INFO: [ app_init ] --START--
INFO: Run Behavior\BuildLiteBehavior [ RunTime:0.000015s ]
INFO: [ app_init ] --END-- [ RunTime:0.000550s ]
INFO: [ app_begin ] --START--
INFO: Run Behavior\ReadHtmlCacheBehavior [ RunTime:0.000586s ]
INFO: [ app_begin ] --END-- [ RunTime:0.000626s ]
INFO: [ app_end ] --START--
INFO: Run Behavior\ShowPageTraceBehavior [ RunTime:0.003842s ]
INFO: [ app_end ] --END-- [ RunTime:0.003902s ]

[ 2017-11-05T07:37:36+08:00 ] 58.250.143.191 /
INFO: [ app_init ] --START--
INFO: Run Behavior\BuildLiteBehavior [ RunTime:0.000015s ]
INFO: [ app_init ] --END-- [ RunTime:0.000403s ]
INFO: [ app_begin ] --START--
INFO: Run Behavior\ReadHtmlCacheBehavior [ RunTime:0.000550s ]
INFO: [ app_begin ] --END-- [ RunTime:0.000590s ]
INFO: [ app_end ] --START--
INFO: Run Behavior\ShowPageTraceBehavior [ RunTime:0.000634s ]
INFO: [ app_end ] --END-- [ RunTime:0.000680s ]

[ 2017-11-05T07:37:36+08:00 ] 183.36.112.205 /index.php/Home/Index/ajax_price?product=14
INFO: [ app_init ] --START--
INFO: Run Behavior\BuildLiteBehavior [ RunTime:0.000023s ]
INFO: [ app_init ] --END-- [ RunTime:0.001298s ]
INFO: [ app_begin ] --START--
INFO: Run Behavior\ReadHtmlCacheBehavior [ RunTime:0.000659s ]
INFO: [ app_begin ] --END-- [ RunTime:0.000699s ]
SQL: SHOW COLUMNS FROM `g_price` [ RunTime:0.0665s ]
SQL: SELECT * FROM `g_price` WHERE ( g_id=14 )  [ RunTime:0.0022s ]
INFO: [ app_end ] --START--
INFO: Run Behavior\ShowPageTraceBehavior [ RunTime:0.000707s ]
INFO: [ app_end ] --END-- [ RunTime:0.000747s ]

[ 2017-11-05T07:37:39+08:00 ] 183.36.112.205 /index.php/Home/Index/ajax_price?product=15
INFO: [ app_init ] --START--
INFO: Run Behavior\BuildLiteBehavior [ RunTime:0.000016s ]
INFO: [ app_init ] --END-- [ RunTime:0.000451s ]
INFO: [ app_begin ] --START--
INFO: Run Behavior\ReadHtmlCacheBehavior [ RunTime:0.000566s ]
INFO: [ app_begin ] --END-- [ RunTime:0.000605s ]
SQL: SHOW COLUMNS FROM `g_price` [ RunTime:0.0129s ]
SQL: SELECT * FROM `g_price` WHERE ( g_id=15 )  [ RunTime:0.0003s ]
INFO: [ app_end ] --START--
INFO: Run Behavior\ShowPageTraceBehavior [ RunTime:0.000924s ]
INFO: [ app_end ] --END-- [ RunTime:0.000965s ]

[ 2017-11-05T07:37:52+08:00 ] 183.36.112.205 /index.php/Home/Index/ajax_price?product=14
INFO: [ app_init ] --START--
INFO: Run Behavior\BuildLiteBehavior [ RunTime:0.000025s ]
INFO: [ app_init ] --END-- [ RunTime:0.001470s ]
INFO: [ app_begin ] --START--
INFO: Run Behavior\ReadHtmlCacheBehavior [ RunTime:0.001445s ]
INFO: [ app_begin ] --END-- [ RunTime:0.001489s ]
SQL: SHOW COLUMNS FROM `g_price` [ RunTime:0.0139s ]
SQL: SELECT * FROM `g_price` WHERE ( g_id=14 )  [ RunTime:0.0003s ]
INFO: [ app_end ] --START--
INFO: Run Behavior\ShowPageTraceBehavior [ RunTime:0.002908s ]
INFO: [ app_end ] --END-- [ RunTime:0.002950s ]

[ 2017-11-05T07:37:58+08:00 ] 183.36.112.205 /index.php/Home/Index/ajax_price?product=24
INFO: [ app_init ] --START--
INFO: Run Behavior\BuildLiteBehavior [ RunTime:0.000015s ]
INFO: [ app_init ] --END-- [ RunTime:0.000534s ]
INFO: [ app_begin ] --START--
INFO: Run Behavior\ReadHtmlCacheBehavior [ RunTime:0.000659s ]
INFO: [ app_begin ] --END-- [ RunTime:0.000696s ]
SQL: SHOW COLUMNS FROM `g_price` [ RunTime:0.0139s ]
SQL: SELECT * FROM `g_price` WHERE ( g_id=24 )  [ RunTime:0.0003s ]
INFO: [ app_end ] --START--
INFO: Run Behavior\ShowPageTraceBehavior [ RunTime:0.000868s ]
INFO: [ app_end ] --END-- [ RunTime:0.000906s ]

[ 2017-11-05T09:06:22+08:00 ] 47.93.112.232 /
INFO: [ app_init ] --START--
INFO: Run Behavior\BuildLiteBehavior [ RunTime:0.000028s ]
INFO: [ app_init ] --END-- [ RunTime:0.002029s ]
INFO: [ app_begin ] --START--
INFO: Run Behavior\ReadHtmlCacheBehavior [ RunTime:0.021026s ]
INFO: [ app_begin ] --END-- [ RunTime:0.021104s ]
INFO: [ app_end ] --START--
INFO: Run Behavior\ShowPageTraceBehavior [ RunTime:0.012180s ]
INFO: [ app_end ] --END-- [ RunTime:0.012252s ]

[ 2017-11-05T11:19:47+08:00 ] 183.251.102.19 /
INFO: [ app_init ] --START--
INFO: Run Behavior\BuildLiteBehavior [ RunTime:0.000031s ]
INFO: [ app_init ] --END-- [ RunTime:0.013665s ]
INFO: [ app_begin ] --START--
INFO: Run Behavior\ReadHtmlCacheBehavior [ RunTime:0.018516s ]
INFO: [ app_begin ] --END-- [ RunTime:0.018563s ]
INFO: [ app_end ] --START--
INFO: Run Behavior\ShowPageTraceBehavior [ RunTime:0.008904s ]
INFO: [ app_end ] --END-- [ RunTime:0.008967s ]

[ 2017-11-05T11:19:47+08:00 ] 183.251.102.19 /index.php/home/index/get_unionid?code=071Z9a7y0SbAHj1Kkm6y0SrS6y0Z9a7L&state=dakang
INFO: [ app_init ] --START--
INFO: Run Behavior\BuildLiteBehavior [ RunTime:0.000015s ]
INFO: [ app_init ] --END-- [ RunTime:0.000364s ]
INFO: [ app_begin ] --START--
INFO: Run Behavior\ReadHtmlCacheBehavior [ RunTime:0.000454s ]
INFO: [ app_begin ] --END-- [ RunTime:0.000493s ]
SQL: SHOW COLUMNS FROM `consumer` [ RunTime:0.0149s ]
SQL: SELECT * FROM `consumer` WHERE ( openid='oPL7sv1KrDWedabuNVkNSB2Ct2ZE' ) LIMIT 1   [ RunTime:0.0004s ]

[ 2017-11-05T11:19:48+08:00 ] 183.251.102.19 /index.php/Home/index/main.html
INFO: [ app_init ] --START--
INFO: Run Behavior\BuildLiteBehavior [ RunTime:0.000017s ]
INFO: [ app_init ] --END-- [ RunTime:0.000390s ]
INFO: [ app_begin ] --START--
INFO: Run Behavior\ReadHtmlCacheBehavior [ RunTime:0.000481s ]
INFO: [ app_begin ] --END-- [ RunTime:0.000521s ]
SQL: SHOW COLUMNS FROM `banner` [ RunTime:0.0143s ]
SQL: SELECT * FROM `banner`  [ RunTime:0.0005s ]
SQL: SHOW COLUMNS FROM `goods` [ RunTime:0.0073s ]
SQL: SELECT * FROM `goods`  [ RunTime:0.0004s ]
SQL: SHOW COLUMNS FROM `coupon` [ RunTime:0.0071s ]
SQL: SELECT * FROM `coupon` WHERE ( status = "N" ) LIMIT 1   [ RunTime:0.0002s ]
INFO: [ view_parse ] --START--
INFO: [ template_filter ] --START--
INFO: Run Behavior\ContentReplaceBehavior [ RunTime:0.000084s ]
INFO: [ template_filter ] --END-- [ RunTime:0.000133s ]
INFO: Run Behavior\ParseTemplateBehavior [ RunTime:0.146987s ]
INFO: [ view_parse ] --END-- [ RunTime:0.147042s ]
INFO: [ view_filter ] --START--
INFO: Run Behavior\WriteHtmlCacheBehavior [ RunTime:0.012638s ]
INFO: [ view_filter ] --END-- [ RunTime:0.012676s ]
INFO: [ app_end ] --START--
INFO: Run Behavior\ShowPageTraceBehavior [ RunTime:0.000733s ]
INFO: [ app_end ] --END-- [ RunTime:0.000772s ]

[ 2017-11-05T11:19:49+08:00 ] 183.251.102.19 /index.php/Home/Index/ajax_price?product=15
INFO: [ app_init ] --START--
INFO: Run Behavior\BuildLiteBehavior [ RunTime:0.000016s ]
INFO: [ app_init ] --END-- [ RunTime:0.000395s ]
INFO: [ app_begin ] --START--
INFO: Run Behavior\ReadHtmlCacheBehavior [ RunTime:0.000473s ]
INFO: [ app_begin ] --END-- [ RunTime:0.000509s ]
SQL: SHOW COLUMNS FROM `g_price` [ RunTime:0.0138s ]
SQL: SELECT * FROM `g_price` WHERE ( g_id=15 )  [ RunTime:0.0015s ]
INFO: [ app_end ] --START--
INFO: Run Behavior\ShowPageTraceBehavior [ RunTime:0.000982s ]
INFO: [ app_end ] --END-- [ RunTime:0.001023s ]

[ 2017-11-05T11:19:52+08:00 ] 183.251.102.19 /index.php/Home/Index/ajax_price?product=14
INFO: [ app_init ] --START--
INFO: Run Behavior\BuildLiteBehavior [ RunTime:0.000017s ]
INFO: [ app_init ] --END-- [ RunTime:0.001225s ]
INFO: [ app_begin ] --START--
INFO: Run Behavior\ReadHtmlCacheBehavior [ RunTime:0.000644s ]
INFO: [ app_begin ] --END-- [ RunTime:0.000679s ]
SQL: SHOW COLUMNS FROM `g_price` [ RunTime:0.0144s ]
SQL: SELECT * FROM `g_price` WHERE ( g_id=14 )  [ RunTime:0.0004s ]
INFO: [ app_end ] --START--
INFO: Run Behavior\ShowPageTraceBehavior [ RunTime:0.000974s ]
INFO: [ app_end ] --END-- [ RunTime:0.001013s ]

[ 2017-11-05T11:19:53+08:00 ] 183.251.102.19 /index.php/Home/Index/ajax_price?product=24
INFO: [ app_init ] --START--
INFO: Run Behavior\BuildLiteBehavior [ RunTime:0.000044s ]
INFO: [ app_init ] --END-- [ RunTime:0.000552s ]
INFO: [ app_begin ] --START--
INFO: Run Behavior\ReadHtmlCacheBehavior [ RunTime:0.000700s ]
INFO: [ app_begin ] --END-- [ RunTime:0.000788s ]
SQL: SHOW COLUMNS FROM `g_price` [ RunTime:0.0197s ]
SQL: SELECT * FROM `g_price` WHERE ( g_id=24 )  [ RunTime:0.0005s ]
INFO: [ app_end ] --START--
INFO: Run Behavior\ShowPageTraceBehavior [ RunTime:0.000914s ]
INFO: [ app_end ] --END-- [ RunTime:0.000987s ]

[ 2017-11-05T11:19:55+08:00 ] 183.251.102.19 /index.php/Home/index/personal_center.html
INFO: [ app_init ] --START--
INFO: Run Behavior\BuildLiteBehavior [ RunTime:0.000014s ]
INFO: [ app_init ] --END-- [ RunTime:0.000326s ]
INFO: [ app_begin ] --START--
INFO: Run Behavior\ReadHtmlCacheBehavior [ RunTime:0.000426s ]
INFO: [ app_begin ] --END-- [ RunTime:0.000463s ]
SQL: SHOW COLUMNS FROM `consumer` [ RunTime:0.0122s ]
SQL: SELECT * FROM `consumer` WHERE ( openid='oPL7sv1KrDWedabuNVkNSB2Ct2ZE' ) LIMIT 1   [ RunTime:0.0004s ]
SQL: SELECT * FROM `consumer` WHERE ( openid='oPL7sv1KrDWedabuNVkNSB2Ct2ZE' ) LIMIT 1   [ RunTime:0.0003s ]
INFO: [ view_parse ] --START--
INFO: [ template_filter ] --START--
INFO: Run Behavior\ContentReplaceBehavior [ RunTime:0.000054s ]
INFO: [ template_filter ] --END-- [ RunTime:0.000108s ]
INFO: Run Behavior\ParseTemplateBehavior [ RunTime:0.050723s ]
INFO: [ view_parse ] --END-- [ RunTime:0.050780s ]
INFO: [ view_filter ] --START--
INFO: Run Behavior\WriteHtmlCacheBehavior [ RunTime:0.000596s ]
INFO: [ view_filter ] --END-- [ RunTime:0.000629s ]
INFO: [ app_end ] --START--
INFO: Run Behavior\ShowPageTraceBehavior [ RunTime:0.000582s ]
INFO: [ app_end ] --END-- [ RunTime:0.000618s ]

[ 2017-11-05T11:19:57+08:00 ] 183.251.102.19 /index.php/home/index/all_orders.html
INFO: [ app_init ] --START--
INFO: Run Behavior\BuildLiteBehavior [ RunTime:0.000014s ]
INFO: [ app_init ] --END-- [ RunTime:0.000334s ]
INFO: [ app_begin ] --START--
INFO: Run Behavior\ReadHtmlCacheBehavior [ RunTime:0.000435s ]
INFO: [ app_begin ] --END-- [ RunTime:0.000473s ]
SQL: SHOW COLUMNS FROM `order` [ RunTime:0.0130s ]
SQL: SHOW COLUMNS FROM `consumer` [ RunTime:0.0085s ]
SQL: SELECT * FROM `consumer` WHERE ( openid='oPL7sv1KrDWedabuNVkNSB2Ct2ZE' ) LIMIT 1   [ RunTime:0.0003s ]
SQL: SELECT * FROM `order` WHERE ( user='oPL7sv1KrDWedabuNVkNSB2Ct2ZE' ) ORDER BY or_time desc  [ RunTime:0.0005s ]
SQL: SHOW COLUMNS FROM `goods` [ RunTime:0.0224s ]
SQL: SHOW COLUMNS FROM `g_price` [ RunTime:0.0080s ]
SQL: SELECT * FROM `goods` WHERE ( id=24 ) LIMIT 1   [ RunTime:0.0005s ]
SQL: SELECT * FROM `g_price` WHERE ( id=89 ) LIMIT 1   [ RunTime:0.0002s ]
SQL: SELECT * FROM `goods` WHERE ( id=24 ) LIMIT 1   [ RunTime:0.0002s ]
SQL: SELECT * FROM `g_price` WHERE ( id=70 ) LIMIT 1   [ RunTime:0.0002s ]
SQL: SELECT * FROM `goods` WHERE ( id=24 ) LIMIT 1   [ RunTime:0.0002s ]
SQL: SELECT * FROM `g_price` WHERE ( id=70 ) LIMIT 1   [ RunTime:0.0001s ]
SQL: SELECT * FROM `goods` WHERE ( id=24 ) LIMIT 1   [ RunTime:0.0002s ]
SQL: SELECT * FROM `g_price` WHERE ( id=26 ) LIMIT 1   [ RunTime:0.0002s ]
SQL: SELECT * FROM `goods` WHERE ( id=24 ) LIMIT 1   [ RunTime:0.0002s ]
SQL: SELECT * FROM `g_price` WHERE ( id=25 ) LIMIT 1   [ RunTime:0.0001s ]
SQL: SELECT * FROM `goods` WHERE ( id=24 ) LIMIT 1   [ RunTime:0.0002s ]
SQL: SELECT * FROM `g_price` WHERE ( id=25 ) LIMIT 1   [ RunTime:0.0001s ]
SQL: SELECT * FROM `goods` WHERE ( id=24 ) LIMIT 1   [ RunTime:0.0002s ]
SQL: SELECT * FROM `g_price` WHERE ( id=25 ) LIMIT 1   [ RunTime:0.0001s ]
INFO: [ view_parse ] --START--
INFO: [ template_filter ] --START--
INFO: Run Behavior\ContentReplaceBehavior [ RunTime:0.000055s ]
INFO: [ template_filter ] --END-- [ RunTime:0.000102s ]
NOTIC: [8] Undefined index: img C:\xampp\htdocs\jianshen\Application\Runtime\Cache\Home\8188a8846b586940aed853291fd83df3.php 第 64 行.
INFO: Run Behavior\ParseTemplateBehavior [ RunTime:0.131679s ]
INFO: [ view_parse ] --END-- [ RunTime:0.131727s ]
INFO: [ view_filter ] --START--
INFO: Run Behavior\WriteHtmlCacheBehavior [ RunTime:0.000528s ]
INFO: [ view_filter ] --END-- [ RunTime:0.000563s ]
INFO: [ app_end ] --START--
INFO: Run Behavior\ShowPageTraceBehavior [ RunTime:0.001627s ]
INFO: [ app_end ] --END-- [ RunTime:0.001666s ]

[ 2017-11-05T11:19:57+08:00 ] 121.51.32.144 /index.php/Home/index/main.html
INFO: [ app_init ] --START--
INFO: Run Behavior\BuildLiteBehavior [ RunTime:0.000017s ]
INFO: [ app_init ] --END-- [ RunTime:0.001308s ]
INFO: [ app_begin ] --START--
INFO: Run Behavior\ReadHtmlCacheBehavior [ RunTime:0.001755s ]
INFO: [ app_begin ] --END-- [ RunTime:0.001810s ]
SQL: SHOW COLUMNS FROM `banner` [ RunTime:0.0089s ]
SQL: SELECT * FROM `banner`  [ RunTime:0.0002s ]
SQL: SHOW COLUMNS FROM `goods` [ RunTime:0.0048s ]
SQL: SELECT * FROM `goods`  [ RunTime:0.0005s ]
SQL: SHOW COLUMNS FROM `coupon` [ RunTime:0.0206s ]
SQL: SELECT * FROM `coupon` WHERE ( status = "N" ) LIMIT 1   [ RunTime:0.0003s ]
INFO: [ view_parse ] --START--
INFO: [ template_filter ] --START--
INFO: Run Behavior\ContentReplaceBehavior [ RunTime:0.000085s ]
INFO: [ template_filter ] --END-- [ RunTime:0.000133s ]
INFO: Run Behavior\ParseTemplateBehavior [ RunTime:0.112703s ]
INFO: [ view_parse ] --END-- [ RunTime:0.112759s ]
INFO: [ view_filter ] --START--
INFO: Run Behavior\WriteHtmlCacheBehavior [ RunTime:0.001651s ]
INFO: [ view_filter ] --END-- [ RunTime:0.001697s ]
INFO: [ app_end ] --START--
INFO: Run Behavior\ShowPageTraceBehavior [ RunTime:0.000821s ]
INFO: [ app_end ] --END-- [ RunTime:0.000861s ]

[ 2017-11-05T11:19:57+08:00 ] 121.51.32.144 /
INFO: [ app_init ] --START--
INFO: Run Behavior\BuildLiteBehavior [ RunTime:0.000015s ]
INFO: [ app_init ] --END-- [ RunTime:0.000380s ]
INFO: [ app_begin ] --START--
INFO: Run Behavior\ReadHtmlCacheBehavior [ RunTime:0.000645s ]
INFO: [ app_begin ] --END-- [ RunTime:0.000684s ]
INFO: [ app_end ] --START--
INFO: Run Behavior\ShowPageTraceBehavior [ RunTime:0.000554s ]
INFO: [ app_end ] --END-- [ RunTime:0.000595s ]

[ 2017-11-05T11:20:05+08:00 ] 120.204.17.69 /index.php/Home/index/personal_center.html
INFO: [ app_init ] --START--
INFO: Run Behavior\BuildLiteBehavior [ RunTime:0.000019s ]
INFO: [ app_init ] --END-- [ RunTime:0.001318s ]
INFO: [ app_begin ] --START--
INFO: Run Behavior\ReadHtmlCacheBehavior [ RunTime:0.000794s ]
INFO: [ app_begin ] --END-- [ RunTime:0.000834s ]
NOTIC: [8] Undefined index: code C:\xampp\htdocs\jianshen\Application\Home\Controller\IndexController.class.php 第 369 行.
NOTIC: [8] Undefined index: state C:\xampp\htdocs\jianshen\Application\Home\Controller\IndexController.class.php 第 370 行.
SQL: SHOW COLUMNS FROM `consumer` [ RunTime:0.0134s ]
SQL: SELECT * FROM `consumer` WHERE ( openid='' ) LIMIT 1   [ RunTime:0.0004s ]
SQL: SELECT * FROM `consumer` WHERE ( openid='' ) LIMIT 1   [ RunTime:0.0004s ]
INFO: [ view_parse ] --START--
INFO: [ template_filter ] --START--
INFO: Run Behavior\ContentReplaceBehavior [ RunTime:0.000059s ]
INFO: [ template_filter ] --END-- [ RunTime:0.000249s ]
INFO: Run Behavior\ParseTemplateBehavior [ RunTime:0.009281s ]
INFO: [ view_parse ] --END-- [ RunTime:0.009334s ]
INFO: [ view_filter ] --START--
INFO: Run Behavior\WriteHtmlCacheBehavior [ RunTime:0.000627s ]
INFO: [ view_filter ] --END-- [ RunTime:0.000661s ]
INFO: [ app_end ] --START--
INFO: Run Behavior\ShowPageTraceBehavior [ RunTime:0.000756s ]
INFO: [ app_end ] --END-- [ RunTime:0.000792s ]

[ 2017-11-05T11:20:06+08:00 ] 183.251.102.19 /index.php/Home/Index/ajax_orders?product=0
INFO: [ app_init ] --START--
INFO: Run Behavior\BuildLiteBehavior [ RunTime:0.000019s ]
INFO: [ app_init ] --END-- [ RunTime:0.000425s ]
INFO: [ app_begin ] --START--
INFO: Run Behavior\ReadHtmlCacheBehavior [ RunTime:0.000479s ]
INFO: [ app_begin ] --END-- [ RunTime:0.000525s ]
SQL: SHOW COLUMNS FROM `order` [ RunTime:0.0138s ]
SQL: SHOW COLUMNS FROM `goods` [ RunTime:0.0095s ]
SQL: SHOW COLUMNS FROM `g_price` [ RunTime:0.0112s ]
SQL: SELECT * FROM `order` WHERE ( user='oPL7sv1KrDWedabuNVkNSB2Ct2ZE' AND (state = 0 OR state = 4) ) ORDER BY or_time desc  [ RunTime:0.0006s ]
SQL: SELECT * FROM `goods` WHERE ( id=24 ) LIMIT 1   [ RunTime:0.0003s ]
SQL: SELECT * FROM `g_price` WHERE ( id=89 ) LIMIT 1   [ RunTime:0.0002s ]
NOTIC: [8] Undefined variable: pic C:\xampp\htdocs\jianshen\Application\Home\Controller\IndexController.class.php 第 1059 行.
SQL: SELECT * FROM `goods` WHERE ( id=24 ) LIMIT 1   [ RunTime:0.0002s ]
SQL: SELECT * FROM `g_price` WHERE ( id=25 ) LIMIT 1   [ RunTime:0.0002s ]
INFO: [ app_end ] --START--
INFO: Run Behavior\ShowPageTraceBehavior [ RunTime:0.001099s ]
INFO: [ app_end ] --END-- [ RunTime:0.001144s ]

[ 2017-11-05T11:20:07+08:00 ] 120.204.17.69 /index.php/home/index/all_orders.html
INFO: [ app_init ] --START--
INFO: Run Behavior\BuildLiteBehavior [ RunTime:0.000019s ]
INFO: [ app_init ] --END-- [ RunTime:0.001260s ]
INFO: [ app_begin ] --START--
INFO: Run Behavior\ReadHtmlCacheBehavior [ RunTime:0.000656s ]
INFO: [ app_begin ] --END-- [ RunTime:0.000753s ]
SQL: SHOW COLUMNS FROM `order` [ RunTime:0.0122s ]
NOTIC: [8] Undefined index: code C:\xampp\htdocs\jianshen\Application\Home\Controller\IndexController.class.php 第 880 行.
NOTIC: [8] Undefined index: state C:\xampp\htdocs\jianshen\Application\Home\Controller\IndexController.class.php 第 881 行.
SQL: SHOW COLUMNS FROM `consumer` [ RunTime:0.0097s ]
SQL: SELECT * FROM `consumer` WHERE ( openid='' ) LIMIT 1   [ RunTime:0.0003s ]
SQL: SELECT * FROM `order` WHERE ( user='' ) ORDER BY or_time desc  [ RunTime:0.0003s ]
SQL: SHOW COLUMNS FROM `goods` [ RunTime:0.0083s ]
SQL: SHOW COLUMNS FROM `g_price` [ RunTime:0.0071s ]
INFO: [ view_parse ] --START--
INFO: [ template_filter ] --START--
INFO: Run Behavior\ContentReplaceBehavior [ RunTime:0.000055s ]
INFO: [ template_filter ] --END-- [ RunTime:0.000103s ]
INFO: Run Behavior\ParseTemplateBehavior [ RunTime:0.007711s ]
INFO: [ view_parse ] --END-- [ RunTime:0.007762s ]
INFO: [ view_filter ] --START--
INFO: Run Behavior\WriteHtmlCacheBehavior [ RunTime:0.000860s ]
INFO: [ view_filter ] --END-- [ RunTime:0.000895s ]
INFO: [ app_end ] --START--
INFO: Run Behavior\ShowPageTraceBehavior [ RunTime:0.000695s ]
INFO: [ app_end ] --END-- [ RunTime:0.000730s ]

[ 2017-11-05T11:20:08+08:00 ] 183.251.102.19 /index.php/Home/Index/ajax_orders?product=1
INFO: [ app_init ] --START--
INFO: Run Behavior\BuildLiteBehavior [ RunTime:0.000018s ]
INFO: [ app_init ] --END-- [ RunTime:0.000587s ]
INFO: [ app_begin ] --START--
INFO: Run Behavior\ReadHtmlCacheBehavior [ RunTime:0.000677s ]
INFO: [ app_begin ] --END-- [ RunTime:0.000726s ]
SQL: SHOW COLUMNS FROM `order` [ RunTime:0.0163s ]
SQL: SHOW COLUMNS FROM `goods` [ RunTime:0.0092s ]
SQL: SHOW COLUMNS FROM `g_price` [ RunTime:0.0081s ]
SQL: SELECT * FROM `order` WHERE `state` = 1 AND ( user='oPL7sv1KrDWedabuNVkNSB2Ct2ZE' ) ORDER BY or_time desc  [ RunTime:0.0004s ]
SQL: SELECT * FROM `goods` WHERE ( id=24 ) LIMIT 1   [ RunTime:0.0003s ]
SQL: SELECT * FROM `g_price` WHERE ( id=70 ) LIMIT 1   [ RunTime:0.0001s ]
INFO: [ app_end ] --START--
INFO: Run Behavior\ShowPageTraceBehavior [ RunTime:0.000707s ]
INFO: [ app_end ] --END-- [ RunTime:0.000744s ]

[ 2017-11-05T11:20:09+08:00 ] 183.251.102.19 /index.php/Home/Index/ajax_orders?product=2
INFO: [ app_init ] --START--
INFO: Run Behavior\BuildLiteBehavior [ RunTime:0.000017s ]
INFO: [ app_init ] --END-- [ RunTime:0.000582s ]
INFO: [ app_begin ] --START--
INFO: Run Behavior\ReadHtmlCacheBehavior [ RunTime:0.000655s ]
INFO: [ app_begin ] --END-- [ RunTime:0.000690s ]
SQL: SHOW COLUMNS FROM `order` [ RunTime:0.0122s ]
SQL: SHOW COLUMNS FROM `goods` [ RunTime:0.0076s ]
SQL: SHOW COLUMNS FROM `g_price` [ RunTime:0.0078s ]
SQL: SELECT * FROM `order` WHERE `state` >= 2 AND ( user='oPL7sv1KrDWedabuNVkNSB2Ct2ZE' ) ORDER BY or_time desc  [ RunTime:0.0005s ]
SQL: SELECT * FROM `g_price` WHERE ( id=70 ) LIMIT 1   [ RunTime:0.0002s ]
NOTIC: [8] Undefined variable: re C:\xampp\htdocs\jianshen\Application\Home\Controller\IndexController.class.php 第 1149 行.
SQL: SELECT * FROM `g_price` WHERE ( id=26 ) LIMIT 1   [ RunTime:0.0001s ]
NOTIC: [8] Undefined variable: re C:\xampp\htdocs\jianshen\Application\Home\Controller\IndexController.class.php 第 1149 行.
SQL: SELECT * FROM `g_price` WHERE ( id=25 ) LIMIT 1   [ RunTime:0.0001s ]
NOTIC: [8] Undefined variable: re C:\xampp\htdocs\jianshen\Application\Home\Controller\IndexController.class.php 第 1149 行.
SQL: SELECT * FROM `g_price` WHERE ( id=25 ) LIMIT 1   [ RunTime:0.0001s ]
NOTIC: [8] Undefined variable: re C:\xampp\htdocs\jianshen\Application\Home\Controller\IndexController.class.php 第 1149 行.
SQL: SELECT * FROM `g_price` WHERE ( id=25 ) LIMIT 1   [ RunTime:0.0001s ]
INFO: [ app_end ] --START--
INFO: Run Behavior\ShowPageTraceBehavior [ RunTime:0.000964s ]
INFO: [ app_end ] --END-- [ RunTime:0.001005s ]

[ 2017-11-05T11:20:12+08:00 ] 183.251.102.19 /index.php/Home/Index/ajax_orders?product=all
INFO: [ app_init ] --START--
INFO: Run Behavior\BuildLiteBehavior [ RunTime:0.000021s ]
INFO: [ app_init ] --END-- [ RunTime:0.000542s ]
INFO: [ app_begin ] --START--
INFO: Run Behavior\ReadHtmlCacheBehavior [ RunTime:0.001359s ]
INFO: [ app_begin ] --END-- [ RunTime:0.001397s ]
SQL: SHOW COLUMNS FROM `order` [ RunTime:0.0228s ]
SQL: SHOW COLUMNS FROM `goods` [ RunTime:0.0089s ]
SQL: SHOW COLUMNS FROM `g_price` [ RunTime:0.0081s ]
SQL: SELECT * FROM `order` WHERE ( user='oPL7sv1KrDWedabuNVkNSB2Ct2ZE' ) ORDER BY or_time desc  [ RunTime:0.0005s ]
SQL: SELECT * FROM `goods` WHERE ( id=24 ) LIMIT 1   [ RunTime:0.0002s ]
SQL: SELECT * FROM `g_price` WHERE ( id=89 ) LIMIT 1   [ RunTime:0.0002s ]
NOTIC: [8] Undefined variable: pic C:\xampp\htdocs\jianshen\Application\Home\Controller\IndexController.class.php 第 1017 行.
SQL: SELECT * FROM `goods` WHERE ( id=24 ) LIMIT 1   [ RunTime:0.0002s ]
SQL: SELECT * FROM `g_price` WHERE ( id=70 ) LIMIT 1   [ RunTime:0.0002s ]
SQL: SELECT * FROM `goods` WHERE ( id=24 ) LIMIT 1   [ RunTime:0.0002s ]
SQL: SELECT * FROM `g_price` WHERE ( id=70 ) LIMIT 1   [ RunTime:0.0001s ]
SQL: SELECT * FROM `goods` WHERE ( id=24 ) LIMIT 1   [ RunTime:0.0002s ]
SQL: SELECT * FROM `g_price` WHERE ( id=26 ) LIMIT 1   [ RunTime:0.0001s ]
SQL: SELECT * FROM `goods` WHERE ( id=24 ) LIMIT 1   [ RunTime:0.0002s ]
SQL: SELECT * FROM `g_price` WHERE ( id=25 ) LIMIT 1   [ RunTime:0.0001s ]
SQL: SELECT * FROM `goods` WHERE ( id=24 ) LIMIT 1   [ RunTime:0.0002s ]
SQL: SELECT * FROM `g_price` WHERE ( id=25 ) LIMIT 1   [ RunTime:0.0001s ]
SQL: SELECT * FROM `goods` WHERE ( id=24 ) LIMIT 1   [ RunTime:0.0003s ]
SQL: SELECT * FROM `g_price` WHERE ( id=25 ) LIMIT 1   [ RunTime:0.0002s ]
INFO: [ app_end ] --START--
INFO: Run Behavior\ShowPageTraceBehavior [ RunTime:0.002008s ]
INFO: [ app_end ] --END-- [ RunTime:0.002047s ]

[ 2017-11-05T11:20:20+08:00 ] 183.251.102.19 /index.php/Home/index/about_us.html
INFO: [ app_init ] --START--
INFO: Run Behavior\BuildLiteBehavior [ RunTime:0.000014s ]
INFO: [ app_init ] --END-- [ RunTime:0.000505s ]
INFO: [ app_begin ] --START--
INFO: Run Behavior\ReadHtmlCacheBehavior [ RunTime:0.000647s ]
INFO: [ app_begin ] --END-- [ RunTime:0.000685s ]
SQL: SHOW COLUMNS FROM `about_us` [ RunTime:0.0119s ]
SQL: SELECT * FROM `about_us` WHERE ( id=1 ) LIMIT 1   [ RunTime:0.0373s ]
INFO: [ view_parse ] --START--
INFO: [ template_filter ] --START--
INFO: Run Behavior\ContentReplaceBehavior [ RunTime:0.000048s ]
INFO: [ template_filter ] --END-- [ RunTime:0.000114s ]
INFO: Run Behavior\ParseTemplateBehavior [ RunTime:0.124074s ]
INFO: [ view_parse ] --END-- [ RunTime:0.124130s ]
INFO: [ view_filter ] --START--
INFO: Run Behavior\WriteHtmlCacheBehavior [ RunTime:0.001401s ]
INFO: [ view_filter ] --END-- [ RunTime:0.001438s ]
INFO: [ app_end ] --START--
INFO: Run Behavior\ShowPageTraceBehavior [ RunTime:0.000679s ]
INFO: [ app_end ] --END-- [ RunTime:0.000715s ]

[ 2017-11-05T11:20:22+08:00 ] 183.251.102.19 /index.php/home/index/personal_coupon.html
INFO: [ app_init ] --START--
INFO: Run Behavior\BuildLiteBehavior [ RunTime:0.000025s ]
INFO: [ app_init ] --END-- [ RunTime:0.014625s ]
INFO: [ app_begin ] --START--
INFO: Run Behavior\ReadHtmlCacheBehavior [ RunTime:0.000732s ]
INFO: [ app_begin ] --END-- [ RunTime:0.000771s ]
SQL: SHOW COLUMNS FROM `user_coupon` [ RunTime:0.0139s ]
SQL: SELECT user_coupon.*,coupon.coupon_name,coupon.deadline FROM `user_coupon` LEFT JOIN coupon ON coupon.id = user_coupon.coupon_id  WHERE ( user_openid='oPL7sv1KrDWedabuNVkNSB2Ct2ZE' AND coupon.status = 'N' AND user_coupon.status = 'N' AND coupon.deadline > '2017-11-05' )  [ RunTime:0.0011s ]
INFO: [ view_parse ] --START--
INFO: [ template_filter ] --START--
INFO: Run Behavior\ContentReplaceBehavior [ RunTime:0.000055s ]
INFO: [ template_filter ] --END-- [ RunTime:0.000106s ]
INFO: Run Behavior\ParseTemplateBehavior [ RunTime:0.054671s ]
INFO: [ view_parse ] --END-- [ RunTime:0.054992s ]
INFO: [ view_filter ] --START--
INFO: Run Behavior\WriteHtmlCacheBehavior [ RunTime:0.000785s ]
INFO: [ view_filter ] --END-- [ RunTime:0.000820s ]
INFO: [ app_end ] --START--
INFO: Run Behavior\ShowPageTraceBehavior [ RunTime:0.000781s ]
INFO: [ app_end ] --END-- [ RunTime:0.000817s ]

[ 2017-11-05T11:20:25+08:00 ] 183.251.102.19 /index.php/home/index/personal_data.html
INFO: [ app_init ] --START--
INFO: Run Behavior\BuildLiteBehavior [ RunTime:0.000022s ]
INFO: [ app_init ] --END-- [ RunTime:0.000518s ]
INFO: [ app_begin ] --START--
INFO: Run Behavior\ReadHtmlCacheBehavior [ RunTime:0.000622s ]
INFO: [ app_begin ] --END-- [ RunTime:0.000660s ]
SQL: SHOW COLUMNS FROM `consumer` [ RunTime:0.0140s ]
SQL: SELECT * FROM `consumer` WHERE ( openid='oPL7sv1KrDWedabuNVkNSB2Ct2ZE' ) LIMIT 1   [ RunTime:0.0008s ]
INFO: [ view_parse ] --START--
INFO: [ template_filter ] --START--
INFO: Run Behavior\ContentReplaceBehavior [ RunTime:0.000064s ]
INFO: [ template_filter ] --END-- [ RunTime:0.000110s ]
NOTIC: [8] Undefined variable: flag C:\xampp\htdocs\jianshen\Application\Runtime\Cache\Home\803f01c452b0d6fe8b630355ad99c8f0.php 第 133 行.
NOTIC: [8] Undefined variable: flag C:\xampp\htdocs\jianshen\Application\Runtime\Cache\Home\803f01c452b0d6fe8b630355ad99c8f0.php 第 141 行.
NOTIC: [8] Undefined variable: flag C:\xampp\htdocs\jianshen\Application\Runtime\Cache\Home\803f01c452b0d6fe8b630355ad99c8f0.php 第 149 行.
INFO: Run Behavior\ParseTemplateBehavior [ RunTime:0.049976s ]
INFO: [ view_parse ] --END-- [ RunTime:0.050023s ]
INFO: [ view_filter ] --START--
INFO: Run Behavior\WriteHtmlCacheBehavior [ RunTime:0.000547s ]
INFO: [ view_filter ] --END-- [ RunTime:0.000580s ]
INFO: [ app_end ] --START--
INFO: Run Behavior\ShowPageTraceBehavior [ RunTime:0.000654s ]
INFO: [ app_end ] --END-- [ RunTime:0.000690s ]

[ 2017-11-05T11:20:32+08:00 ] 58.247.212.98 /index.php/home/index/personal_coupon.html
INFO: [ app_init ] --START--
INFO: Run Behavior\BuildLiteBehavior [ RunTime:0.000014s ]
INFO: [ app_init ] --END-- [ RunTime:0.000330s ]
INFO: [ app_begin ] --START--
INFO: Run Behavior\ReadHtmlCacheBehavior [ RunTime:0.000439s ]
INFO: [ app_begin ] --END-- [ RunTime:0.000478s ]
SQL: SHOW COLUMNS FROM `user_coupon` [ RunTime:0.0107s ]
SQL: SELECT user_coupon.*,coupon.coupon_name,coupon.deadline FROM `user_coupon` LEFT JOIN coupon ON coupon.id = user_coupon.coupon_id  WHERE ( user_openid='' AND coupon.status = 'N' AND user_coupon.status = 'N' AND coupon.deadline > '2017-11-05' )  [ RunTime:0.0004s ]
INFO: [ view_parse ] --START--
INFO: [ template_filter ] --START--
INFO: Run Behavior\ContentReplaceBehavior [ RunTime:0.000051s ]
INFO: [ template_filter ] --END-- [ RunTime:0.000090s ]
INFO: Run Behavior\ParseTemplateBehavior [ RunTime:0.006022s ]
INFO: [ view_parse ] --END-- [ RunTime:0.006061s ]
INFO: [ view_filter ] --START--
INFO: Run Behavior\WriteHtmlCacheBehavior [ RunTime:0.000482s ]
INFO: [ view_filter ] --END-- [ RunTime:0.000517s ]
INFO: [ app_end ] --START--
INFO: Run Behavior\ShowPageTraceBehavior [ RunTime:0.001371s ]
INFO: [ app_end ] --END-- [ RunTime:0.001408s ]

[ 2017-11-05T11:20:33+08:00 ] 121.51.32.144 /index.php/Home/index/about_us.html
INFO: [ app_init ] --START--
INFO: Run Behavior\BuildLiteBehavior [ RunTime:0.000014s ]
INFO: [ app_init ] --END-- [ RunTime:0.000377s ]
INFO: [ app_begin ] --START--
INFO: Run Behavior\ReadHtmlCacheBehavior [ RunTime:0.000535s ]
INFO: [ app_begin ] --END-- [ RunTime:0.000576s ]
SQL: SHOW COLUMNS FROM `about_us` [ RunTime:0.0123s ]
SQL: SELECT * FROM `about_us` WHERE ( id=1 ) LIMIT 1   [ RunTime:0.0002s ]
INFO: [ view_parse ] --START--
INFO: [ template_filter ] --START--
INFO: Run Behavior\ContentReplaceBehavior [ RunTime:0.000040s ]
INFO: [ template_filter ] --END-- [ RunTime:0.000078s ]
INFO: Run Behavior\ParseTemplateBehavior [ RunTime:0.007012s ]
INFO: [ view_parse ] --END-- [ RunTime:0.007052s ]
INFO: [ view_filter ] --START--
INFO: Run Behavior\WriteHtmlCacheBehavior [ RunTime:0.000563s ]
INFO: [ view_filter ] --END-- [ RunTime:0.000604s ]
INFO: [ app_end ] --START--
INFO: Run Behavior\ShowPageTraceBehavior [ RunTime:0.000725s ]
INFO: [ app_end ] --END-- [ RunTime:0.000763s ]

[ 2017-11-05T11:20:42+08:00 ] 121.51.32.144 /index.php/home/index/personal_data.html
INFO: [ app_init ] --START--
INFO: Run Behavior\BuildLiteBehavior [ RunTime:0.000014s ]
INFO: [ app_init ] --END-- [ RunTime:0.000507s ]
INFO: [ app_begin ] --START--
INFO: Run Behavior\ReadHtmlCacheBehavior [ RunTime:0.000845s ]
INFO: [ app_begin ] --END-- [ RunTime:0.000887s ]
SQL: SHOW COLUMNS FROM `consumer` [ RunTime:0.0115s ]
SQL: SELECT * FROM `consumer` WHERE ( openid='' ) LIMIT 1   [ RunTime:0.0004s ]
INFO: [ view_parse ] --START--
INFO: [ template_filter ] --START--
INFO: Run Behavior\ContentReplaceBehavior [ RunTime:0.000056s ]
INFO: [ template_filter ] --END-- [ RunTime:0.000107s ]
NOTIC: [8] Undefined variable: flag C:\xampp\htdocs\jianshen\Application\Runtime\Cache\Home\803f01c452b0d6fe8b630355ad99c8f0.php 第 133 行.
NOTIC: [8] Undefined variable: flag C:\xampp\htdocs\jianshen\Application\Runtime\Cache\Home\803f01c452b0d6fe8b630355ad99c8f0.php 第 141 行.
NOTIC: [8] Undefined variable: flag C:\xampp\htdocs\jianshen\Application\Runtime\Cache\Home\803f01c452b0d6fe8b630355ad99c8f0.php 第 149 行.
INFO: Run Behavior\ParseTemplateBehavior [ RunTime:0.073185s ]
INFO: [ view_parse ] --END-- [ RunTime:0.073227s ]
INFO: [ view_filter ] --START--
INFO: Run Behavior\WriteHtmlCacheBehavior [ RunTime:0.001204s ]
INFO: [ view_filter ] --END-- [ RunTime:0.001247s ]
INFO: [ app_end ] --START--
INFO: Run Behavior\ShowPageTraceBehavior [ RunTime:0.000736s ]
INFO: [ app_end ] --END-- [ RunTime:0.000775s ]

[ 2017-11-05T12:00:30+08:00 ] 47.100.64.86 /
INFO: [ app_init ] --START--
INFO: Run Behavior\BuildLiteBehavior [ RunTime:0.000014s ]
INFO: [ app_init ] --END-- [ RunTime:0.000058s ]
INFO: [ app_begin ] --START--
INFO: Run Behavior\ReadHtmlCacheBehavior [ RunTime:0.001491s ]
INFO: [ app_begin ] --END-- [ RunTime:0.001533s ]
INFO: [ app_end ] --START--
INFO: Run Behavior\ShowPageTraceBehavior [ RunTime:0.001974s ]
INFO: [ app_end ] --END-- [ RunTime:0.002031s ]

[ 2017-11-05T12:41:01+08:00 ] 155.94.88.58 /
INFO: [ app_init ] --START--
INFO: Run Behavior\BuildLiteBehavior [ RunTime:0.000014s ]
INFO: [ app_init ] --END-- [ RunTime:0.000057s ]
INFO: [ app_begin ] --START--
INFO: Run Behavior\ReadHtmlCacheBehavior [ RunTime:0.001538s ]
INFO: [ app_begin ] --END-- [ RunTime:0.001579s ]
INFO: [ app_end ] --START--
INFO: Run Behavior\ShowPageTraceBehavior [ RunTime:0.001815s ]
INFO: [ app_end ] --END-- [ RunTime:0.001874s ]

[ 2017-11-05T13:41:53+08:00 ] 163.177.13.2 /
INFO: [ app_init ] --START--
INFO: Run Behavior\BuildLiteBehavior [ RunTime:0.000026s ]
INFO: [ app_init ] --END-- [ RunTime:0.001742s ]
INFO: [ app_begin ] --START--
INFO: Run Behavior\ReadHtmlCacheBehavior [ RunTime:0.002201s ]
INFO: [ app_begin ] --END-- [ RunTime:0.002286s ]
INFO: [ app_end ] --START--
INFO: Run Behavior\ShowPageTraceBehavior [ RunTime:0.002116s ]
INFO: [ app_end ] --END-- [ RunTime:0.002186s ]

[ 2017-11-05T15:16:11+08:00 ] 60.191.38.78 /
INFO: [ app_init ] --START--
INFO: Run Behavior\BuildLiteBehavior [ RunTime:0.000034s ]
INFO: [ app_init ] --END-- [ RunTime:0.001788s ]
INFO: [ app_begin ] --START--
INFO: Run Behavior\ReadHtmlCacheBehavior [ RunTime:0.001515s ]
INFO: [ app_begin ] --END-- [ RunTime:0.001557s ]
INFO: [ app_end ] --START--
INFO: Run Behavior\ShowPageTraceBehavior [ RunTime:0.001935s ]
INFO: [ app_end ] --END-- [ RunTime:0.001994s ]

[ 2017-11-05T15:36:11+08:00 ] 164.132.91.1 /
INFO: [ app_init ] --START--
INFO: Run Behavior\BuildLiteBehavior [ RunTime:0.000018s ]
INFO: [ app_init ] --END-- [ RunTime:0.000641s ]
INFO: [ app_begin ] --START--
INFO: Run Behavior\ReadHtmlCacheBehavior [ RunTime:0.000766s ]
INFO: [ app_begin ] --END-- [ RunTime:0.000806s ]
INFO: [ app_end ] --START--
INFO: Run Behavior\ShowPageTraceBehavior [ RunTime:0.000780s ]
INFO: [ app_end ] --END-- [ RunTime:0.000825s ]

[ 2017-11-05T18:01:04+08:00 ] 61.129.6.151 /index.php/Home/index/personal_center.html
INFO: [ app_init ] --START--
INFO: Run Behavior\BuildLiteBehavior [ RunTime:0.000020s ]
INFO: [ app_init ] --END-- [ RunTime:0.001336s ]
INFO: [ app_begin ] --START--
INFO: Run Behavior\ReadHtmlCacheBehavior [ RunTime:0.001588s ]
INFO: [ app_begin ] --END-- [ RunTime:0.001631s ]
NOTIC: [8] Undefined index: code C:\xampp\htdocs\jianshen\Application\Home\Controller\IndexController.class.php 第 369 行.
NOTIC: [8] Undefined index: state C:\xampp\htdocs\jianshen\Application\Home\Controller\IndexController.class.php 第 370 行.
SQL: SHOW COLUMNS FROM `consumer` [ RunTime:0.0145s ]
SQL: SELECT * FROM `consumer` WHERE ( openid='' ) LIMIT 1   [ RunTime:0.0005s ]
SQL: SELECT * FROM `consumer` WHERE ( openid='' ) LIMIT 1   [ RunTime:0.0003s ]
INFO: [ view_parse ] --START--
INFO: [ template_filter ] --START--
INFO: Run Behavior\ContentReplaceBehavior [ RunTime:0.000056s ]
INFO: [ template_filter ] --END-- [ RunTime:0.000110s ]
INFO: Run Behavior\ParseTemplateBehavior [ RunTime:0.091266s ]
INFO: [ view_parse ] --END-- [ RunTime:0.091317s ]
INFO: [ view_filter ] --START--
INFO: Run Behavior\WriteHtmlCacheBehavior [ RunTime:0.001561s ]
INFO: [ view_filter ] --END-- [ RunTime:0.001596s ]
INFO: [ app_end ] --START--
INFO: Run Behavior\ShowPageTraceBehavior [ RunTime:0.001615s ]
INFO: [ app_end ] --END-- [ RunTime:0.001652s ]

[ 2017-11-05T18:01:05+08:00 ] 61.129.6.151 /index.php/home/index/personal_center?code=061AAlOT0i5O2V1YPdPT0Ma8OT0AAlOl&state=dakang
INFO: [ app_init ] --START--
INFO: Run Behavior\BuildLiteBehavior [ RunTime:0.000021s ]
INFO: [ app_init ] --END-- [ RunTime:0.000360s ]
INFO: [ app_begin ] --START--
INFO: Run Behavior\ReadHtmlCacheBehavior [ RunTime:0.000436s ]
INFO: [ app_begin ] --END-- [ RunTime:0.000475s ]
SQL: SHOW COLUMNS FROM `consumer` [ RunTime:0.0155s ]
SQL: SELECT * FROM `consumer` WHERE ( openid='oPL7sv8DNgtBjuc7ZyNIwtEQCF1o' ) LIMIT 1   [ RunTime:0.0016s ]

[ 2017-11-05T18:01:05+08:00 ] 61.129.6.151 /index.php/Home/Index/bind_phone.html
INFO: [ app_init ] --START--
INFO: Run Behavior\BuildLiteBehavior [ RunTime:0.000016s ]
INFO: [ app_init ] --END-- [ RunTime:0.000338s ]
INFO: [ app_begin ] --START--
INFO: Run Behavior\ReadHtmlCacheBehavior [ RunTime:0.000437s ]
INFO: [ app_begin ] --END-- [ RunTime:0.000475s ]
SQL: SHOW COLUMNS FROM `consumer` [ RunTime:0.0061s ]
SQL: SELECT `tel` FROM `consumer` WHERE ( openid = "oPL7sv8DNgtBjuc7ZyNIwtEQCF1o" ) LIMIT 1   [ RunTime:0.0003s ]
INFO: [ view_parse ] --START--
INFO: [ template_filter ] --START--
INFO: Run Behavior\ContentReplaceBehavior [ RunTime:0.000045s ]
INFO: [ template_filter ] --END-- [ RunTime:0.000089s ]
INFO: Run Behavior\ParseTemplateBehavior [ RunTime:0.053268s ]
INFO: [ view_parse ] --END-- [ RunTime:0.053325s ]
INFO: [ view_filter ] --START--
INFO: Run Behavior\WriteHtmlCacheBehavior [ RunTime:0.000323s ]
INFO: [ view_filter ] --END-- [ RunTime:0.000358s ]
INFO: [ app_end ] --START--
INFO: Run Behavior\ShowPageTraceBehavior [ RunTime:0.000505s ]
INFO: [ app_end ] --END-- [ RunTime:0.000542s ]

[ 2017-11-05T18:01:15+08:00 ] 120.204.17.69 /index.php/Home/Index/bind_phone.html
INFO: [ app_init ] --START--
INFO: Run Behavior\BuildLiteBehavior [ RunTime:0.000018s ]
INFO: [ app_init ] --END-- [ RunTime:0.001248s ]
INFO: [ app_begin ] --START--
INFO: Run Behavior\ReadHtmlCacheBehavior [ RunTime:0.001869s ]
INFO: [ app_begin ] --END-- [ RunTime:0.001918s ]
SQL: SHOW COLUMNS FROM `consumer` [ RunTime:0.0107s ]
SQL: SELECT `tel` FROM `consumer` WHERE ( openid = "" ) LIMIT 1   [ RunTime:0.0003s ]
INFO: [ view_parse ] --START--
INFO: [ template_filter ] --START--
INFO: Run Behavior\ContentReplaceBehavior [ RunTime:0.000049s ]
INFO: [ template_filter ] --END-- [ RunTime:0.000103s ]
INFO: Run Behavior\ParseTemplateBehavior [ RunTime:0.076085s ]
INFO: [ view_parse ] --END-- [ RunTime:0.076130s ]
INFO: [ view_filter ] --START--
INFO: Run Behavior\WriteHtmlCacheBehavior [ RunTime:0.001283s ]
INFO: [ view_filter ] --END-- [ RunTime:0.001317s ]
INFO: [ app_end ] --START--
INFO: Run Behavior\ShowPageTraceBehavior [ RunTime:0.001477s ]
INFO: [ app_end ] --END-- [ RunTime:0.001513s ]

[ 2017-11-05T18:01:19+08:00 ] 61.129.6.151 /
INFO: [ app_init ] --START--
INFO: Run Behavior\BuildLiteBehavior [ RunTime:0.000014s ]
INFO: [ app_init ] --END-- [ RunTime:0.000621s ]
INFO: [ app_begin ] --START--
INFO: Run Behavior\ReadHtmlCacheBehavior [ RunTime:0.000626s ]
INFO: [ app_begin ] --END-- [ RunTime:0.000672s ]
INFO: [ app_end ] --START--
INFO: Run Behavior\ShowPageTraceBehavior [ RunTime:0.000668s ]
INFO: [ app_end ] --END-- [ RunTime:0.000710s ]

[ 2017-11-05T18:01:20+08:00 ] 61.129.6.151 /index.php/home/index/get_unionid?code=061Hkn2h10I6ew09n60h1NIe2h1Hkn20&state=dakang
INFO: [ app_init ] --START--
INFO: Run Behavior\BuildLiteBehavior [ RunTime:0.000019s ]
INFO: [ app_init ] --END-- [ RunTime:0.000516s ]
INFO: [ app_begin ] --START--
INFO: Run Behavior\ReadHtmlCacheBehavior [ RunTime:0.000698s ]
INFO: [ app_begin ] --END-- [ RunTime:0.000757s ]
SQL: SHOW COLUMNS FROM `consumer` [ RunTime:0.0220s ]
SQL: SELECT * FROM `consumer` WHERE ( openid='oPL7sv8DNgtBjuc7ZyNIwtEQCF1o' ) LIMIT 1   [ RunTime:0.0005s ]

[ 2017-11-05T18:01:20+08:00 ] 61.129.6.151 /index.php/Home/Index/bind_phone.html
INFO: [ app_init ] --START--
INFO: Run Behavior\BuildLiteBehavior [ RunTime:0.000016s ]
INFO: [ app_init ] --END-- [ RunTime:0.000350s ]
INFO: [ app_begin ] --START--
INFO: Run Behavior\ReadHtmlCacheBehavior [ RunTime:0.000450s ]
INFO: [ app_begin ] --END-- [ RunTime:0.000494s ]
SQL: SHOW COLUMNS FROM `consumer` [ RunTime:0.0064s ]
SQL: SELECT `tel` FROM `consumer` WHERE ( openid = "oPL7sv8DNgtBjuc7ZyNIwtEQCF1o" ) LIMIT 1   [ RunTime:0.0003s ]
INFO: [ view_parse ] --START--
INFO: [ template_filter ] --START--
INFO: Run Behavior\ContentReplaceBehavior [ RunTime:0.000042s ]
INFO: [ template_filter ] --END-- [ RunTime:0.000079s ]
INFO: Run Behavior\ParseTemplateBehavior [ RunTime:0.007200s ]
INFO: [ view_parse ] --END-- [ RunTime:0.007239s ]
INFO: [ view_filter ] --START--
INFO: Run Behavior\WriteHtmlCacheBehavior [ RunTime:0.000497s ]
INFO: [ view_filter ] --END-- [ RunTime:0.000530s ]
INFO: [ app_end ] --START--
INFO: Run Behavior\ShowPageTraceBehavior [ RunTime:0.000763s ]
INFO: [ app_end ] --END-- [ RunTime:0.000799s ]

[ 2017-11-05T18:02:56+08:00 ] 61.129.6.151 /index.php/home/index/all_orders
INFO: [ app_init ] --START--
INFO: Run Behavior\BuildLiteBehavior [ RunTime:0.000017s ]
INFO: [ app_init ] --END-- [ RunTime:0.001295s ]
INFO: [ app_begin ] --START--
INFO: Run Behavior\ReadHtmlCacheBehavior [ RunTime:0.001320s ]
INFO: [ app_begin ] --END-- [ RunTime:0.001361s ]
SQL: SHOW COLUMNS FROM `order` [ RunTime:0.0111s ]
SQL: SHOW COLUMNS FROM `consumer` [ RunTime:0.0090s ]
SQL: SELECT * FROM `consumer` WHERE ( openid='oPL7sv8DNgtBjuc7ZyNIwtEQCF1o' ) LIMIT 1   [ RunTime:0.0004s ]

[ 2017-11-05T18:02:59+08:00 ] 61.129.6.151 /index.php/Home/Index/bind_phone.html
INFO: [ app_init ] --START--
INFO: Run Behavior\BuildLiteBehavior [ RunTime:0.000014s ]
INFO: [ app_init ] --END-- [ RunTime:0.000505s ]
INFO: [ app_begin ] --START--
INFO: Run Behavior\ReadHtmlCacheBehavior [ RunTime:0.000606s ]
INFO: [ app_begin ] --END-- [ RunTime:0.000653s ]
SQL: SHOW COLUMNS FROM `consumer` [ RunTime:0.0129s ]
SQL: SELECT `tel` FROM `consumer` WHERE ( openid = "oPL7sv8DNgtBjuc7ZyNIwtEQCF1o" ) LIMIT 1   [ RunTime:0.0003s ]
INFO: [ view_parse ] --START--
INFO: [ template_filter ] --START--
INFO: Run Behavior\ContentReplaceBehavior [ RunTime:0.000049s ]
INFO: [ template_filter ] --END-- [ RunTime:0.000102s ]
INFO: Run Behavior\ParseTemplateBehavior [ RunTime:0.083719s ]
INFO: [ view_parse ] --END-- [ RunTime:0.083761s ]
INFO: [ view_filter ] --START--
INFO: Run Behavior\WriteHtmlCacheBehavior [ RunTime:0.001199s ]
INFO: [ view_filter ] --END-- [ RunTime:0.001233s ]
INFO: [ app_end ] --START--
INFO: Run Behavior\ShowPageTraceBehavior [ RunTime:0.001342s ]
INFO: [ app_end ] --END-- [ RunTime:0.001380s ]

[ 2017-11-05T18:03:06+08:00 ] 120.204.17.71 /index.php/home/index/all_orders
INFO: [ app_init ] --START--
INFO: Run Behavior\BuildLiteBehavior [ RunTime:0.000015s ]
INFO: [ app_init ] --END-- [ RunTime:0.000567s ]
INFO: [ app_begin ] --START--
INFO: Run Behavior\ReadHtmlCacheBehavior [ RunTime:0.000784s ]
INFO: [ app_begin ] --END-- [ RunTime:0.000827s ]
SQL: SHOW COLUMNS FROM `order` [ RunTime:0.0140s ]
NOTIC: [8] Undefined index: code C:\xampp\htdocs\jianshen\Application\Home\Controller\IndexController.class.php 第 880 行.
NOTIC: [8] Undefined index: state C:\xampp\htdocs\jianshen\Application\Home\Controller\IndexController.class.php 第 881 行.
SQL: SHOW COLUMNS FROM `consumer` [ RunTime:0.0081s ]
SQL: SELECT * FROM `consumer` WHERE ( openid='' ) LIMIT 1   [ RunTime:0.0003s ]
SQL: SELECT * FROM `order` WHERE ( user='' ) ORDER BY or_time desc  [ RunTime:0.0003s ]
SQL: SHOW COLUMNS FROM `goods` [ RunTime:0.0074s ]
SQL: SHOW COLUMNS FROM `g_price` [ RunTime:0.0143s ]
INFO: [ view_parse ] --START--
INFO: [ template_filter ] --START--
INFO: Run Behavior\ContentReplaceBehavior [ RunTime:0.000049s ]
INFO: [ template_filter ] --END-- [ RunTime:0.000087s ]
INFO: Run Behavior\ParseTemplateBehavior [ RunTime:0.007875s ]
INFO: [ view_parse ] --END-- [ RunTime:0.007918s ]
INFO: [ view_filter ] --START--
INFO: Run Behavior\WriteHtmlCacheBehavior [ RunTime:0.000634s ]
INFO: [ view_filter ] --END-- [ RunTime:0.000668s ]
INFO: [ app_end ] --START--
INFO: Run Behavior\ShowPageTraceBehavior [ RunTime:0.000720s ]
INFO: [ app_end ] --END-- [ RunTime:0.000757s ]

[ 2017-11-05T18:03:25+08:00 ] 61.129.6.151 /index.php/Home/index/personal_center.html
INFO: [ app_init ] --START--
INFO: Run Behavior\BuildLiteBehavior [ RunTime:0.000021s ]
INFO: [ app_init ] --END-- [ RunTime:0.001447s ]
INFO: [ app_begin ] --START--
INFO: Run Behavior\ReadHtmlCacheBehavior [ RunTime:0.001865s ]
INFO: [ app_begin ] --END-- [ RunTime:0.001915s ]
SQL: SHOW COLUMNS FROM `consumer` [ RunTime:0.0116s ]
SQL: SELECT * FROM `consumer` WHERE ( openid='oPL7sv8DNgtBjuc7ZyNIwtEQCF1o' ) LIMIT 1   [ RunTime:0.0004s ]

[ 2017-11-05T18:03:27+08:00 ] 61.129.6.151 /index.php/Home/Index/bind_phone.html
INFO: [ app_init ] --START--
INFO: Run Behavior\BuildLiteBehavior [ RunTime:0.000015s ]
INFO: [ app_init ] --END-- [ RunTime:0.000527s ]
INFO: [ app_begin ] --START--
INFO: Run Behavior\ReadHtmlCacheBehavior [ RunTime:0.000613s ]
INFO: [ app_begin ] --END-- [ RunTime:0.000651s ]
SQL: SHOW COLUMNS FROM `consumer` [ RunTime:0.0162s ]
SQL: SELECT `tel` FROM `consumer` WHERE ( openid = "oPL7sv8DNgtBjuc7ZyNIwtEQCF1o" ) LIMIT 1   [ RunTime:0.0003s ]
INFO: [ view_parse ] --START--
INFO: [ template_filter ] --START--
INFO: Run Behavior\ContentReplaceBehavior [ RunTime:0.000047s ]
INFO: [ template_filter ] --END-- [ RunTime:0.000103s ]
INFO: Run Behavior\ParseTemplateBehavior [ RunTime:0.078691s ]
INFO: [ view_parse ] --END-- [ RunTime:0.078757s ]
INFO: [ view_filter ] --START--
INFO: Run Behavior\WriteHtmlCacheBehavior [ RunTime:0.001769s ]
INFO: [ view_filter ] --END-- [ RunTime:0.001804s ]
INFO: [ app_end ] --START--
INFO: Run Behavior\ShowPageTraceBehavior [ RunTime:0.001611s ]
INFO: [ app_end ] --END-- [ RunTime:0.001647s ]

[ 2017-11-05T18:03:37+08:00 ] 61.129.6.151 /index.php/home/index/get_code.html
INFO: [ app_init ] --START--
INFO: Run Behavior\BuildLiteBehavior [ RunTime:0.000019s ]
INFO: [ app_init ] --END-- [ RunTime:0.000527s ]
INFO: [ app_begin ] --START--
INFO: Run Behavior\ReadHtmlCacheBehavior [ RunTime:0.000643s ]
INFO: [ app_begin ] --END-- [ RunTime:0.000680s ]
INFO: [ app_end ] --START--
INFO: Run Behavior\ShowPageTraceBehavior [ RunTime:0.000967s ]
INFO: [ app_end ] --END-- [ RunTime:0.001042s ]

[ 2017-11-05T18:07:32+08:00 ] 61.151.178.170 /
INFO: [ app_init ] --START--
INFO: Run Behavior\BuildLiteBehavior [ RunTime:0.000019s ]
INFO: [ app_init ] --END-- [ RunTime:0.002149s ]
INFO: [ app_begin ] --START--
INFO: Run Behavior\ReadHtmlCacheBehavior [ RunTime:0.001455s ]
INFO: [ app_begin ] --END-- [ RunTime:0.001498s ]
INFO: [ app_end ] --START--
INFO: Run Behavior\ShowPageTraceBehavior [ RunTime:0.001865s ]
INFO: [ app_end ] --END-- [ RunTime:0.001927s ]

[ 2017-11-05T18:07:34+08:00 ] 61.151.178.170 /index.php/home/index/get_unionid?code=001H2Xn01SWp522AE7q01Gg6o01H2XnN&state=dakang
INFO: [ app_init ] --START--
INFO: Run Behavior\BuildLiteBehavior [ RunTime:0.000020s ]
INFO: [ app_init ] --END-- [ RunTime:0.000383s ]
INFO: [ app_begin ] --START--
INFO: Run Behavior\ReadHtmlCacheBehavior [ RunTime:0.000455s ]
INFO: [ app_begin ] --END-- [ RunTime:0.000493s ]
SQL: SHOW COLUMNS FROM `consumer` [ RunTime:0.0155s ]
SQL: SELECT * FROM `consumer` WHERE ( openid='oPL7sv3FXZDaicsAqySTqe-6an98' ) LIMIT 1   [ RunTime:0.0004s ]

[ 2017-11-05T18:07:35+08:00 ] 61.151.178.170 /index.php/Home/index/main.html
INFO: [ app_init ] --START--
INFO: Run Behavior\BuildLiteBehavior [ RunTime:0.000018s ]
INFO: [ app_init ] --END-- [ RunTime:0.000366s ]
INFO: [ app_begin ] --START--
INFO: Run Behavior\ReadHtmlCacheBehavior [ RunTime:0.000444s ]
INFO: [ app_begin ] --END-- [ RunTime:0.000482s ]
SQL: SHOW COLUMNS FROM `banner` [ RunTime:0.0139s ]
SQL: SELECT * FROM `banner`  [ RunTime:0.0003s ]
SQL: SHOW COLUMNS FROM `goods` [ RunTime:0.0103s ]
SQL: SELECT * FROM `goods`  [ RunTime:0.0004s ]
SQL: SHOW COLUMNS FROM `coupon` [ RunTime:0.0101s ]
SQL: SELECT * FROM `coupon` WHERE ( status = "N" ) LIMIT 1   [ RunTime:0.0003s ]
INFO: [ view_parse ] --START--
INFO: [ template_filter ] --START--
INFO: Run Behavior\ContentReplaceBehavior [ RunTime:0.000213s ]
INFO: [ template_filter ] --END-- [ RunTime:0.000266s ]
INFO: Run Behavior\ParseTemplateBehavior [ RunTime:0.174205s ]
INFO: [ view_parse ] --END-- [ RunTime:0.174267s ]
INFO: [ view_filter ] --START--
INFO: Run Behavior\WriteHtmlCacheBehavior [ RunTime:0.001681s ]
INFO: [ view_filter ] --END-- [ RunTime:0.001719s ]
INFO: [ app_end ] --START--
INFO: Run Behavior\ShowPageTraceBehavior [ RunTime:0.000725s ]
INFO: [ app_end ] --END-- [ RunTime:0.000763s ]

[ 2017-11-05T18:07:36+08:00 ] 61.151.178.170 /index.php/Home/Index/ajax_price?product=15
INFO: [ app_init ] --START--
INFO: Run Behavior\BuildLiteBehavior [ RunTime:0.000017s ]
INFO: [ app_init ] --END-- [ RunTime:0.001394s ]
INFO: [ app_begin ] --START--
INFO: Run Behavior\ReadHtmlCacheBehavior [ RunTime:0.000719s ]
INFO: [ app_begin ] --END-- [ RunTime:0.000756s ]
SQL: SHOW COLUMNS FROM `g_price` [ RunTime:0.0142s ]
SQL: SELECT * FROM `g_price` WHERE ( g_id=15 )  [ RunTime:0.0004s ]
INFO: [ app_end ] --START--
INFO: Run Behavior\ShowPageTraceBehavior [ RunTime:0.000948s ]
INFO: [ app_end ] --END-- [ RunTime:0.000987s ]

[ 2017-11-05T18:07:42+08:00 ] 58.247.212.139 /
INFO: [ app_init ] --START--
INFO: Run Behavior\BuildLiteBehavior [ RunTime:0.000018s ]
INFO: [ app_init ] --END-- [ RunTime:0.000605s ]
INFO: [ app_begin ] --START--
INFO: Run Behavior\ReadHtmlCacheBehavior [ RunTime:0.001757s ]
INFO: [ app_begin ] --END-- [ RunTime:0.001798s ]
INFO: [ app_end ] --START--
INFO: Run Behavior\ShowPageTraceBehavior [ RunTime:0.000828s ]
INFO: [ app_end ] --END-- [ RunTime:0.000879s ]

[ 2017-11-05T19:06:22+08:00 ] 121.51.14.23 /
INFO: [ app_init ] --START--
INFO: Run Behavior\BuildLiteBehavior [ RunTime:0.000016s ]
INFO: [ app_init ] --END-- [ RunTime:0.001783s ]
INFO: [ app_begin ] --START--
INFO: Run Behavior\ReadHtmlCacheBehavior [ RunTime:0.001082s ]
INFO: [ app_begin ] --END-- [ RunTime:0.001128s ]
INFO: [ app_end ] --START--
INFO: Run Behavior\ShowPageTraceBehavior [ RunTime:0.004105s ]
INFO: [ app_end ] --END-- [ RunTime:0.004169s ]

[ 2017-11-05T19:06:22+08:00 ] 58.250.143.191 /
INFO: [ app_init ] --START--
INFO: Run Behavior\BuildLiteBehavior [ RunTime:0.000019s ]
INFO: [ app_init ] --END-- [ RunTime:0.001603s ]
INFO: [ app_begin ] --START--
INFO: Run Behavior\ReadHtmlCacheBehavior [ RunTime:0.003480s ]
INFO: [ app_begin ] --END-- [ RunTime:0.003525s ]
INFO: [ app_end ] --START--
INFO: Run Behavior\ShowPageTraceBehavior [ RunTime:0.002553s ]
INFO: [ app_end ] --END-- [ RunTime:0.002615s ]

[ 2017-11-05T19:06:22+08:00 ] 183.3.255.28 /
INFO: [ app_init ] --START--
INFO: Run Behavior\BuildLiteBehavior [ RunTime:0.000019s ]
INFO: [ app_init ] --END-- [ RunTime:0.000376s ]
INFO: [ app_begin ] --START--
INFO: Run Behavior\ReadHtmlCacheBehavior [ RunTime:0.000578s ]
INFO: [ app_begin ] --END-- [ RunTime:0.000621s ]
INFO: [ app_end ] --START--
INFO: Run Behavior\ShowPageTraceBehavior [ RunTime:0.000529s ]
INFO: [ app_end ] --END-- [ RunTime:0.000594s ]

[ 2017-11-05T19:06:23+08:00 ] 183.3.255.28 /index.php/home/index/get_unionid?code=011M6XQA0jAd0e2ZlQPA0TkDQA0M6XQz&state=dakang
INFO: [ app_init ] --START--
INFO: Run Behavior\BuildLiteBehavior [ RunTime:0.000015s ]
INFO: [ app_init ] --END-- [ RunTime:0.000331s ]
INFO: [ app_begin ] --START--
INFO: Run Behavior\ReadHtmlCacheBehavior [ RunTime:0.000430s ]
INFO: [ app_begin ] --END-- [ RunTime:0.000467s ]
SQL: SHOW COLUMNS FROM `consumer` [ RunTime:0.0100s ]
SQL: SELECT * FROM `consumer` WHERE ( openid='oPL7sv3FXZDaicsAqySTqe-6an98' ) LIMIT 1   [ RunTime:0.0003s ]

[ 2017-11-05T19:06:24+08:00 ] 183.3.255.28 /index.php/Home/index/main.html
INFO: [ app_init ] --START--
INFO: Run Behavior\BuildLiteBehavior [ RunTime:0.000016s ]
INFO: [ app_init ] --END-- [ RunTime:0.001217s ]
INFO: [ app_begin ] --START--
INFO: Run Behavior\ReadHtmlCacheBehavior [ RunTime:0.000623s ]
INFO: [ app_begin ] --END-- [ RunTime:0.000661s ]
SQL: SHOW COLUMNS FROM `banner` [ RunTime:0.0106s ]
SQL: SELECT * FROM `banner`  [ RunTime:0.0002s ]
SQL: SHOW COLUMNS FROM `goods` [ RunTime:0.0076s ]
SQL: SELECT * FROM `goods`  [ RunTime:0.0003s ]
SQL: SHOW COLUMNS FROM `coupon` [ RunTime:0.0070s ]
SQL: SELECT * FROM `coupon` WHERE ( status = "N" ) LIMIT 1   [ RunTime:0.0002s ]
INFO: [ view_parse ] --START--
INFO: [ template_filter ] --START--
INFO: Run Behavior\ContentReplaceBehavior [ RunTime:0.000083s ]
INFO: [ template_filter ] --END-- [ RunTime:0.000129s ]
INFO: Run Behavior\ParseTemplateBehavior [ RunTime:0.138527s ]
INFO: [ view_parse ] --END-- [ RunTime:0.138574s ]
INFO: [ view_filter ] --START--
INFO: Run Behavior\WriteHtmlCacheBehavior [ RunTime:0.001359s ]
INFO: [ view_filter ] --END-- [ RunTime:0.001396s ]
INFO: [ app_end ] --START--
INFO: Run Behavior\ShowPageTraceBehavior [ RunTime:0.000712s ]
INFO: [ app_end ] --END-- [ RunTime:0.000752s ]

[ 2017-11-05T19:06:24+08:00 ] 183.3.255.28 /index.php/Home/Index/ajax_price?product=15
INFO: [ app_init ] --START--
INFO: Run Behavior\BuildLiteBehavior [ RunTime:0.000014s ]
INFO: [ app_init ] --END-- [ RunTime:0.000360s ]
INFO: [ app_begin ] --START--
INFO: Run Behavior\ReadHtmlCacheBehavior [ RunTime:0.000432s ]
INFO: [ app_begin ] --END-- [ RunTime:0.000468s ]
SQL: SHOW COLUMNS FROM `g_price` [ RunTime:0.0112s ]
SQL: SELECT * FROM `g_price` WHERE ( g_id=15 )  [ RunTime:0.0003s ]
INFO: [ app_end ] --START--
INFO: Run Behavior\ShowPageTraceBehavior [ RunTime:0.000755s ]
INFO: [ app_end ] --END-- [ RunTime:0.000798s ]

[ 2017-11-05T19:06:30+08:00 ] 183.3.255.28 /index.php/Home/Index/ajax_price?product=14
INFO: [ app_init ] --START--
INFO: Run Behavior\BuildLiteBehavior [ RunTime:0.000017s ]
INFO: [ app_init ] --END-- [ RunTime:0.001223s ]
INFO: [ app_begin ] --START--
INFO: Run Behavior\ReadHtmlCacheBehavior [ RunTime:0.000630s ]
INFO: [ app_begin ] --END-- [ RunTime:0.000667s ]
SQL: SHOW COLUMNS FROM `g_price` [ RunTime:0.0135s ]
SQL: SELECT * FROM `g_price` WHERE ( g_id=14 )  [ RunTime:0.0003s ]
INFO: [ app_end ] --START--
INFO: Run Behavior\ShowPageTraceBehavior [ RunTime:0.000935s ]
INFO: [ app_end ] --END-- [ RunTime:0.000974s ]

[ 2017-11-05T19:06:32+08:00 ] 183.3.255.28 /index.php/Home/Index/ajax_price?product=24
INFO: [ app_init ] --START--
INFO: Run Behavior\BuildLiteBehavior [ RunTime:0.000015s ]
INFO: [ app_init ] --END-- [ RunTime:0.000344s ]
INFO: [ app_begin ] --START--
INFO: Run Behavior\ReadHtmlCacheBehavior [ RunTime:0.000453s ]
INFO: [ app_begin ] --END-- [ RunTime:0.000489s ]
SQL: SHOW COLUMNS FROM `g_price` [ RunTime:0.0127s ]
SQL: SELECT * FROM `g_price` WHERE ( g_id=24 )  [ RunTime:0.0004s ]
INFO: [ app_end ] --START--
INFO: Run Behavior\ShowPageTraceBehavior [ RunTime:0.000687s ]
INFO: [ app_end ] --END-- [ RunTime:0.000725s ]

[ 2017-11-05T19:06:34+08:00 ] 183.192.201.97 /index.php/Home/index/main.html
INFO: [ app_init ] --START--
INFO: Run Behavior\BuildLiteBehavior [ RunTime:0.000016s ]
INFO: [ app_init ] --END-- [ RunTime:0.000337s ]
INFO: [ app_begin ] --START--
INFO: Run Behavior\ReadHtmlCacheBehavior [ RunTime:0.000451s ]
INFO: [ app_begin ] --END-- [ RunTime:0.000490s ]
SQL: SHOW COLUMNS FROM `banner` [ RunTime:0.0128s ]
SQL: SELECT * FROM `banner`  [ RunTime:0.0003s ]
SQL: SHOW COLUMNS FROM `goods` [ RunTime:0.0102s ]
SQL: SELECT * FROM `goods`  [ RunTime:0.0004s ]
SQL: SHOW COLUMNS FROM `coupon` [ RunTime:0.0097s ]
SQL: SELECT * FROM `coupon` WHERE ( status = "N" ) LIMIT 1   [ RunTime:0.0007s ]
INFO: [ view_parse ] --START--
INFO: [ template_filter ] --START--
INFO: Run Behavior\ContentReplaceBehavior [ RunTime:0.000082s ]
INFO: [ template_filter ] --END-- [ RunTime:0.000123s ]
INFO: Run Behavior\ParseTemplateBehavior [ RunTime:0.056009s ]
INFO: [ view_parse ] --END-- [ RunTime:0.056064s ]
INFO: [ view_filter ] --START--
INFO: Run Behavior\WriteHtmlCacheBehavior [ RunTime:0.000598s ]
INFO: [ view_filter ] --END-- [ RunTime:0.000631s ]
INFO: [ app_end ] --START--
INFO: Run Behavior\ShowPageTraceBehavior [ RunTime:0.000496s ]
INFO: [ app_end ] --END-- [ RunTime:0.000533s ]

[ 2017-11-05T19:06:35+08:00 ] 183.3.255.28 /index.php/home/index/product_det/g_id/24.html
INFO: [ app_init ] --START--
INFO: Run Behavior\BuildLiteBehavior [ RunTime:0.000015s ]
INFO: [ app_init ] --END-- [ RunTime:0.000382s ]
INFO: [ app_begin ] --START--
INFO: Run Behavior\ReadHtmlCacheBehavior [ RunTime:0.000571s ]
INFO: [ app_begin ] --END-- [ RunTime:0.000613s ]

[ 2017-11-05T19:06:35+08:00 ] 183.3.255.28 /index.php/Home/index/product_details.html
INFO: [ app_init ] --START--
INFO: Run Behavior\BuildLiteBehavior [ RunTime:0.000020s ]
INFO: [ app_init ] --END-- [ RunTime:0.001344s ]
INFO: [ app_begin ] --START--
INFO: Run Behavior\ReadHtmlCacheBehavior [ RunTime:0.000680s ]
INFO: [ app_begin ] --END-- [ RunTime:0.000721s ]
SQL: SHOW COLUMNS FROM `consumer` [ RunTime:0.0131s ]
SQL: SELECT * FROM `consumer` WHERE ( openid='oPL7sv3FXZDaicsAqySTqe-6an98' ) LIMIT 1   [ RunTime:0.0009s ]
SQL: SHOW COLUMNS FROM `goods` [ RunTime:0.0159s ]
SQL: SELECT * FROM `goods` WHERE ( id=24 ) LIMIT 1   [ RunTime:0.0005s ]
SQL: SHOW COLUMNS FROM `order` [ RunTime:0.0087s ]
SQL: SELECT `id` FROM `order` WHERE ( goods_id = 24 )  [ RunTime:0.0003s ]
SQL: SHOW COLUMNS FROM `g_price` [ RunTime:0.0175s ]
SQL: SELECT * FROM `g_price` WHERE ( g_id=24 )  [ RunTime:0.0003s ]
SQL: SHOW COLUMNS FROM `coupon` [ RunTime:0.0088s ]
SQL: SELECT * FROM `coupon` WHERE ( status = "N" ) LIMIT 1   [ RunTime:0.0003s ]
INFO: [ view_parse ] --START--
INFO: [ template_filter ] --START--
INFO: Run Behavior\ContentReplaceBehavior [ RunTime:0.000060s ]
INFO: [ template_filter ] --END-- [ RunTime:0.000108s ]
INFO: Run Behavior\ParseTemplateBehavior [ RunTime:0.147045s ]
INFO: [ view_parse ] --END-- [ RunTime:0.147111s ]
INFO: [ view_filter ] --START--
INFO: Run Behavior\WriteHtmlCacheBehavior [ RunTime:0.001535s ]
INFO: [ view_filter ] --END-- [ RunTime:0.001574s ]
INFO: [ app_end ] --START--
INFO: Run Behavior\ShowPageTraceBehavior [ RunTime:0.001647s ]
INFO: [ app_end ] --END-- [ RunTime:0.001693s ]

[ 2017-11-05T19:06:46+08:00 ] 183.3.255.28 /index.php/Home/Index/ajax_price?product=15
INFO: [ app_init ] --START--
INFO: Run Behavior\BuildLiteBehavior [ RunTime:0.000016s ]
INFO: [ app_init ] --END-- [ RunTime:0.000575s ]
INFO: [ app_begin ] --START--
INFO: Run Behavior\ReadHtmlCacheBehavior [ RunTime:0.000725s ]
INFO: [ app_begin ] --END-- [ RunTime:0.000761s ]
SQL: SHOW COLUMNS FROM `g_price` [ RunTime:0.0126s ]
SQL: SELECT * FROM `g_price` WHERE ( g_id=15 )  [ RunTime:0.0004s ]
INFO: [ app_end ] --START--
INFO: Run Behavior\ShowPageTraceBehavior [ RunTime:0.001035s ]
INFO: [ app_end ] --END-- [ RunTime:0.001074s ]

[ 2017-11-05T19:07:09+08:00 ] 183.3.255.28 /index.php/Home/index/personal_center.html
INFO: [ app_init ] --START--
INFO: Run Behavior\BuildLiteBehavior [ RunTime:0.000046s ]
INFO: [ app_init ] --END-- [ RunTime:0.000820s ]
INFO: [ app_begin ] --START--
INFO: Run Behavior\ReadHtmlCacheBehavior [ RunTime:0.001048s ]
INFO: [ app_begin ] --END-- [ RunTime:0.001140s ]
SQL: SHOW COLUMNS FROM `consumer` [ RunTime:0.0200s ]
SQL: SELECT * FROM `consumer` WHERE ( openid='oPL7sv3FXZDaicsAqySTqe-6an98' ) LIMIT 1   [ RunTime:0.0006s ]
SQL: SELECT * FROM `consumer` WHERE ( openid='oPL7sv3FXZDaicsAqySTqe-6an98' ) LIMIT 1   [ RunTime:0.0004s ]
INFO: [ view_parse ] --START--
INFO: [ template_filter ] --START--
INFO: Run Behavior\ContentReplaceBehavior [ RunTime:0.000101s ]
INFO: [ template_filter ] --END-- [ RunTime:0.000211s ]
INFO: Run Behavior\ParseTemplateBehavior [ RunTime:0.013888s ]
INFO: [ view_parse ] --END-- [ RunTime:0.013972s ]
INFO: [ view_filter ] --START--
INFO: Run Behavior\WriteHtmlCacheBehavior [ RunTime:0.001484s ]
INFO: [ view_filter ] --END-- [ RunTime:0.001576s ]
INFO: [ app_end ] --START--
INFO: Run Behavior\ShowPageTraceBehavior [ RunTime:0.001055s ]
INFO: [ app_end ] --END-- [ RunTime:0.004242s ]

[ 2017-11-05T19:07:12+08:00 ] 183.3.255.28 /index.php/home/index/all_orders.html
INFO: [ app_init ] --START--
INFO: Run Behavior\BuildLiteBehavior [ RunTime:0.000014s ]
INFO: [ app_init ] --END-- [ RunTime:0.000613s ]
INFO: [ app_begin ] --START--
INFO: Run Behavior\ReadHtmlCacheBehavior [ RunTime:0.000596s ]
INFO: [ app_begin ] --END-- [ RunTime:0.000634s ]
SQL: SHOW COLUMNS FROM `order` [ RunTime:0.0161s ]
SQL: SHOW COLUMNS FROM `consumer` [ RunTime:0.0081s ]
SQL: SELECT * FROM `consumer` WHERE ( openid='oPL7sv3FXZDaicsAqySTqe-6an98' ) LIMIT 1   [ RunTime:0.0003s ]
SQL: SELECT * FROM `order` WHERE ( user='oPL7sv3FXZDaicsAqySTqe-6an98' ) ORDER BY or_time desc  [ RunTime:0.0004s ]
SQL: SHOW COLUMNS FROM `goods` [ RunTime:0.0079s ]
SQL: SHOW COLUMNS FROM `g_price` [ RunTime:0.0076s ]
SQL: SELECT * FROM `goods` WHERE ( id=24 ) LIMIT 1   [ RunTime:0.0003s ]
SQL: SELECT * FROM `g_price` WHERE ( id=89 ) LIMIT 1   [ RunTime:0.0002s ]
SQL: SELECT * FROM `goods` WHERE ( id=14 ) LIMIT 1   [ RunTime:0.0002s ]
SQL: SELECT * FROM `g_price` WHERE ( id=62 ) LIMIT 1   [ RunTime:0.0001s ]
SQL: SELECT * FROM `goods` WHERE ( id=24 ) LIMIT 1   [ RunTime:0.0002s ]
SQL: SELECT * FROM `g_price` WHERE ( id=25 ) LIMIT 1   [ RunTime:0.0001s ]
INFO: [ view_parse ] --START--
INFO: [ template_filter ] --START--
INFO: Run Behavior\ContentReplaceBehavior [ RunTime:0.000052s ]
INFO: [ template_filter ] --END-- [ RunTime:0.000092s ]
INFO: Run Behavior\ParseTemplateBehavior [ RunTime:0.007654s ]
INFO: [ view_parse ] --END-- [ RunTime:0.007704s ]
INFO: [ view_filter ] --START--
INFO: Run Behavior\WriteHtmlCacheBehavior [ RunTime:0.000470s ]
INFO: [ view_filter ] --END-- [ RunTime:0.000508s ]
INFO: [ app_end ] --START--
INFO: Run Behavior\ShowPageTraceBehavior [ RunTime:0.000695s ]
INFO: [ app_end ] --END-- [ RunTime:0.000731s ]

[ 2017-11-05T19:07:14+08:00 ] 183.3.255.28 /index.php/Home/Index/ajax_orders?product=0
INFO: [ app_init ] --START--
INFO: Run Behavior\BuildLiteBehavior [ RunTime:0.000019s ]
INFO: [ app_init ] --END-- [ RunTime:0.000612s ]
INFO: [ app_begin ] --START--
INFO: Run Behavior\ReadHtmlCacheBehavior [ RunTime:0.000897s ]
INFO: [ app_begin ] --END-- [ RunTime:0.000946s ]
SQL: SHOW COLUMNS FROM `order` [ RunTime:0.0146s ]
SQL: SHOW COLUMNS FROM `goods` [ RunTime:0.0088s ]
SQL: SHOW COLUMNS FROM `g_price` [ RunTime:0.0095s ]
SQL: SELECT * FROM `order` WHERE ( user='oPL7sv3FXZDaicsAqySTqe-6an98' AND (state = 0 OR state = 4) ) ORDER BY or_time desc  [ RunTime:0.0005s ]
SQL: SELECT * FROM `goods` WHERE ( id=14 ) LIMIT 1   [ RunTime:0.0003s ]
SQL: SELECT * FROM `g_price` WHERE ( id=62 ) LIMIT 1   [ RunTime:0.0001s ]
SQL: SELECT * FROM `goods` WHERE ( id=24 ) LIMIT 1   [ RunTime:0.0002s ]
SQL: SELECT * FROM `g_price` WHERE ( id=25 ) LIMIT 1   [ RunTime:0.0002s ]
INFO: [ app_end ] --START--
INFO: Run Behavior\ShowPageTraceBehavior [ RunTime:0.001143s ]
INFO: [ app_end ] --END-- [ RunTime:0.001183s ]

[ 2017-11-05T19:07:24+08:00 ] 121.51.32.144 /index.php/Home/index/personal_center.html
INFO: [ app_init ] --START--
INFO: Run Behavior\BuildLiteBehavior [ RunTime:0.000022s ]
INFO: [ app_init ] --END-- [ RunTime:0.000711s ]
INFO: [ app_begin ] --START--
INFO: Run Behavior\ReadHtmlCacheBehavior [ RunTime:0.000835s ]
INFO: [ app_begin ] --END-- [ RunTime:0.000889s ]
NOTIC: [8] Undefined index: code C:\xampp\htdocs\jianshen\Application\Home\Controller\IndexController.class.php 第 369 行.
NOTIC: [8] Undefined index: state C:\xampp\htdocs\jianshen\Application\Home\Controller\IndexController.class.php 第 370 行.
SQL: SHOW COLUMNS FROM `consumer` [ RunTime:0.0119s ]
SQL: SELECT * FROM `consumer` WHERE ( openid='' ) LIMIT 1   [ RunTime:0.0004s ]
SQL: SELECT * FROM `consumer` WHERE ( openid='' ) LIMIT 1   [ RunTime:0.0006s ]
INFO: [ view_parse ] --START--
INFO: [ template_filter ] --START--
INFO: Run Behavior\ContentReplaceBehavior [ RunTime:0.000053s ]
INFO: [ template_filter ] --END-- [ RunTime:0.000102s ]
INFO: Run Behavior\ParseTemplateBehavior [ RunTime:0.009338s ]
INFO: [ view_parse ] --END-- [ RunTime:0.009389s ]
INFO: [ view_filter ] --START--
INFO: Run Behavior\WriteHtmlCacheBehavior [ RunTime:0.000664s ]
INFO: [ view_filter ] --END-- [ RunTime:0.000698s ]
INFO: [ app_end ] --START--
INFO: Run Behavior\ShowPageTraceBehavior [ RunTime:0.000687s ]
INFO: [ app_end ] --END-- [ RunTime:0.000724s ]

[ 2017-11-05T19:30:00+08:00 ] 183.136.190.62 /
INFO: [ app_init ] --START--
INFO: Run Behavior\BuildLiteBehavior [ RunTime:0.000018s ]
INFO: [ app_init ] --END-- [ RunTime:0.001351s ]
INFO: [ app_begin ] --START--
INFO: Run Behavior\ReadHtmlCacheBehavior [ RunTime:0.004027s ]
INFO: [ app_begin ] --END-- [ RunTime:0.004085s ]
INFO: [ app_end ] --START--
INFO: Run Behavior\ShowPageTraceBehavior [ RunTime:0.002174s ]
INFO: [ app_end ] --END-- [ RunTime:0.002232s ]

[ 2017-11-05T20:37:15+08:00 ] 140.205.201.47 /
INFO: [ app_init ] --START--
INFO: Run Behavior\BuildLiteBehavior [ RunTime:0.000023s ]
INFO: [ app_init ] --END-- [ RunTime:0.001708s ]
INFO: [ app_begin ] --START--
INFO: Run Behavior\ReadHtmlCacheBehavior [ RunTime:0.004518s ]
INFO: [ app_begin ] --END-- [ RunTime:0.004597s ]
INFO: [ app_end ] --START--
INFO: Run Behavior\ShowPageTraceBehavior [ RunTime:0.002316s ]
INFO: [ app_end ] --END-- [ RunTime:0.002392s ]

[ 2017-11-05T20:38:00+08:00 ] 140.205.201.47 /
INFO: [ app_init ] --START--
INFO: Run Behavior\BuildLiteBehavior [ RunTime:0.000042s ]
INFO: [ app_init ] --END-- [ RunTime:0.001358s ]
INFO: [ app_begin ] --START--
INFO: Run Behavior\ReadHtmlCacheBehavior [ RunTime:0.000964s ]
INFO: [ app_begin ] --END-- [ RunTime:0.001060s ]
INFO: [ app_end ] --START--
INFO: Run Behavior\ShowPageTraceBehavior [ RunTime:0.000951s ]
INFO: [ app_end ] --END-- [ RunTime:0.001048s ]

[ 2017-11-05T20:50:04+08:00 ] 140.205.201.47 /
INFO: [ app_init ] --START--
INFO: Run Behavior\BuildLiteBehavior [ RunTime:0.000017s ]
INFO: [ app_init ] --END-- [ RunTime:0.000596s ]
INFO: [ app_begin ] --START--
INFO: Run Behavior\ReadHtmlCacheBehavior [ RunTime:0.000760s ]
INFO: [ app_begin ] --END-- [ RunTime:0.000800s ]
INFO: [ app_end ] --START--
INFO: Run Behavior\ShowPageTraceBehavior [ RunTime:0.000781s ]
INFO: [ app_end ] --END-- [ RunTime:0.000826s ]

[ 2017-11-05T20:51:24+08:00 ] 140.205.201.47 /
INFO: [ app_init ] --START--
INFO: Run Behavior\BuildLiteBehavior [ RunTime:0.000029s ]
INFO: [ app_init ] --END-- [ RunTime:0.000657s ]
INFO: [ app_begin ] --START--
INFO: Run Behavior\ReadHtmlCacheBehavior [ RunTime:0.000781s ]
INFO: [ app_begin ] --END-- [ RunTime:0.000829s ]
INFO: [ app_end ] --START--
INFO: Run Behavior\ShowPageTraceBehavior [ RunTime:0.000794s ]
INFO: [ app_end ] --END-- [ RunTime:0.000850s ]

[ 2017-11-05T20:51:28+08:00 ] 140.205.201.47 /index.php
INFO: [ app_init ] --START--
INFO: Run Behavior\BuildLiteBehavior [ RunTime:0.000016s ]
INFO: [ app_init ] --END-- [ RunTime:0.000570s ]
INFO: [ app_begin ] --START--
INFO: Run Behavior\ReadHtmlCacheBehavior [ RunTime:0.000605s ]
INFO: [ app_begin ] --END-- [ RunTime:0.000643s ]
INFO: [ app_end ] --START--
INFO: Run Behavior\ShowPageTraceBehavior [ RunTime:0.000688s ]
INFO: [ app_end ] --END-- [ RunTime:0.000745s ]

[ 2017-11-05T21:02:34+08:00 ] 140.205.201.47 /
INFO: [ app_init ] --START--
INFO: Run Behavior\BuildLiteBehavior [ RunTime:0.000019s ]
INFO: [ app_init ] --END-- [ RunTime:0.001287s ]
INFO: [ app_begin ] --START--
INFO: Run Behavior\ReadHtmlCacheBehavior [ RunTime:0.001427s ]
INFO: [ app_begin ] --END-- [ RunTime:0.001471s ]
INFO: [ app_end ] --START--
INFO: Run Behavior\ShowPageTraceBehavior [ RunTime:0.001858s ]
INFO: [ app_end ] --END-- [ RunTime:0.001912s ]

[ 2017-11-05T21:11:52+08:00 ] 140.205.201.47 /
INFO: [ app_init ] --START--
INFO: Run Behavior\BuildLiteBehavior [ RunTime:0.000019s ]
INFO: [ app_init ] --END-- [ RunTime:0.001300s ]
INFO: [ app_begin ] --START--
INFO: Run Behavior\ReadHtmlCacheBehavior [ RunTime:0.001400s ]
INFO: [ app_begin ] --END-- [ RunTime:0.001443s ]
INFO: [ app_end ] --START--
INFO: Run Behavior\ShowPageTraceBehavior [ RunTime:0.002183s ]
INFO: [ app_end ] --END-- [ RunTime:0.002245s ]

[ 2017-11-05T21:12:14+08:00 ] 140.205.201.47 /
INFO: [ app_init ] --START--
INFO: Run Behavior\BuildLiteBehavior [ RunTime:0.000016s ]
INFO: [ app_init ] --END-- [ RunTime:0.000520s ]
INFO: [ app_begin ] --START--
INFO: Run Behavior\ReadHtmlCacheBehavior [ RunTime:0.000679s ]
INFO: [ app_begin ] --END-- [ RunTime:0.000720s ]
INFO: [ app_end ] --START--
INFO: Run Behavior\ShowPageTraceBehavior [ RunTime:0.001363s ]
INFO: [ app_end ] --END-- [ RunTime:0.001406s ]

[ 2017-11-05T21:32:22+08:00 ] 140.205.201.47 /
INFO: [ app_init ] --START--
INFO: Run Behavior\BuildLiteBehavior [ RunTime:0.000018s ]
INFO: [ app_init ] --END-- [ RunTime:0.000588s ]
INFO: [ app_begin ] --START--
INFO: Run Behavior\ReadHtmlCacheBehavior [ RunTime:0.000745s ]
INFO: [ app_begin ] --END-- [ RunTime:0.000786s ]
INFO: [ app_end ] --START--
INFO: Run Behavior\ShowPageTraceBehavior [ RunTime:0.000754s ]
INFO: [ app_end ] --END-- [ RunTime:0.000797s ]

[ 2017-11-05T21:48:16+08:00 ] 140.205.201.47 /
INFO: [ app_init ] --START--
INFO: Run Behavior\BuildLiteBehavior [ RunTime:0.000018s ]
INFO: [ app_init ] --END-- [ RunTime:0.001313s ]
INFO: [ app_begin ] --START--
INFO: Run Behavior\ReadHtmlCacheBehavior [ RunTime:0.001532s ]
INFO: [ app_begin ] --END-- [ RunTime:0.001573s ]
INFO: [ app_end ] --START--
INFO: Run Behavior\ShowPageTraceBehavior [ RunTime:0.002019s ]
INFO: [ app_end ] --END-- [ RunTime:0.002080s ]

[ 2017-11-05T21:50:30+08:00 ] 140.205.201.47 /
INFO: [ app_init ] --START--
INFO: Run Behavior\BuildLiteBehavior [ RunTime:0.000017s ]
INFO: [ app_init ] --END-- [ RunTime:0.000608s ]
INFO: [ app_begin ] --START--
INFO: Run Behavior\ReadHtmlCacheBehavior [ RunTime:0.000810s ]
INFO: [ app_begin ] --END-- [ RunTime:0.000851s ]
INFO: [ app_end ] --START--
INFO: Run Behavior\ShowPageTraceBehavior [ RunTime:0.000896s ]
INFO: [ app_end ] --END-- [ RunTime:0.000942s ]

[ 2017-11-05T21:58:00+08:00 ] 140.205.201.47 /
INFO: [ app_init ] --START--
INFO: Run Behavior\BuildLiteBehavior [ RunTime:0.000016s ]
INFO: [ app_init ] --END-- [ RunTime:0.000569s ]
INFO: [ app_begin ] --START--
INFO: Run Behavior\ReadHtmlCacheBehavior [ RunTime:0.000745s ]
INFO: [ app_begin ] --END-- [ RunTime:0.000799s ]
INFO: [ app_end ] --START--
INFO: Run Behavior\ShowPageTraceBehavior [ RunTime:0.000729s ]
INFO: [ app_end ] --END-- [ RunTime:0.000769s ]

