[ 2017-12-14T02:43:26+08:00 ] 13.56.229.65 /
INFO: [ app_init ] --START--
INFO: Run Behavior\BuildLiteBehavior [ RunTime:0.000015s ]
INFO: [ app_init ] --END-- [ RunTime:0.000383s ]
INFO: [ app_begin ] --START--
INFO: Run Behavior\ReadHtmlCacheBehavior [ RunTime:0.000564s ]
INFO: [ app_begin ] --END-- [ RunTime:0.000619s ]
INFO: [ app_end ] --START--
INFO: Run Behavior\ShowPageTraceBehavior [ RunTime:0.000627s ]
INFO: [ app_end ] --END-- [ RunTime:0.000683s ]

[ 2017-12-14T04:24:07+08:00 ] 106.11.225.3 /
INFO: [ app_init ] --START--
INFO: Run Behavior\BuildLiteBehavior [ RunTime:0.000017s ]
INFO: [ app_init ] --END-- [ RunTime:0.000499s ]
INFO: [ app_begin ] --START--
INFO: Run Behavior\ReadHtmlCacheBehavior [ RunTime:0.000604s ]
INFO: [ app_begin ] --END-- [ RunTime:0.000662s ]
INFO: [ app_end ] --START--
INFO: Run Behavior\ShowPageTraceBehavior [ RunTime:0.000932s ]
INFO: [ app_end ] --END-- [ RunTime:0.001022s ]

[ 2017-12-14T05:09:19+08:00 ] 47.95.28.143 /
INFO: [ app_init ] --START--
INFO: Run Behavior\BuildLiteBehavior [ RunTime:0.000014s ]
INFO: [ app_init ] --END-- [ RunTime:0.000077s ]
INFO: [ app_begin ] --START--
INFO: Run Behavior\ReadHtmlCacheBehavior [ RunTime:0.000609s ]
INFO: [ app_begin ] --END-- [ RunTime:0.000666s ]
INFO: [ app_end ] --START--
INFO: Run Behavior\ShowPageTraceBehavior [ RunTime:0.000585s ]
INFO: [ app_end ] --END-- [ RunTime:0.000660s ]

[ 2017-12-14T08:33:43+08:00 ] 112.5.201.254 /
INFO: [ app_init ] --START--
INFO: Run Behavior\BuildLiteBehavior [ RunTime:0.000015s ]
INFO: [ app_init ] --END-- [ RunTime:0.000381s ]
INFO: [ app_begin ] --START--
INFO: Run Behavior\ReadHtmlCacheBehavior [ RunTime:0.000609s ]
INFO: [ app_begin ] --END-- [ RunTime:0.000668s ]
INFO: [ app_end ] --START--
INFO: Run Behavior\ShowPageTraceBehavior [ RunTime:0.000542s ]
INFO: [ app_end ] --END-- [ RunTime:0.000598s ]

[ 2017-12-14T08:33:44+08:00 ] 112.5.201.254 /index.php/home/index/get_unionid?code=071Z0Xfy0IZ5kf1RtYdy0t9Gfy0Z0Xft&state=dakang
INFO: [ app_init ] --START--
INFO: Run Behavior\BuildLiteBehavior [ RunTime:0.000014s ]
INFO: [ app_init ] --END-- [ RunTime:0.000441s ]
INFO: [ app_begin ] --START--
INFO: Run Behavior\ReadHtmlCacheBehavior [ RunTime:0.000538s ]
INFO: [ app_begin ] --END-- [ RunTime:0.000591s ]
SQL: SHOW COLUMNS FROM `consumer` [ RunTime:0.0163s ]
SQL: SELECT * FROM `consumer` WHERE ( openid='oPL7sv1KrDWedabuNVkNSB2Ct2ZE' ) LIMIT 1   [ RunTime:0.0003s ]

[ 2017-12-14T08:33:45+08:00 ] 112.5.201.254 /index.php/Home/index/main.html
INFO: [ app_init ] --START--
INFO: Run Behavior\BuildLiteBehavior [ RunTime:0.000014s ]
INFO: [ app_init ] --END-- [ RunTime:0.000329s ]
INFO: [ app_begin ] --START--
INFO: Run Behavior\ReadHtmlCacheBehavior [ RunTime:0.000534s ]
INFO: [ app_begin ] --END-- [ RunTime:0.000586s ]
NOTIC: [8] Undefined property: stdClass::$access_token C:\xampp\htdocs\jianshen\ThinkPHP\Library\Vendor\Jssdk\Jssdk.php 第 70 行.
NOTIC: [8] Undefined property: stdClass::$ticket C:\xampp\htdocs\jianshen\ThinkPHP\Library\Vendor\Jssdk\Jssdk.php 第 49 行.
SQL: SHOW COLUMNS FROM `banner` [ RunTime:0.0112s ]
SQL: SELECT * FROM `banner`  [ RunTime:0.0004s ]
SQL: SHOW COLUMNS FROM `goods` [ RunTime:0.0131s ]
SQL: SELECT * FROM `goods`  [ RunTime:0.0004s ]
SQL: SHOW COLUMNS FROM `coupon` [ RunTime:0.0093s ]
SQL: SELECT * FROM `coupon` WHERE ( status = "N" AND stage = 1 ) LIMIT 1   [ RunTime:0.0003s ]
INFO: [ view_parse ] --START--
INFO: [ template_filter ] --START--
INFO: Run Behavior\ContentReplaceBehavior [ RunTime:0.000106s ]
INFO: [ template_filter ] --END-- [ RunTime:0.000165s ]
INFO: Run Behavior\ParseTemplateBehavior [ RunTime:0.067682s ]
INFO: [ view_parse ] --END-- [ RunTime:0.067769s ]
INFO: [ view_filter ] --START--
INFO: Run Behavior\WriteHtmlCacheBehavior [ RunTime:0.000426s ]
INFO: [ view_filter ] --END-- [ RunTime:0.000487s ]
INFO: [ app_end ] --START--
INFO: Run Behavior\ShowPageTraceBehavior [ RunTime:0.000528s ]
INFO: [ app_end ] --END-- [ RunTime:0.000583s ]

[ 2017-12-14T08:33:53+08:00 ] 58.247.212.98 /
INFO: [ app_init ] --START--
INFO: Run Behavior\BuildLiteBehavior [ RunTime:0.000016s ]
INFO: [ app_init ] --END-- [ RunTime:0.000387s ]
INFO: [ app_begin ] --START--
INFO: Run Behavior\ReadHtmlCacheBehavior [ RunTime:0.000529s ]
INFO: [ app_begin ] --END-- [ RunTime:0.000586s ]
INFO: [ app_end ] --START--
INFO: Run Behavior\ShowPageTraceBehavior [ RunTime:0.000532s ]
INFO: [ app_end ] --END-- [ RunTime:0.000589s ]

[ 2017-12-14T08:33:54+08:00 ] 120.204.17.68 /index.php/Home/index/main.html
INFO: [ app_init ] --START--
INFO: Run Behavior\BuildLiteBehavior [ RunTime:0.000016s ]
INFO: [ app_init ] --END-- [ RunTime:0.000401s ]
INFO: [ app_begin ] --START--
INFO: Run Behavior\ReadHtmlCacheBehavior [ RunTime:0.000674s ]
INFO: [ app_begin ] --END-- [ RunTime:0.000735s ]
NOTIC: [8] Undefined property: stdClass::$access_token C:\xampp\htdocs\jianshen\ThinkPHP\Library\Vendor\Jssdk\Jssdk.php 第 70 行.
NOTIC: [8] Undefined property: stdClass::$ticket C:\xampp\htdocs\jianshen\ThinkPHP\Library\Vendor\Jssdk\Jssdk.php 第 49 行.
SQL: SHOW COLUMNS FROM `banner` [ RunTime:0.0167s ]
SQL: SELECT * FROM `banner`  [ RunTime:0.0003s ]
SQL: SHOW COLUMNS FROM `goods` [ RunTime:0.0086s ]
SQL: SELECT * FROM `goods`  [ RunTime:0.0003s ]
SQL: SHOW COLUMNS FROM `coupon` [ RunTime:0.0087s ]
SQL: SELECT * FROM `coupon` WHERE ( status = "N" AND stage = 1 ) LIMIT 1   [ RunTime:0.0005s ]
INFO: [ view_parse ] --START--
INFO: [ template_filter ] --START--
INFO: Run Behavior\ContentReplaceBehavior [ RunTime:0.000106s ]
INFO: [ template_filter ] --END-- [ RunTime:0.000156s ]
INFO: Run Behavior\ParseTemplateBehavior [ RunTime:0.062095s ]
INFO: [ view_parse ] --END-- [ RunTime:0.062184s ]
INFO: [ view_filter ] --START--
INFO: Run Behavior\WriteHtmlCacheBehavior [ RunTime:0.000518s ]
INFO: [ view_filter ] --END-- [ RunTime:0.000559s ]
INFO: [ app_end ] --START--
INFO: Run Behavior\ShowPageTraceBehavior [ RunTime:0.000683s ]
INFO: [ app_end ] --END-- [ RunTime:0.000763s ]

[ 2017-12-14T08:33:56+08:00 ] 101.226.33.216 /
INFO: [ app_init ] --START--
INFO: Run Behavior\BuildLiteBehavior [ RunTime:0.000015s ]
INFO: [ app_init ] --END-- [ RunTime:0.000358s ]
INFO: [ app_begin ] --START--
INFO: Run Behavior\ReadHtmlCacheBehavior [ RunTime:0.000570s ]
INFO: [ app_begin ] --END-- [ RunTime:0.000635s ]
INFO: [ app_end ] --START--
INFO: Run Behavior\ShowPageTraceBehavior [ RunTime:0.000428s ]
INFO: [ app_end ] --END-- [ RunTime:0.000483s ]

[ 2017-12-14T08:34:01+08:00 ] 112.5.201.254 /index.php/Home/index/personal_center.html
INFO: [ app_init ] --START--
INFO: Run Behavior\BuildLiteBehavior [ RunTime:0.000015s ]
INFO: [ app_init ] --END-- [ RunTime:0.000329s ]
INFO: [ app_begin ] --START--
INFO: Run Behavior\ReadHtmlCacheBehavior [ RunTime:0.000439s ]
INFO: [ app_begin ] --END-- [ RunTime:0.000491s ]
SQL: SHOW COLUMNS FROM `consumer` [ RunTime:0.0141s ]
SQL: SELECT * FROM `consumer` WHERE ( openid='oPL7sv1KrDWedabuNVkNSB2Ct2ZE' ) LIMIT 1   [ RunTime:0.0003s ]
SQL: SELECT * FROM `consumer` WHERE ( openid='oPL7sv1KrDWedabuNVkNSB2Ct2ZE' ) LIMIT 1   [ RunTime:0.0002s ]
INFO: [ view_parse ] --START--
INFO: [ template_filter ] --START--
INFO: Run Behavior\ContentReplaceBehavior [ RunTime:0.000096s ]
INFO: [ template_filter ] --END-- [ RunTime:0.000153s ]
INFO: Run Behavior\ParseTemplateBehavior [ RunTime:0.008639s ]
INFO: [ view_parse ] --END-- [ RunTime:0.008696s ]
INFO: [ view_filter ] --START--
INFO: Run Behavior\WriteHtmlCacheBehavior [ RunTime:0.000323s ]
INFO: [ view_filter ] --END-- [ RunTime:0.000362s ]
INFO: [ app_end ] --START--
INFO: Run Behavior\ShowPageTraceBehavior [ RunTime:0.000435s ]
INFO: [ app_end ] --END-- [ RunTime:0.000481s ]

[ 2017-12-14T08:34:03+08:00 ] 112.5.201.254 /index.php/Home/index/about_us.html
INFO: [ app_init ] --START--
INFO: Run Behavior\BuildLiteBehavior [ RunTime:0.000015s ]
INFO: [ app_init ] --END-- [ RunTime:0.000414s ]
INFO: [ app_begin ] --START--
INFO: Run Behavior\ReadHtmlCacheBehavior [ RunTime:0.000458s ]
INFO: [ app_begin ] --END-- [ RunTime:0.000511s ]
SQL: SHOW COLUMNS FROM `about_us` [ RunTime:0.0135s ]
SQL: SELECT * FROM `about_us` WHERE ( id=1 ) LIMIT 1   [ RunTime:0.0003s ]
INFO: [ view_parse ] --START--
INFO: [ template_filter ] --START--
INFO: Run Behavior\ContentReplaceBehavior [ RunTime:0.000073s ]
INFO: [ template_filter ] --END-- [ RunTime:0.000129s ]
INFO: Run Behavior\ParseTemplateBehavior [ RunTime:0.028534s ]
INFO: [ view_parse ] --END-- [ RunTime:0.028612s ]
INFO: [ view_filter ] --START--
INFO: Run Behavior\WriteHtmlCacheBehavior [ RunTime:0.000326s ]
INFO: [ view_filter ] --END-- [ RunTime:0.000373s ]
INFO: [ app_end ] --START--
INFO: Run Behavior\ShowPageTraceBehavior [ RunTime:0.000464s ]
INFO: [ app_end ] --END-- [ RunTime:0.000506s ]

[ 2017-12-14T08:34:05+08:00 ] 112.5.201.254 /index.php/Home/index/main.html
INFO: [ app_init ] --START--
INFO: Run Behavior\BuildLiteBehavior [ RunTime:0.000015s ]
INFO: [ app_init ] --END-- [ RunTime:0.000343s ]
INFO: [ app_begin ] --START--
INFO: Run Behavior\ReadHtmlCacheBehavior [ RunTime:0.000411s ]
INFO: [ app_begin ] --END-- [ RunTime:0.000462s ]
NOTIC: [8] Undefined property: stdClass::$access_token C:\xampp\htdocs\jianshen\ThinkPHP\Library\Vendor\Jssdk\Jssdk.php 第 70 行.
NOTIC: [8] Undefined property: stdClass::$ticket C:\xampp\htdocs\jianshen\ThinkPHP\Library\Vendor\Jssdk\Jssdk.php 第 49 行.
SQL: SHOW COLUMNS FROM `banner` [ RunTime:0.0247s ]
SQL: SELECT * FROM `banner`  [ RunTime:0.0007s ]
SQL: SHOW COLUMNS FROM `goods` [ RunTime:0.0135s ]
SQL: SELECT * FROM `goods`  [ RunTime:0.0008s ]
SQL: SHOW COLUMNS FROM `coupon` [ RunTime:0.0097s ]
SQL: SELECT * FROM `coupon` WHERE ( status = "N" AND stage = 1 ) LIMIT 1   [ RunTime:0.0008s ]
INFO: [ view_parse ] --START--
INFO: [ template_filter ] --START--
INFO: Run Behavior\ContentReplaceBehavior [ RunTime:0.000107s ]
INFO: [ template_filter ] --END-- [ RunTime:0.000162s ]
INFO: Run Behavior\ParseTemplateBehavior [ RunTime:0.061617s ]
INFO: [ view_parse ] --END-- [ RunTime:0.061702s ]
INFO: [ view_filter ] --START--
INFO: Run Behavior\WriteHtmlCacheBehavior [ RunTime:0.000302s ]
INFO: [ view_filter ] --END-- [ RunTime:0.000342s ]
INFO: [ app_end ] --START--
INFO: Run Behavior\ShowPageTraceBehavior [ RunTime:0.000496s ]
INFO: [ app_end ] --END-- [ RunTime:0.000578s ]

[ 2017-12-14T08:34:24+08:00 ] 112.5.201.254 /
INFO: [ app_init ] --START--
INFO: Run Behavior\BuildLiteBehavior [ RunTime:0.000015s ]
INFO: [ app_init ] --END-- [ RunTime:0.000404s ]
INFO: [ app_begin ] --START--
INFO: Run Behavior\ReadHtmlCacheBehavior [ RunTime:0.000465s ]
INFO: [ app_begin ] --END-- [ RunTime:0.000520s ]
INFO: [ app_end ] --START--
INFO: Run Behavior\ShowPageTraceBehavior [ RunTime:0.000449s ]
INFO: [ app_end ] --END-- [ RunTime:0.000508s ]

[ 2017-12-14T08:34:24+08:00 ] 112.5.201.254 /index.php/home/index/get_unionid?code=021qrGJI0etmji2oM0JI0CfUJI0qrGJd&state=dakang
INFO: [ app_init ] --START--
INFO: Run Behavior\BuildLiteBehavior [ RunTime:0.000014s ]
INFO: [ app_init ] --END-- [ RunTime:0.000339s ]
INFO: [ app_begin ] --START--
INFO: Run Behavior\ReadHtmlCacheBehavior [ RunTime:0.000414s ]
INFO: [ app_begin ] --END-- [ RunTime:0.000464s ]
SQL: SHOW COLUMNS FROM `consumer` [ RunTime:0.0137s ]
SQL: SELECT * FROM `consumer` WHERE ( openid='oPL7sv1KrDWedabuNVkNSB2Ct2ZE' ) LIMIT 1   [ RunTime:0.0004s ]

[ 2017-12-14T08:34:25+08:00 ] 112.5.201.254 /index.php/Home/index/main.html
INFO: [ app_init ] --START--
INFO: Run Behavior\BuildLiteBehavior [ RunTime:0.000015s ]
INFO: [ app_init ] --END-- [ RunTime:0.000340s ]
INFO: [ app_begin ] --START--
INFO: Run Behavior\ReadHtmlCacheBehavior [ RunTime:0.000411s ]
INFO: [ app_begin ] --END-- [ RunTime:0.000462s ]
NOTIC: [8] Undefined property: stdClass::$access_token C:\xampp\htdocs\jianshen\ThinkPHP\Library\Vendor\Jssdk\Jssdk.php 第 70 行.
NOTIC: [8] Undefined property: stdClass::$ticket C:\xampp\htdocs\jianshen\ThinkPHP\Library\Vendor\Jssdk\Jssdk.php 第 49 行.
SQL: SHOW COLUMNS FROM `banner` [ RunTime:0.0143s ]
SQL: SELECT * FROM `banner`  [ RunTime:0.0003s ]
SQL: SHOW COLUMNS FROM `goods` [ RunTime:0.0098s ]
SQL: SELECT * FROM `goods`  [ RunTime:0.0005s ]
SQL: SHOW COLUMNS FROM `coupon` [ RunTime:0.0095s ]
SQL: SELECT * FROM `coupon` WHERE ( status = "N" AND stage = 1 ) LIMIT 1   [ RunTime:0.0004s ]
INFO: [ view_parse ] --START--
INFO: [ template_filter ] --START--
INFO: Run Behavior\ContentReplaceBehavior [ RunTime:0.000142s ]
INFO: [ template_filter ] --END-- [ RunTime:0.000241s ]
INFO: Run Behavior\ParseTemplateBehavior [ RunTime:0.059975s ]
INFO: [ view_parse ] --END-- [ RunTime:0.060060s ]
INFO: [ view_filter ] --START--
INFO: Run Behavior\WriteHtmlCacheBehavior [ RunTime:0.000311s ]
INFO: [ view_filter ] --END-- [ RunTime:0.000352s ]
INFO: [ app_end ] --START--
INFO: Run Behavior\ShowPageTraceBehavior [ RunTime:0.000430s ]
INFO: [ app_end ] --END-- [ RunTime:0.000477s ]

[ 2017-12-14T08:34:25+08:00 ] 112.5.201.254 /index.php/Home/Index/ajax_price?product=15
INFO: [ app_init ] --START--
INFO: Run Behavior\BuildLiteBehavior [ RunTime:0.000016s ]
INFO: [ app_init ] --END-- [ RunTime:0.000343s ]
INFO: [ app_begin ] --START--
INFO: Run Behavior\ReadHtmlCacheBehavior [ RunTime:0.000420s ]
INFO: [ app_begin ] --END-- [ RunTime:0.000468s ]
SQL: SHOW COLUMNS FROM `g_price` [ RunTime:0.0104s ]
SQL: SELECT * FROM `g_price` WHERE ( g_id=15 )  [ RunTime:0.0003s ]
INFO: [ app_end ] --START--
INFO: Run Behavior\ShowPageTraceBehavior [ RunTime:0.000611s ]
INFO: [ app_end ] --END-- [ RunTime:0.000660s ]

[ 2017-12-14T08:34:27+08:00 ] 112.5.201.254 /index.php/Home/Index/ajax_price?product=14
INFO: [ app_init ] --START--
INFO: Run Behavior\BuildLiteBehavior [ RunTime:0.000016s ]
INFO: [ app_init ] --END-- [ RunTime:0.000339s ]
INFO: [ app_begin ] --START--
INFO: Run Behavior\ReadHtmlCacheBehavior [ RunTime:0.000413s ]
INFO: [ app_begin ] --END-- [ RunTime:0.000461s ]
SQL: SHOW COLUMNS FROM `g_price` [ RunTime:0.0163s ]
SQL: SELECT * FROM `g_price` WHERE ( g_id=14 )  [ RunTime:0.0008s ]
INFO: [ app_end ] --START--
INFO: Run Behavior\ShowPageTraceBehavior [ RunTime:0.000551s ]
INFO: [ app_end ] --END-- [ RunTime:0.000599s ]

[ 2017-12-14T08:34:28+08:00 ] 112.5.201.254 /index.php/Home/Index/ajax_price?product=24
INFO: [ app_init ] --START--
INFO: Run Behavior\BuildLiteBehavior [ RunTime:0.000017s ]
INFO: [ app_init ] --END-- [ RunTime:0.000346s ]
INFO: [ app_begin ] --START--
INFO: Run Behavior\ReadHtmlCacheBehavior [ RunTime:0.000419s ]
INFO: [ app_begin ] --END-- [ RunTime:0.000467s ]
SQL: SHOW COLUMNS FROM `g_price` [ RunTime:0.0137s ]
SQL: SELECT * FROM `g_price` WHERE ( g_id=24 )  [ RunTime:0.0005s ]
INFO: [ app_end ] --START--
INFO: Run Behavior\ShowPageTraceBehavior [ RunTime:0.000654s ]
INFO: [ app_end ] --END-- [ RunTime:0.000701s ]

[ 2017-12-14T08:34:30+08:00 ] 112.5.201.254 /index.php/Home/index/submit_order.html
INFO: [ app_init ] --START--
INFO: Run Behavior\BuildLiteBehavior [ RunTime:0.000015s ]
INFO: [ app_init ] --END-- [ RunTime:0.000356s ]
INFO: [ app_begin ] --START--
INFO: Run Behavior\ReadHtmlCacheBehavior [ RunTime:0.000428s ]
INFO: [ app_begin ] --END-- [ RunTime:0.000486s ]
SQL: SHOW COLUMNS FROM `goods` [ RunTime:0.0148s ]
SQL: SELECT * FROM `goods` WHERE ( id=24 ) LIMIT 1   [ RunTime:0.0004s ]
SQL: SHOW COLUMNS FROM `g_price` [ RunTime:0.0097s ]
SQL: SELECT * FROM `g_price` WHERE ( id = 107 ) LIMIT 1   [ RunTime:0.0003s ]
SQL: SHOW COLUMNS FROM `consumer` [ RunTime:0.0088s ]
SQL: SELECT * FROM `consumer` WHERE ( id='oPL7sv1KrDWedabuNVkNSB2Ct2ZE' ) LIMIT 1   [ RunTime:0.0002s ]
SQL: SHOW COLUMNS FROM `address` [ RunTime:0.0097s ]
SQL: SELECT * FROM `address` WHERE ( openid='oPL7sv1KrDWedabuNVkNSB2Ct2ZE' AND state = '0' ) LIMIT 1   [ RunTime:0.0003s ]
SQL: SELECT `stock` FROM `goods` WHERE ( id = 24 ) LIMIT 1   [ RunTime:0.0002s ]
SQL: SHOW COLUMNS FROM `order` [ RunTime:0.0106s ]
SQL: SELECT count(id) AS num FROM `order` WHERE ( goods_id = 24 AND state != 5 AND state != 7 ) LIMIT 1   [ RunTime:0.0003s ]
SQL: SHOW COLUMNS FROM `area` [ RunTime:0.0093s ]
SQL: SELECT * FROM `area` LIMIT 1   [ RunTime:0.0003s ]
INFO: [ view_parse ] --START--
INFO: [ template_filter ] --START--
INFO: Run Behavior\ContentReplaceBehavior [ RunTime:0.000106s ]
INFO: [ template_filter ] --END-- [ RunTime:0.000153s ]
NOTIC: [8] Undefined variable: jsApiParameters C:\xampp\htdocs\jianshen\Application\Runtime\Cache\Home\036cb8355396f4e7e1609afcccfb5b5d.php 第 48 行.
NOTIC: [8] Undefined variable: repay C:\xampp\htdocs\jianshen\Application\Runtime\Cache\Home\036cb8355396f4e7e1609afcccfb5b5d.php 第 155 行.
NOTIC: [8] Undefined index: order_id C:\xampp\htdocs\jianshen\Application\Runtime\Cache\Home\036cb8355396f4e7e1609afcccfb5b5d.php 第 157 行.
NOTIC: [8] Undefined variable: relet C:\xampp\htdocs\jianshen\Application\Runtime\Cache\Home\036cb8355396f4e7e1609afcccfb5b5d.php 第 173 行.
NOTIC: [8] Undefined variable: repay C:\xampp\htdocs\jianshen\Application\Runtime\Cache\Home\036cb8355396f4e7e1609afcccfb5b5d.php 第 175 行.
NOTIC: [8] Undefined variable: exchange C:\xampp\htdocs\jianshen\Application\Runtime\Cache\Home\036cb8355396f4e7e1609afcccfb5b5d.php 第 180 行.
NOTIC: [8] Undefined variable: order_state C:\xampp\htdocs\jianshen\Application\Runtime\Cache\Home\036cb8355396f4e7e1609afcccfb5b5d.php 第 212 行.
NOTIC: [8] Undefined variable: order_state C:\xampp\htdocs\jianshen\Application\Runtime\Cache\Home\036cb8355396f4e7e1609afcccfb5b5d.php 第 213 行.
NOTIC: [8] Undefined index: pay_for C:\xampp\htdocs\jianshen\Application\Runtime\Cache\Home\036cb8355396f4e7e1609afcccfb5b5d.php 第 246 行.
INFO: Run Behavior\ParseTemplateBehavior [ RunTime:0.047146s ]
INFO: [ view_parse ] --END-- [ RunTime:0.047236s ]
INFO: [ view_filter ] --START--
INFO: Run Behavior\WriteHtmlCacheBehavior [ RunTime:0.000326s ]
INFO: [ view_filter ] --END-- [ RunTime:0.000367s ]
INFO: [ app_end ] --START--
INFO: Run Behavior\ShowPageTraceBehavior [ RunTime:0.000630s ]
INFO: [ app_end ] --END-- [ RunTime:0.000725s ]

[ 2017-12-14T08:34:40+08:00 ] 120.204.17.67 /index.php/Home/index/submit_order.html
INFO: [ app_init ] --START--
INFO: Run Behavior\BuildLiteBehavior [ RunTime:0.000016s ]
INFO: [ app_init ] --END-- [ RunTime:0.000387s ]
INFO: [ app_begin ] --START--
INFO: Run Behavior\ReadHtmlCacheBehavior [ RunTime:0.000545s ]
INFO: [ app_begin ] --END-- [ RunTime:0.000603s ]
SQL: SHOW COLUMNS FROM `goods` [ RunTime:0.0134s ]
ERR: 1064:You have an error in your SQL syntax; check the manual that corresponds to your MariaDB server version for the right syntax to use near ') LIMIT 1' at line 1
 [ SQL语句 ] : SELECT * FROM `goods` WHERE ( id= ) LIMIT 1  
ERR: 1064:You have an error in your SQL syntax; check the manual that corresponds to your MariaDB server version for the right syntax to use near ') LIMIT 1' at line 1
 [ SQL语句 ] : SELECT * FROM `goods` WHERE ( id= ) LIMIT 1  

[ 2017-12-14T10:55:28+08:00 ] 140.205.225.188 /
INFO: [ app_init ] --START--
INFO: Run Behavior\BuildLiteBehavior [ RunTime:0.000016s ]
INFO: [ app_init ] --END-- [ RunTime:0.000387s ]
INFO: [ app_begin ] --START--
INFO: Run Behavior\ReadHtmlCacheBehavior [ RunTime:0.000539s ]
INFO: [ app_begin ] --END-- [ RunTime:0.000596s ]
INFO: [ app_end ] --START--
INFO: Run Behavior\ShowPageTraceBehavior [ RunTime:0.000532s ]
INFO: [ app_end ] --END-- [ RunTime:0.000595s ]

[ 2017-12-14T10:55:31+08:00 ] 140.205.225.188 /index.php
INFO: [ app_init ] --START--
INFO: Run Behavior\BuildLiteBehavior [ RunTime:0.000016s ]
INFO: [ app_init ] --END-- [ RunTime:0.000360s ]
INFO: [ app_begin ] --START--
INFO: Run Behavior\ReadHtmlCacheBehavior [ RunTime:0.000430s ]
INFO: [ app_begin ] --END-- [ RunTime:0.000487s ]
INFO: [ app_end ] --START--
INFO: Run Behavior\ShowPageTraceBehavior [ RunTime:0.000576s ]
INFO: [ app_end ] --END-- [ RunTime:0.000636s ]

[ 2017-12-14T10:55:42+08:00 ] 140.205.225.188 /
INFO: [ app_init ] --START--
INFO: Run Behavior\BuildLiteBehavior [ RunTime:0.000015s ]
INFO: [ app_init ] --END-- [ RunTime:0.000351s ]
INFO: [ app_begin ] --START--
INFO: Run Behavior\ReadHtmlCacheBehavior [ RunTime:0.000420s ]
INFO: [ app_begin ] --END-- [ RunTime:0.000475s ]
INFO: [ app_end ] --START--
INFO: Run Behavior\ShowPageTraceBehavior [ RunTime:0.000658s ]
INFO: [ app_end ] --END-- [ RunTime:0.000738s ]

[ 2017-12-14T10:55:49+08:00 ] 140.205.225.188 /
INFO: [ app_init ] --START--
INFO: Run Behavior\BuildLiteBehavior [ RunTime:0.000015s ]
INFO: [ app_init ] --END-- [ RunTime:0.000347s ]
INFO: [ app_begin ] --START--
INFO: Run Behavior\ReadHtmlCacheBehavior [ RunTime:0.000422s ]
INFO: [ app_begin ] --END-- [ RunTime:0.000477s ]
INFO: [ app_end ] --START--
INFO: Run Behavior\ShowPageTraceBehavior [ RunTime:0.000468s ]
INFO: [ app_end ] --END-- [ RunTime:0.000524s ]

[ 2017-12-14T10:55:50+08:00 ] 140.205.225.188 /
INFO: [ app_init ] --START--
INFO: Run Behavior\BuildLiteBehavior [ RunTime:0.000020s ]
INFO: [ app_init ] --END-- [ RunTime:0.000374s ]
INFO: [ app_begin ] --START--
INFO: Run Behavior\ReadHtmlCacheBehavior [ RunTime:0.000429s ]
INFO: [ app_begin ] --END-- [ RunTime:0.000499s ]
INFO: [ app_end ] --START--
INFO: Run Behavior\ShowPageTraceBehavior [ RunTime:0.000458s ]
INFO: [ app_end ] --END-- [ RunTime:0.000515s ]

[ 2017-12-14T10:56:03+08:00 ] 140.205.225.188 /
INFO: [ app_init ] --START--
INFO: Run Behavior\BuildLiteBehavior [ RunTime:0.000016s ]
INFO: [ app_init ] --END-- [ RunTime:0.000386s ]
INFO: [ app_begin ] --START--
INFO: Run Behavior\ReadHtmlCacheBehavior [ RunTime:0.000460s ]
INFO: [ app_begin ] --END-- [ RunTime:0.000515s ]
INFO: [ app_end ] --START--
INFO: Run Behavior\ShowPageTraceBehavior [ RunTime:0.000479s ]
INFO: [ app_end ] --END-- [ RunTime:0.000537s ]

[ 2017-12-14T10:56:24+08:00 ] 140.205.225.188 /
INFO: [ app_init ] --START--
INFO: Run Behavior\BuildLiteBehavior [ RunTime:0.000014s ]
INFO: [ app_init ] --END-- [ RunTime:0.000391s ]
INFO: [ app_begin ] --START--
INFO: Run Behavior\ReadHtmlCacheBehavior [ RunTime:0.000477s ]
INFO: [ app_begin ] --END-- [ RunTime:0.000534s ]
INFO: [ app_end ] --START--
INFO: Run Behavior\ShowPageTraceBehavior [ RunTime:0.000603s ]
INFO: [ app_end ] --END-- [ RunTime:0.000660s ]

[ 2017-12-14T10:56:27+08:00 ] 140.205.225.188 /
INFO: [ app_init ] --START--
INFO: Run Behavior\BuildLiteBehavior [ RunTime:0.000015s ]
INFO: [ app_init ] --END-- [ RunTime:0.000341s ]
INFO: [ app_begin ] --START--
INFO: Run Behavior\ReadHtmlCacheBehavior [ RunTime:0.000444s ]
INFO: [ app_begin ] --END-- [ RunTime:0.000499s ]
INFO: [ app_end ] --START--
INFO: Run Behavior\ShowPageTraceBehavior [ RunTime:0.000453s ]
INFO: [ app_end ] --END-- [ RunTime:0.000509s ]

[ 2017-12-14T10:56:28+08:00 ] 140.205.225.188 /
INFO: [ app_init ] --START--
INFO: Run Behavior\BuildLiteBehavior [ RunTime:0.000015s ]
INFO: [ app_init ] --END-- [ RunTime:0.000344s ]
INFO: [ app_begin ] --START--
INFO: Run Behavior\ReadHtmlCacheBehavior [ RunTime:0.000543s ]
INFO: [ app_begin ] --END-- [ RunTime:0.000615s ]
INFO: [ app_end ] --START--
INFO: Run Behavior\ShowPageTraceBehavior [ RunTime:0.000464s ]
INFO: [ app_end ] --END-- [ RunTime:0.000520s ]

[ 2017-12-14T11:14:24+08:00 ] 91.121.172.206 /
INFO: [ app_init ] --START--
INFO: Run Behavior\BuildLiteBehavior [ RunTime:0.000017s ]
INFO: [ app_init ] --END-- [ RunTime:0.000390s ]
INFO: [ app_begin ] --START--
INFO: Run Behavior\ReadHtmlCacheBehavior [ RunTime:0.000534s ]
INFO: [ app_begin ] --END-- [ RunTime:0.000590s ]
INFO: [ app_end ] --START--
INFO: Run Behavior\ShowPageTraceBehavior [ RunTime:0.000553s ]
INFO: [ app_end ] --END-- [ RunTime:0.000615s ]

[ 2017-12-14T13:14:14+08:00 ] 123.160.10.20 /
INFO: [ app_init ] --START--
INFO: Run Behavior\BuildLiteBehavior [ RunTime:0.000017s ]
INFO: [ app_init ] --END-- [ RunTime:0.000567s ]
INFO: [ app_begin ] --START--
INFO: Run Behavior\ReadHtmlCacheBehavior [ RunTime:0.000567s ]
INFO: [ app_begin ] --END-- [ RunTime:0.000636s ]
INFO: [ app_end ] --START--
INFO: Run Behavior\ShowPageTraceBehavior [ RunTime:0.000592s ]
INFO: [ app_end ] --END-- [ RunTime:0.000652s ]

[ 2017-12-14T14:04:39+08:00 ] 66.70.182.99 /
INFO: [ app_init ] --START--
INFO: Run Behavior\BuildLiteBehavior [ RunTime:0.000017s ]
INFO: [ app_init ] --END-- [ RunTime:0.000403s ]
INFO: [ app_begin ] --START--
INFO: Run Behavior\ReadHtmlCacheBehavior [ RunTime:0.000553s ]
INFO: [ app_begin ] --END-- [ RunTime:0.000612s ]
INFO: [ app_end ] --START--
INFO: Run Behavior\ShowPageTraceBehavior [ RunTime:0.000592s ]
INFO: [ app_end ] --END-- [ RunTime:0.000667s ]

[ 2017-12-14T14:05:08+08:00 ] 66.70.182.99 /
INFO: [ app_init ] --START--
INFO: Run Behavior\BuildLiteBehavior [ RunTime:0.000021s ]
INFO: [ app_init ] --END-- [ RunTime:0.000482s ]
INFO: [ app_begin ] --START--
INFO: Run Behavior\ReadHtmlCacheBehavior [ RunTime:0.000580s ]
INFO: [ app_begin ] --END-- [ RunTime:0.000660s ]
INFO: [ app_end ] --START--
INFO: Run Behavior\ShowPageTraceBehavior [ RunTime:0.000840s ]
INFO: [ app_end ] --END-- [ RunTime:0.000951s ]

[ 2017-12-14T19:32:10+08:00 ] 140.205.201.47 /
INFO: [ app_init ] --START--
INFO: Run Behavior\BuildLiteBehavior [ RunTime:0.000016s ]
INFO: [ app_init ] --END-- [ RunTime:0.000397s ]
INFO: [ app_begin ] --START--
INFO: Run Behavior\ReadHtmlCacheBehavior [ RunTime:0.000560s ]
INFO: [ app_begin ] --END-- [ RunTime:0.000617s ]
INFO: [ app_end ] --START--
INFO: Run Behavior\ShowPageTraceBehavior [ RunTime:0.000687s ]
INFO: [ app_end ] --END-- [ RunTime:0.000829s ]

[ 2017-12-14T19:32:31+08:00 ] 208.180.5.143 /
INFO: [ app_init ] --START--
INFO: Run Behavior\BuildLiteBehavior [ RunTime:0.000014s ]
INFO: [ app_init ] --END-- [ RunTime:0.000070s ]
INFO: [ app_begin ] --START--
INFO: Run Behavior\ReadHtmlCacheBehavior [ RunTime:0.000498s ]
INFO: [ app_begin ] --END-- [ RunTime:0.000581s ]
INFO: [ app_end ] --START--
INFO: Run Behavior\ShowPageTraceBehavior [ RunTime:0.000432s ]
INFO: [ app_end ] --END-- [ RunTime:0.000489s ]

[ 2017-12-14T19:37:00+08:00 ] 140.205.201.47 /index.php
INFO: [ app_init ] --START--
INFO: Run Behavior\BuildLiteBehavior [ RunTime:0.000026s ]
INFO: [ app_init ] --END-- [ RunTime:0.000397s ]
INFO: [ app_begin ] --START--
INFO: Run Behavior\ReadHtmlCacheBehavior [ RunTime:0.000566s ]
INFO: [ app_begin ] --END-- [ RunTime:0.000623s ]
INFO: [ app_end ] --START--
INFO: Run Behavior\ShowPageTraceBehavior [ RunTime:0.000538s ]
INFO: [ app_end ] --END-- [ RunTime:0.000595s ]

[ 2017-12-14T19:59:37+08:00 ] 140.205.201.47 /
INFO: [ app_init ] --START--
INFO: Run Behavior\BuildLiteBehavior [ RunTime:0.000017s ]
INFO: [ app_init ] --END-- [ RunTime:0.000500s ]
INFO: [ app_begin ] --START--
INFO: Run Behavior\ReadHtmlCacheBehavior [ RunTime:0.000692s ]
INFO: [ app_begin ] --END-- [ RunTime:0.000750s ]
INFO: [ app_end ] --START--
INFO: Run Behavior\ShowPageTraceBehavior [ RunTime:0.000548s ]
INFO: [ app_end ] --END-- [ RunTime:0.000617s ]

[ 2017-12-14T20:03:00+08:00 ] 140.205.201.47 /
INFO: [ app_init ] --START--
INFO: Run Behavior\BuildLiteBehavior [ RunTime:0.000017s ]
INFO: [ app_init ] --END-- [ RunTime:0.000395s ]
INFO: [ app_begin ] --START--
INFO: Run Behavior\ReadHtmlCacheBehavior [ RunTime:0.000544s ]
INFO: [ app_begin ] --END-- [ RunTime:0.000603s ]
INFO: [ app_end ] --START--
INFO: Run Behavior\ShowPageTraceBehavior [ RunTime:0.000554s ]
INFO: [ app_end ] --END-- [ RunTime:0.000615s ]

[ 2017-12-14T20:05:31+08:00 ] 140.205.201.47 /
INFO: [ app_init ] --START--
INFO: Run Behavior\BuildLiteBehavior [ RunTime:0.000015s ]
INFO: [ app_init ] --END-- [ RunTime:0.000437s ]
INFO: [ app_begin ] --START--
INFO: Run Behavior\ReadHtmlCacheBehavior [ RunTime:0.000696s ]
INFO: [ app_begin ] --END-- [ RunTime:0.000777s ]
INFO: [ app_end ] --START--
INFO: Run Behavior\ShowPageTraceBehavior [ RunTime:0.000701s ]
INFO: [ app_end ] --END-- [ RunTime:0.000769s ]

[ 2017-12-14T20:25:38+08:00 ] 140.205.201.47 /
INFO: [ app_init ] --START--
INFO: Run Behavior\BuildLiteBehavior [ RunTime:0.000019s ]
INFO: [ app_init ] --END-- [ RunTime:0.000455s ]
INFO: [ app_begin ] --START--
INFO: Run Behavior\ReadHtmlCacheBehavior [ RunTime:0.000572s ]
INFO: [ app_begin ] --END-- [ RunTime:0.000635s ]
INFO: [ app_end ] --START--
INFO: Run Behavior\ShowPageTraceBehavior [ RunTime:0.000575s ]
INFO: [ app_end ] --END-- [ RunTime:0.000646s ]

[ 2017-12-14T20:37:29+08:00 ] 140.205.201.43 /
INFO: [ app_init ] --START--
INFO: Run Behavior\BuildLiteBehavior [ RunTime:0.000018s ]
INFO: [ app_init ] --END-- [ RunTime:0.000412s ]
INFO: [ app_begin ] --START--
INFO: Run Behavior\ReadHtmlCacheBehavior [ RunTime:0.000710s ]
INFO: [ app_begin ] --END-- [ RunTime:0.000771s ]
INFO: [ app_end ] --START--
INFO: Run Behavior\ShowPageTraceBehavior [ RunTime:0.000580s ]
INFO: [ app_end ] --END-- [ RunTime:0.000640s ]

[ 2017-12-14T20:37:30+08:00 ] 140.205.201.47 /
INFO: [ app_init ] --START--
INFO: Run Behavior\BuildLiteBehavior [ RunTime:0.000016s ]
INFO: [ app_init ] --END-- [ RunTime:0.000509s ]
INFO: [ app_begin ] --START--
INFO: Run Behavior\ReadHtmlCacheBehavior [ RunTime:0.000442s ]
INFO: [ app_begin ] --END-- [ RunTime:0.000499s ]
INFO: [ app_end ] --START--
INFO: Run Behavior\ShowPageTraceBehavior [ RunTime:0.000458s ]
INFO: [ app_end ] --END-- [ RunTime:0.000515s ]

[ 2017-12-14T20:37:33+08:00 ] 140.205.201.43 /index.php
INFO: [ app_init ] --START--
INFO: Run Behavior\BuildLiteBehavior [ RunTime:0.000017s ]
INFO: [ app_init ] --END-- [ RunTime:0.000444s ]
INFO: [ app_begin ] --START--
INFO: Run Behavior\ReadHtmlCacheBehavior [ RunTime:0.000428s ]
INFO: [ app_begin ] --END-- [ RunTime:0.000485s ]
INFO: [ app_end ] --START--
INFO: Run Behavior\ShowPageTraceBehavior [ RunTime:0.000443s ]
INFO: [ app_end ] --END-- [ RunTime:0.000499s ]

[ 2017-12-14T20:37:43+08:00 ] 140.205.201.43 /
INFO: [ app_init ] --START--
INFO: Run Behavior\BuildLiteBehavior [ RunTime:0.000021s ]
INFO: [ app_init ] --END-- [ RunTime:0.000423s ]
INFO: [ app_begin ] --START--
INFO: Run Behavior\ReadHtmlCacheBehavior [ RunTime:0.000585s ]
INFO: [ app_begin ] --END-- [ RunTime:0.000677s ]
INFO: [ app_end ] --START--
INFO: Run Behavior\ShowPageTraceBehavior [ RunTime:0.000529s ]
INFO: [ app_end ] --END-- [ RunTime:0.000597s ]

[ 2017-12-14T20:37:51+08:00 ] 140.205.201.47 /
INFO: [ app_init ] --START--
INFO: Run Behavior\BuildLiteBehavior [ RunTime:0.000015s ]
INFO: [ app_init ] --END-- [ RunTime:0.000358s ]
INFO: [ app_begin ] --START--
INFO: Run Behavior\ReadHtmlCacheBehavior [ RunTime:0.000428s ]
INFO: [ app_begin ] --END-- [ RunTime:0.000485s ]
INFO: [ app_end ] --START--
INFO: Run Behavior\ShowPageTraceBehavior [ RunTime:0.000554s ]
INFO: [ app_end ] --END-- [ RunTime:0.000615s ]

[ 2017-12-14T20:37:56+08:00 ] 140.205.201.43 /
INFO: [ app_init ] --START--
INFO: Run Behavior\BuildLiteBehavior [ RunTime:0.000025s ]
INFO: [ app_init ] --END-- [ RunTime:0.000630s ]
INFO: [ app_begin ] --START--
INFO: Run Behavior\ReadHtmlCacheBehavior [ RunTime:0.000442s ]
INFO: [ app_begin ] --END-- [ RunTime:0.000503s ]
INFO: [ app_end ] --START--
INFO: Run Behavior\ShowPageTraceBehavior [ RunTime:0.000544s ]
INFO: [ app_end ] --END-- [ RunTime:0.000616s ]

[ 2017-12-14T20:37:56+08:00 ] 140.205.201.47 /
INFO: [ app_init ] --START--
INFO: Run Behavior\BuildLiteBehavior [ RunTime:0.000017s ]
INFO: [ app_init ] --END-- [ RunTime:0.000398s ]
INFO: [ app_begin ] --START--
INFO: Run Behavior\ReadHtmlCacheBehavior [ RunTime:0.000711s ]
INFO: [ app_begin ] --END-- [ RunTime:0.000770s ]
INFO: [ app_end ] --START--
INFO: Run Behavior\ShowPageTraceBehavior [ RunTime:0.000555s ]
INFO: [ app_end ] --END-- [ RunTime:0.000628s ]

[ 2017-12-14T20:37:57+08:00 ] 140.205.201.43 /
INFO: [ app_init ] --START--
INFO: Run Behavior\BuildLiteBehavior [ RunTime:0.000016s ]
INFO: [ app_init ] --END-- [ RunTime:0.000384s ]
INFO: [ app_begin ] --START--
INFO: Run Behavior\ReadHtmlCacheBehavior [ RunTime:0.000461s ]
INFO: [ app_begin ] --END-- [ RunTime:0.000518s ]
INFO: [ app_end ] --START--
INFO: Run Behavior\ShowPageTraceBehavior [ RunTime:0.000465s ]
INFO: [ app_end ] --END-- [ RunTime:0.000535s ]

[ 2017-12-14T20:38:10+08:00 ] 140.205.201.43 /
INFO: [ app_init ] --START--
INFO: Run Behavior\BuildLiteBehavior [ RunTime:0.000025s ]
INFO: [ app_init ] --END-- [ RunTime:0.000456s ]
INFO: [ app_begin ] --START--
INFO: Run Behavior\ReadHtmlCacheBehavior [ RunTime:0.000442s ]
INFO: [ app_begin ] --END-- [ RunTime:0.000497s ]
INFO: [ app_end ] --START--
INFO: Run Behavior\ShowPageTraceBehavior [ RunTime:0.000662s ]
INFO: [ app_end ] --END-- [ RunTime:0.000743s ]

[ 2017-12-14T20:38:34+08:00 ] 140.205.201.43 /
INFO: [ app_init ] --START--
INFO: Run Behavior\BuildLiteBehavior [ RunTime:0.000020s ]
INFO: [ app_init ] --END-- [ RunTime:0.000470s ]
INFO: [ app_begin ] --START--
INFO: Run Behavior\ReadHtmlCacheBehavior [ RunTime:0.000558s ]
INFO: [ app_begin ] --END-- [ RunTime:0.000635s ]
INFO: [ app_end ] --START--
INFO: Run Behavior\ShowPageTraceBehavior [ RunTime:0.000776s ]
INFO: [ app_end ] --END-- [ RunTime:0.000943s ]

[ 2017-12-14T20:38:42+08:00 ] 140.205.201.43 /
INFO: [ app_init ] --START--
INFO: Run Behavior\BuildLiteBehavior [ RunTime:0.000015s ]
INFO: [ app_init ] --END-- [ RunTime:0.000473s ]
INFO: [ app_begin ] --START--
INFO: Run Behavior\ReadHtmlCacheBehavior [ RunTime:0.000522s ]
INFO: [ app_begin ] --END-- [ RunTime:0.000577s ]
INFO: [ app_end ] --START--
INFO: Run Behavior\ShowPageTraceBehavior [ RunTime:0.000450s ]
INFO: [ app_end ] --END-- [ RunTime:0.000505s ]

[ 2017-12-14T20:38:43+08:00 ] 140.205.201.43 /
INFO: [ app_init ] --START--
INFO: Run Behavior\BuildLiteBehavior [ RunTime:0.000015s ]
INFO: [ app_init ] --END-- [ RunTime:0.000339s ]
INFO: [ app_begin ] --START--
INFO: Run Behavior\ReadHtmlCacheBehavior [ RunTime:0.000410s ]
INFO: [ app_begin ] --END-- [ RunTime:0.000465s ]
INFO: [ app_end ] --START--
INFO: Run Behavior\ShowPageTraceBehavior [ RunTime:0.000624s ]
INFO: [ app_end ] --END-- [ RunTime:0.000710s ]

[ 2017-12-14T21:39:22+08:00 ] 121.237.224.13 /
INFO: [ app_init ] --START--
INFO: Run Behavior\BuildLiteBehavior [ RunTime:0.000016s ]
INFO: [ app_init ] --END-- [ RunTime:0.000384s ]
INFO: [ app_begin ] --START--
INFO: Run Behavior\ReadHtmlCacheBehavior [ RunTime:0.000589s ]
INFO: [ app_begin ] --END-- [ RunTime:0.000647s ]
INFO: [ app_end ] --START--
INFO: Run Behavior\ShowPageTraceBehavior [ RunTime:0.000620s ]
INFO: [ app_end ] --END-- [ RunTime:0.000675s ]

