[ 2017-09-27T20:24:19+08:00 ] 120.41.128.128 /index.php/WxPayPubHelper/cacert/apiclient_cert.pem
INFO: [ app_init ] --START--
INFO: Run Behavior\BuildLiteBehavior [ RunTime:0.000015s ]
INFO: [ app_init ] --END-- [ RunTime:0.000346s ]
ERR: 无法加载模块:WxPayPubHelper

[ 2017-09-27T20:30:49+08:00 ] 120.41.128.128 /index.php/WxPayPubHelper/cacert/apiclient_cert.pem
INFO: [ app_init ] --START--
INFO: Run Behavior\BuildLiteBehavior [ RunTime:0.000015s ]
INFO: [ app_init ] --END-- [ RunTime:0.000495s ]
ERR: 无法加载模块:WxPayPubHelper

[ 2017-09-27T20:30:59+08:00 ] 120.41.128.128 /index.php/WxPayPubHelper/cacert/apiclient_cert.pem
INFO: [ app_init ] --START--
INFO: Run Behavior\BuildLiteBehavior [ RunTime:0.000015s ]
INFO: [ app_init ] --END-- [ RunTime:0.000339s ]
ERR: 无法加载模块:WxPayPubHelper

[ 2017-09-27T20:31:30+08:00 ] 120.41.128.128 /index.php/Thinkphp/
INFO: [ app_init ] --START--
INFO: Run Behavior\BuildLiteBehavior [ RunTime:0.000015s ]
INFO: [ app_init ] --END-- [ RunTime:0.000368s ]
ERR: 无法加载模块:Thinkphp

