[ 2017-10-30T00:20:19+08:00 ] 140.205.201.45 /index.php?m=search&c=index&a=public_get_suggest_keyword&url=asdf&q=../../phpsso_server/caches/configs/database.php
INFO: [ app_init ] --START--
INFO: Run Behavior\BuildLiteBehavior [ RunTime:0.000014s ]
INFO: [ app_init ] --END-- [ RunTime:0.000548s ]
ERR: 无法加载模块:Search

[ 2017-10-30T00:45:21+08:00 ] 140.205.201.45 /index.php?m=poster&c=index&a=poster_click&id=1
INFO: [ app_init ] --START--
INFO: Run Behavior\BuildLiteBehavior [ RunTime:0.000017s ]
INFO: [ app_init ] --END-- [ RunTime:0.000598s ]
ERR: 无法加载模块:Poster

[ 2017-10-30T01:03:47+08:00 ] 140.205.201.45 /index.php?m=wap&c=index&a=comment_list&commentid=content_12%2527%20or%20updatexml(1,concat(0x7e,47834759322345-234224,0x7e),1)%23-84-1
INFO: [ app_init ] --START--
INFO: Run Behavior\BuildLiteBehavior [ RunTime:0.000017s ]
INFO: [ app_init ] --END-- [ RunTime:0.001350s ]
ERR: 无法加载模块:Wap

[ 2017-10-30T01:10:53+08:00 ] 140.205.201.45 /index.php?m=member&c=index&a=login
INFO: [ app_init ] --START--
INFO: Run Behavior\BuildLiteBehavior [ RunTime:0.000015s ]
INFO: [ app_init ] --END-- [ RunTime:0.000568s ]
ERR: 无法加载模块:Member

[ 2017-10-30T01:16:43+08:00 ] 140.205.201.45 /index.php?m=pay&c=respond&a=respond_get&code=kkk%89'%20and%20extractvalue(1,concat(0x7e,47834759322345-234224,0x7e))--%20m
INFO: [ app_init ] --START--
INFO: Run Behavior\BuildLiteBehavior [ RunTime:0.000014s ]
INFO: [ app_init ] --END-- [ RunTime:0.000512s ]
ERR: 无法加载模块:Pay

[ 2017-10-30T05:33:59+08:00 ] 140.205.225.187 /index.php?m=member&c=index&a=register&siteid=1
INFO: [ app_init ] --START--
INFO: Run Behavior\BuildLiteBehavior [ RunTime:0.000022s ]
INFO: [ app_init ] --END-- [ RunTime:0.014540s ]
ERR: 无法加载模块:Member

[ 2017-10-30T05:34:00+08:00 ] 140.205.225.187 /index.php?m=wap&a=index&siteid=1
INFO: [ app_init ] --START--
INFO: Run Behavior\BuildLiteBehavior [ RunTime:0.000014s ]
INFO: [ app_init ] --END-- [ RunTime:0.000329s ]
ERR: 无法加载模块:Wap

[ 2017-10-30T12:23:17+08:00 ] 140.205.201.31 /index.php?m=member&c=index&a=register&siteid=1
INFO: [ app_init ] --START--
INFO: Run Behavior\BuildLiteBehavior [ RunTime:0.000019s ]
INFO: [ app_init ] --END-- [ RunTime:0.002053s ]
ERR: 无法加载模块:Member

[ 2017-10-30T12:23:17+08:00 ] 140.205.201.31 /index.php?m=wap&a=index&siteid=1
INFO: [ app_init ] --START--
INFO: Run Behavior\BuildLiteBehavior [ RunTime:0.000016s ]
INFO: [ app_init ] --END-- [ RunTime:0.000334s ]
ERR: 无法加载模块:Wap

[ 2017-10-30T20:52:40+08:00 ] 140.205.201.32 /index.php?m=search&c=index&a=public_get_suggest_keyword&url=asdf&q=../../phpsso_server/caches/configs/database.php
INFO: [ app_init ] --START--
INFO: Run Behavior\BuildLiteBehavior [ RunTime:0.000019s ]
INFO: [ app_init ] --END-- [ RunTime:0.001295s ]
ERR: 无法加载模块:Search

[ 2017-10-30T21:19:07+08:00 ] 140.205.201.32 /index.php?m=poster&c=index&a=poster_click&id=1
INFO: [ app_init ] --START--
INFO: Run Behavior\BuildLiteBehavior [ RunTime:0.000019s ]
INFO: [ app_init ] --END-- [ RunTime:0.001436s ]
ERR: 无法加载模块:Poster

[ 2017-10-30T21:48:35+08:00 ] 140.205.201.32 /index.php?m=wap&c=index&a=comment_list&commentid=content_12%2527%20or%20updatexml(1,concat(0x7e,47834759322345-234224,0x7e),1)%23-84-1
INFO: [ app_init ] --START--
INFO: Run Behavior\BuildLiteBehavior [ RunTime:0.000019s ]
INFO: [ app_init ] --END-- [ RunTime:0.001381s ]
ERR: 无法加载模块:Wap

[ 2017-10-30T22:01:35+08:00 ] 140.205.201.32 /index.php?m=member&c=index&a=login
INFO: [ app_init ] --START--
INFO: Run Behavior\BuildLiteBehavior [ RunTime:0.000017s ]
INFO: [ app_init ] --END-- [ RunTime:0.000618s ]
ERR: 无法加载模块:Member

[ 2017-10-30T22:07:38+08:00 ] 140.205.201.32 /index.php?m=pay&c=respond&a=respond_get&code=kkk%89'%20and%20extractvalue(1,concat(0x7e,47834759322345-234224,0x7e))--%20m
INFO: [ app_init ] --START--
INFO: Run Behavior\BuildLiteBehavior [ RunTime:0.000023s ]
INFO: [ app_init ] --END-- [ RunTime:0.000741s ]
ERR: 无法加载模块:Pay

[ 2017-10-30T22:27:55+08:00 ] 140.205.201.40 /index.php?m=member&c=index&a=register&siteid=1
INFO: [ app_init ] --START--
INFO: Run Behavior\BuildLiteBehavior [ RunTime:0.000024s ]
INFO: [ app_init ] --END-- [ RunTime:0.000790s ]
ERR: 无法加载模块:Member

[ 2017-10-30T22:27:57+08:00 ] 140.205.201.40 /index.php?m=wap&a=index&siteid=1
INFO: [ app_init ] --START--
INFO: Run Behavior\BuildLiteBehavior [ RunTime:0.000017s ]
INFO: [ app_init ] --END-- [ RunTime:0.000392s ]
ERR: 无法加载模块:Wap

