[ 2017-09-25T18:28:02+08:00 ] 120.41.128.128 /index.php/admin
INFO: [ app_init ] --START--
INFO: Run Behavior\BuildLiteBehavior [ RunTime:0.000015s ]
INFO: [ app_init ] --END-- [ RunTime:0.000414s ]
INFO: [ app_begin ] --START--
INFO: Run Behavior\ReadHtmlCacheBehavior [ RunTime:0.000603s ]
INFO: [ app_begin ] --END-- [ RunTime:0.000651s ]
INFO: [ view_parse ] --START--
INFO: [ template_filter ] --START--
INFO: Run Behavior\ContentReplaceBehavior [ RunTime:0.000041s ]
INFO: [ template_filter ] --END-- [ RunTime:0.000080s ]
INFO: Run Behavior\ParseTemplateBehavior [ RunTime:0.020343s ]
INFO: [ view_parse ] --END-- [ RunTime:0.020397s ]
INFO: [ view_filter ] --START--
INFO: Run Behavior\WriteHtmlCacheBehavior [ RunTime:0.000458s ]
INFO: [ view_filter ] --END-- [ RunTime:0.000493s ]
INFO: [ app_end ] --START--
INFO: Run Behavior\ShowPageTraceBehavior [ RunTime:0.000641s ]
INFO: [ app_end ] --END-- [ RunTime:0.000687s ]

[ 2017-09-25T18:28:04+08:00 ] 120.41.128.128 /index.php/admin/index/login.html
INFO: [ app_init ] --START--
INFO: Run Behavior\BuildLiteBehavior [ RunTime:0.000016s ]
INFO: [ app_init ] --END-- [ RunTime:0.000394s ]
INFO: [ app_begin ] --START--
INFO: Run Behavior\ReadHtmlCacheBehavior [ RunTime:0.000581s ]
INFO: [ app_begin ] --END-- [ RunTime:0.000626s ]
SQL: SHOW COLUMNS FROM `admin` [ RunTime:0.0144s ]
SQL: SELECT * FROM `admin` WHERE ( (`name` = '123') AND (`pwd` = '202cb962ac59075b964b07152d234b70') ) LIMIT 1   [ RunTime:0.0003s ]
SQL: SELECT * FROM `admin` WHERE ( (`name` = '123') AND (`pwd` = '202cb962ac59075b964b07152d234b70') ) LIMIT 1   [ RunTime:0.0002s ]
INFO: [ app_end ] --START--
INFO: Run Behavior\ShowPageTraceBehavior [ RunTime:0.000788s ]
INFO: [ app_end ] --END-- [ RunTime:0.000827s ]

[ 2017-09-25T18:28:04+08:00 ] 120.41.128.128 /index.php/admin/index/main
INFO: [ app_init ] --START--
INFO: Run Behavior\BuildLiteBehavior [ RunTime:0.000016s ]
INFO: [ app_init ] --END-- [ RunTime:0.000338s ]
INFO: [ app_begin ] --START--
INFO: Run Behavior\ReadHtmlCacheBehavior [ RunTime:0.000445s ]
INFO: [ app_begin ] --END-- [ RunTime:0.000483s ]
INFO: [ view_parse ] --START--
INFO: [ template_filter ] --START--
INFO: Run Behavior\ContentReplaceBehavior [ RunTime:0.000069s ]
INFO: [ template_filter ] --END-- [ RunTime:0.000111s ]
INFO: Run Behavior\ParseTemplateBehavior [ RunTime:0.055629s ]
INFO: [ view_parse ] --END-- [ RunTime:0.055683s ]
INFO: [ view_filter ] --START--
INFO: Run Behavior\WriteHtmlCacheBehavior [ RunTime:0.000451s ]
INFO: [ view_filter ] --END-- [ RunTime:0.000486s ]
INFO: [ app_end ] --START--
INFO: Run Behavior\ShowPageTraceBehavior [ RunTime:0.000507s ]
INFO: [ app_end ] --END-- [ RunTime:0.000546s ]

[ 2017-09-25T18:28:06+08:00 ] 120.41.128.128 /index.php/Admin/index/coupon.html
INFO: [ app_init ] --START--
INFO: Run Behavior\BuildLiteBehavior [ RunTime:0.000017s ]
INFO: [ app_init ] --END-- [ RunTime:0.000375s ]
INFO: [ app_begin ] --START--
INFO: Run Behavior\ReadHtmlCacheBehavior [ RunTime:0.000548s ]
INFO: [ app_begin ] --END-- [ RunTime:0.000587s ]
SQL: SHOW COLUMNS FROM `coupon` [ RunTime:0.0118s ]
SQL: SELECT * FROM `coupon`  [ RunTime:0.0003s ]
NOTIC: [8] Undefined variable: row C:\xampp\htdocs\jianshen\Application\Admin\Controller\IndexController.class.php 第 328 行.
SQL: SELECT * FROM `coupon` LIMIT 0,10   [ RunTime:0.0002s ]
INFO: [ view_parse ] --START--
INFO: [ template_filter ] --START--
INFO: Run Behavior\ContentReplaceBehavior [ RunTime:0.000075s ]
INFO: [ template_filter ] --END-- [ RunTime:0.000116s ]
NOTIC: [8] Undefined index: price C:\xampp\htdocs\jianshen\Application\Runtime\Cache\Admin\03877490c8fbea82047ccd6c1c394436.php 第 335 行.
INFO: Run Behavior\ParseTemplateBehavior [ RunTime:0.074381s ]
INFO: [ view_parse ] --END-- [ RunTime:0.074430s ]
INFO: [ view_filter ] --START--
INFO: Run Behavior\WriteHtmlCacheBehavior [ RunTime:0.000470s ]
INFO: [ view_filter ] --END-- [ RunTime:0.000505s ]
INFO: [ app_end ] --START--
INFO: Run Behavior\ShowPageTraceBehavior [ RunTime:0.000632s ]
INFO: [ app_end ] --END-- [ RunTime:0.000670s ]

[ 2017-09-25T18:28:08+08:00 ] 120.41.128.128 /index.php/Admin/index/user_coupon.html
INFO: [ app_init ] --START--
INFO: Run Behavior\BuildLiteBehavior [ RunTime:0.000015s ]
INFO: [ app_init ] --END-- [ RunTime:0.000365s ]
INFO: [ app_begin ] --START--
INFO: Run Behavior\ReadHtmlCacheBehavior [ RunTime:0.000431s ]
INFO: [ app_begin ] --END-- [ RunTime:0.000469s ]
SQL: SHOW COLUMNS FROM `user_coupon` [ RunTime:0.0159s ]
SQL: SELECT * FROM `user_coupon`  [ RunTime:0.0004s ]
NOTIC: [8] Undefined variable: row C:\xampp\htdocs\jianshen\Application\Admin\Controller\IndexController.class.php 第 305 行.
SQL: SELECT user_coupon.*,user.wxname AS user,share.wxname AS share,coupon.deadline FROM `user_coupon` LEFT JOIN consumer AS user ON user_coupon.user_openid = user.openid LEFT JOIN consumer AS share ON user_coupon.share_openid = share.openid LEFT JOIN coupon ON coupon.id = user_coupon.coupon_id  LIMIT 0,10   [ RunTime:0.0008s ]
INFO: [ view_parse ] --START--
INFO: [ template_filter ] --START--
INFO: Run Behavior\ContentReplaceBehavior [ RunTime:0.000083s ]
INFO: [ template_filter ] --END-- [ RunTime:0.000121s ]
INFO: Run Behavior\ParseTemplateBehavior [ RunTime:0.068191s ]
INFO: [ view_parse ] --END-- [ RunTime:0.068247s ]
INFO: [ view_filter ] --START--
INFO: Run Behavior\WriteHtmlCacheBehavior [ RunTime:0.000309s ]
INFO: [ view_filter ] --END-- [ RunTime:0.000342s ]
INFO: [ app_end ] --START--
INFO: Run Behavior\ShowPageTraceBehavior [ RunTime:0.000492s ]
INFO: [ app_end ] --END-- [ RunTime:0.000532s ]

[ 2017-09-25T18:28:12+08:00 ] 120.41.128.128 /index.php/Admin/index/viplist.html
INFO: [ app_init ] --START--
INFO: Run Behavior\BuildLiteBehavior [ RunTime:0.000015s ]
INFO: [ app_init ] --END-- [ RunTime:0.000333s ]
INFO: [ app_begin ] --START--
INFO: Run Behavior\ReadHtmlCacheBehavior [ RunTime:0.000482s ]
INFO: [ app_begin ] --END-- [ RunTime:0.000529s ]
SQL: SHOW COLUMNS FROM `consumer` [ RunTime:0.0119s ]
SQL: SELECT COUNT(*) AS tp_count FROM `consumer` LIMIT 1   [ RunTime:0.0002s ]
NOTIC: [8] Undefined variable: row C:\xampp\htdocs\jianshen\Application\Admin\Controller\IndexController.class.php 第 160 行.
SQL: SELECT * FROM `consumer` ORDER BY id LIMIT 0,5   [ RunTime:0.0003s ]
INFO: [ view_parse ] --START--
INFO: [ template_filter ] --START--
INFO: Run Behavior\ContentReplaceBehavior [ RunTime:0.000074s ]
INFO: [ template_filter ] --END-- [ RunTime:0.000112s ]
INFO: Run Behavior\ParseTemplateBehavior [ RunTime:0.069717s ]
INFO: [ view_parse ] --END-- [ RunTime:0.069776s ]
INFO: [ view_filter ] --START--
INFO: Run Behavior\WriteHtmlCacheBehavior [ RunTime:0.000319s ]
INFO: [ view_filter ] --END-- [ RunTime:0.000352s ]
INFO: [ app_end ] --START--
INFO: Run Behavior\ShowPageTraceBehavior [ RunTime:0.000494s ]
INFO: [ app_end ] --END-- [ RunTime:0.000531s ]

[ 2017-09-25T18:28:12+08:00 ] 120.41.128.128 /index.php/Admin/index/2017-08-29/1503992716.jpg
INFO: [ app_init ] --START--
INFO: Run Behavior\BuildLiteBehavior [ RunTime:0.000014s ]
INFO: [ app_init ] --END-- [ RunTime:0.000325s ]

[ 2017-09-25T18:28:12+08:00 ] 120.41.128.128 /index.php/Admin/index/dsadsadsadsa
INFO: [ app_init ] --START--
INFO: Run Behavior\BuildLiteBehavior [ RunTime:0.000015s ]
INFO: [ app_init ] --END-- [ RunTime:0.000377s ]
INFO: [ app_begin ] --START--
INFO: Run Behavior\ReadHtmlCacheBehavior [ RunTime:0.000455s ]
INFO: [ app_begin ] --END-- [ RunTime:0.000493s ]
ERR: 非法操作:dsadsadsadsa

[ 2017-09-25T18:28:14+08:00 ] 120.41.128.128 /index.php/Admin/Index/viplist/p/2.html
INFO: [ app_init ] --START--
INFO: Run Behavior\BuildLiteBehavior [ RunTime:0.000016s ]
INFO: [ app_init ] --END-- [ RunTime:0.000389s ]
INFO: [ app_begin ] --START--
INFO: Run Behavior\ReadHtmlCacheBehavior [ RunTime:0.000562s ]
INFO: [ app_begin ] --END-- [ RunTime:0.000602s ]
SQL: SHOW COLUMNS FROM `consumer` [ RunTime:0.0126s ]
SQL: SELECT COUNT(*) AS tp_count FROM `consumer` LIMIT 1   [ RunTime:0.0003s ]
NOTIC: [8] Undefined variable: row C:\xampp\htdocs\jianshen\Application\Admin\Controller\IndexController.class.php 第 160 行.
SQL: SELECT * FROM `consumer` ORDER BY id LIMIT 5,5   [ RunTime:0.0003s ]
INFO: [ view_parse ] --START--
INFO: [ template_filter ] --START--
INFO: Run Behavior\ContentReplaceBehavior [ RunTime:0.000074s ]
INFO: [ template_filter ] --END-- [ RunTime:0.000112s ]
INFO: Run Behavior\ParseTemplateBehavior [ RunTime:0.072830s ]
INFO: [ view_parse ] --END-- [ RunTime:0.072912s ]
INFO: [ view_filter ] --START--
INFO: Run Behavior\WriteHtmlCacheBehavior [ RunTime:0.000520s ]
INFO: [ view_filter ] --END-- [ RunTime:0.000563s ]
INFO: [ app_end ] --START--
INFO: Run Behavior\ShowPageTraceBehavior [ RunTime:0.000628s ]
INFO: [ app_end ] --END-- [ RunTime:0.000668s ]

[ 2017-09-25T18:28:16+08:00 ] 120.41.128.128 /index.php/admin/index/vipdetails/id/15.html
INFO: [ app_init ] --START--
INFO: Run Behavior\BuildLiteBehavior [ RunTime:0.000015s ]
INFO: [ app_init ] --END-- [ RunTime:0.000325s ]
INFO: [ app_begin ] --START--
INFO: Run Behavior\ReadHtmlCacheBehavior [ RunTime:0.000424s ]
INFO: [ app_begin ] --END-- [ RunTime:0.000464s ]
SQL: SHOW COLUMNS FROM `consumer` [ RunTime:0.0130s ]
SQL: SELECT * FROM `consumer` WHERE ( id='15' ) LIMIT 1   [ RunTime:0.0004s ]
SQL: SHOW COLUMNS FROM `user_coupon` [ RunTime:0.0131s ]
SQL: SELECT * FROM `user_coupon` WHERE ( user_openid = 'oPL7sv4Eh_k6Tn4tFLVQghoEgeBE' )  [ RunTime:0.0003s ]
SQL: SHOW COLUMNS FROM `address` [ RunTime:0.0138s ]
SQL: SELECT * FROM `address` WHERE ( openid ="oPL7sv4Eh_k6Tn4tFLVQghoEgeBE" )  [ RunTime:0.0006s ]
INFO: [ view_parse ] --START--
INFO: [ template_filter ] --START--
INFO: Run Behavior\ContentReplaceBehavior [ RunTime:0.000078s ]
INFO: [ template_filter ] --END-- [ RunTime:0.000116s ]
INFO: Run Behavior\ParseTemplateBehavior [ RunTime:0.081813s ]
INFO: [ view_parse ] --END-- [ RunTime:0.081868s ]
INFO: [ view_filter ] --START--
INFO: Run Behavior\WriteHtmlCacheBehavior [ RunTime:0.000329s ]
INFO: [ view_filter ] --END-- [ RunTime:0.000360s ]
INFO: [ app_end ] --START--
INFO: Run Behavior\ShowPageTraceBehavior [ RunTime:0.000495s ]
INFO: [ app_end ] --END-- [ RunTime:0.000534s ]

[ 2017-09-25T18:28:18+08:00 ] 120.41.128.128 /index.php/admin/index/user_coupon/share/oPL7sv4Eh_k6Tn4tFLVQghoEgeBE.html
INFO: [ app_init ] --START--
INFO: Run Behavior\BuildLiteBehavior [ RunTime:0.000024s ]
INFO: [ app_init ] --END-- [ RunTime:0.000496s ]
INFO: [ app_begin ] --START--
INFO: Run Behavior\ReadHtmlCacheBehavior [ RunTime:0.000632s ]
INFO: [ app_begin ] --END-- [ RunTime:0.000690s ]
SQL: SHOW COLUMNS FROM `user_coupon` [ RunTime:0.0177s ]
SQL: SELECT * FROM `user_coupon`  [ RunTime:0.0005s ]
NOTIC: [8] Undefined index: user C:\xampp\htdocs\jianshen\Application\Admin\Controller\IndexController.class.php 第 300 行.
NOTIC: [8] Undefined variable: row C:\xampp\htdocs\jianshen\Application\Admin\Controller\IndexController.class.php 第 305 行.
SQL: SELECT user_coupon.*,user.wxname AS user,share.wxname AS share,coupon.deadline FROM `user_coupon` LEFT JOIN consumer AS user ON user_coupon.user_openid = user.openid LEFT JOIN consumer AS share ON user_coupon.share_openid = share.openid LEFT JOIN coupon ON coupon.id = user_coupon.coupon_id  WHERE ( user_openid = "" ) LIMIT 0,10   [ RunTime:0.0006s ]
INFO: [ view_parse ] --START--
INFO: [ template_filter ] --START--
INFO: Run Behavior\ContentReplaceBehavior [ RunTime:0.000105s ]
INFO: [ template_filter ] --END-- [ RunTime:0.000163s ]
INFO: Run Behavior\ParseTemplateBehavior [ RunTime:0.128825s ]
INFO: [ view_parse ] --END-- [ RunTime:0.128905s ]
INFO: [ view_filter ] --START--
INFO: Run Behavior\WriteHtmlCacheBehavior [ RunTime:0.000447s ]
INFO: [ view_filter ] --END-- [ RunTime:0.000498s ]
INFO: [ app_end ] --START--
INFO: Run Behavior\ShowPageTraceBehavior [ RunTime:0.000718s ]
INFO: [ app_end ] --END-- [ RunTime:0.000774s ]

[ 2017-09-25T18:28:20+08:00 ] 120.41.128.128 /index.php/admin/index/user_coupon/user/oPL7sv4Eh_k6Tn4tFLVQghoEgeBE.html
INFO: [ app_init ] --START--
INFO: Run Behavior\BuildLiteBehavior [ RunTime:0.000014s ]
INFO: [ app_init ] --END-- [ RunTime:0.000367s ]
INFO: [ app_begin ] --START--
INFO: Run Behavior\ReadHtmlCacheBehavior [ RunTime:0.000424s ]
INFO: [ app_begin ] --END-- [ RunTime:0.000464s ]
SQL: SHOW COLUMNS FROM `user_coupon` [ RunTime:0.0138s ]
SQL: SELECT * FROM `user_coupon`  [ RunTime:0.0004s ]
NOTIC: [8] Undefined variable: row C:\xampp\htdocs\jianshen\Application\Admin\Controller\IndexController.class.php 第 305 行.
SQL: SELECT user_coupon.*,user.wxname AS user,share.wxname AS share,coupon.deadline FROM `user_coupon` LEFT JOIN consumer AS user ON user_coupon.user_openid = user.openid LEFT JOIN consumer AS share ON user_coupon.share_openid = share.openid LEFT JOIN coupon ON coupon.id = user_coupon.coupon_id  WHERE ( user_openid = "oPL7sv4Eh_k6Tn4tFLVQghoEgeBE" ) LIMIT 0,10   [ RunTime:0.0005s ]
INFO: [ view_parse ] --START--
INFO: [ template_filter ] --START--
INFO: Run Behavior\ContentReplaceBehavior [ RunTime:0.000075s ]
INFO: [ template_filter ] --END-- [ RunTime:0.000112s ]
INFO: Run Behavior\ParseTemplateBehavior [ RunTime:0.065032s ]
INFO: [ view_parse ] --END-- [ RunTime:0.065084s ]
INFO: [ view_filter ] --START--
INFO: Run Behavior\WriteHtmlCacheBehavior [ RunTime:0.000315s ]
INFO: [ view_filter ] --END-- [ RunTime:0.000348s ]
INFO: [ app_end ] --START--
INFO: Run Behavior\ShowPageTraceBehavior [ RunTime:0.000515s ]
INFO: [ app_end ] --END-- [ RunTime:0.000555s ]

[ 2017-09-25T18:28:24+08:00 ] 120.41.128.128 /index.php/admin/index/order/openid/oPL7sv4Eh_k6Tn4tFLVQghoEgeBE.html
INFO: [ app_init ] --START--
INFO: Run Behavior\BuildLiteBehavior [ RunTime:0.000015s ]
INFO: [ app_init ] --END-- [ RunTime:0.000341s ]
INFO: [ app_begin ] --START--
INFO: Run Behavior\ReadHtmlCacheBehavior [ RunTime:0.000469s ]
INFO: [ app_begin ] --END-- [ RunTime:0.000509s ]
SQL: SHOW COLUMNS FROM `order` [ RunTime:0.0121s ]
SQL: SELECT COUNT(*) AS tp_count FROM `order` LIMIT 1   [ RunTime:0.0002s ]
SQL: SELECT consumer.wxname,order.id,order.order_id,order.price,order.or_time,order.addr,order.receiver,order.tel,order.state FROM `order` LEFT JOIN consumer ON consumer.openid = order.user  WHERE ( user = "oPL7sv4Eh_k6Tn4tFLVQghoEgeBE" ) ORDER BY or_time LIMIT 0,15   [ RunTime:0.0004s ]
INFO: [ view_parse ] --START--
INFO: [ template_filter ] --START--
INFO: Run Behavior\ContentReplaceBehavior [ RunTime:0.000076s ]
INFO: [ template_filter ] --END-- [ RunTime:0.000112s ]
NOTIC: [8] Undefined variable: state C:\xampp\htdocs\jianshen\Application\Runtime\Cache\Admin\455dd59e7ffe0d0ea2f45d03db7d85a9.php 第 362 行.
INFO: Run Behavior\ParseTemplateBehavior [ RunTime:0.067724s ]
INFO: [ view_parse ] --END-- [ RunTime:0.067777s ]
INFO: [ view_filter ] --START--
INFO: Run Behavior\WriteHtmlCacheBehavior [ RunTime:0.000320s ]
INFO: [ view_filter ] --END-- [ RunTime:0.000353s ]
INFO: [ app_end ] --START--
INFO: Run Behavior\ShowPageTraceBehavior [ RunTime:0.000505s ]
INFO: [ app_end ] --END-- [ RunTime:0.000550s ]

[ 2017-09-25T18:28:28+08:00 ] 120.41.128.128 /index.php/Admin/index/order.html
INFO: [ app_init ] --START--
INFO: Run Behavior\BuildLiteBehavior [ RunTime:0.000014s ]
INFO: [ app_init ] --END-- [ RunTime:0.000345s ]
INFO: [ app_begin ] --START--
INFO: Run Behavior\ReadHtmlCacheBehavior [ RunTime:0.000429s ]
INFO: [ app_begin ] --END-- [ RunTime:0.000466s ]
SQL: SHOW COLUMNS FROM `order` [ RunTime:0.0124s ]
SQL: SELECT COUNT(*) AS tp_count FROM `order` LIMIT 1   [ RunTime:0.0002s ]
SQL: SELECT consumer.wxname,order.id,order.order_id,order.price,order.or_time,order.addr,order.receiver,order.tel,order.state FROM `order` LEFT JOIN consumer ON consumer.openid = order.user  ORDER BY or_time LIMIT 0,15   [ RunTime:0.0005s ]
INFO: [ view_parse ] --START--
INFO: [ template_filter ] --START--
INFO: Run Behavior\ContentReplaceBehavior [ RunTime:0.000076s ]
INFO: [ template_filter ] --END-- [ RunTime:0.000113s ]
NOTIC: [8] Undefined variable: state C:\xampp\htdocs\jianshen\Application\Runtime\Cache\Admin\455dd59e7ffe0d0ea2f45d03db7d85a9.php 第 362 行.
INFO: Run Behavior\ParseTemplateBehavior [ RunTime:0.063953s ]
INFO: [ view_parse ] --END-- [ RunTime:0.063998s ]
INFO: [ view_filter ] --START--
INFO: Run Behavior\WriteHtmlCacheBehavior [ RunTime:0.000309s ]
INFO: [ view_filter ] --END-- [ RunTime:0.000341s ]
INFO: [ app_end ] --START--
INFO: Run Behavior\ShowPageTraceBehavior [ RunTime:0.000490s ]
INFO: [ app_end ] --END-- [ RunTime:0.000527s ]

[ 2017-09-25T18:28:33+08:00 ] 120.41.128.128 /index.php/Admin/index/user_coupon.html
INFO: [ app_init ] --START--
INFO: Run Behavior\BuildLiteBehavior [ RunTime:0.000014s ]
INFO: [ app_init ] --END-- [ RunTime:0.000332s ]
INFO: [ app_begin ] --START--
INFO: Run Behavior\ReadHtmlCacheBehavior [ RunTime:0.000432s ]
INFO: [ app_begin ] --END-- [ RunTime:0.000470s ]
SQL: SHOW COLUMNS FROM `user_coupon` [ RunTime:0.0122s ]
SQL: SELECT * FROM `user_coupon`  [ RunTime:0.0004s ]
NOTIC: [8] Undefined variable: row C:\xampp\htdocs\jianshen\Application\Admin\Controller\IndexController.class.php 第 305 行.
SQL: SELECT user_coupon.*,user.wxname AS user,share.wxname AS share,coupon.deadline FROM `user_coupon` LEFT JOIN consumer AS user ON user_coupon.user_openid = user.openid LEFT JOIN consumer AS share ON user_coupon.share_openid = share.openid LEFT JOIN coupon ON coupon.id = user_coupon.coupon_id  LIMIT 0,10   [ RunTime:0.0006s ]
INFO: [ view_parse ] --START--
INFO: [ template_filter ] --START--
INFO: Run Behavior\ContentReplaceBehavior [ RunTime:0.000074s ]
INFO: [ template_filter ] --END-- [ RunTime:0.000113s ]
INFO: Run Behavior\ParseTemplateBehavior [ RunTime:0.064340s ]
INFO: [ view_parse ] --END-- [ RunTime:0.064394s ]
INFO: [ view_filter ] --START--
INFO: Run Behavior\WriteHtmlCacheBehavior [ RunTime:0.000321s ]
INFO: [ view_filter ] --END-- [ RunTime:0.000355s ]
INFO: [ app_end ] --START--
INFO: Run Behavior\ShowPageTraceBehavior [ RunTime:0.000492s ]
INFO: [ app_end ] --END-- [ RunTime:0.000531s ]

[ 2017-09-25T18:28:38+08:00 ] 120.41.128.128 /index.php/Admin/index/goodslist.html
INFO: [ app_init ] --START--
INFO: Run Behavior\BuildLiteBehavior [ RunTime:0.000019s ]
INFO: [ app_init ] --END-- [ RunTime:0.000428s ]
INFO: [ app_begin ] --START--
INFO: Run Behavior\ReadHtmlCacheBehavior [ RunTime:0.000441s ]
INFO: [ app_begin ] --END-- [ RunTime:0.000483s ]
SQL: SHOW COLUMNS FROM `goods` [ RunTime:0.0112s ]
SQL: SELECT * FROM `goods`  [ RunTime:0.0003s ]
NOTIC: [8] Undefined variable: row C:\xampp\htdocs\jianshen\Application\Admin\Controller\IndexController.class.php 第 232 行.
SQL: SELECT * FROM `goods` LIMIT 0,5   [ RunTime:0.0003s ]
INFO: [ view_parse ] --START--
INFO: [ template_filter ] --START--
INFO: Run Behavior\ContentReplaceBehavior [ RunTime:0.000075s ]
INFO: [ template_filter ] --END-- [ RunTime:0.000112s ]
NOTIC: [8] Use of undefined constant goods - assumed 'goods' C:\xampp\htdocs\jianshen\Application\Runtime\Cache\Admin\d3e721321d76840cf724050d67dbdd87.php 第 339 行.
NOTIC: [8] Use of undefined constant goods - assumed 'goods' C:\xampp\htdocs\jianshen\Application\Runtime\Cache\Admin\d3e721321d76840cf724050d67dbdd87.php 第 339 行.
INFO: Run Behavior\ParseTemplateBehavior [ RunTime:0.070637s ]
INFO: [ view_parse ] --END-- [ RunTime:0.070687s ]
INFO: [ view_filter ] --START--
INFO: Run Behavior\WriteHtmlCacheBehavior [ RunTime:0.000326s ]
INFO: [ view_filter ] --END-- [ RunTime:0.000358s ]
INFO: [ app_end ] --START--
INFO: Run Behavior\ShowPageTraceBehavior [ RunTime:0.000517s ]
INFO: [ app_end ] --END-- [ RunTime:0.000574s ]

[ 2017-09-25T18:28:41+08:00 ] 120.41.128.128 /index.php/Admin/index/viplist.html
INFO: [ app_init ] --START--
INFO: Run Behavior\BuildLiteBehavior [ RunTime:0.000015s ]
INFO: [ app_init ] --END-- [ RunTime:0.000335s ]
INFO: [ app_begin ] --START--
INFO: Run Behavior\ReadHtmlCacheBehavior [ RunTime:0.000452s ]
INFO: [ app_begin ] --END-- [ RunTime:0.000487s ]
SQL: SHOW COLUMNS FROM `consumer` [ RunTime:0.0114s ]
SQL: SELECT COUNT(*) AS tp_count FROM `consumer` LIMIT 1   [ RunTime:0.0003s ]
NOTIC: [8] Undefined variable: row C:\xampp\htdocs\jianshen\Application\Admin\Controller\IndexController.class.php 第 160 行.
SQL: SELECT * FROM `consumer` ORDER BY id LIMIT 0,5   [ RunTime:0.0004s ]
INFO: [ view_parse ] --START--
INFO: [ template_filter ] --START--
INFO: Run Behavior\ContentReplaceBehavior [ RunTime:0.000074s ]
INFO: [ template_filter ] --END-- [ RunTime:0.000112s ]
INFO: Run Behavior\ParseTemplateBehavior [ RunTime:0.069879s ]
INFO: [ view_parse ] --END-- [ RunTime:0.069951s ]
INFO: [ view_filter ] --START--
INFO: Run Behavior\WriteHtmlCacheBehavior [ RunTime:0.000435s ]
INFO: [ view_filter ] --END-- [ RunTime:0.000487s ]
INFO: [ app_end ] --START--
INFO: Run Behavior\ShowPageTraceBehavior [ RunTime:0.000691s ]
INFO: [ app_end ] --END-- [ RunTime:0.000794s ]

[ 2017-09-25T18:28:41+08:00 ] 120.41.128.128 /index.php/Admin/index/2017-08-29/1503992716.jpg
INFO: [ app_init ] --START--
INFO: Run Behavior\BuildLiteBehavior [ RunTime:0.000015s ]
INFO: [ app_init ] --END-- [ RunTime:0.000345s ]

[ 2017-09-25T18:28:41+08:00 ] 120.41.128.128 /index.php/Admin/index/dsadsadsadsa
INFO: [ app_init ] --START--
INFO: Run Behavior\BuildLiteBehavior [ RunTime:0.000014s ]
INFO: [ app_init ] --END-- [ RunTime:0.000344s ]
INFO: [ app_begin ] --START--
INFO: Run Behavior\ReadHtmlCacheBehavior [ RunTime:0.000431s ]
INFO: [ app_begin ] --END-- [ RunTime:0.000471s ]
ERR: 非法操作:dsadsadsadsa

[ 2017-09-25T18:28:42+08:00 ] 120.41.128.128 /index.php/Admin/Index/viplist/p/2.html
INFO: [ app_init ] --START--
INFO: Run Behavior\BuildLiteBehavior [ RunTime:0.000015s ]
INFO: [ app_init ] --END-- [ RunTime:0.000328s ]
INFO: [ app_begin ] --START--
INFO: Run Behavior\ReadHtmlCacheBehavior [ RunTime:0.000426s ]
INFO: [ app_begin ] --END-- [ RunTime:0.000463s ]
SQL: SHOW COLUMNS FROM `consumer` [ RunTime:0.0117s ]
SQL: SELECT COUNT(*) AS tp_count FROM `consumer` LIMIT 1   [ RunTime:0.0003s ]
NOTIC: [8] Undefined variable: row C:\xampp\htdocs\jianshen\Application\Admin\Controller\IndexController.class.php 第 160 行.
SQL: SELECT * FROM `consumer` ORDER BY id LIMIT 5,5   [ RunTime:0.0003s ]
INFO: [ view_parse ] --START--
INFO: [ template_filter ] --START--
INFO: Run Behavior\ContentReplaceBehavior [ RunTime:0.000075s ]
INFO: [ template_filter ] --END-- [ RunTime:0.000113s ]
INFO: Run Behavior\ParseTemplateBehavior [ RunTime:0.070824s ]
INFO: [ view_parse ] --END-- [ RunTime:0.070892s ]
INFO: [ view_filter ] --START--
INFO: Run Behavior\WriteHtmlCacheBehavior [ RunTime:0.000313s ]
INFO: [ view_filter ] --END-- [ RunTime:0.000345s ]
INFO: [ app_end ] --START--
INFO: Run Behavior\ShowPageTraceBehavior [ RunTime:0.000501s ]
INFO: [ app_end ] --END-- [ RunTime:0.000540s ]

[ 2017-09-25T18:28:44+08:00 ] 120.41.128.128 /index.php/admin/index/vipdetails/id/15.html
INFO: [ app_init ] --START--
INFO: Run Behavior\BuildLiteBehavior [ RunTime:0.000014s ]
INFO: [ app_init ] --END-- [ RunTime:0.000329s ]
INFO: [ app_begin ] --START--
INFO: Run Behavior\ReadHtmlCacheBehavior [ RunTime:0.000441s ]
INFO: [ app_begin ] --END-- [ RunTime:0.000481s ]
SQL: SHOW COLUMNS FROM `consumer` [ RunTime:0.0127s ]
SQL: SELECT * FROM `consumer` WHERE ( id='15' ) LIMIT 1   [ RunTime:0.0003s ]
SQL: SHOW COLUMNS FROM `user_coupon` [ RunTime:0.0070s ]
SQL: SELECT * FROM `user_coupon` WHERE ( user_openid = 'oPL7sv4Eh_k6Tn4tFLVQghoEgeBE' )  [ RunTime:0.0003s ]
SQL: SHOW COLUMNS FROM `address` [ RunTime:0.0070s ]
SQL: SELECT * FROM `address` WHERE ( openid ="oPL7sv4Eh_k6Tn4tFLVQghoEgeBE" )  [ RunTime:0.0002s ]
INFO: [ view_parse ] --START--
INFO: [ template_filter ] --START--
INFO: Run Behavior\ContentReplaceBehavior [ RunTime:0.000073s ]
INFO: [ template_filter ] --END-- [ RunTime:0.000111s ]
INFO: Run Behavior\ParseTemplateBehavior [ RunTime:0.065493s ]
INFO: [ view_parse ] --END-- [ RunTime:0.065548s ]
INFO: [ view_filter ] --START--
INFO: Run Behavior\WriteHtmlCacheBehavior [ RunTime:0.000328s ]
INFO: [ view_filter ] --END-- [ RunTime:0.000362s ]
INFO: [ app_end ] --START--
INFO: Run Behavior\ShowPageTraceBehavior [ RunTime:0.000495s ]
INFO: [ app_end ] --END-- [ RunTime:0.000535s ]

[ 2017-09-25T18:29:10+08:00 ] 120.41.128.128 /index.php/admin/index/vipdetails/id/15.html
INFO: [ app_init ] --START--
INFO: Run Behavior\BuildLiteBehavior [ RunTime:0.000014s ]
INFO: [ app_init ] --END-- [ RunTime:0.000325s ]
INFO: [ app_begin ] --START--
INFO: Run Behavior\ReadHtmlCacheBehavior [ RunTime:0.000423s ]
INFO: [ app_begin ] --END-- [ RunTime:0.000461s ]
SQL: SHOW COLUMNS FROM `consumer` [ RunTime:0.0128s ]
SQL: SELECT * FROM `consumer` WHERE ( id='15' ) LIMIT 1   [ RunTime:0.0003s ]
SQL: SHOW COLUMNS FROM `user_coupon` [ RunTime:0.0077s ]
SQL: SELECT * FROM `user_coupon` WHERE ( user_openid = 'oPL7sv4Eh_k6Tn4tFLVQghoEgeBE' )  [ RunTime:0.0003s ]
SQL: SHOW COLUMNS FROM `address` [ RunTime:0.0075s ]
SQL: SELECT * FROM `address` WHERE ( openid ="oPL7sv4Eh_k6Tn4tFLVQghoEgeBE" )  [ RunTime:0.0003s ]
INFO: [ view_parse ] --START--
INFO: [ template_filter ] --START--
INFO: Run Behavior\ContentReplaceBehavior [ RunTime:0.000076s ]
INFO: [ template_filter ] --END-- [ RunTime:0.000114s ]
INFO: Run Behavior\ParseTemplateBehavior [ RunTime:0.064298s ]
INFO: [ view_parse ] --END-- [ RunTime:0.064352s ]
INFO: [ view_filter ] --START--
INFO: Run Behavior\WriteHtmlCacheBehavior [ RunTime:0.000311s ]
INFO: [ view_filter ] --END-- [ RunTime:0.000345s ]
INFO: [ app_end ] --START--
INFO: Run Behavior\ShowPageTraceBehavior [ RunTime:0.000501s ]
INFO: [ app_end ] --END-- [ RunTime:0.000540s ]

[ 2017-09-25T18:29:13+08:00 ] 120.41.128.128 /index.php/admin/index/user_coupon/share/oPL7sv4Eh_k6Tn4tFLVQghoEgeBE.html
INFO: [ app_init ] --START--
INFO: Run Behavior\BuildLiteBehavior [ RunTime:0.000014s ]
INFO: [ app_init ] --END-- [ RunTime:0.000343s ]
INFO: [ app_begin ] --START--
INFO: Run Behavior\ReadHtmlCacheBehavior [ RunTime:0.000473s ]
INFO: [ app_begin ] --END-- [ RunTime:0.000513s ]
SQL: SHOW COLUMNS FROM `user_coupon` [ RunTime:0.0114s ]
SQL: SELECT * FROM `user_coupon`  [ RunTime:0.0003s ]
NOTIC: [8] Undefined index: user C:\xampp\htdocs\jianshen\Application\Admin\Controller\IndexController.class.php 第 300 行.
NOTIC: [8] Undefined variable: row C:\xampp\htdocs\jianshen\Application\Admin\Controller\IndexController.class.php 第 305 行.
SQL: SELECT user_coupon.*,user.wxname AS user,share.wxname AS share,coupon.deadline FROM `user_coupon` LEFT JOIN consumer AS user ON user_coupon.user_openid = user.openid LEFT JOIN consumer AS share ON user_coupon.share_openid = share.openid LEFT JOIN coupon ON coupon.id = user_coupon.coupon_id  WHERE ( user_openid = "" ) LIMIT 0,10   [ RunTime:0.0004s ]
INFO: [ view_parse ] --START--
INFO: [ template_filter ] --START--
INFO: Run Behavior\ContentReplaceBehavior [ RunTime:0.000073s ]
INFO: [ template_filter ] --END-- [ RunTime:0.000110s ]
INFO: Run Behavior\ParseTemplateBehavior [ RunTime:0.062273s ]
INFO: [ view_parse ] --END-- [ RunTime:0.062328s ]
INFO: [ view_filter ] --START--
INFO: Run Behavior\WriteHtmlCacheBehavior [ RunTime:0.000320s ]
INFO: [ view_filter ] --END-- [ RunTime:0.000355s ]
INFO: [ app_end ] --START--
INFO: Run Behavior\ShowPageTraceBehavior [ RunTime:0.000506s ]
INFO: [ app_end ] --END-- [ RunTime:0.000546s ]

[ 2017-09-25T18:30:12+08:00 ] 120.41.128.128 /index.php/admin/index/user_coupon/share/oPL7sv4Eh_k6Tn4tFLVQghoEgeBE.html
INFO: [ app_init ] --START--
INFO: Run Behavior\BuildLiteBehavior [ RunTime:0.000015s ]
INFO: [ app_init ] --END-- [ RunTime:0.000387s ]
INFO: [ app_begin ] --START--
INFO: Run Behavior\ReadHtmlCacheBehavior [ RunTime:0.000554s ]
INFO: [ app_begin ] --END-- [ RunTime:0.000596s ]
SQL: SHOW COLUMNS FROM `user_coupon` [ RunTime:0.0113s ]
SQL: SELECT * FROM `user_coupon`  [ RunTime:0.0003s ]
NOTIC: [8] Undefined index: user C:\xampp\htdocs\jianshen\Application\Admin\Controller\IndexController.class.php 第 300 行.
NOTIC: [8] Undefined variable: row C:\xampp\htdocs\jianshen\Application\Admin\Controller\IndexController.class.php 第 306 行.
SQL: SELECT user_coupon.*,user.wxname AS user,share.wxname AS share,coupon.deadline FROM `user_coupon` LEFT JOIN consumer AS user ON user_coupon.user_openid = user.openid LEFT JOIN consumer AS share ON user_coupon.share_openid = share.openid LEFT JOIN coupon ON coupon.id = user_coupon.coupon_id  WHERE ( user_openid = "" ) LIMIT 0,10   [ RunTime:0.0004s ]
INFO: [ view_parse ] --START--
INFO: [ template_filter ] --START--
INFO: Run Behavior\ContentReplaceBehavior [ RunTime:0.000075s ]
INFO: [ template_filter ] --END-- [ RunTime:0.000114s ]
INFO: Run Behavior\ParseTemplateBehavior [ RunTime:0.065017s ]
INFO: [ view_parse ] --END-- [ RunTime:0.065080s ]
INFO: [ view_filter ] --START--
INFO: Run Behavior\WriteHtmlCacheBehavior [ RunTime:0.000497s ]
INFO: [ view_filter ] --END-- [ RunTime:0.000534s ]
INFO: [ app_end ] --START--
INFO: Run Behavior\ShowPageTraceBehavior [ RunTime:0.000640s ]
INFO: [ app_end ] --END-- [ RunTime:0.000681s ]

[ 2017-09-25T18:30:17+08:00 ] 120.41.128.128 /index.php/admin/index/user_coupon/share/oPL7sv4Eh_k6Tn4tFLVQghoEgeBE.html
INFO: [ app_init ] --START--
INFO: Run Behavior\BuildLiteBehavior [ RunTime:0.000014s ]
INFO: [ app_init ] --END-- [ RunTime:0.000330s ]
INFO: [ app_begin ] --START--
INFO: Run Behavior\ReadHtmlCacheBehavior [ RunTime:0.000433s ]
INFO: [ app_begin ] --END-- [ RunTime:0.000480s ]
SQL: SHOW COLUMNS FROM `user_coupon` [ RunTime:0.0117s ]
SQL: SELECT * FROM `user_coupon`  [ RunTime:0.0003s ]
NOTIC: [8] Undefined index: user C:\xampp\htdocs\jianshen\Application\Admin\Controller\IndexController.class.php 第 300 行.
NOTIC: [8] Undefined variable: row C:\xampp\htdocs\jianshen\Application\Admin\Controller\IndexController.class.php 第 306 行.
SQL: SELECT user_coupon.*,user.wxname AS user,share.wxname AS share,coupon.deadline FROM `user_coupon` LEFT JOIN consumer AS user ON user_coupon.user_openid = user.openid LEFT JOIN consumer AS share ON user_coupon.share_openid = share.openid LEFT JOIN coupon ON coupon.id = user_coupon.coupon_id  WHERE ( user_openid = "" ) LIMIT 0,10   [ RunTime:0.0004s ]
INFO: [ view_parse ] --START--
INFO: [ template_filter ] --START--
INFO: Run Behavior\ContentReplaceBehavior [ RunTime:0.000079s ]
INFO: [ template_filter ] --END-- [ RunTime:0.000116s ]
INFO: Run Behavior\ParseTemplateBehavior [ RunTime:0.064287s ]
INFO: [ view_parse ] --END-- [ RunTime:0.064343s ]
INFO: [ view_filter ] --START--
INFO: Run Behavior\WriteHtmlCacheBehavior [ RunTime:0.000310s ]
INFO: [ view_filter ] --END-- [ RunTime:0.000343s ]
INFO: [ app_end ] --START--
INFO: Run Behavior\ShowPageTraceBehavior [ RunTime:0.000495s ]
INFO: [ app_end ] --END-- [ RunTime:0.000532s ]

[ 2017-09-25T18:30:20+08:00 ] 120.41.128.128 /index.php/admin/index/user_coupon/user/oPL7sv4Eh_k6Tn4tFLVQghoEgeBE.html
INFO: [ app_init ] --START--
INFO: Run Behavior\BuildLiteBehavior [ RunTime:0.000013s ]
INFO: [ app_init ] --END-- [ RunTime:0.000323s ]
INFO: [ app_begin ] --START--
INFO: Run Behavior\ReadHtmlCacheBehavior [ RunTime:0.000422s ]
INFO: [ app_begin ] --END-- [ RunTime:0.000461s ]
SQL: SHOW COLUMNS FROM `user_coupon` [ RunTime:0.0136s ]
SQL: SELECT * FROM `user_coupon`  [ RunTime:0.0004s ]
NOTIC: [8] Undefined variable: row C:\xampp\htdocs\jianshen\Application\Admin\Controller\IndexController.class.php 第 306 行.
SQL: SELECT user_coupon.*,user.wxname AS user,share.wxname AS share,coupon.deadline FROM `user_coupon` LEFT JOIN consumer AS user ON user_coupon.user_openid = user.openid LEFT JOIN consumer AS share ON user_coupon.share_openid = share.openid LEFT JOIN coupon ON coupon.id = user_coupon.coupon_id  WHERE ( user_openid = "oPL7sv4Eh_k6Tn4tFLVQghoEgeBE" ) LIMIT 0,10   [ RunTime:0.0006s ]
INFO: [ view_parse ] --START--
INFO: [ template_filter ] --START--
INFO: Run Behavior\ContentReplaceBehavior [ RunTime:0.000083s ]
INFO: [ template_filter ] --END-- [ RunTime:0.000129s ]
INFO: Run Behavior\ParseTemplateBehavior [ RunTime:0.062843s ]
INFO: [ view_parse ] --END-- [ RunTime:0.062895s ]
INFO: [ view_filter ] --START--
INFO: Run Behavior\WriteHtmlCacheBehavior [ RunTime:0.000314s ]
INFO: [ view_filter ] --END-- [ RunTime:0.000347s ]
INFO: [ app_end ] --START--
INFO: Run Behavior\ShowPageTraceBehavior [ RunTime:0.000538s ]
INFO: [ app_end ] --END-- [ RunTime:0.000582s ]

[ 2017-09-25T18:30:36+08:00 ] 120.41.128.128 /index.php/admin/index/user_coupon/share/oPL7sv4Eh_k6Tn4tFLVQghoEgeBE.html
INFO: [ app_init ] --START--
INFO: Run Behavior\BuildLiteBehavior [ RunTime:0.000014s ]
INFO: [ app_init ] --END-- [ RunTime:0.000339s ]
INFO: [ app_begin ] --START--
INFO: Run Behavior\ReadHtmlCacheBehavior [ RunTime:0.000441s ]
INFO: [ app_begin ] --END-- [ RunTime:0.000480s ]
SQL: SHOW COLUMNS FROM `user_coupon` [ RunTime:0.0143s ]
SQL: SELECT * FROM `user_coupon`  [ RunTime:0.0004s ]
NOTIC: [8] Undefined index: user C:\xampp\htdocs\jianshen\Application\Admin\Controller\IndexController.class.php 第 300 行.
NOTIC: [8] Undefined variable: row C:\xampp\htdocs\jianshen\Application\Admin\Controller\IndexController.class.php 第 305 行.
SQL: SELECT user_coupon.*,user.wxname AS user,share.wxname AS share,coupon.deadline FROM `user_coupon` LEFT JOIN consumer AS user ON user_coupon.user_openid = user.openid LEFT JOIN consumer AS share ON user_coupon.share_openid = share.openid LEFT JOIN coupon ON coupon.id = user_coupon.coupon_id  WHERE ( user_openid = "" ) LIMIT 0,10   [ RunTime:0.0005s ]
INFO: [ view_parse ] --START--
INFO: [ template_filter ] --START--
INFO: Run Behavior\ContentReplaceBehavior [ RunTime:0.000074s ]
INFO: [ template_filter ] --END-- [ RunTime:0.000111s ]
INFO: Run Behavior\ParseTemplateBehavior [ RunTime:0.063302s ]
INFO: [ view_parse ] --END-- [ RunTime:0.063358s ]
INFO: [ view_filter ] --START--
INFO: Run Behavior\WriteHtmlCacheBehavior [ RunTime:0.000328s ]
INFO: [ view_filter ] --END-- [ RunTime:0.000362s ]
INFO: [ app_end ] --START--
INFO: Run Behavior\ShowPageTraceBehavior [ RunTime:0.000524s ]
INFO: [ app_end ] --END-- [ RunTime:0.000561s ]

[ 2017-09-25T18:30:39+08:00 ] 120.41.128.128 /index.php/admin/index/user_coupon/user/oPL7sv4Eh_k6Tn4tFLVQghoEgeBE.html
INFO: [ app_init ] --START--
INFO: Run Behavior\BuildLiteBehavior [ RunTime:0.000014s ]
INFO: [ app_init ] --END-- [ RunTime:0.000332s ]
INFO: [ app_begin ] --START--
INFO: Run Behavior\ReadHtmlCacheBehavior [ RunTime:0.000431s ]
INFO: [ app_begin ] --END-- [ RunTime:0.000470s ]
SQL: SHOW COLUMNS FROM `user_coupon` [ RunTime:0.0113s ]
SQL: SELECT * FROM `user_coupon`  [ RunTime:0.0003s ]
NOTIC: [8] Undefined variable: row C:\xampp\htdocs\jianshen\Application\Admin\Controller\IndexController.class.php 第 305 行.
SQL: SELECT user_coupon.*,user.wxname AS user,share.wxname AS share,coupon.deadline FROM `user_coupon` LEFT JOIN consumer AS user ON user_coupon.user_openid = user.openid LEFT JOIN consumer AS share ON user_coupon.share_openid = share.openid LEFT JOIN coupon ON coupon.id = user_coupon.coupon_id  WHERE ( user_openid = "oPL7sv4Eh_k6Tn4tFLVQghoEgeBE" ) LIMIT 0,10   [ RunTime:0.0009s ]
INFO: [ view_parse ] --START--
INFO: [ template_filter ] --START--
INFO: Run Behavior\ContentReplaceBehavior [ RunTime:0.000074s ]
INFO: [ template_filter ] --END-- [ RunTime:0.000110s ]
INFO: Run Behavior\ParseTemplateBehavior [ RunTime:0.071296s ]
INFO: [ view_parse ] --END-- [ RunTime:0.071350s ]
INFO: [ view_filter ] --START--
INFO: Run Behavior\WriteHtmlCacheBehavior [ RunTime:0.000306s ]
INFO: [ view_filter ] --END-- [ RunTime:0.000338s ]
INFO: [ app_end ] --START--
INFO: Run Behavior\ShowPageTraceBehavior [ RunTime:0.000483s ]
INFO: [ app_end ] --END-- [ RunTime:0.000521s ]

[ 2017-09-25T18:30:52+08:00 ] 120.41.128.128 /index.php/admin/index/vipdetails/id/15.html
INFO: [ app_init ] --START--
INFO: Run Behavior\BuildLiteBehavior [ RunTime:0.000014s ]
INFO: [ app_init ] --END-- [ RunTime:0.000382s ]
INFO: [ app_begin ] --START--
INFO: Run Behavior\ReadHtmlCacheBehavior [ RunTime:0.000539s ]
INFO: [ app_begin ] --END-- [ RunTime:0.000578s ]
SQL: SHOW COLUMNS FROM `consumer` [ RunTime:0.0120s ]
SQL: SELECT * FROM `consumer` WHERE ( id='15' ) LIMIT 1   [ RunTime:0.0003s ]
SQL: SHOW COLUMNS FROM `user_coupon` [ RunTime:0.0080s ]
SQL: SELECT * FROM `user_coupon` WHERE ( user_openid = 'oPL7sv4Eh_k6Tn4tFLVQghoEgeBE' )  [ RunTime:0.0003s ]
SQL: SHOW COLUMNS FROM `address` [ RunTime:0.0070s ]
SQL: SELECT * FROM `address` WHERE ( openid ="oPL7sv4Eh_k6Tn4tFLVQghoEgeBE" )  [ RunTime:0.0003s ]
INFO: [ view_parse ] --START--
INFO: [ template_filter ] --START--
INFO: Run Behavior\ContentReplaceBehavior [ RunTime:0.000076s ]
INFO: [ template_filter ] --END-- [ RunTime:0.000112s ]
INFO: Run Behavior\ParseTemplateBehavior [ RunTime:0.064969s ]
INFO: [ view_parse ] --END-- [ RunTime:0.065024s ]
INFO: [ view_filter ] --START--
INFO: Run Behavior\WriteHtmlCacheBehavior [ RunTime:0.000433s ]
INFO: [ view_filter ] --END-- [ RunTime:0.000466s ]
INFO: [ app_end ] --START--
INFO: Run Behavior\ShowPageTraceBehavior [ RunTime:0.000601s ]
INFO: [ app_end ] --END-- [ RunTime:0.000639s ]

[ 2017-09-25T18:30:53+08:00 ] 120.41.128.128 /index.php/admin/index/user_coupon/share/oPL7sv4Eh_k6Tn4tFLVQghoEgeBE.html
INFO: [ app_init ] --START--
INFO: Run Behavior\BuildLiteBehavior [ RunTime:0.000022s ]
INFO: [ app_init ] --END-- [ RunTime:0.000462s ]
INFO: [ app_begin ] --START--
INFO: Run Behavior\ReadHtmlCacheBehavior [ RunTime:0.000628s ]
INFO: [ app_begin ] --END-- [ RunTime:0.000684s ]
SQL: SHOW COLUMNS FROM `user_coupon` [ RunTime:0.0108s ]
SQL: SELECT * FROM `user_coupon`  [ RunTime:0.0003s ]
NOTIC: [8] Undefined variable: row C:\xampp\htdocs\jianshen\Application\Admin\Controller\IndexController.class.php 第 305 行.
SQL: SELECT user_coupon.*,user.wxname AS user,share.wxname AS share,coupon.deadline FROM `user_coupon` LEFT JOIN consumer AS user ON user_coupon.user_openid = user.openid LEFT JOIN consumer AS share ON user_coupon.share_openid = share.openid LEFT JOIN coupon ON coupon.id = user_coupon.coupon_id  WHERE ( share_openid = "oPL7sv4Eh_k6Tn4tFLVQghoEgeBE" ) LIMIT 0,10   [ RunTime:0.0005s ]
INFO: [ view_parse ] --START--
INFO: [ template_filter ] --START--
INFO: Run Behavior\ContentReplaceBehavior [ RunTime:0.000073s ]
INFO: [ template_filter ] --END-- [ RunTime:0.000110s ]
INFO: Run Behavior\ParseTemplateBehavior [ RunTime:0.065477s ]
INFO: [ view_parse ] --END-- [ RunTime:0.065532s ]
INFO: [ view_filter ] --START--
INFO: Run Behavior\WriteHtmlCacheBehavior [ RunTime:0.000311s ]
INFO: [ view_filter ] --END-- [ RunTime:0.000344s ]
INFO: [ app_end ] --START--
INFO: Run Behavior\ShowPageTraceBehavior [ RunTime:0.000497s ]
INFO: [ app_end ] --END-- [ RunTime:0.000542s ]

[ 2017-09-25T18:30:57+08:00 ] 120.41.128.128 /index.php/admin/index/user_coupon/user/oPL7sv4Eh_k6Tn4tFLVQghoEgeBE.html
INFO: [ app_init ] --START--
INFO: Run Behavior\BuildLiteBehavior [ RunTime:0.000014s ]
INFO: [ app_init ] --END-- [ RunTime:0.000340s ]
INFO: [ app_begin ] --START--
INFO: Run Behavior\ReadHtmlCacheBehavior [ RunTime:0.000441s ]
INFO: [ app_begin ] --END-- [ RunTime:0.000480s ]
SQL: SHOW COLUMNS FROM `user_coupon` [ RunTime:0.0105s ]
SQL: SELECT * FROM `user_coupon`  [ RunTime:0.0003s ]
NOTIC: [8] Undefined variable: row C:\xampp\htdocs\jianshen\Application\Admin\Controller\IndexController.class.php 第 305 行.
SQL: SELECT user_coupon.*,user.wxname AS user,share.wxname AS share,coupon.deadline FROM `user_coupon` LEFT JOIN consumer AS user ON user_coupon.user_openid = user.openid LEFT JOIN consumer AS share ON user_coupon.share_openid = share.openid LEFT JOIN coupon ON coupon.id = user_coupon.coupon_id  WHERE ( user_openid = "oPL7sv4Eh_k6Tn4tFLVQghoEgeBE" ) LIMIT 0,10   [ RunTime:0.0005s ]
INFO: [ view_parse ] --START--
INFO: [ template_filter ] --START--
INFO: Run Behavior\ContentReplaceBehavior [ RunTime:0.000102s ]
INFO: [ template_filter ] --END-- [ RunTime:0.000157s ]
INFO: Run Behavior\ParseTemplateBehavior [ RunTime:0.081193s ]
INFO: [ view_parse ] --END-- [ RunTime:0.081271s ]
INFO: [ view_filter ] --START--
INFO: Run Behavior\WriteHtmlCacheBehavior [ RunTime:0.000445s ]
INFO: [ view_filter ] --END-- [ RunTime:0.000498s ]
INFO: [ app_end ] --START--
INFO: Run Behavior\ShowPageTraceBehavior [ RunTime:0.000699s ]
INFO: [ app_end ] --END-- [ RunTime:0.000757s ]

[ 2017-09-25T18:30:59+08:00 ] 120.41.128.128 /index.php/admin/index/order/openid/oPL7sv4Eh_k6Tn4tFLVQghoEgeBE.html
INFO: [ app_init ] --START--
INFO: Run Behavior\BuildLiteBehavior [ RunTime:0.000016s ]
INFO: [ app_init ] --END-- [ RunTime:0.000367s ]
INFO: [ app_begin ] --START--
INFO: Run Behavior\ReadHtmlCacheBehavior [ RunTime:0.000439s ]
INFO: [ app_begin ] --END-- [ RunTime:0.000479s ]
SQL: SHOW COLUMNS FROM `order` [ RunTime:0.0120s ]
SQL: SELECT COUNT(*) AS tp_count FROM `order` LIMIT 1   [ RunTime:0.0002s ]
SQL: SELECT consumer.wxname,order.id,order.order_id,order.price,order.or_time,order.addr,order.receiver,order.tel,order.state FROM `order` LEFT JOIN consumer ON consumer.openid = order.user  WHERE ( user = "oPL7sv4Eh_k6Tn4tFLVQghoEgeBE" ) ORDER BY or_time LIMIT 0,15   [ RunTime:0.0004s ]
INFO: [ view_parse ] --START--
INFO: [ template_filter ] --START--
INFO: Run Behavior\ContentReplaceBehavior [ RunTime:0.000078s ]
INFO: [ template_filter ] --END-- [ RunTime:0.000117s ]
NOTIC: [8] Undefined variable: state C:\xampp\htdocs\jianshen\Application\Runtime\Cache\Admin\455dd59e7ffe0d0ea2f45d03db7d85a9.php 第 362 行.
INFO: Run Behavior\ParseTemplateBehavior [ RunTime:0.065518s ]
INFO: [ view_parse ] --END-- [ RunTime:0.065575s ]
INFO: [ view_filter ] --START--
INFO: Run Behavior\WriteHtmlCacheBehavior [ RunTime:0.000313s ]
INFO: [ view_filter ] --END-- [ RunTime:0.000348s ]
INFO: [ app_end ] --START--
INFO: Run Behavior\ShowPageTraceBehavior [ RunTime:0.000495s ]
INFO: [ app_end ] --END-- [ RunTime:0.000534s ]

[ 2017-09-25T18:31:02+08:00 ] 120.41.128.128 /index.php/Admin/index/ico.html
INFO: [ app_init ] --START--
INFO: Run Behavior\BuildLiteBehavior [ RunTime:0.000015s ]
INFO: [ app_init ] --END-- [ RunTime:0.000364s ]
INFO: [ app_begin ] --START--
INFO: Run Behavior\ReadHtmlCacheBehavior [ RunTime:0.000437s ]
INFO: [ app_begin ] --END-- [ RunTime:0.000482s ]
SQL: SHOW COLUMNS FROM `banner` [ RunTime:0.0136s ]
SQL: SELECT * FROM `banner`  [ RunTime:0.0003s ]
SQL: SELECT * FROM `banner`  [ RunTime:0.0002s ]
NOTIC: [8] Undefined variable: row C:\xampp\htdocs\jianshen\Application\Admin\Controller\IndexController.class.php 第 403 行.
SQL: SELECT * FROM `banner` ORDER BY id desc LIMIT 0,5   [ RunTime:0.0003s ]
INFO: [ view_parse ] --START--
INFO: [ template_filter ] --START--
INFO: Run Behavior\ContentReplaceBehavior [ RunTime:0.000086s ]
INFO: [ template_filter ] --END-- [ RunTime:0.000141s ]
INFO: Run Behavior\ParseTemplateBehavior [ RunTime:0.073962s ]
INFO: [ view_parse ] --END-- [ RunTime:0.074033s ]
INFO: [ view_filter ] --START--
INFO: Run Behavior\WriteHtmlCacheBehavior [ RunTime:0.000444s ]
INFO: [ view_filter ] --END-- [ RunTime:0.000497s ]
INFO: [ app_end ] --START--
INFO: Run Behavior\ShowPageTraceBehavior [ RunTime:0.000913s ]
INFO: [ app_end ] --END-- [ RunTime:0.000992s ]

[ 2017-09-25T18:31:04+08:00 ] 120.41.128.128 /index.php/Admin/index/order.html
INFO: [ app_init ] --START--
INFO: Run Behavior\BuildLiteBehavior [ RunTime:0.000016s ]
INFO: [ app_init ] --END-- [ RunTime:0.000411s ]
INFO: [ app_begin ] --START--
INFO: Run Behavior\ReadHtmlCacheBehavior [ RunTime:0.000488s ]
INFO: [ app_begin ] --END-- [ RunTime:0.000534s ]
SQL: SHOW COLUMNS FROM `order` [ RunTime:0.0136s ]
SQL: SELECT COUNT(*) AS tp_count FROM `order` LIMIT 1   [ RunTime:0.0002s ]
SQL: SELECT consumer.wxname,order.id,order.order_id,order.price,order.or_time,order.addr,order.receiver,order.tel,order.state FROM `order` LEFT JOIN consumer ON consumer.openid = order.user  ORDER BY or_time LIMIT 0,15   [ RunTime:0.0005s ]
INFO: [ view_parse ] --START--
INFO: [ template_filter ] --START--
INFO: Run Behavior\ContentReplaceBehavior [ RunTime:0.000075s ]
INFO: [ template_filter ] --END-- [ RunTime:0.000113s ]
NOTIC: [8] Undefined variable: state C:\xampp\htdocs\jianshen\Application\Runtime\Cache\Admin\455dd59e7ffe0d0ea2f45d03db7d85a9.php 第 362 行.
INFO: Run Behavior\ParseTemplateBehavior [ RunTime:0.066217s ]
INFO: [ view_parse ] --END-- [ RunTime:0.066262s ]
INFO: [ view_filter ] --START--
INFO: Run Behavior\WriteHtmlCacheBehavior [ RunTime:0.000306s ]
INFO: [ view_filter ] --END-- [ RunTime:0.000339s ]
INFO: [ app_end ] --START--
INFO: Run Behavior\ShowPageTraceBehavior [ RunTime:0.000521s ]
INFO: [ app_end ] --END-- [ RunTime:0.000560s ]

[ 2017-09-25T18:31:05+08:00 ] 120.41.128.128 /index.php/Admin/index/goodslist.html
INFO: [ app_init ] --START--
INFO: Run Behavior\BuildLiteBehavior [ RunTime:0.000016s ]
INFO: [ app_init ] --END-- [ RunTime:0.000347s ]
INFO: [ app_begin ] --START--
INFO: Run Behavior\ReadHtmlCacheBehavior [ RunTime:0.000525s ]
INFO: [ app_begin ] --END-- [ RunTime:0.000571s ]
SQL: SHOW COLUMNS FROM `goods` [ RunTime:0.0123s ]
SQL: SELECT * FROM `goods`  [ RunTime:0.0003s ]
NOTIC: [8] Undefined variable: row C:\xampp\htdocs\jianshen\Application\Admin\Controller\IndexController.class.php 第 232 行.
SQL: SELECT * FROM `goods` LIMIT 0,5   [ RunTime:0.0002s ]
INFO: [ view_parse ] --START--
INFO: [ template_filter ] --START--
INFO: Run Behavior\ContentReplaceBehavior [ RunTime:0.000076s ]
INFO: [ template_filter ] --END-- [ RunTime:0.000115s ]
NOTIC: [8] Use of undefined constant goods - assumed 'goods' C:\xampp\htdocs\jianshen\Application\Runtime\Cache\Admin\d3e721321d76840cf724050d67dbdd87.php 第 339 行.
NOTIC: [8] Use of undefined constant goods - assumed 'goods' C:\xampp\htdocs\jianshen\Application\Runtime\Cache\Admin\d3e721321d76840cf724050d67dbdd87.php 第 339 行.
INFO: Run Behavior\ParseTemplateBehavior [ RunTime:0.073213s ]
INFO: [ view_parse ] --END-- [ RunTime:0.073263s ]
INFO: [ view_filter ] --START--
INFO: Run Behavior\WriteHtmlCacheBehavior [ RunTime:0.000330s ]
INFO: [ view_filter ] --END-- [ RunTime:0.000372s ]
INFO: [ app_end ] --START--
INFO: Run Behavior\ShowPageTraceBehavior [ RunTime:0.000508s ]
INFO: [ app_end ] --END-- [ RunTime:0.000547s ]

[ 2017-09-25T18:32:24+08:00 ] 120.42.36.34 /index.php/Admin/
INFO: [ app_init ] --START--
INFO: Run Behavior\BuildLiteBehavior [ RunTime:0.000014s ]
INFO: [ app_init ] --END-- [ RunTime:0.000340s ]
INFO: [ app_begin ] --START--
INFO: Run Behavior\ReadHtmlCacheBehavior [ RunTime:0.000447s ]
INFO: [ app_begin ] --END-- [ RunTime:0.000485s ]
INFO: [ view_parse ] --START--
INFO: [ template_filter ] --START--
INFO: Run Behavior\ContentReplaceBehavior [ RunTime:0.000041s ]
INFO: [ template_filter ] --END-- [ RunTime:0.000078s ]
INFO: Run Behavior\ParseTemplateBehavior [ RunTime:0.005201s ]
INFO: [ view_parse ] --END-- [ RunTime:0.005241s ]
INFO: [ view_filter ] --START--
INFO: Run Behavior\WriteHtmlCacheBehavior [ RunTime:0.000274s ]
INFO: [ view_filter ] --END-- [ RunTime:0.000305s ]
INFO: [ app_end ] --START--
INFO: Run Behavior\ShowPageTraceBehavior [ RunTime:0.000459s ]
INFO: [ app_end ] --END-- [ RunTime:0.000492s ]

[ 2017-09-25T18:32:30+08:00 ] 120.42.36.34 /index.php/Admin/
INFO: [ app_init ] --START--
INFO: Run Behavior\BuildLiteBehavior [ RunTime:0.000016s ]
INFO: [ app_init ] --END-- [ RunTime:0.000394s ]
INFO: [ app_begin ] --START--
INFO: Run Behavior\ReadHtmlCacheBehavior [ RunTime:0.000567s ]
INFO: [ app_begin ] --END-- [ RunTime:0.000608s ]
INFO: [ view_parse ] --START--
INFO: [ template_filter ] --START--
INFO: Run Behavior\ContentReplaceBehavior [ RunTime:0.000053s ]
INFO: [ template_filter ] --END-- [ RunTime:0.000110s ]
INFO: Run Behavior\ParseTemplateBehavior [ RunTime:0.005692s ]
INFO: [ view_parse ] --END-- [ RunTime:0.005733s ]
INFO: [ view_filter ] --START--
INFO: Run Behavior\WriteHtmlCacheBehavior [ RunTime:0.000366s ]
INFO: [ view_filter ] --END-- [ RunTime:0.000397s ]
INFO: [ app_end ] --START--
INFO: Run Behavior\ShowPageTraceBehavior [ RunTime:0.000545s ]
INFO: [ app_end ] --END-- [ RunTime:0.000578s ]

[ 2017-09-25T18:32:36+08:00 ] 120.42.36.34 /index.php/admin/index/login.html
INFO: [ app_init ] --START--
INFO: Run Behavior\BuildLiteBehavior [ RunTime:0.000014s ]
INFO: [ app_init ] --END-- [ RunTime:0.000378s ]
INFO: [ app_begin ] --START--
INFO: Run Behavior\ReadHtmlCacheBehavior [ RunTime:0.000577s ]
INFO: [ app_begin ] --END-- [ RunTime:0.000623s ]
SQL: SHOW COLUMNS FROM `admin` [ RunTime:0.0113s ]
SQL: SELECT * FROM `admin` WHERE ( (`name` = '123') AND (`pwd` = '202cb962ac59075b964b07152d234b70') ) LIMIT 1   [ RunTime:0.0003s ]
SQL: SELECT * FROM `admin` WHERE ( (`name` = '123') AND (`pwd` = '202cb962ac59075b964b07152d234b70') ) LIMIT 1   [ RunTime:0.0002s ]
INFO: [ app_end ] --START--
INFO: Run Behavior\ShowPageTraceBehavior [ RunTime:0.000697s ]
INFO: [ app_end ] --END-- [ RunTime:0.000736s ]

[ 2017-09-25T18:32:36+08:00 ] 120.42.36.34 /index.php/admin/index/main
INFO: [ app_init ] --START--
INFO: Run Behavior\BuildLiteBehavior [ RunTime:0.000020s ]
INFO: [ app_init ] --END-- [ RunTime:0.000358s ]
INFO: [ app_begin ] --START--
INFO: Run Behavior\ReadHtmlCacheBehavior [ RunTime:0.000475s ]
INFO: [ app_begin ] --END-- [ RunTime:0.000513s ]
INFO: [ view_parse ] --START--
INFO: [ template_filter ] --START--
INFO: Run Behavior\ContentReplaceBehavior [ RunTime:0.000068s ]
INFO: [ template_filter ] --END-- [ RunTime:0.000110s ]
INFO: Run Behavior\ParseTemplateBehavior [ RunTime:0.055588s ]
INFO: [ view_parse ] --END-- [ RunTime:0.055647s ]
INFO: [ view_filter ] --START--
INFO: Run Behavior\WriteHtmlCacheBehavior [ RunTime:0.000459s ]
INFO: [ view_filter ] --END-- [ RunTime:0.000493s ]
INFO: [ app_end ] --START--
INFO: Run Behavior\ShowPageTraceBehavior [ RunTime:0.000539s ]
INFO: [ app_end ] --END-- [ RunTime:0.000578s ]

[ 2017-09-25T18:32:48+08:00 ] 120.42.36.34 /index.php/Admin/index/order.html
INFO: [ app_init ] --START--
INFO: Run Behavior\BuildLiteBehavior [ RunTime:0.000016s ]
INFO: [ app_init ] --END-- [ RunTime:0.000357s ]
INFO: [ app_begin ] --START--
INFO: Run Behavior\ReadHtmlCacheBehavior [ RunTime:0.000428s ]
INFO: [ app_begin ] --END-- [ RunTime:0.000467s ]
SQL: SHOW COLUMNS FROM `order` [ RunTime:0.0142s ]
SQL: SELECT COUNT(*) AS tp_count FROM `order` LIMIT 1   [ RunTime:0.0002s ]
SQL: SELECT consumer.wxname,order.id,order.order_id,order.price,order.or_time,order.addr,order.receiver,order.tel,order.state FROM `order` LEFT JOIN consumer ON consumer.openid = order.user  ORDER BY or_time LIMIT 0,15   [ RunTime:0.0005s ]
INFO: [ view_parse ] --START--
INFO: [ template_filter ] --START--
INFO: Run Behavior\ContentReplaceBehavior [ RunTime:0.000095s ]
INFO: [ template_filter ] --END-- [ RunTime:0.000147s ]
NOTIC: [8] Undefined variable: state C:\xampp\htdocs\jianshen\Application\Runtime\Cache\Admin\455dd59e7ffe0d0ea2f45d03db7d85a9.php 第 362 行.
INFO: Run Behavior\ParseTemplateBehavior [ RunTime:0.074180s ]
INFO: [ view_parse ] --END-- [ RunTime:0.074229s ]
INFO: [ view_filter ] --START--
INFO: Run Behavior\WriteHtmlCacheBehavior [ RunTime:0.000329s ]
INFO: [ view_filter ] --END-- [ RunTime:0.000363s ]
INFO: [ app_end ] --START--
INFO: Run Behavior\ShowPageTraceBehavior [ RunTime:0.000483s ]
INFO: [ app_end ] --END-- [ RunTime:0.000528s ]

[ 2017-09-25T18:36:42+08:00 ] 120.42.36.34 /index.php/Admin/index/order.html
INFO: [ app_init ] --START--
INFO: Run Behavior\BuildLiteBehavior [ RunTime:0.000021s ]
INFO: [ app_init ] --END-- [ RunTime:0.000459s ]
INFO: [ app_begin ] --START--
INFO: Run Behavior\ReadHtmlCacheBehavior [ RunTime:0.000619s ]
INFO: [ app_begin ] --END-- [ RunTime:0.000675s ]
SQL: SHOW COLUMNS FROM `order` [ RunTime:0.0185s ]
SQL: SELECT COUNT(*) AS tp_count FROM `order` LIMIT 1   [ RunTime:0.0002s ]
SQL: SELECT consumer.wxname,order.id,order.order_id,order.price,order.or_time,order.addr,order.receiver,order.tel,order.state FROM `order` LEFT JOIN consumer ON consumer.openid = order.user  ORDER BY or_time LIMIT 0,15   [ RunTime:0.0006s ]
INFO: [ view_parse ] --START--
INFO: [ template_filter ] --START--
INFO: Run Behavior\ContentReplaceBehavior [ RunTime:0.000076s ]
INFO: [ template_filter ] --END-- [ RunTime:0.000114s ]
NOTIC: [8] Undefined variable: state C:\xampp\htdocs\jianshen\Application\Runtime\Cache\Admin\455dd59e7ffe0d0ea2f45d03db7d85a9.php 第 362 行.
INFO: Run Behavior\ParseTemplateBehavior [ RunTime:0.063548s ]
INFO: [ view_parse ] --END-- [ RunTime:0.063604s ]
INFO: [ view_filter ] --START--
INFO: Run Behavior\WriteHtmlCacheBehavior [ RunTime:0.000418s ]
INFO: [ view_filter ] --END-- [ RunTime:0.000452s ]
INFO: [ app_end ] --START--
INFO: Run Behavior\ShowPageTraceBehavior [ RunTime:0.000494s ]
INFO: [ app_end ] --END-- [ RunTime:0.000531s ]

[ 2017-09-25T18:36:47+08:00 ] 120.42.36.34 /index.php/admin/index/order_details/id/139.html
INFO: [ app_init ] --START--
INFO: Run Behavior\BuildLiteBehavior [ RunTime:0.000015s ]
INFO: [ app_init ] --END-- [ RunTime:0.000329s ]
INFO: [ app_begin ] --START--
INFO: Run Behavior\ReadHtmlCacheBehavior [ RunTime:0.000428s ]
INFO: [ app_begin ] --END-- [ RunTime:0.000467s ]
SQL: SHOW COLUMNS FROM `order` [ RunTime:0.0119s ]
SQL: SELECT consumer.wxname,order.g_price_id,order.order_id,order.price,order.or_time,order.addr,order.receiver,order.tel,order.state,goods.name,goods.picture_url,goods.abstract FROM `order` LEFT JOIN consumer ON consumer.openid = order.user LEFT JOIN goods ON goods.id = order.goods_id  WHERE ( order.id=139 ) LIMIT 1   [ RunTime:0.0005s ]
SQL: SHOW COLUMNS FROM `order_state` [ RunTime:0.0092s ]
SQL: SELECT `xd_time`,`or_time` FROM `order_state` WHERE ( order_state.order_id = "139" ) LIMIT 1   [ RunTime:0.0003s ]
SQL: SHOW COLUMNS FROM `g_price` [ RunTime:0.0082s ]
SQL: SELECT g_price.time,g_price.price FROM `g_price` WHERE ( g_price.id=8 ) LIMIT 1   [ RunTime:0.0002s ]
INFO: [ view_parse ] --START--
INFO: [ template_filter ] --START--
INFO: Run Behavior\ContentReplaceBehavior [ RunTime:0.000092s ]
INFO: [ template_filter ] --END-- [ RunTime:0.000132s ]
NOTIC: [8] Undefined index: id C:\xampp\htdocs\jianshen\Application\Runtime\Cache\Admin\95b56450c16551f1043cfb7279c118f7.php 第 314 行.
INFO: Run Behavior\ParseTemplateBehavior [ RunTime:0.067752s ]
INFO: [ view_parse ] --END-- [ RunTime:0.067800s ]
INFO: [ view_filter ] --START--
INFO: Run Behavior\WriteHtmlCacheBehavior [ RunTime:0.000315s ]
INFO: [ view_filter ] --END-- [ RunTime:0.000347s ]
INFO: [ app_end ] --START--
INFO: Run Behavior\ShowPageTraceBehavior [ RunTime:0.000492s ]
INFO: [ app_end ] --END-- [ RunTime:0.000531s ]

[ 2017-09-25T18:36:54+08:00 ] 120.42.36.34 /index.php/Admin/index/changeState.html
INFO: [ app_init ] --START--
INFO: Run Behavior\BuildLiteBehavior [ RunTime:0.000014s ]
INFO: [ app_init ] --END-- [ RunTime:0.000322s ]
INFO: [ app_begin ] --START--
INFO: Run Behavior\ReadHtmlCacheBehavior [ RunTime:0.000429s ]
INFO: [ app_begin ] --END-- [ RunTime:0.000464s ]
ERR: 非法操作:changeState

[ 2017-09-25T18:36:58+08:00 ] 120.42.36.34 /index.php/admin/index/order_details/id/139.html
INFO: [ app_init ] --START--
INFO: Run Behavior\BuildLiteBehavior [ RunTime:0.000015s ]
INFO: [ app_init ] --END-- [ RunTime:0.000341s ]
INFO: [ app_begin ] --START--
INFO: Run Behavior\ReadHtmlCacheBehavior [ RunTime:0.000452s ]
INFO: [ app_begin ] --END-- [ RunTime:0.000488s ]
SQL: SHOW COLUMNS FROM `order` [ RunTime:0.0116s ]
SQL: SELECT consumer.wxname,order.g_price_id,order.order_id,order.price,order.or_time,order.addr,order.receiver,order.tel,order.state,goods.name,goods.picture_url,goods.abstract FROM `order` LEFT JOIN consumer ON consumer.openid = order.user LEFT JOIN goods ON goods.id = order.goods_id  WHERE ( order.id=139 ) LIMIT 1   [ RunTime:0.0005s ]
SQL: SHOW COLUMNS FROM `order_state` [ RunTime:0.0071s ]
SQL: SELECT `xd_time`,`or_time` FROM `order_state` WHERE ( order_state.order_id = "139" ) LIMIT 1   [ RunTime:0.0002s ]
SQL: SHOW COLUMNS FROM `g_price` [ RunTime:0.0083s ]
SQL: SELECT g_price.time,g_price.price FROM `g_price` WHERE ( g_price.id=8 ) LIMIT 1   [ RunTime:0.0002s ]
INFO: [ view_parse ] --START--
INFO: [ template_filter ] --START--
INFO: Run Behavior\ContentReplaceBehavior [ RunTime:0.000093s ]
INFO: [ template_filter ] --END-- [ RunTime:0.000130s ]
NOTIC: [8] Undefined index: id C:\xampp\htdocs\jianshen\Application\Runtime\Cache\Admin\95b56450c16551f1043cfb7279c118f7.php 第 314 行.
INFO: Run Behavior\ParseTemplateBehavior [ RunTime:0.064279s ]
INFO: [ view_parse ] --END-- [ RunTime:0.064324s ]
INFO: [ view_filter ] --START--
INFO: Run Behavior\WriteHtmlCacheBehavior [ RunTime:0.000316s ]
INFO: [ view_filter ] --END-- [ RunTime:0.000347s ]
INFO: [ app_end ] --START--
INFO: Run Behavior\ShowPageTraceBehavior [ RunTime:0.000485s ]
INFO: [ app_end ] --END-- [ RunTime:0.000522s ]

[ 2017-09-25T18:37:06+08:00 ] 120.42.36.34 /index.php/Admin/index/changeState.html
INFO: [ app_init ] --START--
INFO: Run Behavior\BuildLiteBehavior [ RunTime:0.000019s ]
INFO: [ app_init ] --END-- [ RunTime:0.000484s ]
INFO: [ app_begin ] --START--
INFO: Run Behavior\ReadHtmlCacheBehavior [ RunTime:0.000594s ]
INFO: [ app_begin ] --END-- [ RunTime:0.000647s ]
ERR: 非法操作:changeState

[ 2017-09-25T18:37:12+08:00 ] 120.42.36.34 /index.php/Admin/index/changeState.html
INFO: [ app_init ] --START--
INFO: Run Behavior\BuildLiteBehavior [ RunTime:0.000014s ]
INFO: [ app_init ] --END-- [ RunTime:0.000323s ]
INFO: [ app_begin ] --START--
INFO: Run Behavior\ReadHtmlCacheBehavior [ RunTime:0.000421s ]
INFO: [ app_begin ] --END-- [ RunTime:0.000457s ]
ERR: 非法操作:changeState

[ 2017-09-25T18:37:15+08:00 ] 120.42.36.34 /index.php/admin/index/order_details/id/139.html
INFO: [ app_init ] --START--
INFO: Run Behavior\BuildLiteBehavior [ RunTime:0.000014s ]
INFO: [ app_init ] --END-- [ RunTime:0.000323s ]
INFO: [ app_begin ] --START--
INFO: Run Behavior\ReadHtmlCacheBehavior [ RunTime:0.000431s ]
INFO: [ app_begin ] --END-- [ RunTime:0.000468s ]
SQL: SHOW COLUMNS FROM `order` [ RunTime:0.0117s ]
SQL: SELECT consumer.wxname,order.g_price_id,order.order_id,order.price,order.or_time,order.addr,order.receiver,order.tel,order.state,goods.name,goods.picture_url,goods.abstract FROM `order` LEFT JOIN consumer ON consumer.openid = order.user LEFT JOIN goods ON goods.id = order.goods_id  WHERE ( order.id=139 ) LIMIT 1   [ RunTime:0.0004s ]
SQL: SHOW COLUMNS FROM `order_state` [ RunTime:0.0068s ]
SQL: SELECT `xd_time`,`or_time` FROM `order_state` WHERE ( order_state.order_id = "139" ) LIMIT 1   [ RunTime:0.0002s ]
SQL: SHOW COLUMNS FROM `g_price` [ RunTime:0.0083s ]
SQL: SELECT g_price.time,g_price.price FROM `g_price` WHERE ( g_price.id=8 ) LIMIT 1   [ RunTime:0.0002s ]
INFO: [ view_parse ] --START--
INFO: [ template_filter ] --START--
INFO: Run Behavior\ContentReplaceBehavior [ RunTime:0.000097s ]
INFO: [ template_filter ] --END-- [ RunTime:0.000133s ]
NOTIC: [8] Undefined index: id C:\xampp\htdocs\jianshen\Application\Runtime\Cache\Admin\95b56450c16551f1043cfb7279c118f7.php 第 314 行.
INFO: Run Behavior\ParseTemplateBehavior [ RunTime:0.062408s ]
INFO: [ view_parse ] --END-- [ RunTime:0.062451s ]
INFO: [ view_filter ] --START--
INFO: Run Behavior\WriteHtmlCacheBehavior [ RunTime:0.000308s ]
INFO: [ view_filter ] --END-- [ RunTime:0.000340s ]
INFO: [ app_end ] --START--
INFO: Run Behavior\ShowPageTraceBehavior [ RunTime:0.000482s ]
INFO: [ app_end ] --END-- [ RunTime:0.000519s ]

[ 2017-09-25T18:37:18+08:00 ] 120.42.36.34 /index.php/Admin/index/changeState.html
INFO: [ app_init ] --START--
INFO: Run Behavior\BuildLiteBehavior [ RunTime:0.000014s ]
INFO: [ app_init ] --END-- [ RunTime:0.000331s ]
INFO: [ app_begin ] --START--
INFO: Run Behavior\ReadHtmlCacheBehavior [ RunTime:0.000428s ]
INFO: [ app_begin ] --END-- [ RunTime:0.000466s ]
ERR: 非法操作:changeState

[ 2017-09-25T18:37:22+08:00 ] 120.42.36.34 /index.php/Admin/index/changeState.html
INFO: [ app_init ] --START--
INFO: Run Behavior\BuildLiteBehavior [ RunTime:0.000014s ]
INFO: [ app_init ] --END-- [ RunTime:0.000364s ]
INFO: [ app_begin ] --START--
INFO: Run Behavior\ReadHtmlCacheBehavior [ RunTime:0.000544s ]
INFO: [ app_begin ] --END-- [ RunTime:0.000581s ]
ERR: 非法操作:changeState

[ 2017-09-25T18:37:25+08:00 ] 120.42.36.34 /index.php/admin/index/order_details/id/139.html
INFO: [ app_init ] --START--
INFO: Run Behavior\BuildLiteBehavior [ RunTime:0.000015s ]
INFO: [ app_init ] --END-- [ RunTime:0.000324s ]
INFO: [ app_begin ] --START--
INFO: Run Behavior\ReadHtmlCacheBehavior [ RunTime:0.000435s ]
INFO: [ app_begin ] --END-- [ RunTime:0.000480s ]
SQL: SHOW COLUMNS FROM `order` [ RunTime:0.0116s ]
SQL: SELECT consumer.wxname,order.g_price_id,order.order_id,order.price,order.or_time,order.addr,order.receiver,order.tel,order.state,goods.name,goods.picture_url,goods.abstract FROM `order` LEFT JOIN consumer ON consumer.openid = order.user LEFT JOIN goods ON goods.id = order.goods_id  WHERE ( order.id=139 ) LIMIT 1   [ RunTime:0.0005s ]
SQL: SHOW COLUMNS FROM `order_state` [ RunTime:0.0075s ]
SQL: SELECT `xd_time`,`or_time` FROM `order_state` WHERE ( order_state.order_id = "139" ) LIMIT 1   [ RunTime:0.0002s ]
SQL: SHOW COLUMNS FROM `g_price` [ RunTime:0.0069s ]
SQL: SELECT g_price.time,g_price.price FROM `g_price` WHERE ( g_price.id=8 ) LIMIT 1   [ RunTime:0.0002s ]
INFO: [ view_parse ] --START--
INFO: [ template_filter ] --START--
INFO: Run Behavior\ContentReplaceBehavior [ RunTime:0.000092s ]
INFO: [ template_filter ] --END-- [ RunTime:0.000129s ]
NOTIC: [8] Undefined index: id C:\xampp\htdocs\jianshen\Application\Runtime\Cache\Admin\95b56450c16551f1043cfb7279c118f7.php 第 314 行.
INFO: Run Behavior\ParseTemplateBehavior [ RunTime:0.064815s ]
INFO: [ view_parse ] --END-- [ RunTime:0.064875s ]
INFO: [ view_filter ] --START--
INFO: Run Behavior\WriteHtmlCacheBehavior [ RunTime:0.000314s ]
INFO: [ view_filter ] --END-- [ RunTime:0.000347s ]
INFO: [ app_end ] --START--
INFO: Run Behavior\ShowPageTraceBehavior [ RunTime:0.000637s ]
INFO: [ app_end ] --END-- [ RunTime:0.000680s ]

[ 2017-09-25T18:37:28+08:00 ] 120.42.36.34 /index.php/Admin/index/changeState.html
INFO: [ app_init ] --START--
INFO: Run Behavior\BuildLiteBehavior [ RunTime:0.000020s ]
INFO: [ app_init ] --END-- [ RunTime:0.000371s ]
INFO: [ app_begin ] --START--
INFO: Run Behavior\ReadHtmlCacheBehavior [ RunTime:0.000438s ]
INFO: [ app_begin ] --END-- [ RunTime:0.000475s ]
ERR: 非法操作:changeState

[ 2017-09-25T18:37:42+08:00 ] 120.42.36.34 /index.php/Admin/index/goodslist.html
INFO: [ app_init ] --START--
INFO: Run Behavior\BuildLiteBehavior [ RunTime:0.000014s ]
INFO: [ app_init ] --END-- [ RunTime:0.000324s ]
INFO: [ app_begin ] --START--
INFO: Run Behavior\ReadHtmlCacheBehavior [ RunTime:0.000485s ]
INFO: [ app_begin ] --END-- [ RunTime:0.000522s ]
SQL: SHOW COLUMNS FROM `goods` [ RunTime:0.0183s ]
SQL: SELECT * FROM `goods`  [ RunTime:0.0002s ]
NOTIC: [8] Undefined variable: row C:\xampp\htdocs\jianshen\Application\Admin\Controller\IndexController.class.php 第 232 行.
SQL: SELECT * FROM `goods` LIMIT 0,5   [ RunTime:0.0002s ]
INFO: [ view_parse ] --START--
INFO: [ template_filter ] --START--
INFO: Run Behavior\ContentReplaceBehavior [ RunTime:0.000072s ]
INFO: [ template_filter ] --END-- [ RunTime:0.000106s ]
NOTIC: [8] Use of undefined constant goods - assumed 'goods' C:\xampp\htdocs\jianshen\Application\Runtime\Cache\Admin\d3e721321d76840cf724050d67dbdd87.php 第 339 行.
NOTIC: [8] Use of undefined constant goods - assumed 'goods' C:\xampp\htdocs\jianshen\Application\Runtime\Cache\Admin\d3e721321d76840cf724050d67dbdd87.php 第 339 行.
INFO: Run Behavior\ParseTemplateBehavior [ RunTime:0.066112s ]
INFO: [ view_parse ] --END-- [ RunTime:0.066154s ]
INFO: [ view_filter ] --START--
INFO: Run Behavior\WriteHtmlCacheBehavior [ RunTime:0.000408s ]
INFO: [ view_filter ] --END-- [ RunTime:0.000440s ]
INFO: [ app_end ] --START--
INFO: Run Behavior\ShowPageTraceBehavior [ RunTime:0.000591s ]
INFO: [ app_end ] --END-- [ RunTime:0.000629s ]

[ 2017-09-25T18:37:47+08:00 ] 120.42.36.34 /index.php/Admin/index/order.html
INFO: [ app_init ] --START--
INFO: Run Behavior\BuildLiteBehavior [ RunTime:0.000015s ]
INFO: [ app_init ] --END-- [ RunTime:0.000346s ]
INFO: [ app_begin ] --START--
INFO: Run Behavior\ReadHtmlCacheBehavior [ RunTime:0.000446s ]
INFO: [ app_begin ] --END-- [ RunTime:0.000486s ]
SQL: SHOW COLUMNS FROM `order` [ RunTime:0.0119s ]
SQL: SELECT COUNT(*) AS tp_count FROM `order` LIMIT 1   [ RunTime:0.0002s ]
SQL: SELECT consumer.wxname,order.id,order.order_id,order.price,order.or_time,order.addr,order.receiver,order.tel,order.state FROM `order` LEFT JOIN consumer ON consumer.openid = order.user  ORDER BY or_time LIMIT 0,15   [ RunTime:0.0005s ]
INFO: [ view_parse ] --START--
INFO: [ template_filter ] --START--
INFO: Run Behavior\ContentReplaceBehavior [ RunTime:0.000080s ]
INFO: [ template_filter ] --END-- [ RunTime:0.000118s ]
NOTIC: [8] Undefined variable: state C:\xampp\htdocs\jianshen\Application\Runtime\Cache\Admin\455dd59e7ffe0d0ea2f45d03db7d85a9.php 第 362 行.
INFO: Run Behavior\ParseTemplateBehavior [ RunTime:0.068014s ]
INFO: [ view_parse ] --END-- [ RunTime:0.068074s ]
INFO: [ view_filter ] --START--
INFO: Run Behavior\WriteHtmlCacheBehavior [ RunTime:0.000383s ]
INFO: [ view_filter ] --END-- [ RunTime:0.000425s ]
INFO: [ app_end ] --START--
INFO: Run Behavior\ShowPageTraceBehavior [ RunTime:0.000523s ]
INFO: [ app_end ] --END-- [ RunTime:0.000562s ]

[ 2017-09-25T18:37:49+08:00 ] 120.42.36.34 /index.php/admin/index/order_details/id/139.html
INFO: [ app_init ] --START--
INFO: Run Behavior\BuildLiteBehavior [ RunTime:0.000025s ]
INFO: [ app_init ] --END-- [ RunTime:0.000371s ]
INFO: [ app_begin ] --START--
INFO: Run Behavior\ReadHtmlCacheBehavior [ RunTime:0.000456s ]
INFO: [ app_begin ] --END-- [ RunTime:0.000495s ]
SQL: SHOW COLUMNS FROM `order` [ RunTime:0.0179s ]
SQL: SELECT consumer.wxname,order.g_price_id,order.order_id,order.price,order.or_time,order.addr,order.receiver,order.tel,order.state,goods.name,goods.picture_url,goods.abstract FROM `order` LEFT JOIN consumer ON consumer.openid = order.user LEFT JOIN goods ON goods.id = order.goods_id  WHERE ( order.id=139 ) LIMIT 1   [ RunTime:0.0005s ]
SQL: SHOW COLUMNS FROM `order_state` [ RunTime:0.0091s ]
SQL: SELECT `xd_time`,`or_time` FROM `order_state` WHERE ( order_state.order_id = "139" ) LIMIT 1   [ RunTime:0.0003s ]
SQL: SHOW COLUMNS FROM `g_price` [ RunTime:0.0093s ]
SQL: SELECT g_price.time,g_price.price FROM `g_price` WHERE ( g_price.id=8 ) LIMIT 1   [ RunTime:0.0002s ]
INFO: [ view_parse ] --START--
INFO: [ template_filter ] --START--
INFO: Run Behavior\ContentReplaceBehavior [ RunTime:0.000099s ]
INFO: [ template_filter ] --END-- [ RunTime:0.000139s ]
NOTIC: [8] Undefined index: id C:\xampp\htdocs\jianshen\Application\Runtime\Cache\Admin\95b56450c16551f1043cfb7279c118f7.php 第 314 行.
INFO: Run Behavior\ParseTemplateBehavior [ RunTime:0.068230s ]
INFO: [ view_parse ] --END-- [ RunTime:0.068277s ]
INFO: [ view_filter ] --START--
INFO: Run Behavior\WriteHtmlCacheBehavior [ RunTime:0.000334s ]
INFO: [ view_filter ] --END-- [ RunTime:0.000365s ]
INFO: [ app_end ] --START--
INFO: Run Behavior\ShowPageTraceBehavior [ RunTime:0.000502s ]
INFO: [ app_end ] --END-- [ RunTime:0.000541s ]

[ 2017-09-25T18:37:51+08:00 ] 120.42.36.34 /index.php/Admin/index/changeState.html
INFO: [ app_init ] --START--
INFO: Run Behavior\BuildLiteBehavior [ RunTime:0.000021s ]
INFO: [ app_init ] --END-- [ RunTime:0.000482s ]
INFO: [ app_begin ] --START--
INFO: Run Behavior\ReadHtmlCacheBehavior [ RunTime:0.000660s ]
INFO: [ app_begin ] --END-- [ RunTime:0.000712s ]
ERR: 非法操作:changeState

[ 2017-09-25T18:39:06+08:00 ] 120.41.128.128 /index.php/Admin/index/order.html
INFO: [ app_init ] --START--
INFO: Run Behavior\BuildLiteBehavior [ RunTime:0.000015s ]
INFO: [ app_init ] --END-- [ RunTime:0.000334s ]
INFO: [ app_begin ] --START--
INFO: Run Behavior\ReadHtmlCacheBehavior [ RunTime:0.000475s ]
INFO: [ app_begin ] --END-- [ RunTime:0.000515s ]
SQL: SHOW COLUMNS FROM `order` [ RunTime:0.0152s ]
SQL: SELECT COUNT(*) AS tp_count FROM `order` LIMIT 1   [ RunTime:0.0002s ]
SQL: SELECT consumer.wxname,order.id,order.order_id,order.price,order.or_time,order.addr,order.receiver,order.tel,order.state FROM `order` LEFT JOIN consumer ON consumer.openid = order.user  ORDER BY or_time LIMIT 0,15   [ RunTime:0.0005s ]
INFO: [ view_parse ] --START--
INFO: [ template_filter ] --START--
INFO: Run Behavior\ContentReplaceBehavior [ RunTime:0.000076s ]
INFO: [ template_filter ] --END-- [ RunTime:0.000114s ]
NOTIC: [8] Undefined variable: state C:\xampp\htdocs\jianshen\Application\Runtime\Cache\Admin\455dd59e7ffe0d0ea2f45d03db7d85a9.php 第 362 行.
INFO: Run Behavior\ParseTemplateBehavior [ RunTime:0.066347s ]
INFO: [ view_parse ] --END-- [ RunTime:0.066393s ]
INFO: [ view_filter ] --START--
INFO: Run Behavior\WriteHtmlCacheBehavior [ RunTime:0.000320s ]
INFO: [ view_filter ] --END-- [ RunTime:0.000355s ]
INFO: [ app_end ] --START--
INFO: Run Behavior\ShowPageTraceBehavior [ RunTime:0.000521s ]
INFO: [ app_end ] --END-- [ RunTime:0.000560s ]

[ 2017-09-25T18:39:09+08:00 ] 120.41.128.128 /index.php/admin/index/order_details/id/139.html
INFO: [ app_init ] --START--
INFO: Run Behavior\BuildLiteBehavior [ RunTime:0.000014s ]
INFO: [ app_init ] --END-- [ RunTime:0.000742s ]
INFO: [ app_begin ] --START--
INFO: Run Behavior\ReadHtmlCacheBehavior [ RunTime:0.000454s ]
INFO: [ app_begin ] --END-- [ RunTime:0.000495s ]
SQL: SHOW COLUMNS FROM `order` [ RunTime:0.0116s ]
SQL: SELECT consumer.wxname,order.g_price_id,order.order_id,order.price,order.or_time,order.addr,order.receiver,order.tel,order.state,goods.name,goods.picture_url,goods.abstract FROM `order` LEFT JOIN consumer ON consumer.openid = order.user LEFT JOIN goods ON goods.id = order.goods_id  WHERE ( order.id=139 ) LIMIT 1   [ RunTime:0.0005s ]
SQL: SHOW COLUMNS FROM `order_state` [ RunTime:0.0082s ]
SQL: SELECT `xd_time`,`or_time` FROM `order_state` WHERE ( order_state.order_id = "139" ) LIMIT 1   [ RunTime:0.0002s ]
SQL: SHOW COLUMNS FROM `g_price` [ RunTime:0.0076s ]
SQL: SELECT g_price.time,g_price.price FROM `g_price` WHERE ( g_price.id=8 ) LIMIT 1   [ RunTime:0.0002s ]
INFO: [ view_parse ] --START--
INFO: [ template_filter ] --START--
INFO: Run Behavior\ContentReplaceBehavior [ RunTime:0.000096s ]
INFO: [ template_filter ] --END-- [ RunTime:0.000136s ]
NOTIC: [8] Undefined index: id C:\xampp\htdocs\jianshen\Application\Runtime\Cache\Admin\95b56450c16551f1043cfb7279c118f7.php 第 314 行.
INFO: Run Behavior\ParseTemplateBehavior [ RunTime:0.065461s ]
INFO: [ view_parse ] --END-- [ RunTime:0.065516s ]
INFO: [ view_filter ] --START--
INFO: Run Behavior\WriteHtmlCacheBehavior [ RunTime:0.000319s ]
INFO: [ view_filter ] --END-- [ RunTime:0.000351s ]
INFO: [ app_end ] --START--
INFO: Run Behavior\ShowPageTraceBehavior [ RunTime:0.000512s ]
INFO: [ app_end ] --END-- [ RunTime:0.000551s ]

[ 2017-09-25T18:39:15+08:00 ] 120.41.128.128 /index.php/Admin/index/changeState.html
INFO: [ app_init ] --START--
INFO: Run Behavior\BuildLiteBehavior [ RunTime:0.000014s ]
INFO: [ app_init ] --END-- [ RunTime:0.000334s ]
INFO: [ app_begin ] --START--
INFO: Run Behavior\ReadHtmlCacheBehavior [ RunTime:0.000433s ]
INFO: [ app_begin ] --END-- [ RunTime:0.000468s ]
ERR: 非法操作:changeState

[ 2017-09-25T18:39:56+08:00 ] 120.41.128.128 /index.php/admin/index/order_details/id/139.html
INFO: [ app_init ] --START--
INFO: Run Behavior\BuildLiteBehavior [ RunTime:0.000015s ]
INFO: [ app_init ] --END-- [ RunTime:0.000373s ]
INFO: [ app_begin ] --START--
INFO: Run Behavior\ReadHtmlCacheBehavior [ RunTime:0.000550s ]
INFO: [ app_begin ] --END-- [ RunTime:0.000591s ]
SQL: SHOW COLUMNS FROM `order` [ RunTime:0.0115s ]
SQL: SELECT consumer.wxname,order.g_price_id,order.order_id,order.price,order.or_time,order.addr,order.receiver,order.tel,order.state,goods.name,goods.picture_url,goods.abstract FROM `order` LEFT JOIN consumer ON consumer.openid = order.user LEFT JOIN goods ON goods.id = order.goods_id  WHERE ( order.id=139 ) LIMIT 1   [ RunTime:0.0005s ]
SQL: SHOW COLUMNS FROM `order_state` [ RunTime:0.0085s ]
SQL: SELECT `xd_time`,`or_time` FROM `order_state` WHERE ( order_state.order_id = "139" ) LIMIT 1   [ RunTime:0.0002s ]
SQL: SHOW COLUMNS FROM `g_price` [ RunTime:0.0104s ]
SQL: SELECT g_price.time,g_price.price FROM `g_price` WHERE ( g_price.id=8 ) LIMIT 1   [ RunTime:0.0002s ]
INFO: [ view_parse ] --START--
INFO: [ template_filter ] --START--
INFO: Run Behavior\ContentReplaceBehavior [ RunTime:0.000092s ]
INFO: [ template_filter ] --END-- [ RunTime:0.000129s ]
NOTIC: [8] Undefined index: id C:\xampp\htdocs\jianshen\Application\Runtime\Cache\Admin\95b56450c16551f1043cfb7279c118f7.php 第 314 行.
INFO: Run Behavior\ParseTemplateBehavior [ RunTime:0.064699s ]
INFO: [ view_parse ] --END-- [ RunTime:0.064750s ]
INFO: [ view_filter ] --START--
INFO: Run Behavior\WriteHtmlCacheBehavior [ RunTime:0.000497s ]
INFO: [ view_filter ] --END-- [ RunTime:0.000528s ]
INFO: [ app_end ] --START--
INFO: Run Behavior\ShowPageTraceBehavior [ RunTime:0.000592s ]
INFO: [ app_end ] --END-- [ RunTime:0.000631s ]

[ 2017-09-25T18:39:57+08:00 ] 120.41.128.128 /index.php/Admin/index/change_state.html
INFO: [ app_init ] --START--
INFO: Run Behavior\BuildLiteBehavior [ RunTime:0.000014s ]
INFO: [ app_init ] --END-- [ RunTime:0.000327s ]
INFO: [ app_begin ] --START--
INFO: Run Behavior\ReadHtmlCacheBehavior [ RunTime:0.000420s ]
INFO: [ app_begin ] --END-- [ RunTime:0.000455s ]
SQL: SHOW COLUMNS FROM `order` [ RunTime:0.0114s ]
SQL: UPDATE `order` SET `state`='1',`order_id`='1506335792' WHERE ( order_id = "1506335792" ) [ RunTime:0.0003s ]
INFO: [ app_end ] --START--
INFO: Run Behavior\ShowPageTraceBehavior [ RunTime:0.000597s ]
INFO: [ app_end ] --END-- [ RunTime:0.000642s ]

[ 2017-09-25T18:40:00+08:00 ] 120.41.128.128 /index.php/admin/index/order_details/id/139.html
INFO: [ app_init ] --START--
INFO: Run Behavior\BuildLiteBehavior [ RunTime:0.000014s ]
INFO: [ app_init ] --END-- [ RunTime:0.000345s ]
INFO: [ app_begin ] --START--
INFO: Run Behavior\ReadHtmlCacheBehavior [ RunTime:0.000458s ]
INFO: [ app_begin ] --END-- [ RunTime:0.000500s ]
SQL: SHOW COLUMNS FROM `order` [ RunTime:0.0110s ]
SQL: SELECT consumer.wxname,order.g_price_id,order.order_id,order.price,order.or_time,order.addr,order.receiver,order.tel,order.state,goods.name,goods.picture_url,goods.abstract FROM `order` LEFT JOIN consumer ON consumer.openid = order.user LEFT JOIN goods ON goods.id = order.goods_id  WHERE ( order.id=139 ) LIMIT 1   [ RunTime:0.0005s ]
SQL: SHOW COLUMNS FROM `order_state` [ RunTime:0.0072s ]
SQL: SELECT `xd_time`,`or_time` FROM `order_state` WHERE ( order_state.order_id = "139" ) LIMIT 1   [ RunTime:0.0003s ]
SQL: SHOW COLUMNS FROM `g_price` [ RunTime:0.0080s ]
SQL: SELECT g_price.time,g_price.price FROM `g_price` WHERE ( g_price.id=8 ) LIMIT 1   [ RunTime:0.0002s ]
INFO: [ view_parse ] --START--
INFO: [ template_filter ] --START--
INFO: Run Behavior\ContentReplaceBehavior [ RunTime:0.000099s ]
INFO: [ template_filter ] --END-- [ RunTime:0.000138s ]
NOTIC: [8] Undefined index: id C:\xampp\htdocs\jianshen\Application\Runtime\Cache\Admin\95b56450c16551f1043cfb7279c118f7.php 第 314 行.
INFO: Run Behavior\ParseTemplateBehavior [ RunTime:0.065716s ]
INFO: [ view_parse ] --END-- [ RunTime:0.065766s ]
INFO: [ view_filter ] --START--
INFO: Run Behavior\WriteHtmlCacheBehavior [ RunTime:0.000336s ]
INFO: [ view_filter ] --END-- [ RunTime:0.000370s ]
INFO: [ app_end ] --START--
INFO: Run Behavior\ShowPageTraceBehavior [ RunTime:0.000513s ]
INFO: [ app_end ] --END-- [ RunTime:0.000553s ]

[ 2017-09-25T18:40:06+08:00 ] 120.42.36.34 /index.php/Admin/index/changeState.html
INFO: [ app_init ] --START--
INFO: Run Behavior\BuildLiteBehavior [ RunTime:0.000016s ]
INFO: [ app_init ] --END-- [ RunTime:0.000374s ]
INFO: [ app_begin ] --START--
INFO: Run Behavior\ReadHtmlCacheBehavior [ RunTime:0.000554s ]
INFO: [ app_begin ] --END-- [ RunTime:0.000600s ]
ERR: 非法操作:changeState

[ 2017-09-25T18:40:09+08:00 ] 120.42.36.34 /index.php/admin/index/order_details/id/139.html
INFO: [ app_init ] --START--
INFO: Run Behavior\BuildLiteBehavior [ RunTime:0.000014s ]
INFO: [ app_init ] --END-- [ RunTime:0.000370s ]
INFO: [ app_begin ] --START--
INFO: Run Behavior\ReadHtmlCacheBehavior [ RunTime:0.000491s ]
INFO: [ app_begin ] --END-- [ RunTime:0.000539s ]
SQL: SHOW COLUMNS FROM `order` [ RunTime:0.0117s ]
SQL: SELECT consumer.wxname,order.g_price_id,order.order_id,order.price,order.or_time,order.addr,order.receiver,order.tel,order.state,goods.name,goods.picture_url,goods.abstract FROM `order` LEFT JOIN consumer ON consumer.openid = order.user LEFT JOIN goods ON goods.id = order.goods_id  WHERE ( order.id=139 ) LIMIT 1   [ RunTime:0.0005s ]
SQL: SHOW COLUMNS FROM `order_state` [ RunTime:0.0085s ]
SQL: SELECT `xd_time`,`or_time` FROM `order_state` WHERE ( order_state.order_id = "139" ) LIMIT 1   [ RunTime:0.0003s ]
SQL: SHOW COLUMNS FROM `g_price` [ RunTime:0.0190s ]
SQL: SELECT g_price.time,g_price.price FROM `g_price` WHERE ( g_price.id=8 ) LIMIT 1   [ RunTime:0.0002s ]
INFO: [ view_parse ] --START--
INFO: [ template_filter ] --START--
INFO: Run Behavior\ContentReplaceBehavior [ RunTime:0.000091s ]
INFO: [ template_filter ] --END-- [ RunTime:0.000128s ]
NOTIC: [8] Undefined index: id C:\xampp\htdocs\jianshen\Application\Runtime\Cache\Admin\95b56450c16551f1043cfb7279c118f7.php 第 314 行.
INFO: Run Behavior\ParseTemplateBehavior [ RunTime:0.062905s ]
INFO: [ view_parse ] --END-- [ RunTime:0.062954s ]
INFO: [ view_filter ] --START--
INFO: Run Behavior\WriteHtmlCacheBehavior [ RunTime:0.000436s ]
INFO: [ view_filter ] --END-- [ RunTime:0.000468s ]
INFO: [ app_end ] --START--
INFO: Run Behavior\ShowPageTraceBehavior [ RunTime:0.000592s ]
INFO: [ app_end ] --END-- [ RunTime:0.000630s ]

[ 2017-09-25T18:40:47+08:00 ] 120.42.36.34 /index.php/Admin/index/change_state.html
INFO: [ app_init ] --START--
INFO: Run Behavior\BuildLiteBehavior [ RunTime:0.000014s ]
INFO: [ app_init ] --END-- [ RunTime:0.000323s ]
INFO: [ app_begin ] --START--
INFO: Run Behavior\ReadHtmlCacheBehavior [ RunTime:0.000421s ]
INFO: [ app_begin ] --END-- [ RunTime:0.000457s ]
SQL: SHOW COLUMNS FROM `order` [ RunTime:0.0124s ]
SQL: UPDATE `order` SET `state`='2',`order_id`='1506335792' WHERE ( order_id = "1506335792" ) [ RunTime:0.0003s ]
INFO: [ app_end ] --START--
INFO: Run Behavior\ShowPageTraceBehavior [ RunTime:0.000576s ]
INFO: [ app_end ] --END-- [ RunTime:0.000612s ]

[ 2017-09-25T18:40:50+08:00 ] 120.42.36.34 /index.php/admin/index/order_details/id/139.html
INFO: [ app_init ] --START--
INFO: Run Behavior\BuildLiteBehavior [ RunTime:0.000013s ]
INFO: [ app_init ] --END-- [ RunTime:0.000324s ]
INFO: [ app_begin ] --START--
INFO: Run Behavior\ReadHtmlCacheBehavior [ RunTime:0.000424s ]
INFO: [ app_begin ] --END-- [ RunTime:0.000461s ]
SQL: SHOW COLUMNS FROM `order` [ RunTime:0.0122s ]
SQL: SELECT consumer.wxname,order.g_price_id,order.order_id,order.price,order.or_time,order.addr,order.receiver,order.tel,order.state,goods.name,goods.picture_url,goods.abstract FROM `order` LEFT JOIN consumer ON consumer.openid = order.user LEFT JOIN goods ON goods.id = order.goods_id  WHERE ( order.id=139 ) LIMIT 1   [ RunTime:0.0005s ]
SQL: SHOW COLUMNS FROM `order_state` [ RunTime:0.0084s ]
SQL: SELECT `xd_time`,`or_time` FROM `order_state` WHERE ( order_state.order_id = "139" ) LIMIT 1   [ RunTime:0.0002s ]
SQL: SHOW COLUMNS FROM `g_price` [ RunTime:0.0078s ]
SQL: SELECT g_price.time,g_price.price FROM `g_price` WHERE ( g_price.id=8 ) LIMIT 1   [ RunTime:0.0002s ]
INFO: [ view_parse ] --START--
INFO: [ template_filter ] --START--
INFO: Run Behavior\ContentReplaceBehavior [ RunTime:0.000091s ]
INFO: [ template_filter ] --END-- [ RunTime:0.000132s ]
NOTIC: [8] Undefined index: id C:\xampp\htdocs\jianshen\Application\Runtime\Cache\Admin\95b56450c16551f1043cfb7279c118f7.php 第 314 行.
INFO: Run Behavior\ParseTemplateBehavior [ RunTime:0.064278s ]
INFO: [ view_parse ] --END-- [ RunTime:0.064326s ]
INFO: [ view_filter ] --START--
INFO: Run Behavior\WriteHtmlCacheBehavior [ RunTime:0.000317s ]
INFO: [ view_filter ] --END-- [ RunTime:0.000349s ]
INFO: [ app_end ] --START--
INFO: Run Behavior\ShowPageTraceBehavior [ RunTime:0.000484s ]
INFO: [ app_end ] --END-- [ RunTime:0.000529s ]

[ 2017-09-25T18:45:05+08:00 ] 120.42.36.34 /index.php/Admin/index/change_state.html
INFO: [ app_init ] --START--
INFO: Run Behavior\BuildLiteBehavior [ RunTime:0.000015s ]
INFO: [ app_init ] --END-- [ RunTime:0.000332s ]
INFO: [ app_begin ] --START--
INFO: Run Behavior\ReadHtmlCacheBehavior [ RunTime:0.000433s ]
INFO: [ app_begin ] --END-- [ RunTime:0.000469s ]
SQL: SHOW COLUMNS FROM `order` [ RunTime:0.0132s ]
SQL: UPDATE `order` SET `state`='2',`order_id`='1506335792' WHERE ( order_id = "1506335792" ) [ RunTime:0.0004s ]
INFO: [ app_end ] --START--
INFO: Run Behavior\ShowPageTraceBehavior [ RunTime:0.000727s ]
INFO: [ app_end ] --END-- [ RunTime:0.000767s ]

[ 2017-09-25T18:45:12+08:00 ] 120.42.36.34 /index.php/Admin/index/change_state.html
INFO: [ app_init ] --START--
INFO: Run Behavior\BuildLiteBehavior [ RunTime:0.000016s ]
INFO: [ app_init ] --END-- [ RunTime:0.000341s ]
INFO: [ app_begin ] --START--
INFO: Run Behavior\ReadHtmlCacheBehavior [ RunTime:0.000436s ]
INFO: [ app_begin ] --END-- [ RunTime:0.000475s ]
SQL: SHOW COLUMNS FROM `order` [ RunTime:0.0134s ]
SQL: UPDATE `order` SET `state`='5',`order_id`='1506335792' WHERE ( order_id = "1506335792" ) [ RunTime:0.0003s ]
INFO: [ app_end ] --START--
INFO: Run Behavior\ShowPageTraceBehavior [ RunTime:0.000690s ]
INFO: [ app_end ] --END-- [ RunTime:0.000738s ]

[ 2017-09-25T18:45:12+08:00 ] 120.42.36.34 /index.php/Admin/index/order.html
INFO: [ app_init ] --START--
INFO: Run Behavior\BuildLiteBehavior [ RunTime:0.000015s ]
INFO: [ app_init ] --END-- [ RunTime:0.000344s ]
INFO: [ app_begin ] --START--
INFO: Run Behavior\ReadHtmlCacheBehavior [ RunTime:0.000444s ]
INFO: [ app_begin ] --END-- [ RunTime:0.000483s ]
SQL: SHOW COLUMNS FROM `order` [ RunTime:0.0070s ]
SQL: SELECT COUNT(*) AS tp_count FROM `order` LIMIT 1   [ RunTime:0.0002s ]
SQL: SELECT consumer.wxname,order.id,order.order_id,order.price,order.or_time,order.addr,order.receiver,order.tel,order.state FROM `order` LEFT JOIN consumer ON consumer.openid = order.user  ORDER BY or_time LIMIT 0,15   [ RunTime:0.0005s ]
INFO: [ view_parse ] --START--
INFO: [ template_filter ] --START--
INFO: Run Behavior\ContentReplaceBehavior [ RunTime:0.000079s ]
INFO: [ template_filter ] --END-- [ RunTime:0.000123s ]
NOTIC: [8] Undefined variable: state C:\xampp\htdocs\jianshen\Application\Runtime\Cache\Admin\455dd59e7ffe0d0ea2f45d03db7d85a9.php 第 362 行.
INFO: Run Behavior\ParseTemplateBehavior [ RunTime:0.073350s ]
INFO: [ view_parse ] --END-- [ RunTime:0.073400s ]
INFO: [ view_filter ] --START--
INFO: Run Behavior\WriteHtmlCacheBehavior [ RunTime:0.000357s ]
INFO: [ view_filter ] --END-- [ RunTime:0.000392s ]
INFO: [ app_end ] --START--
INFO: Run Behavior\ShowPageTraceBehavior [ RunTime:0.000498s ]
INFO: [ app_end ] --END-- [ RunTime:0.000538s ]

[ 2017-09-25T18:45:25+08:00 ] 120.42.36.34 /index.php/admin/index/order_details/id/139.html
INFO: [ app_init ] --START--
INFO: Run Behavior\BuildLiteBehavior [ RunTime:0.000016s ]
INFO: [ app_init ] --END-- [ RunTime:0.000329s ]
INFO: [ app_begin ] --START--
INFO: Run Behavior\ReadHtmlCacheBehavior [ RunTime:0.000436s ]
INFO: [ app_begin ] --END-- [ RunTime:0.000474s ]
SQL: SHOW COLUMNS FROM `order` [ RunTime:0.0132s ]
SQL: SELECT consumer.wxname,order.g_price_id,order.order_id,order.price,order.or_time,order.addr,order.receiver,order.tel,order.state,goods.name,goods.picture_url,goods.abstract FROM `order` LEFT JOIN consumer ON consumer.openid = order.user LEFT JOIN goods ON goods.id = order.goods_id  WHERE ( order.id=139 ) LIMIT 1   [ RunTime:0.0006s ]
SQL: SHOW COLUMNS FROM `order_state` [ RunTime:0.0092s ]
SQL: SELECT `xd_time`,`or_time` FROM `order_state` WHERE ( order_state.order_id = "139" ) LIMIT 1   [ RunTime:0.0003s ]
SQL: SHOW COLUMNS FROM `g_price` [ RunTime:0.0106s ]
SQL: SELECT g_price.time,g_price.price FROM `g_price` WHERE ( g_price.id=8 ) LIMIT 1   [ RunTime:0.0003s ]
INFO: [ view_parse ] --START--
INFO: [ template_filter ] --START--
INFO: Run Behavior\ContentReplaceBehavior [ RunTime:0.000129s ]
INFO: [ template_filter ] --END-- [ RunTime:0.000193s ]
NOTIC: [8] Undefined index: id C:\xampp\htdocs\jianshen\Application\Runtime\Cache\Admin\95b56450c16551f1043cfb7279c118f7.php 第 314 行.
INFO: Run Behavior\ParseTemplateBehavior [ RunTime:0.082695s ]
INFO: [ view_parse ] --END-- [ RunTime:0.082768s ]
INFO: [ view_filter ] --START--
INFO: Run Behavior\WriteHtmlCacheBehavior [ RunTime:0.000455s ]
INFO: [ view_filter ] --END-- [ RunTime:0.000504s ]
INFO: [ app_end ] --START--
INFO: Run Behavior\ShowPageTraceBehavior [ RunTime:0.000663s ]
INFO: [ app_end ] --END-- [ RunTime:0.000716s ]

[ 2017-09-25T18:45:28+08:00 ] 120.42.36.34 /index.php/Admin/index/change_state.html
INFO: [ app_init ] --START--
INFO: Run Behavior\BuildLiteBehavior [ RunTime:0.000013s ]
INFO: [ app_init ] --END-- [ RunTime:0.000323s ]
INFO: [ app_begin ] --START--
INFO: Run Behavior\ReadHtmlCacheBehavior [ RunTime:0.000424s ]
INFO: [ app_begin ] --END-- [ RunTime:0.000459s ]
SQL: SHOW COLUMNS FROM `order` [ RunTime:0.0286s ]
SQL: UPDATE `order` SET `state`='2',`order_id`='1506335792' WHERE ( order_id = "1506335792" ) [ RunTime:0.0003s ]
INFO: [ app_end ] --START--
INFO: Run Behavior\ShowPageTraceBehavior [ RunTime:0.000767s ]
INFO: [ app_end ] --END-- [ RunTime:0.000820s ]

[ 2017-09-25T19:54:51+08:00 ] 120.41.128.128 /index.php/Admin/index/coupon.html
INFO: [ app_init ] --START--
INFO: Run Behavior\BuildLiteBehavior [ RunTime:0.000024s ]
INFO: [ app_init ] --END-- [ RunTime:0.000366s ]
INFO: [ app_begin ] --START--
INFO: Run Behavior\ReadHtmlCacheBehavior [ RunTime:0.000443s ]
INFO: [ app_begin ] --END-- [ RunTime:0.000482s ]
SQL: SHOW COLUMNS FROM `coupon` [ RunTime:0.0154s ]
SQL: SELECT * FROM `coupon`  [ RunTime:0.0004s ]
NOTIC: [8] Undefined variable: row C:\xampp\htdocs\jianshen\Application\Admin\Controller\IndexController.class.php 第 328 行.
SQL: SELECT * FROM `coupon` LIMIT 0,10   [ RunTime:0.0003s ]
INFO: [ view_parse ] --START--
INFO: [ template_filter ] --START--
INFO: Run Behavior\ContentReplaceBehavior [ RunTime:0.000083s ]
INFO: [ template_filter ] --END-- [ RunTime:0.000121s ]
NOTIC: [8] Undefined index: price C:\xampp\htdocs\jianshen\Application\Runtime\Cache\Admin\03877490c8fbea82047ccd6c1c394436.php 第 335 行.
INFO: Run Behavior\ParseTemplateBehavior [ RunTime:0.071676s ]
INFO: [ view_parse ] --END-- [ RunTime:0.071740s ]
INFO: [ view_filter ] --START--
INFO: Run Behavior\WriteHtmlCacheBehavior [ RunTime:0.000611s ]
INFO: [ view_filter ] --END-- [ RunTime:0.000662s ]
INFO: [ app_end ] --START--
INFO: Run Behavior\ShowPageTraceBehavior [ RunTime:0.000687s ]
INFO: [ app_end ] --END-- [ RunTime:0.000740s ]

[ 2017-09-25T19:55:19+08:00 ] 120.41.128.128 /index.php/admin/index/coupon_details/id/1.html
INFO: [ app_init ] --START--
INFO: Run Behavior\BuildLiteBehavior [ RunTime:0.000023s ]
INFO: [ app_init ] --END-- [ RunTime:0.000494s ]
INFO: [ app_begin ] --START--
INFO: Run Behavior\ReadHtmlCacheBehavior [ RunTime:0.000628s ]
INFO: [ app_begin ] --END-- [ RunTime:0.000684s ]
SQL: SHOW COLUMNS FROM `coupon` [ RunTime:0.0174s ]
SQL: SELECT * FROM `coupon` WHERE ( id = 1 ) LIMIT 1   [ RunTime:0.0004s ]
INFO: [ view_parse ] --START--
INFO: [ template_filter ] --START--
INFO: Run Behavior\ContentReplaceBehavior [ RunTime:0.000077s ]
INFO: [ template_filter ] --END-- [ RunTime:0.000115s ]
INFO: Run Behavior\ParseTemplateBehavior [ RunTime:0.065839s ]
INFO: [ view_parse ] --END-- [ RunTime:0.065901s ]
INFO: [ view_filter ] --START--
INFO: Run Behavior\WriteHtmlCacheBehavior [ RunTime:0.000314s ]
INFO: [ view_filter ] --END-- [ RunTime:0.000346s ]
INFO: [ app_end ] --START--
INFO: Run Behavior\ShowPageTraceBehavior [ RunTime:0.000497s ]
INFO: [ app_end ] --END-- [ RunTime:0.000537s ]

[ 2017-09-25T19:55:41+08:00 ] 120.41.128.128 /index.php/Admin/index/update_date.html
INFO: [ app_init ] --START--
INFO: Run Behavior\BuildLiteBehavior [ RunTime:0.000017s ]
INFO: [ app_init ] --END-- [ RunTime:0.000384s ]
INFO: [ app_begin ] --START--
INFO: Run Behavior\ReadHtmlCacheBehavior [ RunTime:0.000623s ]
INFO: [ app_begin ] --END-- [ RunTime:0.000715s ]
NOTIC: [8] Undefined index: or_time C:\xampp\htdocs\jianshen\Application\Admin\Controller\IndexController.class.php 第 127 行.
SQL: SHOW COLUMNS FROM `order_state` [ RunTime:0.0120s ]
SQL: UPDATE `order_state` SET `order_id`='1506335792',`or_time`=NULL WHERE ( order_id = "1506335792" ) [ RunTime:0.0003s ]
INFO: [ app_end ] --START--
INFO: Run Behavior\ShowPageTraceBehavior [ RunTime:0.000747s ]
INFO: [ app_end ] --END-- [ RunTime:0.000789s ]

