[ 2017-12-03T21:07:56+08:00 ] 223.104.6.40 /index.php/Admin/index/
INFO: [ app_init ] --START--
INFO: Run Behavior\BuildLiteBehavior [ RunTime:0.000014s ]
INFO: [ app_init ] --END-- [ RunTime:0.000349s ]
INFO: [ app_begin ] --START--
INFO: Run Behavior\ReadHtmlCacheBehavior [ RunTime:0.000561s ]
INFO: [ app_begin ] --END-- [ RunTime:0.000607s ]
INFO: [ view_parse ] --START--
INFO: [ template_filter ] --START--
INFO: Run Behavior\ContentReplaceBehavior [ RunTime:0.000068s ]
INFO: [ template_filter ] --END-- [ RunTime:0.000139s ]
INFO: Run Behavior\ParseTemplateBehavior [ RunTime:0.165062s ]
INFO: [ view_parse ] --END-- [ RunTime:0.165123s ]
INFO: [ view_filter ] --START--
INFO: Run Behavior\WriteHtmlCacheBehavior [ RunTime:0.001805s ]
INFO: [ view_filter ] --END-- [ RunTime:0.001848s ]
INFO: [ app_end ] --START--
INFO: Run Behavior\ShowPageTraceBehavior [ RunTime:0.000575s ]
INFO: [ app_end ] --END-- [ RunTime:0.000610s ]

[ 2017-12-03T21:08:26+08:00 ] 223.104.6.61 /index.php/Admin/index/
INFO: [ app_init ] --START--
INFO: Run Behavior\BuildLiteBehavior [ RunTime:0.000016s ]
INFO: [ app_init ] --END-- [ RunTime:0.000353s ]
INFO: [ app_begin ] --START--
INFO: Run Behavior\ReadHtmlCacheBehavior [ RunTime:0.000519s ]
INFO: [ app_begin ] --END-- [ RunTime:0.000558s ]
INFO: [ view_parse ] --START--
INFO: [ template_filter ] --START--
INFO: Run Behavior\ContentReplaceBehavior [ RunTime:0.000045s ]
INFO: [ template_filter ] --END-- [ RunTime:0.000088s ]
INFO: Run Behavior\ParseTemplateBehavior [ RunTime:0.005453s ]
INFO: [ view_parse ] --END-- [ RunTime:0.005496s ]
INFO: [ view_filter ] --START--
INFO: Run Behavior\WriteHtmlCacheBehavior [ RunTime:0.000347s ]
INFO: [ view_filter ] --END-- [ RunTime:0.000378s ]
INFO: [ app_end ] --START--
INFO: Run Behavior\ShowPageTraceBehavior [ RunTime:0.000516s ]
INFO: [ app_end ] --END-- [ RunTime:0.000550s ]

[ 2017-12-03T21:08:28+08:00 ] 58.247.212.98 /index.php/admin/index/login.html
INFO: [ app_init ] --START--
INFO: Run Behavior\BuildLiteBehavior [ RunTime:0.000015s ]
INFO: [ app_init ] --END-- [ RunTime:0.000614s ]
INFO: [ app_begin ] --START--
INFO: Run Behavior\ReadHtmlCacheBehavior [ RunTime:0.000540s ]
INFO: [ app_begin ] --END-- [ RunTime:0.000583s ]
NOTIC: [8] Undefined index: name C:\xampp\htdocs\jianshen\Application\Admin\Controller\IndexController.class.php 第 24 行.
NOTIC: [8] Undefined index: password C:\xampp\htdocs\jianshen\Application\Admin\Controller\IndexController.class.php 第 25 行.
SQL: SHOW COLUMNS FROM `admin` [ RunTime:0.0172s ]
SQL: SELECT * FROM `admin` WHERE ( (`name` = null) AND (`pwd` = 'd41d8cd98f00b204e9800998ecf8427e') ) LIMIT 1   [ RunTime:0.0009s ]
SQL: SHOW COLUMNS FROM `delivery` [ RunTime:0.0123s ]
SQL: SELECT * FROM `delivery` WHERE ( (`account` = null) AND (`password` = 'd41d8cd98f00b204e9800998ecf8427e') ) LIMIT 1   [ RunTime:0.0006s ]
INFO: [ app_end ] --START--
INFO: Run Behavior\ShowPageTraceBehavior [ RunTime:0.000741s ]
INFO: [ app_end ] --END-- [ RunTime:0.000781s ]

[ 2017-12-03T21:08:38+08:00 ] 223.104.6.61 /index.php/admin/index/login.html
INFO: [ app_init ] --START--
INFO: Run Behavior\BuildLiteBehavior [ RunTime:0.000014s ]
INFO: [ app_init ] --END-- [ RunTime:0.000308s ]
INFO: [ app_begin ] --START--
INFO: Run Behavior\ReadHtmlCacheBehavior [ RunTime:0.000396s ]
INFO: [ app_begin ] --END-- [ RunTime:0.000433s ]
SQL: SHOW COLUMNS FROM `admin` [ RunTime:0.0135s ]
SQL: SELECT * FROM `admin` WHERE ( (`name` = 'admin') AND (`pwd` = 'e10adc3949ba59abbe56e057f20f883e') ) LIMIT 1   [ RunTime:0.0004s ]
INFO: [ app_end ] --START--
INFO: Run Behavior\ShowPageTraceBehavior [ RunTime:0.000923s ]
INFO: [ app_end ] --END-- [ RunTime:0.000986s ]

[ 2017-12-03T21:08:38+08:00 ] 223.104.6.61 /index.php/admin/index/main
INFO: [ app_init ] --START--
INFO: Run Behavior\BuildLiteBehavior [ RunTime:0.000019s ]
INFO: [ app_init ] --END-- [ RunTime:0.000411s ]
INFO: [ app_begin ] --START--
INFO: Run Behavior\ReadHtmlCacheBehavior [ RunTime:0.000533s ]
INFO: [ app_begin ] --END-- [ RunTime:0.000583s ]
INFO: [ view_parse ] --START--
INFO: [ template_filter ] --START--
INFO: Run Behavior\ContentReplaceBehavior [ RunTime:0.000085s ]
INFO: [ template_filter ] --END-- [ RunTime:0.000139s ]
INFO: Run Behavior\ParseTemplateBehavior [ RunTime:0.236062s ]
INFO: [ view_parse ] --END-- [ RunTime:0.236122s ]
INFO: [ view_filter ] --START--
INFO: Run Behavior\WriteHtmlCacheBehavior [ RunTime:0.000396s ]
INFO: [ view_filter ] --END-- [ RunTime:0.000426s ]
INFO: [ app_end ] --START--
INFO: Run Behavior\ShowPageTraceBehavior [ RunTime:0.000477s ]
INFO: [ app_end ] --END-- [ RunTime:0.000515s ]

[ 2017-12-03T21:08:45+08:00 ] 223.104.6.61 /index.php/admin/index/warn_date.html
INFO: [ app_init ] --START--
INFO: Run Behavior\BuildLiteBehavior [ RunTime:0.000016s ]
INFO: [ app_init ] --END-- [ RunTime:0.000392s ]
INFO: [ app_begin ] --START--
INFO: Run Behavior\ReadHtmlCacheBehavior [ RunTime:0.000521s ]
INFO: [ app_begin ] --END-- [ RunTime:0.000559s ]
SQL: SHOW COLUMNS FROM `order` [ RunTime:0.0139s ]
SQL: SELECT COUNT(*) AS tp_count FROM `order` LEFT JOIN order_state ON `order`.order_id = order_state.order_id  WHERE ( DATEDIFF(order_state.xd_time,"2017-12-03") <= 2  AND order.state = 2 ) LIMIT 1   [ RunTime:0.0005s ]
INFO: [ app_end ] --START--
INFO: Run Behavior\ShowPageTraceBehavior [ RunTime:0.000860s ]
INFO: [ app_end ] --END-- [ RunTime:0.000904s ]

[ 2017-12-03T21:08:48+08:00 ] 120.204.17.73 /index.php/admin/index/main
INFO: [ app_init ] --START--
INFO: Run Behavior\BuildLiteBehavior [ RunTime:0.000015s ]
INFO: [ app_init ] --END-- [ RunTime:0.000323s ]
INFO: [ app_begin ] --START--
INFO: Run Behavior\ReadHtmlCacheBehavior [ RunTime:0.000403s ]
INFO: [ app_begin ] --END-- [ RunTime:0.000440s ]
INFO: [ view_parse ] --START--
INFO: [ template_filter ] --START--
INFO: Run Behavior\ContentReplaceBehavior [ RunTime:0.000110s ]
INFO: [ template_filter ] --END-- [ RunTime:0.000150s ]
INFO: Run Behavior\ParseTemplateBehavior [ RunTime:0.054918s ]
INFO: [ view_parse ] --END-- [ RunTime:0.054970s ]
INFO: [ view_filter ] --START--
INFO: Run Behavior\WriteHtmlCacheBehavior [ RunTime:0.000394s ]
INFO: [ view_filter ] --END-- [ RunTime:0.000427s ]
INFO: [ app_end ] --START--
INFO: Run Behavior\ShowPageTraceBehavior [ RunTime:0.000469s ]
INFO: [ app_end ] --END-- [ RunTime:0.000505s ]

[ 2017-12-03T21:08:55+08:00 ] 223.104.6.61 /index.php/Admin/index/order.html
INFO: [ app_init ] --START--
INFO: Run Behavior\BuildLiteBehavior [ RunTime:0.000017s ]
INFO: [ app_init ] --END-- [ RunTime:0.000463s ]
INFO: [ app_begin ] --START--
INFO: Run Behavior\ReadHtmlCacheBehavior [ RunTime:0.000682s ]
INFO: [ app_begin ] --END-- [ RunTime:0.000732s ]
SQL: SHOW COLUMNS FROM `order` [ RunTime:0.0134s ]
SQL: SHOW COLUMNS FROM `admin` [ RunTime:0.0082s ]
SQL: SELECT * FROM `admin` WHERE ( id = 1 AND name = 'admin' ) LIMIT 1   [ RunTime:0.0003s ]
SQL: SELECT goods.name AS goods_name,order.delivery_id,delivery.name AS delivery_name,order.pay_for,order.paied,order.deposit,order.express,order.prompt,consumer.wxname,order.id,order.order_id,order.price,order.or_time,order.addr,order.receiver,order.tel,order.state,order.exchange,order.exchangeTo,order_state.or_time AS start,order_state.xd_time AS end FROM `order` LEFT JOIN consumer ON consumer.openid = order.user LEFT JOIN delivery ON delivery.id = order.delivery_id LEFT JOIN goods ON goods.id = order.goods_id LEFT JOIN order_state ON `order`.order_id = order_state.order_id  WHERE ( order.paied = 1 AND order.state = 0  ) ORDER BY or_time desc LIMIT 0,15   [ RunTime:0.0009s ]
SQL: SELECT goods.name AS goods_name,order.delivery_id,delivery.name AS delivery_name,order.pay_for,order.paied,order.deposit,order.express,order.prompt,consumer.wxname,order.id,order.order_id,order.price,order.or_time,order.addr,order.receiver,order.tel,order.state,order.exchange,order.exchangeTo,order_state.or_time AS start,order_state.xd_time AS end FROM `order` LEFT JOIN consumer ON consumer.openid = order.user LEFT JOIN delivery ON delivery.id = order.delivery_id LEFT JOIN goods ON goods.id = order.goods_id LEFT JOIN order_state ON `order`.order_id = order_state.order_id  WHERE ( order.paied = 1 AND order.state = 0  ) ORDER BY or_time desc  [ RunTime:0.0007s ]
SQL: SELECT goods.name AS goods_name,order.delivery_id,delivery.name AS delivery_name,order.pay_for,order.paied,order.deposit,order.express,order.prompt,consumer.wxname,order.id,order.order_id,order.price,order.or_time,order.addr,order.receiver,order.tel,order.state,order.exchange,order.exchangeTo,order_state.or_time AS start,order_state.xd_time AS end FROM `order` LEFT JOIN consumer ON consumer.openid = order.user LEFT JOIN delivery ON delivery.id = order.delivery_id LEFT JOIN goods ON goods.id = order.goods_id LEFT JOIN order_state ON `order`.order_id = order_state.order_id  WHERE ( order.paied = 1 AND order.state = 0  ) ORDER BY or_time desc  [ RunTime:0.0007s ]
NOTIC: [8] Undefined variable: parameter C:\xampp\htdocs\jianshen\Application\Admin\Controller\IndexController.class.php 第 209 行.
SQL: SELECT order.deposit,order.price,order.express,order.state FROM `order` WHERE ( order.paied = 1 AND order.state = 0 )  [ RunTime:0.0005s ]
INFO: [ view_parse ] --START--
INFO: [ template_filter ] --START--
INFO: Run Behavior\ContentReplaceBehavior [ RunTime:0.000158s ]
INFO: [ template_filter ] --END-- [ RunTime:0.000224s ]
NOTIC: [8] Undefined variable: search_show C:\xampp\htdocs\jianshen\Application\Runtime\Cache\Admin\455dd59e7ffe0d0ea2f45d03db7d85a9.php 第 474 行.
NOTIC: [8] Undefined variable: state C:\xampp\htdocs\jianshen\Application\Runtime\Cache\Admin\455dd59e7ffe0d0ea2f45d03db7d85a9.php 第 475 行.
NOTIC: [8] Undefined variable: state C:\xampp\htdocs\jianshen\Application\Runtime\Cache\Admin\455dd59e7ffe0d0ea2f45d03db7d85a9.php 第 492 行.
INFO: Run Behavior\ParseTemplateBehavior [ RunTime:0.098575s ]
INFO: [ view_parse ] --END-- [ RunTime:0.098643s ]
INFO: [ view_filter ] --START--
INFO: Run Behavior\WriteHtmlCacheBehavior [ RunTime:0.000382s ]
INFO: [ view_filter ] --END-- [ RunTime:0.000413s ]
INFO: [ app_end ] --START--
INFO: Run Behavior\ShowPageTraceBehavior [ RunTime:0.000531s ]
INFO: [ app_end ] --END-- [ RunTime:0.000568s ]

[ 2017-12-03T21:09:04+08:00 ] 58.247.212.98 /index.php/Admin/index/order.html
INFO: [ app_init ] --START--
INFO: Run Behavior\BuildLiteBehavior [ RunTime:0.000014s ]
INFO: [ app_init ] --END-- [ RunTime:0.000299s ]
INFO: [ app_begin ] --START--
INFO: Run Behavior\ReadHtmlCacheBehavior [ RunTime:0.000402s ]
INFO: [ app_begin ] --END-- [ RunTime:0.000457s ]
SQL: SHOW COLUMNS FROM `order` [ RunTime:0.0115s ]
SQL: SHOW COLUMNS FROM `admin` [ RunTime:0.0071s ]
ERR: 1064:You have an error in your SQL syntax; check the manual that corresponds to your MariaDB server version for the right syntax to use near 'AND name = '' ) LIMIT 1' at line 1
 [ SQL语句 ] : SELECT * FROM `admin` WHERE ( id =  AND name = '' ) LIMIT 1  
ERR: 1064:You have an error in your SQL syntax; check the manual that corresponds to your MariaDB server version for the right syntax to use near 'AND name = '' ) LIMIT 1' at line 1
 [ SQL语句 ] : SELECT * FROM `admin` WHERE ( id =  AND name = '' ) LIMIT 1  

[ 2017-12-03T21:09:10+08:00 ] 223.104.6.61 /index.php/Admin/index/order.html?start=&end=&state=0
INFO: [ app_init ] --START--
INFO: Run Behavior\BuildLiteBehavior [ RunTime:0.000023s ]
INFO: [ app_init ] --END-- [ RunTime:0.000318s ]
INFO: [ app_begin ] --START--
INFO: Run Behavior\ReadHtmlCacheBehavior [ RunTime:0.000409s ]
INFO: [ app_begin ] --END-- [ RunTime:0.000447s ]
SQL: SHOW COLUMNS FROM `order` [ RunTime:0.0388s ]
SQL: SHOW COLUMNS FROM `admin` [ RunTime:0.0089s ]
SQL: SELECT * FROM `admin` WHERE ( id = 1 AND name = 'admin' ) LIMIT 1   [ RunTime:0.0004s ]
SQL: SELECT goods.name AS goods_name,order.delivery_id,delivery.name AS delivery_name,order.pay_for,order.paied,order.deposit,order.express,order.prompt,consumer.wxname,order.id,order.order_id,order.price,order.or_time,order.addr,order.receiver,order.tel,order.state,order.exchange,order.exchangeTo,order_state.or_time AS start,order_state.xd_time AS end FROM `order` LEFT JOIN consumer ON consumer.openid = order.user LEFT JOIN delivery ON delivery.id = order.delivery_id LEFT JOIN goods ON goods.id = order.goods_id LEFT JOIN order_state ON `order`.order_id = order_state.order_id  WHERE ( order.paied = 1 AND order.state = "0" ) ORDER BY or_time desc LIMIT 0,15   [ RunTime:0.0010s ]
SQL: SELECT goods.name AS goods_name,order.delivery_id,delivery.name AS delivery_name,order.pay_for,order.paied,order.deposit,order.express,order.prompt,consumer.wxname,order.id,order.order_id,order.price,order.or_time,order.addr,order.receiver,order.tel,order.state,order.exchange,order.exchangeTo,order_state.or_time AS start,order_state.xd_time AS end FROM `order` LEFT JOIN consumer ON consumer.openid = order.user LEFT JOIN delivery ON delivery.id = order.delivery_id LEFT JOIN goods ON goods.id = order.goods_id LEFT JOIN order_state ON `order`.order_id = order_state.order_id  WHERE ( order.paied = 1 AND order.state = "0" ) ORDER BY or_time desc  [ RunTime:0.0010s ]
SQL: SELECT goods.name AS goods_name,order.delivery_id,delivery.name AS delivery_name,order.pay_for,order.paied,order.deposit,order.express,order.prompt,consumer.wxname,order.id,order.order_id,order.price,order.or_time,order.addr,order.receiver,order.tel,order.state,order.exchange,order.exchangeTo,order_state.or_time AS start,order_state.xd_time AS end FROM `order` LEFT JOIN consumer ON consumer.openid = order.user LEFT JOIN delivery ON delivery.id = order.delivery_id LEFT JOIN goods ON goods.id = order.goods_id LEFT JOIN order_state ON `order`.order_id = order_state.order_id  WHERE ( order.paied = 1 AND order.state = "0" ) ORDER BY or_time desc  [ RunTime:0.0007s ]
SQL: SELECT order.deposit,order.price,order.express,order.state FROM `order` WHERE ( order.paied = 1 AND order.state = "0" )  [ RunTime:0.0003s ]
INFO: [ view_parse ] --START--
INFO: [ template_filter ] --START--
INFO: Run Behavior\ContentReplaceBehavior [ RunTime:0.000130s ]
INFO: [ template_filter ] --END-- [ RunTime:0.000166s ]
NOTIC: [8] Undefined variable: search_show C:\xampp\htdocs\jianshen\Application\Runtime\Cache\Admin\455dd59e7ffe0d0ea2f45d03db7d85a9.php 第 474 行.
INFO: Run Behavior\ParseTemplateBehavior [ RunTime:0.078324s ]
INFO: [ view_parse ] --END-- [ RunTime:0.078370s ]
INFO: [ view_filter ] --START--
INFO: Run Behavior\WriteHtmlCacheBehavior [ RunTime:0.000300s ]
INFO: [ view_filter ] --END-- [ RunTime:0.000332s ]
INFO: [ app_end ] --START--
INFO: Run Behavior\ShowPageTraceBehavior [ RunTime:0.000458s ]
INFO: [ app_end ] --END-- [ RunTime:0.000495s ]

[ 2017-12-03T21:09:12+08:00 ] 101.226.33.239 /index.php/Admin/index/order.html
INFO: [ app_init ] --START--
INFO: Run Behavior\BuildLiteBehavior [ RunTime:0.000013s ]
INFO: [ app_init ] --END-- [ RunTime:0.000350s ]
INFO: [ app_begin ] --START--
INFO: Run Behavior\ReadHtmlCacheBehavior [ RunTime:0.000434s ]
INFO: [ app_begin ] --END-- [ RunTime:0.000479s ]
SQL: SHOW COLUMNS FROM `order` [ RunTime:0.0131s ]
SQL: SHOW COLUMNS FROM `admin` [ RunTime:0.0073s ]
ERR: 1064:You have an error in your SQL syntax; check the manual that corresponds to your MariaDB server version for the right syntax to use near 'AND name = '' ) LIMIT 1' at line 1
 [ SQL语句 ] : SELECT * FROM `admin` WHERE ( id =  AND name = '' ) LIMIT 1  
ERR: 1064:You have an error in your SQL syntax; check the manual that corresponds to your MariaDB server version for the right syntax to use near 'AND name = '' ) LIMIT 1' at line 1
 [ SQL语句 ] : SELECT * FROM `admin` WHERE ( id =  AND name = '' ) LIMIT 1  

[ 2017-12-03T21:09:12+08:00 ] 101.226.33.239 /index.php/Admin/index/index
INFO: [ app_init ] --START--
INFO: Run Behavior\BuildLiteBehavior [ RunTime:0.000014s ]
INFO: [ app_init ] --END-- [ RunTime:0.000304s ]
INFO: [ app_begin ] --START--
INFO: Run Behavior\ReadHtmlCacheBehavior [ RunTime:0.000442s ]
INFO: [ app_begin ] --END-- [ RunTime:0.000480s ]
INFO: [ view_parse ] --START--
INFO: [ template_filter ] --START--
INFO: Run Behavior\ContentReplaceBehavior [ RunTime:0.000042s ]
INFO: [ template_filter ] --END-- [ RunTime:0.000078s ]
INFO: Run Behavior\ParseTemplateBehavior [ RunTime:0.005114s ]
INFO: [ view_parse ] --END-- [ RunTime:0.005155s ]
INFO: [ view_filter ] --START--
INFO: Run Behavior\WriteHtmlCacheBehavior [ RunTime:0.000242s ]
INFO: [ view_filter ] --END-- [ RunTime:0.000271s ]
INFO: [ app_end ] --START--
INFO: Run Behavior\ShowPageTraceBehavior [ RunTime:0.000415s ]
INFO: [ app_end ] --END-- [ RunTime:0.000448s ]

[ 2017-12-03T21:09:20+08:00 ] 58.247.212.98 /index.php/Admin/index/order.html?start=&end=&state=0
INFO: [ app_init ] --START--
INFO: Run Behavior\BuildLiteBehavior [ RunTime:0.000013s ]
INFO: [ app_init ] --END-- [ RunTime:0.000308s ]
INFO: [ app_begin ] --START--
INFO: Run Behavior\ReadHtmlCacheBehavior [ RunTime:0.000393s ]
INFO: [ app_begin ] --END-- [ RunTime:0.000430s ]
SQL: SHOW COLUMNS FROM `order` [ RunTime:0.0160s ]
SQL: SHOW COLUMNS FROM `admin` [ RunTime:0.0075s ]
ERR: 1064:You have an error in your SQL syntax; check the manual that corresponds to your MariaDB server version for the right syntax to use near 'AND name = '' ) LIMIT 1' at line 1
 [ SQL语句 ] : SELECT * FROM `admin` WHERE ( id =  AND name = '' ) LIMIT 1  
ERR: 1064:You have an error in your SQL syntax; check the manual that corresponds to your MariaDB server version for the right syntax to use near 'AND name = '' ) LIMIT 1' at line 1
 [ SQL语句 ] : SELECT * FROM `admin` WHERE ( id =  AND name = '' ) LIMIT 1  

[ 2017-12-03T21:09:23+08:00 ] 223.104.6.61 /index.php/admin/index/deliverylist.html?order_id=1512116610
INFO: [ app_init ] --START--
INFO: Run Behavior\BuildLiteBehavior [ RunTime:0.000014s ]
INFO: [ app_init ] --END-- [ RunTime:0.000347s ]
INFO: [ app_begin ] --START--
INFO: Run Behavior\ReadHtmlCacheBehavior [ RunTime:0.000519s ]
INFO: [ app_begin ] --END-- [ RunTime:0.000558s ]
SQL: SHOW COLUMNS FROM `admin` [ RunTime:0.0117s ]
SQL: SELECT * FROM `admin` WHERE ( id = 1 AND name = 'admin' ) LIMIT 1   [ RunTime:0.0003s ]
SQL: SHOW COLUMNS FROM `delivery` [ RunTime:0.0082s ]
SQL: SELECT COUNT(*) AS tp_count FROM `delivery` LIMIT 1   [ RunTime:0.0002s ]
NOTIC: [2] Illegal string offset 'p' C:\xampp\htdocs\jianshen\ThinkPHP\Library\Think\Page.class.php 第 81 行.
SQL: SELECT delivery.name,delivery.phone,delivery.id,delivery.data_state,order.order_id,order.state FROM `delivery` LEFT JOIN `order` ON delivery.id = order.delivery_id  LIMIT 0,25   [ RunTime:0.0004s ]
INFO: [ view_parse ] --START--
INFO: [ template_filter ] --START--
INFO: Run Behavior\ContentReplaceBehavior [ RunTime:0.000109s ]
INFO: [ template_filter ] --END-- [ RunTime:0.000157s ]
NOTIC: [8] Use of undefined constant delivery - assumed 'delivery' C:\xampp\htdocs\jianshen\Application\Runtime\Cache\Admin\b3cd7b6b95b1e984f1c92d47474f9b22.php 第 376 行.
NOTIC: [8] Use of undefined constant delivery - assumed 'delivery' C:\xampp\htdocs\jianshen\Application\Runtime\Cache\Admin\b3cd7b6b95b1e984f1c92d47474f9b22.php 第 378 行.
NOTIC: [8] Use of undefined constant delivery - assumed 'delivery' C:\xampp\htdocs\jianshen\Application\Runtime\Cache\Admin\b3cd7b6b95b1e984f1c92d47474f9b22.php 第 379 行.
NOTIC: [8] Use of undefined constant delivery - assumed 'delivery' C:\xampp\htdocs\jianshen\Application\Runtime\Cache\Admin\b3cd7b6b95b1e984f1c92d47474f9b22.php 第 380 行.
NOTIC: [8] Use of undefined constant delivery - assumed 'delivery' C:\xampp\htdocs\jianshen\Application\Runtime\Cache\Admin\b3cd7b6b95b1e984f1c92d47474f9b22.php 第 381 行.
NOTIC: [8] Use of undefined constant data_state - assumed 'data_state' C:\xampp\htdocs\jianshen\Application\Runtime\Cache\Admin\b3cd7b6b95b1e984f1c92d47474f9b22.php 第 381 行.
NOTIC: [8] Use of undefined constant delivery - assumed 'delivery' C:\xampp\htdocs\jianshen\Application\Runtime\Cache\Admin\b3cd7b6b95b1e984f1c92d47474f9b22.php 第 383 行.
NOTIC: [8] Use of undefined constant delivery - assumed 'delivery' C:\xampp\htdocs\jianshen\Application\Runtime\Cache\Admin\b3cd7b6b95b1e984f1c92d47474f9b22.php 第 384 行.
NOTIC: [8] Use of undefined constant delivery - assumed 'delivery' C:\xampp\htdocs\jianshen\Application\Runtime\Cache\Admin\b3cd7b6b95b1e984f1c92d47474f9b22.php 第 376 行.
NOTIC: [8] Use of undefined constant delivery - assumed 'delivery' C:\xampp\htdocs\jianshen\Application\Runtime\Cache\Admin\b3cd7b6b95b1e984f1c92d47474f9b22.php 第 378 行.
NOTIC: [8] Use of undefined constant delivery - assumed 'delivery' C:\xampp\htdocs\jianshen\Application\Runtime\Cache\Admin\b3cd7b6b95b1e984f1c92d47474f9b22.php 第 379 行.
NOTIC: [8] Use of undefined constant delivery - assumed 'delivery' C:\xampp\htdocs\jianshen\Application\Runtime\Cache\Admin\b3cd7b6b95b1e984f1c92d47474f9b22.php 第 380 行.
NOTIC: [8] Use of undefined constant delivery - assumed 'delivery' C:\xampp\htdocs\jianshen\Application\Runtime\Cache\Admin\b3cd7b6b95b1e984f1c92d47474f9b22.php 第 381 行.
NOTIC: [8] Use of undefined constant data_state - assumed 'data_state' C:\xampp\htdocs\jianshen\Application\Runtime\Cache\Admin\b3cd7b6b95b1e984f1c92d47474f9b22.php 第 381 行.
NOTIC: [8] Use of undefined constant delivery - assumed 'delivery' C:\xampp\htdocs\jianshen\Application\Runtime\Cache\Admin\b3cd7b6b95b1e984f1c92d47474f9b22.php 第 383 行.
NOTIC: [8] Use of undefined constant delivery - assumed 'delivery' C:\xampp\htdocs\jianshen\Application\Runtime\Cache\Admin\b3cd7b6b95b1e984f1c92d47474f9b22.php 第 384 行.
NOTIC: [8] Use of undefined constant delivery - assumed 'delivery' C:\xampp\htdocs\jianshen\Application\Runtime\Cache\Admin\b3cd7b6b95b1e984f1c92d47474f9b22.php 第 376 行.
NOTIC: [8] Use of undefined constant delivery - assumed 'delivery' C:\xampp\htdocs\jianshen\Application\Runtime\Cache\Admin\b3cd7b6b95b1e984f1c92d47474f9b22.php 第 378 行.
NOTIC: [8] Use of undefined constant delivery - assumed 'delivery' C:\xampp\htdocs\jianshen\Application\Runtime\Cache\Admin\b3cd7b6b95b1e984f1c92d47474f9b22.php 第 379 行.
NOTIC: [8] Use of undefined constant delivery - assumed 'delivery' C:\xampp\htdocs\jianshen\Application\Runtime\Cache\Admin\b3cd7b6b95b1e984f1c92d47474f9b22.php 第 380 行.
NOTIC: [8] Use of undefined constant delivery - assumed 'delivery' C:\xampp\htdocs\jianshen\Application\Runtime\Cache\Admin\b3cd7b6b95b1e984f1c92d47474f9b22.php 第 381 行.
NOTIC: [8] Use of undefined constant data_state - assumed 'data_state' C:\xampp\htdocs\jianshen\Application\Runtime\Cache\Admin\b3cd7b6b95b1e984f1c92d47474f9b22.php 第 381 行.
NOTIC: [8] Use of undefined constant delivery - assumed 'delivery' C:\xampp\htdocs\jianshen\Application\Runtime\Cache\Admin\b3cd7b6b95b1e984f1c92d47474f9b22.php 第 383 行.
NOTIC: [8] Use of undefined constant delivery - assumed 'delivery' C:\xampp\htdocs\jianshen\Application\Runtime\Cache\Admin\b3cd7b6b95b1e984f1c92d47474f9b22.php 第 384 行.
INFO: Run Behavior\ParseTemplateBehavior [ RunTime:0.080587s ]
INFO: [ view_parse ] --END-- [ RunTime:0.080636s ]
INFO: [ view_filter ] --START--
INFO: Run Behavior\WriteHtmlCacheBehavior [ RunTime:0.000383s ]
INFO: [ view_filter ] --END-- [ RunTime:0.000415s ]
INFO: [ app_end ] --START--
INFO: Run Behavior\ShowPageTraceBehavior [ RunTime:0.000558s ]
INFO: [ app_end ] --END-- [ RunTime:0.000642s ]

[ 2017-12-03T21:09:28+08:00 ] 223.104.6.61 /index.php/admin/index/call_delivery.html
INFO: [ app_init ] --START--
INFO: Run Behavior\BuildLiteBehavior [ RunTime:0.000015s ]
INFO: [ app_init ] --END-- [ RunTime:0.000322s ]
INFO: [ app_begin ] --START--
INFO: Run Behavior\ReadHtmlCacheBehavior [ RunTime:0.000398s ]
INFO: [ app_begin ] --END-- [ RunTime:0.000442s ]
SQL: SHOW COLUMNS FROM `admin` [ RunTime:0.0110s ]
SQL: SELECT * FROM `admin` WHERE ( id = 1 AND name = 'admin' ) LIMIT 1   [ RunTime:0.0003s ]
SQL: SHOW COLUMNS FROM `order` [ RunTime:0.0075s ]
SQL: SELECT `state` FROM `order` WHERE ( order_id = "1512116610" ) LIMIT 1   [ RunTime:0.0002s ]
SQL: UPDATE `order` SET `state`='1',`delivery_id`='1' WHERE ( order_id = "1512116610" ) [ RunTime:0.0004s ]
INFO: [ app_end ] --START--
INFO: Run Behavior\ShowPageTraceBehavior [ RunTime:0.000507s ]
INFO: [ app_end ] --END-- [ RunTime:0.000540s ]

[ 2017-12-03T21:09:32+08:00 ] 223.104.6.61 /index.php/admin/index/call_delivery.html
INFO: [ app_init ] --START--
INFO: Run Behavior\BuildLiteBehavior [ RunTime:0.000013s ]
INFO: [ app_init ] --END-- [ RunTime:0.000302s ]
INFO: [ app_begin ] --START--
INFO: Run Behavior\ReadHtmlCacheBehavior [ RunTime:0.000432s ]
INFO: [ app_begin ] --END-- [ RunTime:0.000466s ]
SQL: SHOW COLUMNS FROM `admin` [ RunTime:0.0120s ]
SQL: SELECT * FROM `admin` WHERE ( id = 1 AND name = 'admin' ) LIMIT 1   [ RunTime:0.0003s ]
SQL: SHOW COLUMNS FROM `order` [ RunTime:0.0075s ]
SQL: SELECT `state` FROM `order` WHERE ( order_id = "1512116610" ) LIMIT 1   [ RunTime:0.0002s ]
SQL: UPDATE `order` SET `state`='1',`delivery_id`='1' WHERE ( order_id = "1512116610" ) [ RunTime:0.0003s ]
INFO: [ app_end ] --START--
INFO: Run Behavior\ShowPageTraceBehavior [ RunTime:0.000563s ]
INFO: [ app_end ] --END-- [ RunTime:0.000597s ]

[ 2017-12-03T21:09:33+08:00 ] 120.204.17.69 /index.php/admin/index/deliverylist.html?order_id=1512116610
INFO: [ app_init ] --START--
INFO: Run Behavior\BuildLiteBehavior [ RunTime:0.000014s ]
INFO: [ app_init ] --END-- [ RunTime:0.000316s ]
INFO: [ app_begin ] --START--
INFO: Run Behavior\ReadHtmlCacheBehavior [ RunTime:0.000460s ]
INFO: [ app_begin ] --END-- [ RunTime:0.000498s ]
SQL: SHOW COLUMNS FROM `admin` [ RunTime:0.0120s ]
ERR: 1064:You have an error in your SQL syntax; check the manual that corresponds to your MariaDB server version for the right syntax to use near 'AND name = '' ) LIMIT 1' at line 1
 [ SQL语句 ] : SELECT * FROM `admin` WHERE ( id =  AND name = '' ) LIMIT 1  
ERR: 1064:You have an error in your SQL syntax; check the manual that corresponds to your MariaDB server version for the right syntax to use near 'AND name = '' ) LIMIT 1' at line 1
 [ SQL语句 ] : SELECT * FROM `admin` WHERE ( id =  AND name = '' ) LIMIT 1  

[ 2017-12-03T21:09:35+08:00 ] 223.104.6.61 /index.php/Admin/index/
INFO: [ app_init ] --START--
INFO: Run Behavior\BuildLiteBehavior [ RunTime:0.000014s ]
INFO: [ app_init ] --END-- [ RunTime:0.000315s ]
INFO: [ app_begin ] --START--
INFO: Run Behavior\ReadHtmlCacheBehavior [ RunTime:0.000401s ]
INFO: [ app_begin ] --END-- [ RunTime:0.000436s ]
INFO: [ view_parse ] --START--
INFO: [ template_filter ] --START--
INFO: Run Behavior\ContentReplaceBehavior [ RunTime:0.000039s ]
INFO: [ template_filter ] --END-- [ RunTime:0.000075s ]
INFO: Run Behavior\ParseTemplateBehavior [ RunTime:0.005593s ]
INFO: [ view_parse ] --END-- [ RunTime:0.005639s ]
INFO: [ view_filter ] --START--
INFO: Run Behavior\WriteHtmlCacheBehavior [ RunTime:0.000240s ]
INFO: [ view_filter ] --END-- [ RunTime:0.000272s ]
INFO: [ app_end ] --START--
INFO: Run Behavior\ShowPageTraceBehavior [ RunTime:0.000425s ]
INFO: [ app_end ] --END-- [ RunTime:0.000457s ]

[ 2017-12-03T21:09:44+08:00 ] 223.104.6.61 /index.php/admin/index/login.html
INFO: [ app_init ] --START--
INFO: Run Behavior\BuildLiteBehavior [ RunTime:0.000019s ]
INFO: [ app_init ] --END-- [ RunTime:0.000415s ]
INFO: [ app_begin ] --START--
INFO: Run Behavior\ReadHtmlCacheBehavior [ RunTime:0.000636s ]
INFO: [ app_begin ] --END-- [ RunTime:0.000692s ]
SQL: SHOW COLUMNS FROM `admin` [ RunTime:0.0121s ]
SQL: SELECT * FROM `admin` WHERE ( (`name` = '4321') AND (`pwd` = 'd93591bdf7860e1e4ee2fca799911215') ) LIMIT 1   [ RunTime:0.0003s ]
SQL: SHOW COLUMNS FROM `delivery` [ RunTime:0.0133s ]
SQL: SELECT * FROM `delivery` WHERE ( (`account` = '4321') AND (`password` = 'd93591bdf7860e1e4ee2fca799911215') ) LIMIT 1   [ RunTime:0.0003s ]
NOTIC: [8] Undefined index: state C:\xampp\htdocs\jianshen\Application\Admin\Controller\IndexController.class.php 第 32 行.
NOTIC: [8] Undefined index: level C:\xampp\htdocs\jianshen\Application\Admin\Controller\IndexController.class.php 第 38 行.
INFO: [ app_end ] --START--
INFO: Run Behavior\ShowPageTraceBehavior [ RunTime:0.000611s ]
INFO: [ app_end ] --END-- [ RunTime:0.000648s ]

[ 2017-12-03T21:09:44+08:00 ] 223.104.6.61 /index.php/admin/index/main
INFO: [ app_init ] --START--
INFO: Run Behavior\BuildLiteBehavior [ RunTime:0.000035s ]
INFO: [ app_init ] --END-- [ RunTime:0.000414s ]
INFO: [ app_begin ] --START--
INFO: Run Behavior\ReadHtmlCacheBehavior [ RunTime:0.000557s ]
INFO: [ app_begin ] --END-- [ RunTime:0.000611s ]
INFO: [ view_parse ] --START--
INFO: [ template_filter ] --START--
INFO: Run Behavior\ContentReplaceBehavior [ RunTime:0.000087s ]
INFO: [ template_filter ] --END-- [ RunTime:0.000155s ]
INFO: Run Behavior\ParseTemplateBehavior [ RunTime:0.076530s ]
INFO: [ view_parse ] --END-- [ RunTime:0.076594s ]
INFO: [ view_filter ] --START--
INFO: Run Behavior\WriteHtmlCacheBehavior [ RunTime:0.000318s ]
INFO: [ view_filter ] --END-- [ RunTime:0.000356s ]
INFO: [ app_end ] --START--
INFO: Run Behavior\ShowPageTraceBehavior [ RunTime:0.000496s ]
INFO: [ app_end ] --END-- [ RunTime:0.000541s ]

[ 2017-12-03T21:09:45+08:00 ] 223.104.6.61 /index.php/admin/index/warn_date.html
INFO: [ app_init ] --START--
INFO: Run Behavior\BuildLiteBehavior [ RunTime:0.000017s ]
INFO: [ app_init ] --END-- [ RunTime:0.000330s ]
INFO: [ app_begin ] --START--
INFO: Run Behavior\ReadHtmlCacheBehavior [ RunTime:0.000410s ]
INFO: [ app_begin ] --END-- [ RunTime:0.000450s ]
SQL: SHOW COLUMNS FROM `order` [ RunTime:0.0130s ]
SQL: SELECT COUNT(*) AS tp_count FROM `order` LEFT JOIN order_state ON `order`.order_id = order_state.order_id  WHERE ( DATEDIFF(order_state.xd_time,"2017-12-03") <= 2  AND order.state = 2 ) LIMIT 1   [ RunTime:0.0005s ]
INFO: [ app_end ] --START--
INFO: Run Behavior\ShowPageTraceBehavior [ RunTime:0.000637s ]
INFO: [ app_end ] --END-- [ RunTime:0.000676s ]

[ 2017-12-03T21:09:52+08:00 ] 223.104.6.61 /index.php/admin/index/delivery_admin.html
INFO: [ app_init ] --START--
INFO: Run Behavior\BuildLiteBehavior [ RunTime:0.000013s ]
INFO: [ app_init ] --END-- [ RunTime:0.000301s ]
INFO: [ app_begin ] --START--
INFO: Run Behavior\ReadHtmlCacheBehavior [ RunTime:0.000473s ]
INFO: [ app_begin ] --END-- [ RunTime:0.000513s ]
SQL: SHOW COLUMNS FROM `delivery` [ RunTime:0.0114s ]
SQL: SELECT * FROM `delivery` WHERE ( id = 1 AND account = "4321" ) LIMIT 1   [ RunTime:0.0003s ]
SQL: SHOW COLUMNS FROM `order` [ RunTime:0.0076s ]
SQL: SELECT `order`.*,delivery.name,delivery.phone FROM `order` LEFT JOIN delivery ON delivery.id = order.delivery_id  WHERE ( delivery_id = 1 AND (state = 1 OR state = 61) )  [ RunTime:0.0005s ]
INFO: [ view_parse ] --START--
INFO: [ template_filter ] --START--
INFO: Run Behavior\ContentReplaceBehavior [ RunTime:0.000109s ]
INFO: [ template_filter ] --END-- [ RunTime:0.000155s ]
NOTIC: [8] Undefined index: wxname C:\xampp\htdocs\jianshen\Application\Runtime\Cache\Admin\ea886abf5f9db7f6d6aff1bd9fce32c8.php 第 388 行.
NOTIC: [8] Undefined index: wxname C:\xampp\htdocs\jianshen\Application\Runtime\Cache\Admin\ea886abf5f9db7f6d6aff1bd9fce32c8.php 第 388 行.
NOTIC: [8] Undefined variable: page C:\xampp\htdocs\jianshen\Application\Runtime\Cache\Admin\ea886abf5f9db7f6d6aff1bd9fce32c8.php 第 402 行.
INFO: Run Behavior\ParseTemplateBehavior [ RunTime:0.077127s ]
INFO: [ view_parse ] --END-- [ RunTime:0.077177s ]
INFO: [ view_filter ] --START--
INFO: Run Behavior\WriteHtmlCacheBehavior [ RunTime:0.000270s ]
INFO: [ view_filter ] --END-- [ RunTime:0.000301s ]
INFO: [ app_end ] --START--
INFO: Run Behavior\ShowPageTraceBehavior [ RunTime:0.000427s ]
INFO: [ app_end ] --END-- [ RunTime:0.000463s ]

[ 2017-12-03T21:09:54+08:00 ] 120.204.17.70 /index.php/admin/index/main
INFO: [ app_init ] --START--
INFO: Run Behavior\BuildLiteBehavior [ RunTime:0.000014s ]
INFO: [ app_init ] --END-- [ RunTime:0.000318s ]
INFO: [ app_begin ] --START--
INFO: Run Behavior\ReadHtmlCacheBehavior [ RunTime:0.000410s ]
INFO: [ app_begin ] --END-- [ RunTime:0.000448s ]
INFO: [ view_parse ] --START--
INFO: [ template_filter ] --START--
INFO: Run Behavior\ContentReplaceBehavior [ RunTime:0.000077s ]
INFO: [ template_filter ] --END-- [ RunTime:0.000114s ]
INFO: Run Behavior\ParseTemplateBehavior [ RunTime:0.051869s ]
INFO: [ view_parse ] --END-- [ RunTime:0.051939s ]
INFO: [ view_filter ] --START--
INFO: Run Behavior\WriteHtmlCacheBehavior [ RunTime:0.000292s ]
INFO: [ view_filter ] --END-- [ RunTime:0.000324s ]
INFO: [ app_end ] --START--
INFO: Run Behavior\ShowPageTraceBehavior [ RunTime:0.000487s ]
INFO: [ app_end ] --END-- [ RunTime:0.000525s ]

[ 2017-12-03T21:10:01+08:00 ] 223.104.6.61 /index.php/Admin/index/change_state.html
INFO: [ app_init ] --START--
INFO: Run Behavior\BuildLiteBehavior [ RunTime:0.000015s ]
INFO: [ app_init ] --END-- [ RunTime:0.000326s ]
INFO: [ app_begin ] --START--
INFO: Run Behavior\ReadHtmlCacheBehavior [ RunTime:0.000401s ]
INFO: [ app_begin ] --END-- [ RunTime:0.000436s ]
SQL: SHOW COLUMNS FROM `order` [ RunTime:0.0124s ]
SQL: SELECT * FROM `order` WHERE ( order_id ="1512116610" ) LIMIT 1   [ RunTime:0.0003s ]
SQL: SELECT `user`,`g_price_id` FROM `order` WHERE ( order_id = "1512116610" ) LIMIT 1   [ RunTime:0.0002s ]
SQL: SHOW COLUMNS FROM `g_price` [ RunTime:0.0075s ]
SQL: SELECT `time` FROM `g_price` WHERE ( id = 108 ) LIMIT 1   [ RunTime:0.0002s ]
SQL: SHOW COLUMNS FROM `order_state` [ RunTime:0.0070s ]
SQL: UPDATE `order_state` SET `or_time`='2017-12-03',`xd_time`='2017-12-04' WHERE ( order_id = "1512116610" ) [ RunTime:0.0005s ]
SQL: UPDATE `order` SET `state`='2',`order_id`='1512116610' WHERE ( order_id = "1512116610" ) [ RunTime:0.0003s ]
INFO: [ app_end ] --START--
INFO: Run Behavior\ShowPageTraceBehavior [ RunTime:0.000632s ]
INFO: [ app_end ] --END-- [ RunTime:0.000670s ]

[ 2017-12-03T21:10:02+08:00 ] 120.204.17.46 /index.php/admin/index/delivery_admin.html
INFO: [ app_init ] --START--
INFO: Run Behavior\BuildLiteBehavior [ RunTime:0.000013s ]
INFO: [ app_init ] --END-- [ RunTime:0.000336s ]
INFO: [ app_begin ] --START--
INFO: Run Behavior\ReadHtmlCacheBehavior [ RunTime:0.000501s ]
INFO: [ app_begin ] --END-- [ RunTime:0.000539s ]
SQL: SHOW COLUMNS FROM `delivery` [ RunTime:0.0121s ]
ERR: 1064:You have an error in your SQL syntax; check the manual that corresponds to your MariaDB server version for the right syntax to use near 'AND account = "" ) LIMIT 1' at line 1
 [ SQL语句 ] : SELECT * FROM `delivery` WHERE ( id =  AND account = "" ) LIMIT 1  
ERR: 1064:You have an error in your SQL syntax; check the manual that corresponds to your MariaDB server version for the right syntax to use near 'AND account = "" ) LIMIT 1' at line 1
 [ SQL语句 ] : SELECT * FROM `delivery` WHERE ( id =  AND account = "" ) LIMIT 1  

