[ 2017-10-28T16:45:57+08:00 ] 101.226.225.84 /index.php/Admin/index/
INFO: [ app_init ] --START--
INFO: Run Behavior\BuildLiteBehavior [ RunTime:0.000020s ]
INFO: [ app_init ] --END-- [ RunTime:0.002286s ]
INFO: [ app_begin ] --START--
INFO: Run Behavior\ReadHtmlCacheBehavior [ RunTime:0.003125s ]
INFO: [ app_begin ] --END-- [ RunTime:0.003190s ]
INFO: [ view_parse ] --START--
INFO: [ template_filter ] --START--
INFO: Run Behavior\ContentReplaceBehavior [ RunTime:0.000047s ]
INFO: [ template_filter ] --END-- [ RunTime:0.000101s ]
INFO: Run Behavior\ParseTemplateBehavior [ RunTime:0.103865s ]
INFO: [ view_parse ] --END-- [ RunTime:0.103918s ]
INFO: [ view_filter ] --START--
INFO: Run Behavior\WriteHtmlCacheBehavior [ RunTime:0.001515s ]
INFO: [ view_filter ] --END-- [ RunTime:0.001553s ]
INFO: [ app_end ] --START--
INFO: Run Behavior\ShowPageTraceBehavior [ RunTime:0.001488s ]
INFO: [ app_end ] --END-- [ RunTime:0.001523s ]

[ 2017-10-28T16:46:00+08:00 ] 101.226.225.84 /index.php/admin/index/login.html
INFO: [ app_init ] --START--
INFO: Run Behavior\BuildLiteBehavior [ RunTime:0.000017s ]
INFO: [ app_init ] --END-- [ RunTime:0.000531s ]
INFO: [ app_begin ] --START--
INFO: Run Behavior\ReadHtmlCacheBehavior [ RunTime:0.000629s ]
INFO: [ app_begin ] --END-- [ RunTime:0.000670s ]
SQL: SHOW COLUMNS FROM `admin` [ RunTime:0.0149s ]
SQL: SELECT * FROM `admin` WHERE ( (`name` = 'admin') AND (`pwd` = 'e10adc3949ba59abbe56e057f20f883e') ) LIMIT 1   [ RunTime:0.0003s ]
SQL: SELECT * FROM `admin` WHERE ( (`name` = 'admin') AND (`pwd` = 'e10adc3949ba59abbe56e057f20f883e') ) LIMIT 1   [ RunTime:0.0003s ]
INFO: [ app_end ] --START--
INFO: Run Behavior\ShowPageTraceBehavior [ RunTime:0.000791s ]
INFO: [ app_end ] --END-- [ RunTime:0.000832s ]

[ 2017-10-28T16:46:00+08:00 ] 101.226.225.84 /index.php/admin/index/main
INFO: [ app_init ] --START--
INFO: Run Behavior\BuildLiteBehavior [ RunTime:0.000020s ]
INFO: [ app_init ] --END-- [ RunTime:0.000357s ]
INFO: [ app_begin ] --START--
INFO: Run Behavior\ReadHtmlCacheBehavior [ RunTime:0.000525s ]
INFO: [ app_begin ] --END-- [ RunTime:0.000569s ]
INFO: [ view_parse ] --START--
INFO: [ template_filter ] --START--
INFO: Run Behavior\ContentReplaceBehavior [ RunTime:0.000079s ]
INFO: [ template_filter ] --END-- [ RunTime:0.000129s ]
INFO: Run Behavior\ParseTemplateBehavior [ RunTime:0.200137s ]
INFO: [ view_parse ] --END-- [ RunTime:0.200301s ]
INFO: [ view_filter ] --START--
INFO: Run Behavior\WriteHtmlCacheBehavior [ RunTime:0.000677s ]
INFO: [ view_filter ] --END-- [ RunTime:0.000713s ]
INFO: [ app_end ] --START--
INFO: Run Behavior\ShowPageTraceBehavior [ RunTime:0.000544s ]
INFO: [ app_end ] --END-- [ RunTime:0.000592s ]

[ 2017-10-28T16:46:05+08:00 ] 58.247.212.98 /index.php/Admin/index
INFO: [ app_init ] --START--
INFO: Run Behavior\BuildLiteBehavior [ RunTime:0.000016s ]
INFO: [ app_init ] --END-- [ RunTime:0.001493s ]
INFO: [ app_begin ] --START--
INFO: Run Behavior\ReadHtmlCacheBehavior [ RunTime:0.001439s ]
INFO: [ app_begin ] --END-- [ RunTime:0.001480s ]
INFO: [ view_parse ] --START--
INFO: [ template_filter ] --START--
INFO: Run Behavior\ContentReplaceBehavior [ RunTime:0.000062s ]
INFO: [ template_filter ] --END-- [ RunTime:0.000148s ]
INFO: Run Behavior\ParseTemplateBehavior [ RunTime:0.045188s ]
INFO: [ view_parse ] --END-- [ RunTime:0.045235s ]
INFO: [ view_filter ] --START--
INFO: Run Behavior\WriteHtmlCacheBehavior [ RunTime:0.001361s ]
INFO: [ view_filter ] --END-- [ RunTime:0.001397s ]
INFO: [ app_end ] --START--
INFO: Run Behavior\ShowPageTraceBehavior [ RunTime:0.001448s ]
INFO: [ app_end ] --END-- [ RunTime:0.001485s ]

[ 2017-10-28T16:46:08+08:00 ] 101.226.225.84 /index.php/Admin/index/withdraw.html
INFO: [ app_init ] --START--
INFO: Run Behavior\BuildLiteBehavior [ RunTime:0.000032s ]
INFO: [ app_init ] --END-- [ RunTime:0.001492s ]
INFO: [ app_begin ] --START--
INFO: Run Behavior\ReadHtmlCacheBehavior [ RunTime:0.001003s ]
INFO: [ app_begin ] --END-- [ RunTime:0.001071s ]
SQL: SHOW COLUMNS FROM `withdraw` [ RunTime:0.0148s ]
SQL: SELECT withdraw.*,consumer.wxname,consumer.openid FROM `withdraw` LEFT JOIN consumer ON withdraw.user = consumer.openid   [ RunTime:0.0005s ]
INFO: [ view_parse ] --START--
INFO: [ template_filter ] --START--
INFO: Run Behavior\ContentReplaceBehavior [ RunTime:0.000081s ]
INFO: [ template_filter ] --END-- [ RunTime:0.000118s ]
NOTIC: [8] Undefined variable: page C:\xampp\htdocs\jianshen\Application\Runtime\Cache\Admin\9724a275f279438ad9ce2339fcb5deb7.php 第 357 行.
INFO: Run Behavior\ParseTemplateBehavior [ RunTime:0.100039s ]
INFO: [ view_parse ] --END-- [ RunTime:0.100088s ]
INFO: [ view_filter ] --START--
INFO: Run Behavior\WriteHtmlCacheBehavior [ RunTime:0.000497s ]
INFO: [ view_filter ] --END-- [ RunTime:0.000530s ]
INFO: [ app_end ] --START--
INFO: Run Behavior\ShowPageTraceBehavior [ RunTime:0.000509s ]
INFO: [ app_end ] --END-- [ RunTime:0.000546s ]

[ 2017-10-28T16:46:14+08:00 ] 101.226.225.84 /index.php/admin/index/withdraw_deposit.html?id=1
INFO: [ app_init ] --START--
INFO: Run Behavior\BuildLiteBehavior [ RunTime:0.000015s ]
INFO: [ app_init ] --END-- [ RunTime:0.000510s ]
INFO: [ app_begin ] --START--
INFO: Run Behavior\ReadHtmlCacheBehavior [ RunTime:0.000622s ]
INFO: [ app_begin ] --END-- [ RunTime:0.000657s ]
NOTIC: [8] Undefined variable: timeStamp C:\xampp\htdocs\jianshen\Application\Admin\Controller\IndexController.class.php 第 509 行.
SQL: SHOW COLUMNS FROM `withdraw` [ RunTime:0.0119s ]
SQL: SELECT * FROM `withdraw` WHERE ( id = 1 ) LIMIT 1   [ RunTime:0.0003s ]
SQL: SHOW COLUMNS FROM `consumer` [ RunTime:0.0086s ]
SQL: SELECT * FROM `consumer` WHERE ( openid = "oPL7sv07Q2y0hlsFaUbcsGFUyYfM" ) LIMIT 1   [ RunTime:0.0003s ]
INFO: [ app_end ] --START--
INFO: Run Behavior\ShowPageTraceBehavior [ RunTime:0.001042s ]
INFO: [ app_end ] --END-- [ RunTime:0.001104s ]

[ 2017-10-28T16:46:14+08:00 ] 101.226.225.84 /index.php/admin/index/withdraw_deposit.html?id=12
INFO: [ app_init ] --START--
INFO: Run Behavior\BuildLiteBehavior [ RunTime:0.000019s ]
INFO: [ app_init ] --END-- [ RunTime:0.000337s ]
INFO: [ app_begin ] --START--
INFO: Run Behavior\ReadHtmlCacheBehavior [ RunTime:0.000420s ]
INFO: [ app_begin ] --END-- [ RunTime:0.000456s ]
NOTIC: [8] Undefined variable: timeStamp C:\xampp\htdocs\jianshen\Application\Admin\Controller\IndexController.class.php 第 509 行.
SQL: SHOW COLUMNS FROM `withdraw` [ RunTime:0.0140s ]
SQL: SELECT * FROM `withdraw` WHERE ( id = 12 ) LIMIT 1   [ RunTime:0.0003s ]
SQL: SHOW COLUMNS FROM `consumer` [ RunTime:0.0086s ]
SQL: SELECT * FROM `consumer` WHERE ( openid = "oPL7sv07Q2y0hlsFaUbcsGFUyYfM" ) LIMIT 1   [ RunTime:0.0007s ]
INFO: [ app_end ] --START--
INFO: Run Behavior\ShowPageTraceBehavior [ RunTime:0.001057s ]
INFO: [ app_end ] --END-- [ RunTime:0.001144s ]

[ 2017-10-28T16:46:27+08:00 ] 101.226.225.84 /index.php/Admin/index/order.html
INFO: [ app_init ] --START--
INFO: Run Behavior\BuildLiteBehavior [ RunTime:0.000023s ]
INFO: [ app_init ] --END-- [ RunTime:0.000712s ]
INFO: [ app_begin ] --START--
INFO: Run Behavior\ReadHtmlCacheBehavior [ RunTime:0.000727s ]
INFO: [ app_begin ] --END-- [ RunTime:0.000769s ]
SQL: SHOW COLUMNS FROM `order` [ RunTime:0.0126s ]
NOTIC: [8] Undefined variable: where C:\xampp\htdocs\jianshen\Application\Admin\Controller\IndexController.class.php 第 131 行.
NOTIC: [8] Undefined variable: page C:\xampp\htdocs\jianshen\Application\Admin\Controller\IndexController.class.php 第 131 行.
NOTIC: [8] Undefined variable: page C:\xampp\htdocs\jianshen\Application\Admin\Controller\IndexController.class.php 第 131 行.
SQL: SELECT order.pay_for,order.paied,order.deposit,order.express,order.prompt,consumer.wxname,order.id,order.order_id,order.price,order.or_time,order.addr,order.receiver,order.tel,order.state FROM `order` LEFT JOIN consumer ON consumer.openid = order.user  ORDER BY or_time desc  [ RunTime:0.0014s ]
SQL: SELECT order.pay_for,order.paied,order.deposit,order.express,order.prompt,consumer.wxname,order.id,order.order_id,order.price,order.or_time,order.addr,order.receiver,order.tel,order.state FROM `order` LEFT JOIN consumer ON consumer.openid = order.user  ORDER BY or_time desc  [ RunTime:0.0008s ]
NOTIC: [8] Undefined variable: parameter C:\xampp\htdocs\jianshen\Application\Admin\Controller\IndexController.class.php 第 137 行.
SQL: SELECT order.deposit,order.price,order.express,order.state FROM `order` WHERE ( order.paied = 1 )  [ RunTime:0.0005s ]
INFO: [ view_parse ] --START--
INFO: [ template_filter ] --START--
INFO: Run Behavior\ContentReplaceBehavior [ RunTime:0.000119s ]
INFO: [ template_filter ] --END-- [ RunTime:0.000171s ]
NOTIC: [8] Undefined variable: state C:\xampp\htdocs\jianshen\Application\Runtime\Cache\Admin\455dd59e7ffe0d0ea2f45d03db7d85a9.php 第 439 行.
INFO: Run Behavior\ParseTemplateBehavior [ RunTime:0.194427s ]
INFO: [ view_parse ] --END-- [ RunTime:0.194486s ]
INFO: [ view_filter ] --START--
INFO: Run Behavior\WriteHtmlCacheBehavior [ RunTime:0.001002s ]
INFO: [ view_filter ] --END-- [ RunTime:0.001053s ]
INFO: [ app_end ] --START--
INFO: Run Behavior\ShowPageTraceBehavior [ RunTime:0.001030s ]
INFO: [ app_end ] --END-- [ RunTime:0.001116s ]

[ 2017-10-28T16:46:37+08:00 ] 101.226.225.84 /index.php/Admin/index/order.html?start=&end=&state=6
INFO: [ app_init ] --START--
INFO: Run Behavior\BuildLiteBehavior [ RunTime:0.000019s ]
INFO: [ app_init ] --END-- [ RunTime:0.001623s ]
INFO: [ app_begin ] --START--
INFO: Run Behavior\ReadHtmlCacheBehavior [ RunTime:0.001588s ]
INFO: [ app_begin ] --END-- [ RunTime:0.001630s ]
SQL: SHOW COLUMNS FROM `order` [ RunTime:0.0131s ]
NOTIC: [8] Undefined variable: page C:\xampp\htdocs\jianshen\Application\Admin\Controller\IndexController.class.php 第 131 行.
NOTIC: [8] Undefined variable: page C:\xampp\htdocs\jianshen\Application\Admin\Controller\IndexController.class.php 第 131 行.
SQL: SELECT order.pay_for,order.paied,order.deposit,order.express,order.prompt,consumer.wxname,order.id,order.order_id,order.price,order.or_time,order.addr,order.receiver,order.tel,order.state FROM `order` LEFT JOIN consumer ON consumer.openid = order.user  WHERE ( order.state = "6" ) ORDER BY or_time desc  [ RunTime:0.0015s ]
SQL: SELECT order.pay_for,order.paied,order.deposit,order.express,order.prompt,consumer.wxname,order.id,order.order_id,order.price,order.or_time,order.addr,order.receiver,order.tel,order.state FROM `order` LEFT JOIN consumer ON consumer.openid = order.user  WHERE ( order.state = "6" ) ORDER BY or_time desc  [ RunTime:0.0004s ]
SQL: SELECT order.deposit,order.price,order.express,order.state FROM `order` WHERE ( order.paied = 1 AND order.state = "6" )  [ RunTime:0.0003s ]
INFO: [ view_parse ] --START--
INFO: [ template_filter ] --START--
INFO: Run Behavior\ContentReplaceBehavior [ RunTime:0.000134s ]
INFO: [ template_filter ] --END-- [ RunTime:0.000191s ]
INFO: Run Behavior\ParseTemplateBehavior [ RunTime:0.148474s ]
INFO: [ view_parse ] --END-- [ RunTime:0.148529s ]
INFO: [ view_filter ] --START--
INFO: Run Behavior\WriteHtmlCacheBehavior [ RunTime:0.007635s ]
INFO: [ view_filter ] --END-- [ RunTime:0.007689s ]
INFO: [ app_end ] --START--
INFO: Run Behavior\ShowPageTraceBehavior [ RunTime:0.006898s ]
INFO: [ app_end ] --END-- [ RunTime:0.006940s ]

[ 2017-10-28T16:46:37+08:00 ] 117.185.27.114 /index.php/Admin/index/order.html
INFO: [ app_init ] --START--
INFO: Run Behavior\BuildLiteBehavior [ RunTime:0.000016s ]
INFO: [ app_init ] --END-- [ RunTime:0.000517s ]
INFO: [ app_begin ] --START--
INFO: Run Behavior\ReadHtmlCacheBehavior [ RunTime:0.000617s ]
INFO: [ app_begin ] --END-- [ RunTime:0.000656s ]
SQL: SHOW COLUMNS FROM `order` [ RunTime:0.0074s ]
NOTIC: [8] Undefined variable: where C:\xampp\htdocs\jianshen\Application\Admin\Controller\IndexController.class.php 第 131 行.
NOTIC: [8] Undefined variable: page C:\xampp\htdocs\jianshen\Application\Admin\Controller\IndexController.class.php 第 131 行.
NOTIC: [8] Undefined variable: page C:\xampp\htdocs\jianshen\Application\Admin\Controller\IndexController.class.php 第 131 行.
SQL: SELECT order.pay_for,order.paied,order.deposit,order.express,order.prompt,consumer.wxname,order.id,order.order_id,order.price,order.or_time,order.addr,order.receiver,order.tel,order.state FROM `order` LEFT JOIN consumer ON consumer.openid = order.user  ORDER BY or_time desc  [ RunTime:0.0010s ]
SQL: SELECT order.pay_for,order.paied,order.deposit,order.express,order.prompt,consumer.wxname,order.id,order.order_id,order.price,order.or_time,order.addr,order.receiver,order.tel,order.state FROM `order` LEFT JOIN consumer ON consumer.openid = order.user  ORDER BY or_time desc  [ RunTime:0.0007s ]
NOTIC: [8] Undefined variable: parameter C:\xampp\htdocs\jianshen\Application\Admin\Controller\IndexController.class.php 第 137 行.
SQL: SELECT order.deposit,order.price,order.express,order.state FROM `order` WHERE ( order.paied = 1 )  [ RunTime:0.0003s ]
INFO: [ view_parse ] --START--
INFO: [ template_filter ] --START--
INFO: Run Behavior\ContentReplaceBehavior [ RunTime:0.000358s ]
INFO: [ template_filter ] --END-- [ RunTime:0.000403s ]
NOTIC: [8] Undefined variable: state C:\xampp\htdocs\jianshen\Application\Runtime\Cache\Admin\455dd59e7ffe0d0ea2f45d03db7d85a9.php 第 439 行.
INFO: Run Behavior\ParseTemplateBehavior [ RunTime:0.087824s ]
INFO: [ view_parse ] --END-- [ RunTime:0.087870s ]
INFO: [ view_filter ] --START--
INFO: Run Behavior\WriteHtmlCacheBehavior [ RunTime:0.000556s ]
INFO: [ view_filter ] --END-- [ RunTime:0.000589s ]
INFO: [ app_end ] --START--
INFO: Run Behavior\ShowPageTraceBehavior [ RunTime:0.000708s ]
INFO: [ app_end ] --END-- [ RunTime:0.000747s ]

[ 2017-10-28T16:46:46+08:00 ] 58.247.212.98 /index.php/Admin/index/order.html?start=&end=&state=6
INFO: [ app_init ] --START--
INFO: Run Behavior\BuildLiteBehavior [ RunTime:0.000022s ]
INFO: [ app_init ] --END-- [ RunTime:0.000573s ]
INFO: [ app_begin ] --START--
INFO: Run Behavior\ReadHtmlCacheBehavior [ RunTime:0.000624s ]
INFO: [ app_begin ] --END-- [ RunTime:0.000663s ]
SQL: SHOW COLUMNS FROM `order` [ RunTime:0.0113s ]
NOTIC: [8] Undefined variable: page C:\xampp\htdocs\jianshen\Application\Admin\Controller\IndexController.class.php 第 131 行.
NOTIC: [8] Undefined variable: page C:\xampp\htdocs\jianshen\Application\Admin\Controller\IndexController.class.php 第 131 行.
SQL: SELECT order.pay_for,order.paied,order.deposit,order.express,order.prompt,consumer.wxname,order.id,order.order_id,order.price,order.or_time,order.addr,order.receiver,order.tel,order.state FROM `order` LEFT JOIN consumer ON consumer.openid = order.user  WHERE ( order.state = "6" ) ORDER BY or_time desc  [ RunTime:0.0006s ]
SQL: SELECT order.pay_for,order.paied,order.deposit,order.express,order.prompt,consumer.wxname,order.id,order.order_id,order.price,order.or_time,order.addr,order.receiver,order.tel,order.state FROM `order` LEFT JOIN consumer ON consumer.openid = order.user  WHERE ( order.state = "6" ) ORDER BY or_time desc  [ RunTime:0.0004s ]
SQL: SELECT order.deposit,order.price,order.express,order.state FROM `order` WHERE ( order.paied = 1 AND order.state = "6" )  [ RunTime:0.0003s ]
INFO: [ view_parse ] --START--
INFO: [ template_filter ] --START--
INFO: Run Behavior\ContentReplaceBehavior [ RunTime:0.000117s ]
INFO: [ template_filter ] --END-- [ RunTime:0.000165s ]
INFO: Run Behavior\ParseTemplateBehavior [ RunTime:0.163008s ]
INFO: [ view_parse ] --END-- [ RunTime:0.163065s ]
INFO: [ view_filter ] --START--
INFO: Run Behavior\WriteHtmlCacheBehavior [ RunTime:0.000549s ]
INFO: [ view_filter ] --END-- [ RunTime:0.000584s ]
INFO: [ app_end ] --START--
INFO: Run Behavior\ShowPageTraceBehavior [ RunTime:0.000708s ]
INFO: [ app_end ] --END-- [ RunTime:0.000753s ]

[ 2017-10-28T16:47:25+08:00 ] 101.226.225.84 /index.php/Admin/index/order.html?start=&end=&state=4
INFO: [ app_init ] --START--
INFO: Run Behavior\BuildLiteBehavior [ RunTime:0.000018s ]
INFO: [ app_init ] --END-- [ RunTime:0.011916s ]
INFO: [ app_begin ] --START--
INFO: Run Behavior\ReadHtmlCacheBehavior [ RunTime:0.001499s ]
INFO: [ app_begin ] --END-- [ RunTime:0.001539s ]
SQL: SHOW COLUMNS FROM `order` [ RunTime:0.0120s ]
NOTIC: [8] Undefined variable: page C:\xampp\htdocs\jianshen\Application\Admin\Controller\IndexController.class.php 第 131 行.
NOTIC: [8] Undefined variable: page C:\xampp\htdocs\jianshen\Application\Admin\Controller\IndexController.class.php 第 131 行.
SQL: SELECT order.pay_for,order.paied,order.deposit,order.express,order.prompt,consumer.wxname,order.id,order.order_id,order.price,order.or_time,order.addr,order.receiver,order.tel,order.state FROM `order` LEFT JOIN consumer ON consumer.openid = order.user  WHERE ( order.state = "4" ) ORDER BY or_time desc  [ RunTime:0.0006s ]
SQL: SELECT order.pay_for,order.paied,order.deposit,order.express,order.prompt,consumer.wxname,order.id,order.order_id,order.price,order.or_time,order.addr,order.receiver,order.tel,order.state FROM `order` LEFT JOIN consumer ON consumer.openid = order.user  WHERE ( order.state = "4" ) ORDER BY or_time desc  [ RunTime:0.0005s ]
SQL: SELECT order.deposit,order.price,order.express,order.state FROM `order` WHERE ( order.paied = 1 AND order.state = "4" )  [ RunTime:0.0004s ]
INFO: [ view_parse ] --START--
INFO: [ template_filter ] --START--
INFO: Run Behavior\ContentReplaceBehavior [ RunTime:0.000110s ]
INFO: [ template_filter ] --END-- [ RunTime:0.000152s ]
INFO: Run Behavior\ParseTemplateBehavior [ RunTime:0.110810s ]
INFO: [ view_parse ] --END-- [ RunTime:0.110864s ]
INFO: [ view_filter ] --START--
INFO: Run Behavior\WriteHtmlCacheBehavior [ RunTime:0.001287s ]
INFO: [ view_filter ] --END-- [ RunTime:0.001324s ]
INFO: [ app_end ] --START--
INFO: Run Behavior\ShowPageTraceBehavior [ RunTime:0.001385s ]
INFO: [ app_end ] --END-- [ RunTime:0.001423s ]

[ 2017-10-28T16:47:35+08:00 ] 120.204.17.69 /index.php/Admin/index/order.html?start=&end=&state=4
INFO: [ app_init ] --START--
INFO: Run Behavior\BuildLiteBehavior [ RunTime:0.000019s ]
INFO: [ app_init ] --END-- [ RunTime:0.000568s ]
INFO: [ app_begin ] --START--
INFO: Run Behavior\ReadHtmlCacheBehavior [ RunTime:0.000667s ]
INFO: [ app_begin ] --END-- [ RunTime:0.000708s ]
SQL: SHOW COLUMNS FROM `order` [ RunTime:0.0115s ]
NOTIC: [8] Undefined variable: page C:\xampp\htdocs\jianshen\Application\Admin\Controller\IndexController.class.php 第 131 行.
NOTIC: [8] Undefined variable: page C:\xampp\htdocs\jianshen\Application\Admin\Controller\IndexController.class.php 第 131 行.
SQL: SELECT order.pay_for,order.paied,order.deposit,order.express,order.prompt,consumer.wxname,order.id,order.order_id,order.price,order.or_time,order.addr,order.receiver,order.tel,order.state FROM `order` LEFT JOIN consumer ON consumer.openid = order.user  WHERE ( order.state = "4" ) ORDER BY or_time desc  [ RunTime:0.0006s ]
SQL: SELECT order.pay_for,order.paied,order.deposit,order.express,order.prompt,consumer.wxname,order.id,order.order_id,order.price,order.or_time,order.addr,order.receiver,order.tel,order.state FROM `order` LEFT JOIN consumer ON consumer.openid = order.user  WHERE ( order.state = "4" ) ORDER BY or_time desc  [ RunTime:0.0004s ]
SQL: SELECT order.deposit,order.price,order.express,order.state FROM `order` WHERE ( order.paied = 1 AND order.state = "4" )  [ RunTime:0.0003s ]
INFO: [ view_parse ] --START--
INFO: [ template_filter ] --START--
INFO: Run Behavior\ContentReplaceBehavior [ RunTime:0.000119s ]
INFO: [ template_filter ] --END-- [ RunTime:0.000170s ]
INFO: Run Behavior\ParseTemplateBehavior [ RunTime:0.172550s ]
INFO: [ view_parse ] --END-- [ RunTime:0.172601s ]
INFO: [ view_filter ] --START--
INFO: Run Behavior\WriteHtmlCacheBehavior [ RunTime:0.000611s ]
INFO: [ view_filter ] --END-- [ RunTime:0.000650s ]
INFO: [ app_end ] --START--
INFO: Run Behavior\ShowPageTraceBehavior [ RunTime:0.001294s ]
INFO: [ app_end ] --END-- [ RunTime:0.001334s ]

[ 2017-10-28T16:47:49+08:00 ] 101.226.225.84 /index.php/Admin/index/order.html?start=&end=&state=
INFO: [ app_init ] --START--
INFO: Run Behavior\BuildLiteBehavior [ RunTime:0.000014s ]
INFO: [ app_init ] --END-- [ RunTime:0.000496s ]
INFO: [ app_begin ] --START--
INFO: Run Behavior\ReadHtmlCacheBehavior [ RunTime:0.000618s ]
INFO: [ app_begin ] --END-- [ RunTime:0.000657s ]
SQL: SHOW COLUMNS FROM `order` [ RunTime:0.0123s ]
NOTIC: [8] Undefined variable: where C:\xampp\htdocs\jianshen\Application\Admin\Controller\IndexController.class.php 第 131 行.
NOTIC: [8] Undefined variable: page C:\xampp\htdocs\jianshen\Application\Admin\Controller\IndexController.class.php 第 131 行.
NOTIC: [8] Undefined variable: page C:\xampp\htdocs\jianshen\Application\Admin\Controller\IndexController.class.php 第 131 行.
SQL: SELECT order.pay_for,order.paied,order.deposit,order.express,order.prompt,consumer.wxname,order.id,order.order_id,order.price,order.or_time,order.addr,order.receiver,order.tel,order.state FROM `order` LEFT JOIN consumer ON consumer.openid = order.user  ORDER BY or_time desc  [ RunTime:0.0014s ]
SQL: SELECT order.pay_for,order.paied,order.deposit,order.express,order.prompt,consumer.wxname,order.id,order.order_id,order.price,order.or_time,order.addr,order.receiver,order.tel,order.state FROM `order` LEFT JOIN consumer ON consumer.openid = order.user  ORDER BY or_time desc  [ RunTime:0.0008s ]
NOTIC: [8] Undefined variable: parameter C:\xampp\htdocs\jianshen\Application\Admin\Controller\IndexController.class.php 第 137 行.
SQL: SELECT order.deposit,order.price,order.express,order.state FROM `order` WHERE ( order.paied = 1 )  [ RunTime:0.0011s ]
INFO: [ view_parse ] --START--
INFO: [ template_filter ] --START--
INFO: Run Behavior\ContentReplaceBehavior [ RunTime:0.000114s ]
INFO: [ template_filter ] --END-- [ RunTime:0.000151s ]
NOTIC: [8] Undefined variable: state C:\xampp\htdocs\jianshen\Application\Runtime\Cache\Admin\455dd59e7ffe0d0ea2f45d03db7d85a9.php 第 439 行.
INFO: Run Behavior\ParseTemplateBehavior [ RunTime:0.075440s ]
INFO: [ view_parse ] --END-- [ RunTime:0.075490s ]
INFO: [ view_filter ] --START--
INFO: Run Behavior\WriteHtmlCacheBehavior [ RunTime:0.000554s ]
INFO: [ view_filter ] --END-- [ RunTime:0.000591s ]
INFO: [ app_end ] --START--
INFO: Run Behavior\ShowPageTraceBehavior [ RunTime:0.000675s ]
INFO: [ app_end ] --END-- [ RunTime:0.000712s ]

[ 2017-10-28T16:47:59+08:00 ] 120.204.17.73 /index.php/Admin/index/order.html?start=&end=&state=
INFO: [ app_init ] --START--
INFO: Run Behavior\BuildLiteBehavior [ RunTime:0.000020s ]
INFO: [ app_init ] --END-- [ RunTime:0.001454s ]
INFO: [ app_begin ] --START--
INFO: Run Behavior\ReadHtmlCacheBehavior [ RunTime:0.001622s ]
INFO: [ app_begin ] --END-- [ RunTime:0.001664s ]
SQL: SHOW COLUMNS FROM `order` [ RunTime:0.0133s ]
NOTIC: [8] Undefined variable: where C:\xampp\htdocs\jianshen\Application\Admin\Controller\IndexController.class.php 第 131 行.
NOTIC: [8] Undefined variable: page C:\xampp\htdocs\jianshen\Application\Admin\Controller\IndexController.class.php 第 131 行.
NOTIC: [8] Undefined variable: page C:\xampp\htdocs\jianshen\Application\Admin\Controller\IndexController.class.php 第 131 行.
SQL: SELECT order.pay_for,order.paied,order.deposit,order.express,order.prompt,consumer.wxname,order.id,order.order_id,order.price,order.or_time,order.addr,order.receiver,order.tel,order.state FROM `order` LEFT JOIN consumer ON consumer.openid = order.user  ORDER BY or_time desc  [ RunTime:0.0010s ]
SQL: SELECT order.pay_for,order.paied,order.deposit,order.express,order.prompt,consumer.wxname,order.id,order.order_id,order.price,order.or_time,order.addr,order.receiver,order.tel,order.state FROM `order` LEFT JOIN consumer ON consumer.openid = order.user  ORDER BY or_time desc  [ RunTime:0.0007s ]
NOTIC: [8] Undefined variable: parameter C:\xampp\htdocs\jianshen\Application\Admin\Controller\IndexController.class.php 第 137 行.
SQL: SELECT order.deposit,order.price,order.express,order.state FROM `order` WHERE ( order.paied = 1 )  [ RunTime:0.0003s ]
INFO: [ view_parse ] --START--
INFO: [ template_filter ] --START--
INFO: Run Behavior\ContentReplaceBehavior [ RunTime:0.000117s ]
INFO: [ template_filter ] --END-- [ RunTime:0.000173s ]
NOTIC: [8] Undefined variable: state C:\xampp\htdocs\jianshen\Application\Runtime\Cache\Admin\455dd59e7ffe0d0ea2f45d03db7d85a9.php 第 439 行.
INFO: Run Behavior\ParseTemplateBehavior [ RunTime:0.117133s ]
INFO: [ view_parse ] --END-- [ RunTime:0.117179s ]
INFO: [ view_filter ] --START--
INFO: Run Behavior\WriteHtmlCacheBehavior [ RunTime:0.001553s ]
INFO: [ view_filter ] --END-- [ RunTime:0.001588s ]
INFO: [ app_end ] --START--
INFO: Run Behavior\ShowPageTraceBehavior [ RunTime:0.001452s ]
INFO: [ app_end ] --END-- [ RunTime:0.001489s ]

[ 2017-10-28T16:48:00+08:00 ] 101.226.225.84 /index.php/Admin/index/change_state.html
INFO: [ app_init ] --START--
INFO: Run Behavior\BuildLiteBehavior [ RunTime:0.000015s ]
INFO: [ app_init ] --END-- [ RunTime:0.000391s ]
INFO: [ app_begin ] --START--
INFO: Run Behavior\ReadHtmlCacheBehavior [ RunTime:0.000601s ]
INFO: [ app_begin ] --END-- [ RunTime:0.000639s ]
SQL: SHOW COLUMNS FROM `order` [ RunTime:0.0214s ]
SQL: UPDATE `order` SET `state`='2',`order_id`='1508808925' WHERE ( order_id = "1508808925" ) [ RunTime:0.0005s ]
INFO: [ app_end ] --START--
INFO: Run Behavior\ShowPageTraceBehavior [ RunTime:0.001159s ]
INFO: [ app_end ] --END-- [ RunTime:0.001208s ]

[ 2017-10-28T16:48:13+08:00 ] 101.226.225.84 /index.php/Admin/index/change_state.html
INFO: [ app_init ] --START--
INFO: Run Behavior\BuildLiteBehavior [ RunTime:0.000019s ]
INFO: [ app_init ] --END-- [ RunTime:0.001299s ]
INFO: [ app_begin ] --START--
INFO: Run Behavior\ReadHtmlCacheBehavior [ RunTime:0.000689s ]
INFO: [ app_begin ] --END-- [ RunTime:0.000731s ]
SQL: SHOW COLUMNS FROM `order` [ RunTime:0.0120s ]
SQL: UPDATE `order` SET `state`='2',`order_id`='1509081209' WHERE ( order_id = "1509081209" ) [ RunTime:0.0004s ]
INFO: [ app_end ] --START--
INFO: Run Behavior\ShowPageTraceBehavior [ RunTime:0.000902s ]
INFO: [ app_end ] --END-- [ RunTime:0.000940s ]

[ 2017-10-28T16:48:45+08:00 ] 101.226.225.84 /index.php/Admin/index/order.html?start=&end=&state=0
INFO: [ app_init ] --START--
INFO: Run Behavior\BuildLiteBehavior [ RunTime:0.000014s ]
INFO: [ app_init ] --END-- [ RunTime:0.000326s ]
INFO: [ app_begin ] --START--
INFO: Run Behavior\ReadHtmlCacheBehavior [ RunTime:0.000422s ]
INFO: [ app_begin ] --END-- [ RunTime:0.000460s ]
SQL: SHOW COLUMNS FROM `order` [ RunTime:0.0124s ]
NOTIC: [8] Undefined variable: page C:\xampp\htdocs\jianshen\Application\Admin\Controller\IndexController.class.php 第 131 行.
NOTIC: [8] Undefined variable: page C:\xampp\htdocs\jianshen\Application\Admin\Controller\IndexController.class.php 第 131 行.
SQL: SELECT order.pay_for,order.paied,order.deposit,order.express,order.prompt,consumer.wxname,order.id,order.order_id,order.price,order.or_time,order.addr,order.receiver,order.tel,order.state FROM `order` LEFT JOIN consumer ON consumer.openid = order.user  WHERE ( order.state = "0" ) ORDER BY or_time desc  [ RunTime:0.0008s ]
SQL: SELECT order.pay_for,order.paied,order.deposit,order.express,order.prompt,consumer.wxname,order.id,order.order_id,order.price,order.or_time,order.addr,order.receiver,order.tel,order.state FROM `order` LEFT JOIN consumer ON consumer.openid = order.user  WHERE ( order.state = "0" ) ORDER BY or_time desc  [ RunTime:0.0005s ]
SQL: SELECT order.deposit,order.price,order.express,order.state FROM `order` WHERE ( order.paied = 1 AND order.state = "0" )  [ RunTime:0.0004s ]
INFO: [ view_parse ] --START--
INFO: [ template_filter ] --START--
INFO: Run Behavior\ContentReplaceBehavior [ RunTime:0.000164s ]
INFO: [ template_filter ] --END-- [ RunTime:0.000208s ]
INFO: Run Behavior\ParseTemplateBehavior [ RunTime:0.076556s ]
INFO: [ view_parse ] --END-- [ RunTime:0.076610s ]
INFO: [ view_filter ] --START--
INFO: Run Behavior\WriteHtmlCacheBehavior [ RunTime:0.000643s ]
INFO: [ view_filter ] --END-- [ RunTime:0.000681s ]
INFO: [ app_end ] --START--
INFO: Run Behavior\ShowPageTraceBehavior [ RunTime:0.000515s ]
INFO: [ app_end ] --END-- [ RunTime:0.000555s ]

[ 2017-10-28T16:48:55+08:00 ] 101.226.225.84 /index.php/Admin/index/change_state.html
INFO: [ app_init ] --START--
INFO: Run Behavior\BuildLiteBehavior [ RunTime:0.000023s ]
INFO: [ app_init ] --END-- [ RunTime:0.001658s ]
INFO: [ app_begin ] --START--
INFO: Run Behavior\ReadHtmlCacheBehavior [ RunTime:0.000689s ]
INFO: [ app_begin ] --END-- [ RunTime:0.000730s ]
SQL: SHOW COLUMNS FROM `order` [ RunTime:0.0114s ]
SQL: UPDATE `order` SET `state`='2',`order_id`='1506743450' WHERE ( order_id = "1506743450" ) [ RunTime:0.0006s ]
INFO: [ app_end ] --START--
INFO: Run Behavior\ShowPageTraceBehavior [ RunTime:0.000955s ]
INFO: [ app_end ] --END-- [ RunTime:0.000996s ]

[ 2017-10-28T16:49:00+08:00 ] 101.226.225.84 /index.php/admin/index/order_details/id/156.html
INFO: [ app_init ] --START--
INFO: Run Behavior\BuildLiteBehavior [ RunTime:0.000014s ]
INFO: [ app_init ] --END-- [ RunTime:0.000474s ]
INFO: [ app_begin ] --START--
INFO: Run Behavior\ReadHtmlCacheBehavior [ RunTime:0.000422s ]
INFO: [ app_begin ] --END-- [ RunTime:0.000461s ]
SQL: SHOW COLUMNS FROM `order` [ RunTime:0.0121s ]
SQL: SELECT order.pay_for,goods.stock,order.exchange,order.exchangeTo,order.express,order.prompt,consumer.wxname,order.g_price_id,order.order_id,order.price,order.or_time,order.addr,order.receiver,order.tel,order.state,goods.ps_price,goods.delivery,goods.name,goods.picture_url,goods.abstract FROM `order` LEFT JOIN consumer ON consumer.openid = order.user LEFT JOIN goods ON goods.id = order.goods_id  WHERE ( order.id=156 ) LIMIT 1   [ RunTime:0.0006s ]
SQL: SHOW COLUMNS FROM `order_state` [ RunTime:0.0101s ]
SQL: SELECT `xd_time`,`or_time` FROM `order_state` WHERE ( order_state.order_id = "1506743910" ) LIMIT 1   [ RunTime:0.0007s ]
SQL: SHOW COLUMNS FROM `g_price` [ RunTime:0.0085s ]
SQL: SELECT g_price.time,g_price.price FROM `g_price` WHERE ( g_price.id=17 ) LIMIT 1   [ RunTime:0.0004s ]
INFO: [ view_parse ] --START--
INFO: [ template_filter ] --START--
INFO: Run Behavior\ContentReplaceBehavior [ RunTime:0.000113s ]
INFO: [ template_filter ] --END-- [ RunTime:0.000162s ]
NOTIC: [8] Undefined index: id C:\xampp\htdocs\jianshen\Application\Runtime\Cache\Admin\95b56450c16551f1043cfb7279c118f7.php 第 332 行.
INFO: Run Behavior\ParseTemplateBehavior [ RunTime:0.230120s ]
INFO: [ view_parse ] --END-- [ RunTime:0.230182s ]
INFO: [ view_filter ] --START--
INFO: Run Behavior\WriteHtmlCacheBehavior [ RunTime:0.000531s ]
INFO: [ view_filter ] --END-- [ RunTime:0.000566s ]
INFO: [ app_end ] --START--
INFO: Run Behavior\ShowPageTraceBehavior [ RunTime:0.000541s ]
INFO: [ app_end ] --END-- [ RunTime:0.000586s ]

[ 2017-10-28T16:49:06+08:00 ] 101.226.225.84 /index.php/Admin/index/change_state.html
INFO: [ app_init ] --START--
INFO: Run Behavior\BuildLiteBehavior [ RunTime:0.000018s ]
INFO: [ app_init ] --END-- [ RunTime:0.001456s ]
INFO: [ app_begin ] --START--
INFO: Run Behavior\ReadHtmlCacheBehavior [ RunTime:0.001611s ]
INFO: [ app_begin ] --END-- [ RunTime:0.001652s ]
SQL: SHOW COLUMNS FROM `order` [ RunTime:0.0126s ]
SQL: UPDATE `order` SET `state`='2',`order_id`='1506743910' WHERE ( order_id = "1506743910" ) [ RunTime:0.0007s ]
INFO: [ app_end ] --START--
INFO: Run Behavior\ShowPageTraceBehavior [ RunTime:0.001812s ]
INFO: [ app_end ] --END-- [ RunTime:0.001855s ]

[ 2017-10-28T16:49:10+08:00 ] 120.204.17.71 /index.php/admin/index/order_details/id/156.html
INFO: [ app_init ] --START--
INFO: Run Behavior\BuildLiteBehavior [ RunTime:0.000016s ]
INFO: [ app_init ] --END-- [ RunTime:0.000386s ]
INFO: [ app_begin ] --START--
INFO: Run Behavior\ReadHtmlCacheBehavior [ RunTime:0.000542s ]
INFO: [ app_begin ] --END-- [ RunTime:0.000582s ]
SQL: SHOW COLUMNS FROM `order` [ RunTime:0.0182s ]
SQL: SELECT order.pay_for,goods.stock,order.exchange,order.exchangeTo,order.express,order.prompt,consumer.wxname,order.g_price_id,order.order_id,order.price,order.or_time,order.addr,order.receiver,order.tel,order.state,goods.ps_price,goods.delivery,goods.name,goods.picture_url,goods.abstract FROM `order` LEFT JOIN consumer ON consumer.openid = order.user LEFT JOIN goods ON goods.id = order.goods_id  WHERE ( order.id=156 ) LIMIT 1   [ RunTime:0.0006s ]
SQL: SHOW COLUMNS FROM `order_state` [ RunTime:0.0106s ]
SQL: SELECT `xd_time`,`or_time` FROM `order_state` WHERE ( order_state.order_id = "1506743910" ) LIMIT 1   [ RunTime:0.0003s ]
SQL: SHOW COLUMNS FROM `g_price` [ RunTime:0.0093s ]
SQL: SELECT g_price.time,g_price.price FROM `g_price` WHERE ( g_price.id=17 ) LIMIT 1   [ RunTime:0.0003s ]
INFO: [ view_parse ] --START--
INFO: [ template_filter ] --START--
INFO: Run Behavior\ContentReplaceBehavior [ RunTime:0.000116s ]
INFO: [ template_filter ] --END-- [ RunTime:0.000172s ]
NOTIC: [8] Undefined index: id C:\xampp\htdocs\jianshen\Application\Runtime\Cache\Admin\95b56450c16551f1043cfb7279c118f7.php 第 332 行.
INFO: Run Behavior\ParseTemplateBehavior [ RunTime:0.126380s ]
INFO: [ view_parse ] --END-- [ RunTime:0.126442s ]
INFO: [ view_filter ] --START--
INFO: Run Behavior\WriteHtmlCacheBehavior [ RunTime:0.001741s ]
INFO: [ view_filter ] --END-- [ RunTime:0.001780s ]
INFO: [ app_end ] --START--
INFO: Run Behavior\ShowPageTraceBehavior [ RunTime:0.000653s ]
INFO: [ app_end ] --END-- [ RunTime:0.000698s ]

[ 2017-10-28T16:49:11+08:00 ] 101.226.225.84 /index.php/Admin/index/change_state.html
INFO: [ app_init ] --START--
INFO: Run Behavior\BuildLiteBehavior [ RunTime:0.000014s ]
INFO: [ app_init ] --END-- [ RunTime:0.000335s ]
INFO: [ app_begin ] --START--
INFO: Run Behavior\ReadHtmlCacheBehavior [ RunTime:0.000463s ]
INFO: [ app_begin ] --END-- [ RunTime:0.000504s ]
SQL: SHOW COLUMNS FROM `order` [ RunTime:0.0115s ]
SQL: UPDATE `order` SET `state`='1',`order_id`='1506743910' WHERE ( order_id = "1506743910" ) [ RunTime:0.0004s ]
INFO: [ app_end ] --START--
INFO: Run Behavior\ShowPageTraceBehavior [ RunTime:0.000555s ]
INFO: [ app_end ] --END-- [ RunTime:0.000591s ]

