[ 2017-11-26T07:47:37+08:00 ] 120.204.17.68 /INDEX.PHP/ADMIN/INDEX/VIPDETAILS/ID/38.HTML
INFO: [ app_init ] --START--
INFO: Run Behavior\BuildLiteBehavior [ RunTime:0.000014s ]
INFO: [ app_init ] --END-- [ RunTime:0.000510s ]
INFO: [ app_begin ] --START--
INFO: Run Behavior\ReadHtmlCacheBehavior [ RunTime:0.001564s ]
INFO: [ app_begin ] --END-- [ RunTime:0.001610s ]
ERR: 无法加载控制器:INDEX

[ 2017-11-26T11:00:37+08:00 ] 61.151.178.170 /index.php/Admin/index/
INFO: [ app_init ] --START--
INFO: Run Behavior\BuildLiteBehavior [ RunTime:0.000015s ]
INFO: [ app_init ] --END-- [ RunTime:0.000316s ]
INFO: [ app_begin ] --START--
INFO: Run Behavior\ReadHtmlCacheBehavior [ RunTime:0.000436s ]
INFO: [ app_begin ] --END-- [ RunTime:0.000480s ]
INFO: [ view_parse ] --START--
INFO: [ template_filter ] --START--
INFO: Run Behavior\ContentReplaceBehavior [ RunTime:0.000056s ]
INFO: [ template_filter ] --END-- [ RunTime:0.000361s ]
INFO: Run Behavior\ParseTemplateBehavior [ RunTime:0.035706s ]
INFO: [ view_parse ] --END-- [ RunTime:0.035769s ]
INFO: [ view_filter ] --START--
INFO: Run Behavior\WriteHtmlCacheBehavior [ RunTime:0.000425s ]
INFO: [ view_filter ] --END-- [ RunTime:0.000474s ]
INFO: [ app_end ] --START--
INFO: Run Behavior\ShowPageTraceBehavior [ RunTime:0.000470s ]
INFO: [ app_end ] --END-- [ RunTime:0.000507s ]

[ 2017-11-26T11:00:47+08:00 ] 120.204.17.46 /index.php/Admin/index
INFO: [ app_init ] --START--
INFO: Run Behavior\BuildLiteBehavior [ RunTime:0.000019s ]
INFO: [ app_init ] --END-- [ RunTime:0.000340s ]
INFO: [ app_begin ] --START--
INFO: Run Behavior\ReadHtmlCacheBehavior [ RunTime:0.000460s ]
INFO: [ app_begin ] --END-- [ RunTime:0.000499s ]
INFO: [ view_parse ] --START--
INFO: [ template_filter ] --START--
INFO: Run Behavior\ContentReplaceBehavior [ RunTime:0.000041s ]
INFO: [ template_filter ] --END-- [ RunTime:0.000079s ]
INFO: Run Behavior\ParseTemplateBehavior [ RunTime:0.005520s ]
INFO: [ view_parse ] --END-- [ RunTime:0.005559s ]
INFO: [ view_filter ] --START--
INFO: Run Behavior\WriteHtmlCacheBehavior [ RunTime:0.000251s ]
INFO: [ view_filter ] --END-- [ RunTime:0.000294s ]
INFO: [ app_end ] --START--
INFO: Run Behavior\ShowPageTraceBehavior [ RunTime:0.000426s ]
INFO: [ app_end ] --END-- [ RunTime:0.000460s ]

[ 2017-11-26T11:00:52+08:00 ] 61.151.178.170 /index.php/admin/index/login.html
INFO: [ app_init ] --START--
INFO: Run Behavior\BuildLiteBehavior [ RunTime:0.000013s ]
INFO: [ app_init ] --END-- [ RunTime:0.000303s ]
INFO: [ app_begin ] --START--
INFO: Run Behavior\ReadHtmlCacheBehavior [ RunTime:0.000396s ]
INFO: [ app_begin ] --END-- [ RunTime:0.000441s ]
SQL: SHOW COLUMNS FROM `admin` [ RunTime:0.0122s ]
SQL: SELECT * FROM `admin` WHERE ( (`name` = 'admin') AND (`pwd` = 'e10adc3949ba59abbe56e057f20f883e') ) LIMIT 1   [ RunTime:0.0003s ]
INFO: [ app_end ] --START--
INFO: Run Behavior\ShowPageTraceBehavior [ RunTime:0.000485s ]
INFO: [ app_end ] --END-- [ RunTime:0.000521s ]

[ 2017-11-26T11:00:52+08:00 ] 61.151.178.170 /index.php/admin/index/main
INFO: [ app_init ] --START--
INFO: Run Behavior\BuildLiteBehavior [ RunTime:0.000014s ]
INFO: [ app_init ] --END-- [ RunTime:0.000320s ]
INFO: [ app_begin ] --START--
INFO: Run Behavior\ReadHtmlCacheBehavior [ RunTime:0.000408s ]
INFO: [ app_begin ] --END-- [ RunTime:0.000446s ]
INFO: [ view_parse ] --START--
INFO: [ template_filter ] --START--
INFO: Run Behavior\ContentReplaceBehavior [ RunTime:0.000092s ]
INFO: [ template_filter ] --END-- [ RunTime:0.000144s ]
INFO: Run Behavior\ParseTemplateBehavior [ RunTime:0.128630s ]
INFO: [ view_parse ] --END-- [ RunTime:0.128681s ]
INFO: [ view_filter ] --START--
INFO: Run Behavior\WriteHtmlCacheBehavior [ RunTime:0.000301s ]
INFO: [ view_filter ] --END-- [ RunTime:0.000333s ]
INFO: [ app_end ] --START--
INFO: Run Behavior\ShowPageTraceBehavior [ RunTime:0.000543s ]
INFO: [ app_end ] --END-- [ RunTime:0.000582s ]

[ 2017-11-26T11:00:55+08:00 ] 61.151.178.170 /index.php/admin/index/warn_date.html
INFO: [ app_init ] --START--
INFO: Run Behavior\BuildLiteBehavior [ RunTime:0.000015s ]
INFO: [ app_init ] --END-- [ RunTime:0.000329s ]
INFO: [ app_begin ] --START--
INFO: Run Behavior\ReadHtmlCacheBehavior [ RunTime:0.000416s ]
INFO: [ app_begin ] --END-- [ RunTime:0.000454s ]
SQL: SHOW COLUMNS FROM `order` [ RunTime:0.0124s ]
SQL: SELECT COUNT(*) AS tp_count FROM `order` LEFT JOIN order_state ON `order`.order_id = order_state.order_id  WHERE ( DATEDIFF(order_state.xd_time,"2017-11-26") <= 2  AND order.state = 2 ) LIMIT 1   [ RunTime:0.0004s ]
INFO: [ app_end ] --START--
INFO: Run Behavior\ShowPageTraceBehavior [ RunTime:0.000535s ]
INFO: [ app_end ] --END-- [ RunTime:0.000571s ]

[ 2017-11-26T11:01:02+08:00 ] 58.247.212.98 /index.php/admin/index/login.html
INFO: [ app_init ] --START--
INFO: Run Behavior\BuildLiteBehavior [ RunTime:0.000019s ]
INFO: [ app_init ] --END-- [ RunTime:0.000359s ]
INFO: [ app_begin ] --START--
INFO: Run Behavior\ReadHtmlCacheBehavior [ RunTime:0.000519s ]
INFO: [ app_begin ] --END-- [ RunTime:0.000564s ]
NOTIC: [8] Undefined index: name C:\xampp\htdocs\jianshen\Application\Admin\Controller\IndexController.class.php 第 24 行.
NOTIC: [8] Undefined index: password C:\xampp\htdocs\jianshen\Application\Admin\Controller\IndexController.class.php 第 25 行.
SQL: SHOW COLUMNS FROM `admin` [ RunTime:0.0130s ]
SQL: SELECT * FROM `admin` WHERE ( (`name` = null) AND (`pwd` = 'd41d8cd98f00b204e9800998ecf8427e') ) LIMIT 1   [ RunTime:0.0003s ]
SQL: SHOW COLUMNS FROM `delivery` [ RunTime:0.0073s ]
SQL: SELECT * FROM `delivery` WHERE ( (`account` = null) AND (`password` = 'd41d8cd98f00b204e9800998ecf8427e') ) LIMIT 1   [ RunTime:0.0003s ]
INFO: [ app_end ] --START--
INFO: Run Behavior\ShowPageTraceBehavior [ RunTime:0.000618s ]
INFO: [ app_end ] --END-- [ RunTime:0.000655s ]

[ 2017-11-26T11:01:03+08:00 ] 120.204.17.68 /index.php/admin/index/main
INFO: [ app_init ] --START--
INFO: Run Behavior\BuildLiteBehavior [ RunTime:0.000015s ]
INFO: [ app_init ] --END-- [ RunTime:0.000369s ]
INFO: [ app_begin ] --START--
INFO: Run Behavior\ReadHtmlCacheBehavior [ RunTime:0.000516s ]
INFO: [ app_begin ] --END-- [ RunTime:0.000556s ]
INFO: [ view_parse ] --START--
INFO: [ template_filter ] --START--
INFO: Run Behavior\ContentReplaceBehavior [ RunTime:0.000077s ]
INFO: [ template_filter ] --END-- [ RunTime:0.000115s ]
INFO: Run Behavior\ParseTemplateBehavior [ RunTime:0.067414s ]
INFO: [ view_parse ] --END-- [ RunTime:0.067489s ]
INFO: [ view_filter ] --START--
INFO: Run Behavior\WriteHtmlCacheBehavior [ RunTime:0.000433s ]
INFO: [ view_filter ] --END-- [ RunTime:0.000467s ]
INFO: [ app_end ] --START--
INFO: Run Behavior\ShowPageTraceBehavior [ RunTime:0.000846s ]
INFO: [ app_end ] --END-- [ RunTime:0.000890s ]

[ 2017-11-26T11:01:04+08:00 ] 61.151.178.170 /index.php/Admin/index/coupon.html
INFO: [ app_init ] --START--
INFO: Run Behavior\BuildLiteBehavior [ RunTime:0.000014s ]
INFO: [ app_init ] --END-- [ RunTime:0.000327s ]
INFO: [ app_begin ] --START--
INFO: Run Behavior\ReadHtmlCacheBehavior [ RunTime:0.000465s ]
INFO: [ app_begin ] --END-- [ RunTime:0.000510s ]
SQL: SHOW COLUMNS FROM `admin` [ RunTime:0.0116s ]
SQL: SELECT * FROM `admin` WHERE ( id = 1 AND name = 'admin' ) LIMIT 1   [ RunTime:0.0003s ]
SQL: SHOW COLUMNS FROM `coupon` [ RunTime:0.0089s ]
SQL: SELECT * FROM `coupon`  [ RunTime:0.0002s ]
NOTIC: [8] Undefined variable: row C:\xampp\htdocs\jianshen\Application\Admin\Controller\IndexController.class.php 第 1138 行.
SQL: SELECT * FROM `coupon` LIMIT 0,10   [ RunTime:0.0004s ]
INFO: [ view_parse ] --START--
INFO: [ template_filter ] --START--
INFO: Run Behavior\ContentReplaceBehavior [ RunTime:0.000085s ]
INFO: [ template_filter ] --END-- [ RunTime:0.000128s ]
NOTIC: [8] Undefined index: price C:\xampp\htdocs\jianshen\Application\Runtime\Cache\Admin\03877490c8fbea82047ccd6c1c394436.php 第 379 行.
NOTIC: [8] Undefined index: price C:\xampp\htdocs\jianshen\Application\Runtime\Cache\Admin\03877490c8fbea82047ccd6c1c394436.php 第 379 行.
INFO: Run Behavior\ParseTemplateBehavior [ RunTime:0.097183s ]
INFO: [ view_parse ] --END-- [ RunTime:0.097230s ]
INFO: [ view_filter ] --START--
INFO: Run Behavior\WriteHtmlCacheBehavior [ RunTime:0.000284s ]
INFO: [ view_filter ] --END-- [ RunTime:0.000316s ]
INFO: [ app_end ] --START--
INFO: Run Behavior\ShowPageTraceBehavior [ RunTime:0.000469s ]
INFO: [ app_end ] --END-- [ RunTime:0.000504s ]

[ 2017-11-26T11:01:12+08:00 ] 61.151.178.170 /index.php/admin/index/coupon_details/id/11.html
INFO: [ app_init ] --START--
INFO: Run Behavior\BuildLiteBehavior [ RunTime:0.000027s ]
INFO: [ app_init ] --END-- [ RunTime:0.000375s ]
INFO: [ app_begin ] --START--
INFO: Run Behavior\ReadHtmlCacheBehavior [ RunTime:0.000490s ]
INFO: [ app_begin ] --END-- [ RunTime:0.000528s ]
SQL: SHOW COLUMNS FROM `admin` [ RunTime:0.0132s ]
SQL: SELECT * FROM `admin` WHERE ( id = 1 AND name = 'admin' ) LIMIT 1   [ RunTime:0.0003s ]
SQL: SHOW COLUMNS FROM `coupon` [ RunTime:0.0082s ]
SQL: SELECT * FROM `coupon` WHERE ( id = 11 ) LIMIT 1   [ RunTime:0.0003s ]
INFO: [ view_parse ] --START--
INFO: [ template_filter ] --START--
INFO: Run Behavior\ContentReplaceBehavior [ RunTime:0.000093s ]
INFO: [ template_filter ] --END-- [ RunTime:0.000145s ]
INFO: Run Behavior\ParseTemplateBehavior [ RunTime:0.087256s ]
INFO: [ view_parse ] --END-- [ RunTime:0.087312s ]
INFO: [ view_filter ] --START--
INFO: Run Behavior\WriteHtmlCacheBehavior [ RunTime:0.000291s ]
INFO: [ view_filter ] --END-- [ RunTime:0.000324s ]
INFO: [ app_end ] --START--
INFO: Run Behavior\ShowPageTraceBehavior [ RunTime:0.000475s ]
INFO: [ app_end ] --END-- [ RunTime:0.000512s ]

[ 2017-11-26T11:01:14+08:00 ] 120.204.17.68 /index.php/Admin/index/coupon.html
INFO: [ app_init ] --START--
INFO: Run Behavior\BuildLiteBehavior [ RunTime:0.000015s ]
INFO: [ app_init ] --END-- [ RunTime:0.000320s ]
INFO: [ app_begin ] --START--
INFO: Run Behavior\ReadHtmlCacheBehavior [ RunTime:0.000408s ]
INFO: [ app_begin ] --END-- [ RunTime:0.000448s ]
SQL: SHOW COLUMNS FROM `admin` [ RunTime:0.0127s ]
ERR: 1064:You have an error in your SQL syntax; check the manual that corresponds to your MariaDB server version for the right syntax to use near 'AND name = '' ) LIMIT 1' at line 1
 [ SQL语句 ] : SELECT * FROM `admin` WHERE ( id =  AND name = '' ) LIMIT 1  
ERR: 1064:You have an error in your SQL syntax; check the manual that corresponds to your MariaDB server version for the right syntax to use near 'AND name = '' ) LIMIT 1' at line 1
 [ SQL语句 ] : SELECT * FROM `admin` WHERE ( id =  AND name = '' ) LIMIT 1  

[ 2017-11-26T11:01:22+08:00 ] 120.204.17.68 /index.php/admin/index/coupon_details/id/11.html
INFO: [ app_init ] --START--
INFO: Run Behavior\BuildLiteBehavior [ RunTime:0.000013s ]
INFO: [ app_init ] --END-- [ RunTime:0.000308s ]
INFO: [ app_begin ] --START--
INFO: Run Behavior\ReadHtmlCacheBehavior [ RunTime:0.000395s ]
INFO: [ app_begin ] --END-- [ RunTime:0.000433s ]
SQL: SHOW COLUMNS FROM `admin` [ RunTime:0.0121s ]
ERR: 1064:You have an error in your SQL syntax; check the manual that corresponds to your MariaDB server version for the right syntax to use near 'AND name = '' ) LIMIT 1' at line 1
 [ SQL语句 ] : SELECT * FROM `admin` WHERE ( id =  AND name = '' ) LIMIT 1  
ERR: 1064:You have an error in your SQL syntax; check the manual that corresponds to your MariaDB server version for the right syntax to use near 'AND name = '' ) LIMIT 1' at line 1
 [ SQL语句 ] : SELECT * FROM `admin` WHERE ( id =  AND name = '' ) LIMIT 1  

[ 2017-11-26T11:01:24+08:00 ] 61.151.178.170 /index.php/admin/index/warn_date.html
INFO: [ app_init ] --START--
INFO: Run Behavior\BuildLiteBehavior [ RunTime:0.000025s ]
INFO: [ app_init ] --END-- [ RunTime:0.000493s ]
INFO: [ app_begin ] --START--
INFO: Run Behavior\ReadHtmlCacheBehavior [ RunTime:0.000638s ]
INFO: [ app_begin ] --END-- [ RunTime:0.000694s ]
SQL: SHOW COLUMNS FROM `order` [ RunTime:0.0256s ]
SQL: SELECT COUNT(*) AS tp_count FROM `order` LEFT JOIN order_state ON `order`.order_id = order_state.order_id  WHERE ( DATEDIFF(order_state.xd_time,"2017-11-26") <= 2  AND order.state = 2 ) LIMIT 1   [ RunTime:0.0004s ]
INFO: [ app_end ] --START--
INFO: Run Behavior\ShowPageTraceBehavior [ RunTime:0.000715s ]
INFO: [ app_end ] --END-- [ RunTime:0.000758s ]

[ 2017-11-26T11:01:33+08:00 ] 61.151.178.170 /index.php/Admin/index/
INFO: [ app_init ] --START--
INFO: Run Behavior\BuildLiteBehavior [ RunTime:0.000014s ]
INFO: [ app_init ] --END-- [ RunTime:0.000315s ]
INFO: [ app_begin ] --START--
INFO: Run Behavior\ReadHtmlCacheBehavior [ RunTime:0.000427s ]
INFO: [ app_begin ] --END-- [ RunTime:0.000465s ]
INFO: [ view_parse ] --START--
INFO: [ template_filter ] --START--
INFO: Run Behavior\ContentReplaceBehavior [ RunTime:0.000082s ]
INFO: [ template_filter ] --END-- [ RunTime:0.000122s ]
INFO: Run Behavior\ParseTemplateBehavior [ RunTime:0.005303s ]
INFO: [ view_parse ] --END-- [ RunTime:0.005344s ]
INFO: [ view_filter ] --START--
INFO: Run Behavior\WriteHtmlCacheBehavior [ RunTime:0.000249s ]
INFO: [ view_filter ] --END-- [ RunTime:0.000280s ]
INFO: [ app_end ] --START--
INFO: Run Behavior\ShowPageTraceBehavior [ RunTime:0.000418s ]
INFO: [ app_end ] --END-- [ RunTime:0.000451s ]

