[ 2017-11-05T11:20:31+08:00 ] 183.251.102.19 /index.php/Admin/index/
INFO: [ app_init ] --START--
INFO: Run Behavior\BuildLiteBehavior [ RunTime:0.000021s ]
INFO: [ app_init ] --END-- [ RunTime:0.000756s ]
INFO: [ app_begin ] --START--
INFO: Run Behavior\ReadHtmlCacheBehavior [ RunTime:0.000700s ]
INFO: [ app_begin ] --END-- [ RunTime:0.000749s ]
INFO: [ view_parse ] --START--
INFO: [ template_filter ] --START--
INFO: Run Behavior\ContentReplaceBehavior [ RunTime:0.000058s ]
INFO: [ template_filter ] --END-- [ RunTime:0.000117s ]
INFO: Run Behavior\ParseTemplateBehavior [ RunTime:0.069246s ]
INFO: [ view_parse ] --END-- [ RunTime:0.069316s ]
INFO: [ view_filter ] --START--
INFO: Run Behavior\WriteHtmlCacheBehavior [ RunTime:0.000532s ]
INFO: [ view_filter ] --END-- [ RunTime:0.000566s ]
INFO: [ app_end ] --START--
INFO: Run Behavior\ShowPageTraceBehavior [ RunTime:0.000677s ]
INFO: [ app_end ] --END-- [ RunTime:0.000720s ]

[ 2017-11-05T11:20:33+08:00 ] 183.251.102.19 /index.php/admin/index/login.html
INFO: [ app_init ] --START--
INFO: Run Behavior\BuildLiteBehavior [ RunTime:0.000014s ]
INFO: [ app_init ] --END-- [ RunTime:0.000504s ]
INFO: [ app_begin ] --START--
INFO: Run Behavior\ReadHtmlCacheBehavior [ RunTime:0.000472s ]
INFO: [ app_begin ] --END-- [ RunTime:0.000516s ]
SQL: SHOW COLUMNS FROM `admin` [ RunTime:0.0094s ]
SQL: SELECT * FROM `admin` WHERE ( (`name` = '') AND (`pwd` = 'd41d8cd98f00b204e9800998ecf8427e') ) LIMIT 1   [ RunTime:0.0050s ]
SQL: SELECT * FROM `admin` WHERE ( (`name` = '') AND (`pwd` = 'd41d8cd98f00b204e9800998ecf8427e') ) LIMIT 1   [ RunTime:0.0002s ]
INFO: [ app_end ] --START--
INFO: Run Behavior\ShowPageTraceBehavior [ RunTime:0.000745s ]
INFO: [ app_end ] --END-- [ RunTime:0.000826s ]

[ 2017-11-05T11:20:34+08:00 ] 183.251.102.19 /index.php/admin/index/index
INFO: [ app_init ] --START--
INFO: Run Behavior\BuildLiteBehavior [ RunTime:0.000015s ]
INFO: [ app_init ] --END-- [ RunTime:0.000564s ]
INFO: [ app_begin ] --START--
INFO: Run Behavior\ReadHtmlCacheBehavior [ RunTime:0.000656s ]
INFO: [ app_begin ] --END-- [ RunTime:0.000699s ]
INFO: [ view_parse ] --START--
INFO: [ template_filter ] --START--
INFO: Run Behavior\ContentReplaceBehavior [ RunTime:0.000056s ]
INFO: [ template_filter ] --END-- [ RunTime:0.000105s ]
INFO: Run Behavior\ParseTemplateBehavior [ RunTime:0.005941s ]
INFO: [ view_parse ] --END-- [ RunTime:0.005980s ]
INFO: [ view_filter ] --START--
INFO: Run Behavior\WriteHtmlCacheBehavior [ RunTime:0.000532s ]
INFO: [ view_filter ] --END-- [ RunTime:0.000565s ]
INFO: [ app_end ] --START--
INFO: Run Behavior\ShowPageTraceBehavior [ RunTime:0.000678s ]
INFO: [ app_end ] --END-- [ RunTime:0.000713s ]

[ 2017-11-05T11:20:43+08:00 ] 120.204.17.69 /index.php/admin/index/login.html
INFO: [ app_init ] --START--
INFO: Run Behavior\BuildLiteBehavior [ RunTime:0.000015s ]
INFO: [ app_init ] --END-- [ RunTime:0.000392s ]
INFO: [ app_begin ] --START--
INFO: Run Behavior\ReadHtmlCacheBehavior [ RunTime:0.000656s ]
INFO: [ app_begin ] --END-- [ RunTime:0.000705s ]
NOTIC: [8] Undefined index: name C:\xampp\htdocs\jianshen\Application\Admin\Controller\IndexController.class.php 第 24 行.
NOTIC: [8] Undefined index: password C:\xampp\htdocs\jianshen\Application\Admin\Controller\IndexController.class.php 第 26 行.
SQL: SHOW COLUMNS FROM `admin` [ RunTime:0.0127s ]
SQL: SELECT * FROM `admin` WHERE ( (`name` = null) AND (`pwd` = 'd41d8cd98f00b204e9800998ecf8427e') ) LIMIT 1   [ RunTime:0.0003s ]
SQL: SELECT * FROM `admin` WHERE ( (`name` = null) AND (`pwd` = 'd41d8cd98f00b204e9800998ecf8427e') ) LIMIT 1   [ RunTime:0.0003s ]
INFO: [ app_end ] --START--
INFO: Run Behavior\ShowPageTraceBehavior [ RunTime:0.000674s ]
INFO: [ app_end ] --END-- [ RunTime:0.000712s ]

[ 2017-11-05T11:20:45+08:00 ] 120.204.17.73 /index.php/Admin/index
INFO: [ app_init ] --START--
INFO: Run Behavior\BuildLiteBehavior [ RunTime:0.000021s ]
INFO: [ app_init ] --END-- [ RunTime:0.003618s ]
INFO: [ app_begin ] --START--
INFO: Run Behavior\ReadHtmlCacheBehavior [ RunTime:0.001436s ]
INFO: [ app_begin ] --END-- [ RunTime:0.001492s ]
INFO: [ view_parse ] --START--
INFO: [ template_filter ] --START--
INFO: Run Behavior\ContentReplaceBehavior [ RunTime:0.000057s ]
INFO: [ template_filter ] --END-- [ RunTime:0.000165s ]
INFO: Run Behavior\ParseTemplateBehavior [ RunTime:0.112027s ]
INFO: [ view_parse ] --END-- [ RunTime:0.112128s ]
INFO: [ view_filter ] --START--
INFO: Run Behavior\WriteHtmlCacheBehavior [ RunTime:0.001695s ]
INFO: [ view_filter ] --END-- [ RunTime:0.001785s ]
INFO: [ app_end ] --START--
INFO: Run Behavior\ShowPageTraceBehavior [ RunTime:0.001934s ]
INFO: [ app_end ] --END-- [ RunTime:0.002024s ]

[ 2017-11-05T11:20:45+08:00 ] 183.251.102.19 /index.php/admin/index/login.html
INFO: [ app_init ] --START--
INFO: Run Behavior\BuildLiteBehavior [ RunTime:0.000026s ]
INFO: [ app_init ] --END-- [ RunTime:0.003194s ]
INFO: [ app_begin ] --START--
INFO: Run Behavior\ReadHtmlCacheBehavior [ RunTime:0.001195s ]
INFO: [ app_begin ] --END-- [ RunTime:0.001250s ]
SQL: SHOW COLUMNS FROM `admin` [ RunTime:0.0186s ]
SQL: SELECT * FROM `admin` WHERE ( (`name` = 'dkdkd') AND (`pwd` = '202cb962ac59075b964b07152d234b70') ) LIMIT 1   [ RunTime:0.0007s ]
SQL: SELECT * FROM `admin` WHERE ( (`name` = 'dkdkd') AND (`pwd` = '202cb962ac59075b964b07152d234b70') ) LIMIT 1   [ RunTime:0.0006s ]
SQL: SELECT * FROM `admin` WHERE ( id=131 ) LIMIT 1   [ RunTime:0.0006s ]
INFO: [ app_end ] --START--
INFO: Run Behavior\ShowPageTraceBehavior [ RunTime:0.002205s ]
INFO: [ app_end ] --END-- [ RunTime:0.002280s ]

[ 2017-11-05T11:20:46+08:00 ] 183.251.102.19 /index.php/admin/index/main
INFO: [ app_init ] --START--
INFO: Run Behavior\BuildLiteBehavior [ RunTime:0.000024s ]
INFO: [ app_init ] --END-- [ RunTime:0.001854s ]
INFO: [ app_begin ] --START--
INFO: Run Behavior\ReadHtmlCacheBehavior [ RunTime:0.001880s ]
INFO: [ app_begin ] --END-- [ RunTime:0.001936s ]
INFO: [ view_parse ] --START--
INFO: [ template_filter ] --START--
INFO: Run Behavior\ContentReplaceBehavior [ RunTime:0.000080s ]
INFO: [ template_filter ] --END-- [ RunTime:0.000135s ]
INFO: Run Behavior\ParseTemplateBehavior [ RunTime:0.240030s ]
INFO: [ view_parse ] --END-- [ RunTime:0.240089s ]
INFO: [ view_filter ] --START--
INFO: Run Behavior\WriteHtmlCacheBehavior [ RunTime:0.000589s ]
INFO: [ view_filter ] --END-- [ RunTime:0.000622s ]
INFO: [ app_end ] --START--
INFO: Run Behavior\ShowPageTraceBehavior [ RunTime:0.000730s ]
INFO: [ app_end ] --END-- [ RunTime:0.000768s ]

[ 2017-11-05T11:20:55+08:00 ] 183.251.102.19 /index.php/Admin/index/order.html
INFO: [ app_init ] --START--
INFO: Run Behavior\BuildLiteBehavior [ RunTime:0.000017s ]
INFO: [ app_init ] --END-- [ RunTime:0.000606s ]
INFO: [ app_begin ] --START--
INFO: Run Behavior\ReadHtmlCacheBehavior [ RunTime:0.000902s ]
INFO: [ app_begin ] --END-- [ RunTime:0.001059s ]
SQL: SHOW COLUMNS FROM `order` [ RunTime:0.0119s ]
SQL: SHOW COLUMNS FROM `admin` [ RunTime:0.0089s ]
SQL: SELECT * FROM `admin` WHERE ( id=131 ) LIMIT 1   [ RunTime:0.0003s ]
NOTIC: [8] Undefined variable: where C:\xampp\htdocs\jianshen\Application\Admin\Controller\IndexController.class.php 第 141 行.
NOTIC: [8] Undefined variable: page C:\xampp\htdocs\jianshen\Application\Admin\Controller\IndexController.class.php 第 141 行.
NOTIC: [8] Undefined variable: page C:\xampp\htdocs\jianshen\Application\Admin\Controller\IndexController.class.php 第 141 行.
SQL: SELECT order.pay_for,order.paied,order.deposit,order.express,order.prompt,consumer.wxname,order.id,order.order_id,order.price,order.or_time,order.addr,order.receiver,order.tel,order.state FROM `order` LEFT JOIN consumer ON consumer.openid = order.user  ORDER BY or_time desc  [ RunTime:0.0013s ]
SQL: SELECT order.pay_for,order.paied,order.deposit,order.express,order.prompt,consumer.wxname,order.id,order.order_id,order.price,order.or_time,order.addr,order.receiver,order.tel,order.state FROM `order` LEFT JOIN consumer ON consumer.openid = order.user  ORDER BY or_time desc  [ RunTime:0.0011s ]
NOTIC: [8] Undefined variable: parameter C:\xampp\htdocs\jianshen\Application\Admin\Controller\IndexController.class.php 第 147 行.
SQL: SELECT order.deposit,order.price,order.express,order.state FROM `order` WHERE ( order.paied = 1 )  [ RunTime:0.0006s ]
INFO: [ view_parse ] --START--
INFO: [ template_filter ] --START--
INFO: Run Behavior\ContentReplaceBehavior [ RunTime:0.000118s ]
INFO: [ template_filter ] --END-- [ RunTime:0.000164s ]
NOTIC: [8] Undefined variable: money C:\xampp\htdocs\jianshen\Application\Runtime\Cache\Admin\455dd59e7ffe0d0ea2f45d03db7d85a9.php 第 339 行.
NOTIC: [8] Undefined variable: money C:\xampp\htdocs\jianshen\Application\Runtime\Cache\Admin\455dd59e7ffe0d0ea2f45d03db7d85a9.php 第 339 行.
NOTIC: [8] Undefined variable: money C:\xampp\htdocs\jianshen\Application\Runtime\Cache\Admin\455dd59e7ffe0d0ea2f45d03db7d85a9.php 第 339 行.
NOTIC: [8] Undefined variable: state C:\xampp\htdocs\jianshen\Application\Runtime\Cache\Admin\455dd59e7ffe0d0ea2f45d03db7d85a9.php 第 440 行.
INFO: Run Behavior\ParseTemplateBehavior [ RunTime:0.095226s ]
INFO: [ view_parse ] --END-- [ RunTime:0.095276s ]
INFO: [ view_filter ] --START--
INFO: Run Behavior\WriteHtmlCacheBehavior [ RunTime:0.000871s ]
INFO: [ view_filter ] --END-- [ RunTime:0.000905s ]
INFO: [ app_end ] --START--
INFO: Run Behavior\ShowPageTraceBehavior [ RunTime:0.001588s ]
INFO: [ app_end ] --END-- [ RunTime:0.001628s ]

[ 2017-11-05T11:20:55+08:00 ] 183.192.201.97 /index.php/admin/index/main
INFO: [ app_init ] --START--
INFO: Run Behavior\BuildLiteBehavior [ RunTime:0.000016s ]
INFO: [ app_init ] --END-- [ RunTime:0.000587s ]
INFO: [ app_begin ] --START--
INFO: Run Behavior\ReadHtmlCacheBehavior [ RunTime:0.000646s ]
INFO: [ app_begin ] --END-- [ RunTime:0.000686s ]
INFO: [ view_parse ] --START--
INFO: [ template_filter ] --START--
INFO: Run Behavior\ContentReplaceBehavior [ RunTime:0.000076s ]
INFO: [ template_filter ] --END-- [ RunTime:0.000118s ]
INFO: Run Behavior\ParseTemplateBehavior [ RunTime:0.059796s ]
INFO: [ view_parse ] --END-- [ RunTime:0.059849s ]
INFO: [ view_filter ] --START--
INFO: Run Behavior\WriteHtmlCacheBehavior [ RunTime:0.000433s ]
INFO: [ view_filter ] --END-- [ RunTime:0.000466s ]
INFO: [ app_end ] --START--
INFO: Run Behavior\ShowPageTraceBehavior [ RunTime:0.000567s ]
INFO: [ app_end ] --END-- [ RunTime:0.000604s ]

[ 2017-11-05T11:24:34+08:00 ] 101.226.66.174 /index.php/Admin/index/order.html
INFO: [ app_init ] --START--
INFO: Run Behavior\BuildLiteBehavior [ RunTime:0.000046s ]
INFO: [ app_init ] --END-- [ RunTime:0.000994s ]
INFO: [ app_begin ] --START--
INFO: Run Behavior\ReadHtmlCacheBehavior [ RunTime:0.001289s ]
INFO: [ app_begin ] --END-- [ RunTime:0.001390s ]
SQL: SHOW COLUMNS FROM `order` [ RunTime:0.0229s ]
SQL: SHOW COLUMNS FROM `admin` [ RunTime:0.0138s ]
ERR: 1064:You have an error in your SQL syntax; check the manual that corresponds to your MariaDB server version for the right syntax to use near ') LIMIT 1' at line 1
 [ SQL语句 ] : SELECT * FROM `admin` WHERE ( id= ) LIMIT 1  
ERR: 1064:You have an error in your SQL syntax; check the manual that corresponds to your MariaDB server version for the right syntax to use near ') LIMIT 1' at line 1
 [ SQL语句 ] : SELECT * FROM `admin` WHERE ( id= ) LIMIT 1  

[ 2017-11-05T18:01:24+08:00 ] 61.129.6.151 /index.php/Admin/index/
INFO: [ app_init ] --START--
INFO: Run Behavior\BuildLiteBehavior [ RunTime:0.000018s ]
INFO: [ app_init ] --END-- [ RunTime:0.000605s ]
INFO: [ app_begin ] --START--
INFO: Run Behavior\ReadHtmlCacheBehavior [ RunTime:0.000689s ]
INFO: [ app_begin ] --END-- [ RunTime:0.000734s ]
INFO: [ view_parse ] --START--
INFO: [ template_filter ] --START--
INFO: Run Behavior\ContentReplaceBehavior [ RunTime:0.000062s ]
INFO: [ template_filter ] --END-- [ RunTime:0.000131s ]
INFO: Run Behavior\ParseTemplateBehavior [ RunTime:0.028507s ]
INFO: [ view_parse ] --END-- [ RunTime:0.028565s ]
INFO: [ view_filter ] --START--
INFO: Run Behavior\WriteHtmlCacheBehavior [ RunTime:0.000511s ]
INFO: [ view_filter ] --END-- [ RunTime:0.000544s ]
INFO: [ app_end ] --START--
INFO: Run Behavior\ShowPageTraceBehavior [ RunTime:0.000743s ]
INFO: [ app_end ] --END-- [ RunTime:0.000780s ]

[ 2017-11-05T19:06:48+08:00 ] 183.3.255.28 /index.php/Admin/index/
INFO: [ app_init ] --START--
INFO: Run Behavior\BuildLiteBehavior [ RunTime:0.000043s ]
INFO: [ app_init ] --END-- [ RunTime:0.000526s ]
INFO: [ app_begin ] --START--
INFO: Run Behavior\ReadHtmlCacheBehavior [ RunTime:0.000685s ]
INFO: [ app_begin ] --END-- [ RunTime:0.000779s ]
INFO: [ view_parse ] --START--
INFO: [ template_filter ] --START--
INFO: Run Behavior\ContentReplaceBehavior [ RunTime:0.000083s ]
INFO: [ template_filter ] --END-- [ RunTime:0.000194s ]
INFO: Run Behavior\ParseTemplateBehavior [ RunTime:0.029831s ]
INFO: [ view_parse ] --END-- [ RunTime:0.030033s ]
INFO: [ view_filter ] --START--
INFO: Run Behavior\WriteHtmlCacheBehavior [ RunTime:0.000853s ]
INFO: [ view_filter ] --END-- [ RunTime:0.000949s ]
INFO: [ app_end ] --START--
INFO: Run Behavior\ShowPageTraceBehavior [ RunTime:0.000726s ]
INFO: [ app_end ] --END-- [ RunTime:0.000815s ]

[ 2017-11-05T19:06:50+08:00 ] 183.3.255.28 /index.php/admin/index/login.html
INFO: [ app_init ] --START--
INFO: Run Behavior\BuildLiteBehavior [ RunTime:0.000025s ]
INFO: [ app_init ] --END-- [ RunTime:0.000716s ]
INFO: [ app_begin ] --START--
INFO: Run Behavior\ReadHtmlCacheBehavior [ RunTime:0.001535s ]
INFO: [ app_begin ] --END-- [ RunTime:0.001585s ]
SQL: SHOW COLUMNS FROM `admin` [ RunTime:0.0965s ]
SQL: SELECT * FROM `admin` WHERE ( (`name` = 'admin') AND (`pwd` = 'e10adc3949ba59abbe56e057f20f883e') ) LIMIT 1   [ RunTime:0.0003s ]
SQL: SELECT * FROM `admin` WHERE ( (`name` = 'admin') AND (`pwd` = 'e10adc3949ba59abbe56e057f20f883e') ) LIMIT 1   [ RunTime:0.0002s ]
SQL: SELECT * FROM `admin` WHERE ( id=1 ) LIMIT 1   [ RunTime:0.0002s ]
INFO: [ app_end ] --START--
INFO: Run Behavior\ShowPageTraceBehavior [ RunTime:0.000913s ]
INFO: [ app_end ] --END-- [ RunTime:0.000951s ]

[ 2017-11-05T19:06:51+08:00 ] 183.3.255.28 /index.php/admin/index/main
INFO: [ app_init ] --START--
INFO: Run Behavior\BuildLiteBehavior [ RunTime:0.000014s ]
INFO: [ app_init ] --END-- [ RunTime:0.000601s ]
INFO: [ app_begin ] --START--
INFO: Run Behavior\ReadHtmlCacheBehavior [ RunTime:0.001105s ]
INFO: [ app_begin ] --END-- [ RunTime:0.001142s ]
INFO: [ view_parse ] --START--
INFO: [ template_filter ] --START--
INFO: Run Behavior\ContentReplaceBehavior [ RunTime:0.000078s ]
INFO: [ template_filter ] --END-- [ RunTime:0.000128s ]
INFO: Run Behavior\ParseTemplateBehavior [ RunTime:0.108176s ]
INFO: [ view_parse ] --END-- [ RunTime:0.108229s ]
INFO: [ view_filter ] --START--
INFO: Run Behavior\WriteHtmlCacheBehavior [ RunTime:0.000606s ]
INFO: [ view_filter ] --END-- [ RunTime:0.000643s ]
INFO: [ app_end ] --START--
INFO: Run Behavior\ShowPageTraceBehavior [ RunTime:0.000695s ]
INFO: [ app_end ] --END-- [ RunTime:0.000734s ]

[ 2017-11-05T19:06:57+08:00 ] 183.3.255.28 /index.php/Admin/index/order.html
INFO: [ app_init ] --START--
INFO: Run Behavior\BuildLiteBehavior [ RunTime:0.000020s ]
INFO: [ app_init ] --END-- [ RunTime:0.001416s ]
INFO: [ app_begin ] --START--
INFO: Run Behavior\ReadHtmlCacheBehavior [ RunTime:0.000632s ]
INFO: [ app_begin ] --END-- [ RunTime:0.000672s ]
SQL: SHOW COLUMNS FROM `order` [ RunTime:0.0107s ]
SQL: SHOW COLUMNS FROM `admin` [ RunTime:0.0082s ]
SQL: SELECT * FROM `admin` WHERE ( id=1 ) LIMIT 1   [ RunTime:0.0003s ]
NOTIC: [8] Undefined variable: where C:\xampp\htdocs\jianshen\Application\Admin\Controller\IndexController.class.php 第 141 行.
NOTIC: [8] Undefined variable: page C:\xampp\htdocs\jianshen\Application\Admin\Controller\IndexController.class.php 第 141 行.
NOTIC: [8] Undefined variable: page C:\xampp\htdocs\jianshen\Application\Admin\Controller\IndexController.class.php 第 141 行.
SQL: SELECT order.pay_for,order.paied,order.deposit,order.express,order.prompt,consumer.wxname,order.id,order.order_id,order.price,order.or_time,order.addr,order.receiver,order.tel,order.state FROM `order` LEFT JOIN consumer ON consumer.openid = order.user  ORDER BY or_time desc  [ RunTime:0.0012s ]
SQL: SELECT order.pay_for,order.paied,order.deposit,order.express,order.prompt,consumer.wxname,order.id,order.order_id,order.price,order.or_time,order.addr,order.receiver,order.tel,order.state FROM `order` LEFT JOIN consumer ON consumer.openid = order.user  ORDER BY or_time desc  [ RunTime:0.0009s ]
NOTIC: [8] Undefined variable: parameter C:\xampp\htdocs\jianshen\Application\Admin\Controller\IndexController.class.php 第 147 行.
SQL: SELECT order.deposit,order.price,order.express,order.state FROM `order` WHERE ( order.paied = 1 )  [ RunTime:0.0003s ]
INFO: [ view_parse ] --START--
INFO: [ template_filter ] --START--
INFO: Run Behavior\ContentReplaceBehavior [ RunTime:0.000122s ]
INFO: [ template_filter ] --END-- [ RunTime:0.000175s ]
NOTIC: [8] Undefined variable: power C:\xampp\htdocs\jianshen\Application\Runtime\Cache\Admin\455dd59e7ffe0d0ea2f45d03db7d85a9.php 第 429 行.
NOTIC: [8] Undefined variable: state C:\xampp\htdocs\jianshen\Application\Runtime\Cache\Admin\455dd59e7ffe0d0ea2f45d03db7d85a9.php 第 440 行.
INFO: Run Behavior\ParseTemplateBehavior [ RunTime:0.176429s ]
INFO: [ view_parse ] --END-- [ RunTime:0.176479s ]
INFO: [ view_filter ] --START--
INFO: Run Behavior\WriteHtmlCacheBehavior [ RunTime:0.001741s ]
INFO: [ view_filter ] --END-- [ RunTime:0.001776s ]
INFO: [ app_end ] --START--
INFO: Run Behavior\ShowPageTraceBehavior [ RunTime:0.002621s ]
INFO: [ app_end ] --END-- [ RunTime:0.002677s ]

[ 2017-11-05T19:07:02+08:00 ] 121.51.32.144 /index.php/admin/index/main
INFO: [ app_init ] --START--
INFO: Run Behavior\BuildLiteBehavior [ RunTime:0.000040s ]
INFO: [ app_init ] --END-- [ RunTime:0.000774s ]
INFO: [ app_begin ] --START--
INFO: Run Behavior\ReadHtmlCacheBehavior [ RunTime:0.000918s ]
INFO: [ app_begin ] --END-- [ RunTime:0.001013s ]
INFO: [ view_parse ] --START--
INFO: [ template_filter ] --START--
INFO: Run Behavior\ContentReplaceBehavior [ RunTime:0.000115s ]
INFO: [ template_filter ] --END-- [ RunTime:0.000209s ]
INFO: Run Behavior\ParseTemplateBehavior [ RunTime:0.099050s ]
INFO: [ view_parse ] --END-- [ RunTime:0.099163s ]
INFO: [ view_filter ] --START--
INFO: Run Behavior\WriteHtmlCacheBehavior [ RunTime:0.000946s ]
INFO: [ view_filter ] --END-- [ RunTime:0.001036s ]
INFO: [ app_end ] --START--
INFO: Run Behavior\ShowPageTraceBehavior [ RunTime:0.001130s ]
INFO: [ app_end ] --END-- [ RunTime:0.001225s ]

